[2023-03-26 20:41:53,969][__main__][INFO] - PYTHONPATH: /home/subhrangsu/contssl/continuous_ssl_problem
[2023-03-26 20:44:17,102][__main__][INFO] - PYTHONPATH: /home/subhrangsu/contssl/continuous_ssl_problem
[2023-03-26 20:45:35,353][__main__][INFO] - PYTHONPATH: /home/subhrangsu/contssl/continuous_ssl_problem
[2023-03-26 20:49:28,555][__main__][INFO] - PYTHONPATH: /home/subhrangsu/contssl/continuous_ssl_problem
[2023-03-26 20:55:20,647][__main__][INFO] - PYTHONPATH: /home/subhrangsu/contssl/continuous_ssl_problem
[2023-03-26 20:56:13,559][__main__][INFO] - PYTHONPATH: /home/subhrangsu/contssl/continuous_ssl_problem
[2023-03-26 21:11:32,595][__main__][INFO] - PYTHONPATH: /home/subhrangsu/contssl/continuous_ssl_problem
[2023-03-26 21:49:01,627][__main__][INFO] - PYTHONPATH: /home/subhrangsu/contssl/continuous_ssl_problem
[2023-03-26 22:24:31,884][__main__][INFO] - PYTHONPATH: /home/subhrangsu/contssl/continuous_ssl_problem
[2023-03-26 23:05:57,723][__main__][INFO] - PYTHONPATH: /home/subhrangsu/contssl/continuous_ssl_problem
[2023-03-26 23:07:17,679][__main__][INFO] - PYTHONPATH: /home/subhrangsu/contssl/continuous_ssl_problem
[2023-03-26 23:21:44,190][__main__][INFO] - PYTHONPATH: /home/subhrangsu/contssl/continuous_ssl_problem
[2023-03-26 23:27:44,594][__main__][INFO] - PYTHONPATH: /home/subhrangsu/contssl/continuous_ssl_problem
[2023-03-26 23:32:15,612][__main__][INFO] - PYTHONPATH: /home/subhrangsu/contssl/continuous_ssl_problem
[2023-03-26 23:33:56,260][__main__][INFO] - PYTHONPATH: /home/subhrangsu/contssl/continuous_ssl_problem
[2023-03-26 23:34:48,820][__main__][INFO] - PYTHONPATH: /home/subhrangsu/contssl/continuous_ssl_problem
[2023-03-26 23:35:36,332][__main__][INFO] - PYTHONPATH: /home/subhrangsu/contssl/continuous_ssl_problem
[2023-03-26 23:36:16,849][__main__][INFO] - PYTHONPATH: /home/subhrangsu/contssl/continuous_ssl_problem
[2023-03-26 23:36:36,038][__main__][INFO] - PYTHONPATH: /home/subhrangsu/contssl/continuous_ssl_problem
[2023-03-27 00:00:24,144][__main__][INFO] - PYTHONPATH: /home/subhrangsu/contssl/continuous_ssl_problem
[2023-03-27 00:03:45,687][__main__][INFO] - PYTHONPATH: /home/subhrangsu/contssl/continuous_ssl_problem
[2023-03-27 00:06:40,101][__main__][INFO] - PYTHONPATH: /home/subhrangsu/contssl/continuous_ssl_problem
[2023-03-27 00:08:16,478][new_worker_lincls][INFO] - => creating model 'resnet18'
[2023-03-27 00:08:16,572][new_worker_lincls][INFO] - => loading checkpoint '/home/subhrangsu/contssl/continuous_ssl_problem/cifar10logs/checkpoints/cifar10_angle_calc_check/cifar10_angle_calc_check/checkpoint_0001.pth'
[2023-03-27 00:08:16,621][new_worker_lincls][INFO] - => loaded pre-trained model '/home/subhrangsu/contssl/continuous_ssl_problem/cifar10logs/checkpoints/cifar10_angle_calc_check/cifar10_angle_calc_check/checkpoint_0001.pth'
[2023-03-27 00:08:16,841][new_worker_lincls][INFO] - => no checkpoint found at '/home/subhrangsu/contssl/continuous_ssl_problem/cifar10logs/checkpoints/cifar10_angle_calc_check/cifar10_angle_calc_check/checkpoint_0001.pth.imnet.lincls'
[2023-03-27 00:08:19,258][new_worker_lincls][INFO] - Epoch: [0][  0/500]	Time  2.399 ( 2.399)	Data  2.371 ( 2.371)	Loss 4.6033e+00 (4.6033e+00)	Acc@1   1.00 (  1.00)	Acc@5   4.00 (  4.00)
[2023-03-27 00:08:19,643][new_worker_lincls][INFO] - Epoch: [0][ 10/500]	Time  0.032 ( 0.254)	Data  0.001 ( 0.225)	Loss 3.8988e+00 (4.1815e+00)	Acc@1   3.00 (  4.18)	Acc@5  23.00 ( 21.82)
[2023-03-27 00:08:19,949][new_worker_lincls][INFO] - Epoch: [0][ 20/500]	Time  0.035 ( 0.148)	Data  0.001 ( 0.118)	Loss 3.7198e+00 (3.9749e+00)	Acc@1   2.00 (  4.38)	Acc@5  17.00 ( 22.14)
[2023-03-27 00:08:20,267][new_worker_lincls][INFO] - Epoch: [0][ 30/500]	Time  0.035 ( 0.110)	Data  0.001 ( 0.080)	Loss 3.4042e+00 (3.8260e+00)	Acc@1   7.00 (  4.65)	Acc@5  27.00 ( 22.90)
[2023-03-27 00:08:20,601][new_worker_lincls][INFO] - Epoch: [0][ 40/500]	Time  0.030 ( 0.092)	Data  0.001 ( 0.061)	Loss 3.2236e+00 (3.7002e+00)	Acc@1  11.00 (  5.44)	Acc@5  44.00 ( 24.46)
[2023-03-27 00:08:20,928][new_worker_lincls][INFO] - Epoch: [0][ 50/500]	Time  0.029 ( 0.080)	Data  0.001 ( 0.049)	Loss 3.1530e+00 (3.6010e+00)	Acc@1   4.00 (  5.24)	Acc@5  34.00 ( 26.06)
[2023-03-27 00:08:21,246][new_worker_lincls][INFO] - Epoch: [0][ 60/500]	Time  0.033 ( 0.072)	Data  0.001 ( 0.041)	Loss 3.0844e+00 (3.5215e+00)	Acc@1   7.00 (  5.77)	Acc@5  39.00 ( 27.28)
[2023-03-27 00:08:21,575][new_worker_lincls][INFO] - Epoch: [0][ 70/500]	Time  0.032 ( 0.067)	Data  0.001 ( 0.036)	Loss 3.0747e+00 (3.4563e+00)	Acc@1   5.00 (  6.14)	Acc@5  29.00 ( 28.68)
[2023-03-27 00:08:21,881][new_worker_lincls][INFO] - Epoch: [0][ 80/500]	Time  0.030 ( 0.062)	Data  0.001 ( 0.031)	Loss 3.0170e+00 (3.4036e+00)	Acc@1  11.00 (  6.49)	Acc@5  38.00 ( 29.51)
[2023-03-27 00:08:22,179][new_worker_lincls][INFO] - Epoch: [0][ 90/500]	Time  0.027 ( 0.059)	Data  0.001 ( 0.028)	Loss 2.9808e+00 (3.3589e+00)	Acc@1  11.00 (  6.90)	Acc@5  39.00 ( 30.51)
[2023-03-27 00:08:22,487][new_worker_lincls][INFO] - Epoch: [0][100/500]	Time  0.027 ( 0.056)	Data  0.001 ( 0.025)	Loss 2.9592e+00 (3.3209e+00)	Acc@1  12.00 (  7.28)	Acc@5  45.00 ( 31.70)
[2023-03-27 00:08:22,786][new_worker_lincls][INFO] - Epoch: [0][110/500]	Time  0.030 ( 0.054)	Data  0.001 ( 0.023)	Loss 2.9144e+00 (3.2861e+00)	Acc@1  14.00 (  7.79)	Acc@5  41.00 ( 32.88)
[2023-03-27 00:08:23,075][new_worker_lincls][INFO] - Epoch: [0][120/500]	Time  0.028 ( 0.051)	Data  0.001 ( 0.021)	Loss 2.9494e+00 (3.2570e+00)	Acc@1   5.00 (  8.12)	Acc@5  42.00 ( 33.60)
[2023-03-27 00:08:23,379][new_worker_lincls][INFO] - Epoch: [0][130/500]	Time  0.027 ( 0.050)	Data  0.001 ( 0.020)	Loss 2.9306e+00 (3.2306e+00)	Acc@1  13.00 (  8.61)	Acc@5  39.00 ( 34.37)
[2023-03-27 00:08:23,685][new_worker_lincls][INFO] - Epoch: [0][140/500]	Time  0.027 ( 0.049)	Data  0.001 ( 0.018)	Loss 2.8883e+00 (3.2063e+00)	Acc@1  10.00 (  8.76)	Acc@5  48.00 ( 35.04)
[2023-03-27 00:08:23,993][new_worker_lincls][INFO] - Epoch: [0][150/500]	Time  0.037 ( 0.047)	Data  0.001 ( 0.017)	Loss 2.8870e+00 (3.1840e+00)	Acc@1   9.00 (  8.94)	Acc@5  44.00 ( 35.78)
[2023-03-27 00:08:24,295][new_worker_lincls][INFO] - Epoch: [0][160/500]	Time  0.027 ( 0.046)	Data  0.001 ( 0.016)	Loss 2.8529e+00 (3.1632e+00)	Acc@1  13.00 (  9.25)	Acc@5  44.00 ( 36.40)
[2023-03-27 00:08:24,596][new_worker_lincls][INFO] - Epoch: [0][170/500]	Time  0.033 ( 0.045)	Data  0.001 ( 0.015)	Loss 2.9154e+00 (3.1465e+00)	Acc@1   8.00 (  9.44)	Acc@5  49.00 ( 36.95)
[2023-03-27 00:08:24,883][new_worker_lincls][INFO] - Epoch: [0][180/500]	Time  0.027 ( 0.044)	Data  0.001 ( 0.014)	Loss 2.8403e+00 (3.1279e+00)	Acc@1  13.00 (  9.64)	Acc@5  45.00 ( 37.67)
[2023-03-27 00:08:25,179][new_worker_lincls][INFO] - Epoch: [0][190/500]	Time  0.028 ( 0.044)	Data  0.001 ( 0.014)	Loss 2.8497e+00 (3.1117e+00)	Acc@1  11.00 (  9.80)	Acc@5  50.00 ( 38.15)
[2023-03-27 00:08:25,471][new_worker_lincls][INFO] - Epoch: [0][200/500]	Time  0.028 ( 0.043)	Data  0.001 ( 0.013)	Loss 2.8487e+00 (3.0972e+00)	Acc@1   8.00 ( 10.00)	Acc@5  43.00 ( 38.63)
[2023-03-27 00:08:25,754][new_worker_lincls][INFO] - Epoch: [0][210/500]	Time  0.028 ( 0.042)	Data  0.001 ( 0.012)	Loss 2.7999e+00 (3.0828e+00)	Acc@1  18.00 ( 10.21)	Acc@5  48.00 ( 39.13)
[2023-03-27 00:08:26,044][new_worker_lincls][INFO] - Epoch: [0][220/500]	Time  0.027 ( 0.042)	Data  0.001 ( 0.012)	Loss 2.8360e+00 (3.0701e+00)	Acc@1  17.00 ( 10.37)	Acc@5  46.00 ( 39.55)
[2023-03-27 00:08:26,342][new_worker_lincls][INFO] - Epoch: [0][230/500]	Time  0.027 ( 0.041)	Data  0.001 ( 0.011)	Loss 2.7297e+00 (3.0586e+00)	Acc@1  15.00 ( 10.47)	Acc@5  56.00 ( 39.88)
[2023-03-27 00:08:26,642][new_worker_lincls][INFO] - Epoch: [0][240/500]	Time  0.027 ( 0.041)	Data  0.001 ( 0.011)	Loss 2.8230e+00 (3.0467e+00)	Acc@1  21.00 ( 10.66)	Acc@5  47.00 ( 40.23)
[2023-03-27 00:08:26,923][new_worker_lincls][INFO] - Epoch: [0][250/500]	Time  0.031 ( 0.040)	Data  0.001 ( 0.011)	Loss 2.8403e+00 (3.0355e+00)	Acc@1   6.00 ( 10.78)	Acc@5  47.00 ( 40.66)
[2023-03-27 00:08:27,217][new_worker_lincls][INFO] - Epoch: [0][260/500]	Time  0.028 ( 0.040)	Data  0.001 ( 0.010)	Loss 2.8351e+00 (3.0264e+00)	Acc@1   8.00 ( 10.79)	Acc@5  40.00 ( 40.88)
[2023-03-27 00:08:27,506][new_worker_lincls][INFO] - Epoch: [0][270/500]	Time  0.027 ( 0.039)	Data  0.001 ( 0.010)	Loss 2.7362e+00 (3.0163e+00)	Acc@1  12.00 ( 10.93)	Acc@5  45.00 ( 41.21)
[2023-03-27 00:08:27,799][new_worker_lincls][INFO] - Epoch: [0][280/500]	Time  0.027 ( 0.039)	Data  0.001 ( 0.010)	Loss 2.8156e+00 (3.0077e+00)	Acc@1   9.00 ( 10.97)	Acc@5  47.00 ( 41.43)
[2023-03-27 00:08:28,091][new_worker_lincls][INFO] - Epoch: [0][290/500]	Time  0.034 ( 0.039)	Data  0.001 ( 0.009)	Loss 2.7711e+00 (2.9993e+00)	Acc@1  16.00 ( 11.14)	Acc@5  53.00 ( 41.72)
[2023-03-27 00:08:28,390][new_worker_lincls][INFO] - Epoch: [0][300/500]	Time  0.040 ( 0.038)	Data  0.001 ( 0.009)	Loss 2.7442e+00 (2.9912e+00)	Acc@1  15.00 ( 11.25)	Acc@5  51.00 ( 42.02)
[2023-03-27 00:08:28,676][new_worker_lincls][INFO] - Epoch: [0][310/500]	Time  0.028 ( 0.038)	Data  0.001 ( 0.009)	Loss 2.6598e+00 (2.9836e+00)	Acc@1  25.00 ( 11.39)	Acc@5  58.00 ( 42.26)
[2023-03-27 00:08:28,979][new_worker_lincls][INFO] - Epoch: [0][320/500]	Time  0.035 ( 0.038)	Data  0.001 ( 0.008)	Loss 2.8672e+00 (2.9761e+00)	Acc@1  17.00 ( 11.53)	Acc@5  46.00 ( 42.53)
[2023-03-27 00:08:29,258][new_worker_lincls][INFO] - Epoch: [0][330/500]	Time  0.029 ( 0.038)	Data  0.001 ( 0.008)	Loss 2.7694e+00 (2.9689e+00)	Acc@1  16.00 ( 11.63)	Acc@5  43.00 ( 42.78)
[2023-03-27 00:08:29,543][new_worker_lincls][INFO] - Epoch: [0][340/500]	Time  0.027 ( 0.037)	Data  0.001 ( 0.008)	Loss 2.7450e+00 (2.9634e+00)	Acc@1  10.00 ( 11.62)	Acc@5  51.00 ( 42.94)
[2023-03-27 00:08:29,846][new_worker_lincls][INFO] - Epoch: [0][350/500]	Time  0.027 ( 0.037)	Data  0.001 ( 0.008)	Loss 2.7356e+00 (2.9568e+00)	Acc@1  14.00 ( 11.74)	Acc@5  52.00 ( 43.20)
[2023-03-27 00:08:30,156][new_worker_lincls][INFO] - Epoch: [0][360/500]	Time  0.036 ( 0.037)	Data  0.001 ( 0.008)	Loss 2.6704e+00 (2.9490e+00)	Acc@1  17.00 ( 11.87)	Acc@5  55.00 ( 43.48)
[2023-03-27 00:08:30,449][new_worker_lincls][INFO] - Epoch: [0][370/500]	Time  0.027 ( 0.037)	Data  0.001 ( 0.007)	Loss 2.6998e+00 (2.9419e+00)	Acc@1  17.00 ( 11.99)	Acc@5  50.00 ( 43.71)
[2023-03-27 00:08:30,753][new_worker_lincls][INFO] - Epoch: [0][380/500]	Time  0.032 ( 0.037)	Data  0.001 ( 0.007)	Loss 2.9201e+00 (2.9366e+00)	Acc@1   8.00 ( 12.06)	Acc@5  42.00 ( 43.84)
[2023-03-27 00:08:31,051][new_worker_lincls][INFO] - Epoch: [0][390/500]	Time  0.027 ( 0.036)	Data  0.000 ( 0.007)	Loss 2.7139e+00 (2.9314e+00)	Acc@1  22.00 ( 12.14)	Acc@5  56.00 ( 44.04)
[2023-03-27 00:08:31,355][new_worker_lincls][INFO] - Epoch: [0][400/500]	Time  0.038 ( 0.036)	Data  0.001 ( 0.007)	Loss 2.6525e+00 (2.9265e+00)	Acc@1  21.00 ( 12.21)	Acc@5  54.00 ( 44.22)
[2023-03-27 00:08:31,644][new_worker_lincls][INFO] - Epoch: [0][410/500]	Time  0.026 ( 0.036)	Data  0.001 ( 0.007)	Loss 2.7842e+00 (2.9221e+00)	Acc@1   7.00 ( 12.30)	Acc@5  52.00 ( 44.34)
[2023-03-27 00:08:31,946][new_worker_lincls][INFO] - Epoch: [0][420/500]	Time  0.033 ( 0.036)	Data  0.003 ( 0.007)	Loss 2.5038e+00 (2.9171e+00)	Acc@1  23.00 ( 12.42)	Acc@5  62.00 ( 44.55)
[2023-03-27 00:08:32,220][new_worker_lincls][INFO] - Epoch: [0][430/500]	Time  0.026 ( 0.036)	Data  0.000 ( 0.007)	Loss 2.7194e+00 (2.9126e+00)	Acc@1  22.00 ( 12.52)	Acc@5  50.00 ( 44.71)
[2023-03-27 00:08:32,495][new_worker_lincls][INFO] - Epoch: [0][440/500]	Time  0.030 ( 0.035)	Data  0.000 ( 0.006)	Loss 2.7221e+00 (2.9079e+00)	Acc@1  19.00 ( 12.58)	Acc@5  53.00 ( 44.88)
[2023-03-27 00:08:32,765][new_worker_lincls][INFO] - Epoch: [0][450/500]	Time  0.026 ( 0.035)	Data  0.000 ( 0.006)	Loss 2.5997e+00 (2.9041e+00)	Acc@1  29.00 ( 12.66)	Acc@5  62.00 ( 45.02)
[2023-03-27 00:08:33,038][new_worker_lincls][INFO] - Epoch: [0][460/500]	Time  0.031 ( 0.035)	Data  0.000 ( 0.006)	Loss 2.8069e+00 (2.9007e+00)	Acc@1  19.00 ( 12.77)	Acc@5  45.00 ( 45.09)
[2023-03-27 00:08:33,308][new_worker_lincls][INFO] - Epoch: [0][470/500]	Time  0.027 ( 0.035)	Data  0.000 ( 0.006)	Loss 2.6894e+00 (2.8966e+00)	Acc@1  13.00 ( 12.82)	Acc@5  52.00 ( 45.21)
[2023-03-27 00:08:33,581][new_worker_lincls][INFO] - Epoch: [0][480/500]	Time  0.026 ( 0.035)	Data  0.000 ( 0.006)	Loss 2.6733e+00 (2.8929e+00)	Acc@1  23.00 ( 12.87)	Acc@5  56.00 ( 45.33)
[2023-03-27 00:08:33,852][new_worker_lincls][INFO] - Epoch: [0][490/500]	Time  0.026 ( 0.035)	Data  0.000 ( 0.006)	Loss 2.6166e+00 (2.8886e+00)	Acc@1  21.00 ( 12.99)	Acc@5  55.00 ( 45.49)
[2023-03-27 00:08:36,923][new_worker_lincls][INFO] - Epoch: [1][  0/500]	Time  2.640 ( 2.640)	Data  2.605 ( 2.605)	Loss 2.6215e+00 (2.6215e+00)	Acc@1  12.00 ( 12.00)	Acc@5  57.00 ( 57.00)
[2023-03-27 00:08:37,823][new_worker_lincls][INFO] - Epoch: [1][ 10/500]	Time  0.036 ( 0.323)	Data  0.001 ( 0.287)	Loss 2.6099e+00 (2.6848e+00)	Acc@1  18.00 ( 15.36)	Acc@5  58.00 ( 50.82)
[2023-03-27 00:08:38,193][new_worker_lincls][INFO] - Epoch: [1][ 20/500]	Time  0.036 ( 0.187)	Data  0.001 ( 0.151)	Loss 2.8043e+00 (2.6966e+00)	Acc@1  11.00 ( 15.95)	Acc@5  45.00 ( 50.95)
[2023-03-27 00:08:38,679][new_worker_lincls][INFO] - Epoch: [1][ 30/500]	Time  0.045 ( 0.142)	Data  0.001 ( 0.106)	Loss 2.6818e+00 (2.6968e+00)	Acc@1  16.00 ( 15.61)	Acc@5  56.00 ( 51.71)
[2023-03-27 00:08:39,024][new_worker_lincls][INFO] - Epoch: [1][ 40/500]	Time  0.062 ( 0.116)	Data  0.001 ( 0.081)	Loss 2.5682e+00 (2.6855e+00)	Acc@1  26.00 ( 16.44)	Acc@5  61.00 ( 52.32)
[2023-03-27 00:08:39,365][new_worker_lincls][INFO] - Epoch: [1][ 50/500]	Time  0.038 ( 0.100)	Data  0.001 ( 0.065)	Loss 2.7257e+00 (2.6865e+00)	Acc@1  16.00 ( 16.33)	Acc@5  51.00 ( 52.51)
[2023-03-27 00:08:39,719][new_worker_lincls][INFO] - Epoch: [1][ 60/500]	Time  0.027 ( 0.089)	Data  0.001 ( 0.055)	Loss 2.7042e+00 (2.6927e+00)	Acc@1  16.00 ( 16.16)	Acc@5  56.00 ( 52.59)
[2023-03-27 00:08:40,094][new_worker_lincls][INFO] - Epoch: [1][ 70/500]	Time  0.034 ( 0.082)	Data  0.000 ( 0.047)	Loss 2.6584e+00 (2.6910e+00)	Acc@1  16.00 ( 16.30)	Acc@5  55.00 ( 52.80)
[2023-03-27 00:08:40,452][new_worker_lincls][INFO] - Epoch: [1][ 80/500]	Time  0.044 ( 0.076)	Data  0.001 ( 0.042)	Loss 2.6117e+00 (2.6906e+00)	Acc@1  21.00 ( 16.52)	Acc@5  57.00 ( 52.65)
[2023-03-27 00:08:40,868][new_worker_lincls][INFO] - Epoch: [1][ 90/500]	Time  0.056 ( 0.073)	Data  0.001 ( 0.037)	Loss 2.6447e+00 (2.6916e+00)	Acc@1  13.00 ( 16.41)	Acc@5  58.00 ( 52.86)
[2023-03-27 00:08:41,232][new_worker_lincls][INFO] - Epoch: [1][100/500]	Time  0.027 ( 0.069)	Data  0.001 ( 0.034)	Loss 2.6821e+00 (2.6916e+00)	Acc@1  19.00 ( 16.55)	Acc@5  53.00 ( 52.84)
[2023-03-27 00:08:41,580][new_worker_lincls][INFO] - Epoch: [1][110/500]	Time  0.032 ( 0.066)	Data  0.002 ( 0.031)	Loss 2.7141e+00 (2.6903e+00)	Acc@1  19.00 ( 16.66)	Acc@5  50.00 ( 52.78)
[2023-03-27 00:08:41,932][new_worker_lincls][INFO] - Epoch: [1][120/500]	Time  0.027 ( 0.063)	Data  0.001 ( 0.028)	Loss 2.7197e+00 (2.6928e+00)	Acc@1  12.00 ( 16.55)	Acc@5  54.00 ( 52.67)
[2023-03-27 00:08:42,286][new_worker_lincls][INFO] - Epoch: [1][130/500]	Time  0.034 ( 0.061)	Data  0.001 ( 0.026)	Loss 2.7214e+00 (2.6919e+00)	Acc@1  22.00 ( 16.76)	Acc@5  51.00 ( 52.66)
[2023-03-27 00:08:42,633][new_worker_lincls][INFO] - Epoch: [1][140/500]	Time  0.036 ( 0.059)	Data  0.001 ( 0.025)	Loss 2.7184e+00 (2.6924e+00)	Acc@1  12.00 ( 16.70)	Acc@5  46.00 ( 52.67)
[2023-03-27 00:08:42,965][new_worker_lincls][INFO] - Epoch: [1][150/500]	Time  0.044 ( 0.058)	Data  0.001 ( 0.023)	Loss 2.6568e+00 (2.6895e+00)	Acc@1  14.00 ( 16.68)	Acc@5  52.00 ( 52.80)
[2023-03-27 00:08:43,333][new_worker_lincls][INFO] - Epoch: [1][160/500]	Time  0.039 ( 0.056)	Data  0.003 ( 0.022)	Loss 2.6775e+00 (2.6886e+00)	Acc@1  22.00 ( 16.75)	Acc@5  56.00 ( 52.84)
[2023-03-27 00:08:43,736][new_worker_lincls][INFO] - Epoch: [1][170/500]	Time  0.029 ( 0.055)	Data  0.001 ( 0.020)	Loss 2.6784e+00 (2.6892e+00)	Acc@1  15.00 ( 16.76)	Acc@5  50.00 ( 52.84)
[2023-03-27 00:08:44,068][new_worker_lincls][INFO] - Epoch: [1][180/500]	Time  0.027 ( 0.054)	Data  0.001 ( 0.019)	Loss 2.6556e+00 (2.6883e+00)	Acc@1  16.00 ( 16.70)	Acc@5  58.00 ( 52.97)
[2023-03-27 00:08:44,416][new_worker_lincls][INFO] - Epoch: [1][190/500]	Time  0.038 ( 0.053)	Data  0.001 ( 0.018)	Loss 2.6574e+00 (2.6873e+00)	Acc@1  16.00 ( 16.85)	Acc@5  54.00 ( 53.01)
[2023-03-27 00:08:44,729][new_worker_lincls][INFO] - Epoch: [1][200/500]	Time  0.029 ( 0.052)	Data  0.001 ( 0.018)	Loss 2.6889e+00 (2.6878e+00)	Acc@1  21.00 ( 16.93)	Acc@5  54.00 ( 52.96)
[2023-03-27 00:08:45,090][new_worker_lincls][INFO] - Epoch: [1][210/500]	Time  0.071 ( 0.051)	Data  0.001 ( 0.017)	Loss 2.5915e+00 (2.6868e+00)	Acc@1  25.00 ( 17.00)	Acc@5  59.00 ( 53.07)
[2023-03-27 00:08:45,396][new_worker_lincls][INFO] - Epoch: [1][220/500]	Time  0.035 ( 0.050)	Data  0.001 ( 0.016)	Loss 2.6504e+00 (2.6858e+00)	Acc@1  18.00 ( 17.14)	Acc@5  53.00 ( 53.13)
[2023-03-27 00:08:45,759][new_worker_lincls][INFO] - Epoch: [1][230/500]	Time  0.027 ( 0.050)	Data  0.001 ( 0.015)	Loss 2.5833e+00 (2.6850e+00)	Acc@1  17.00 ( 17.17)	Acc@5  57.00 ( 53.16)
[2023-03-27 00:08:46,128][new_worker_lincls][INFO] - Epoch: [1][240/500]	Time  0.029 ( 0.049)	Data  0.001 ( 0.015)	Loss 2.7048e+00 (2.6839e+00)	Acc@1  21.00 ( 17.25)	Acc@5  51.00 ( 53.17)
[2023-03-27 00:08:46,485][new_worker_lincls][INFO] - Epoch: [1][250/500]	Time  0.039 ( 0.049)	Data  0.001 ( 0.014)	Loss 2.6761e+00 (2.6823e+00)	Acc@1  13.00 ( 17.27)	Acc@5  55.00 ( 53.33)
[2023-03-27 00:08:46,841][new_worker_lincls][INFO] - Epoch: [1][260/500]	Time  0.031 ( 0.048)	Data  0.001 ( 0.014)	Loss 2.6699e+00 (2.6830e+00)	Acc@1  19.00 ( 17.21)	Acc@5  48.00 ( 53.31)
[2023-03-27 00:08:47,214][new_worker_lincls][INFO] - Epoch: [1][270/500]	Time  0.034 ( 0.048)	Data  0.001 ( 0.013)	Loss 2.6750e+00 (2.6810e+00)	Acc@1  19.00 ( 17.21)	Acc@5  53.00 ( 53.44)
[2023-03-27 00:08:47,510][new_worker_lincls][INFO] - Epoch: [1][280/500]	Time  0.031 ( 0.047)	Data  0.001 ( 0.013)	Loss 2.6134e+00 (2.6796e+00)	Acc@1  18.00 ( 17.19)	Acc@5  59.00 ( 53.51)
[2023-03-27 00:08:47,783][new_worker_lincls][INFO] - Epoch: [1][290/500]	Time  0.026 ( 0.046)	Data  0.000 ( 0.013)	Loss 2.6968e+00 (2.6779e+00)	Acc@1  15.00 ( 17.21)	Acc@5  55.00 ( 53.64)
[2023-03-27 00:08:48,095][new_worker_lincls][INFO] - Epoch: [1][300/500]	Time  0.028 ( 0.046)	Data  0.001 ( 0.012)	Loss 2.6395e+00 (2.6776e+00)	Acc@1  13.00 ( 17.19)	Acc@5  52.00 ( 53.63)
[2023-03-27 00:08:48,400][new_worker_lincls][INFO] - Epoch: [1][310/500]	Time  0.027 ( 0.045)	Data  0.001 ( 0.012)	Loss 2.6844e+00 (2.6757e+00)	Acc@1  17.00 ( 17.23)	Acc@5  50.00 ( 53.77)
[2023-03-27 00:08:48,690][new_worker_lincls][INFO] - Epoch: [1][320/500]	Time  0.026 ( 0.045)	Data  0.001 ( 0.011)	Loss 2.5452e+00 (2.6750e+00)	Acc@1  21.00 ( 17.26)	Acc@5  65.00 ( 53.75)
[2023-03-27 00:08:48,980][new_worker_lincls][INFO] - Epoch: [1][330/500]	Time  0.030 ( 0.044)	Data  0.001 ( 0.011)	Loss 2.5749e+00 (2.6738e+00)	Acc@1  22.00 ( 17.34)	Acc@5  64.00 ( 53.82)
[2023-03-27 00:08:49,291][new_worker_lincls][INFO] - Epoch: [1][340/500]	Time  0.036 ( 0.044)	Data  0.001 ( 0.011)	Loss 2.7363e+00 (2.6730e+00)	Acc@1  15.00 ( 17.36)	Acc@5  47.00 ( 53.81)
[2023-03-27 00:08:49,579][new_worker_lincls][INFO] - Epoch: [1][350/500]	Time  0.027 ( 0.044)	Data  0.001 ( 0.011)	Loss 2.7198e+00 (2.6722e+00)	Acc@1  13.00 ( 17.37)	Acc@5  55.00 ( 53.89)
[2023-03-27 00:08:49,868][new_worker_lincls][INFO] - Epoch: [1][360/500]	Time  0.026 ( 0.043)	Data  0.001 ( 0.010)	Loss 2.6714e+00 (2.6711e+00)	Acc@1  13.00 ( 17.39)	Acc@5  53.00 ( 53.94)
[2023-03-27 00:08:50,164][new_worker_lincls][INFO] - Epoch: [1][370/500]	Time  0.027 ( 0.043)	Data  0.001 ( 0.010)	Loss 2.7352e+00 (2.6709e+00)	Acc@1  22.00 ( 17.42)	Acc@5  49.00 ( 53.91)
[2023-03-27 00:08:50,454][new_worker_lincls][INFO] - Epoch: [1][380/500]	Time  0.028 ( 0.042)	Data  0.001 ( 0.010)	Loss 2.6454e+00 (2.6704e+00)	Acc@1  20.00 ( 17.42)	Acc@5  57.00 ( 53.93)
[2023-03-27 00:08:50,736][new_worker_lincls][INFO] - Epoch: [1][390/500]	Time  0.027 ( 0.042)	Data  0.001 ( 0.010)	Loss 2.5650e+00 (2.6700e+00)	Acc@1  18.00 ( 17.43)	Acc@5  64.00 ( 53.96)
[2023-03-27 00:08:51,022][new_worker_lincls][INFO] - Epoch: [1][400/500]	Time  0.027 ( 0.042)	Data  0.001 ( 0.009)	Loss 2.6107e+00 (2.6682e+00)	Acc@1  18.00 ( 17.52)	Acc@5  64.00 ( 54.07)
[2023-03-27 00:08:51,309][new_worker_lincls][INFO] - Epoch: [1][410/500]	Time  0.036 ( 0.041)	Data  0.001 ( 0.009)	Loss 2.6822e+00 (2.6676e+00)	Acc@1  16.00 ( 17.55)	Acc@5  51.00 ( 54.09)
[2023-03-27 00:08:51,594][new_worker_lincls][INFO] - Epoch: [1][420/500]	Time  0.033 ( 0.041)	Data  0.007 ( 0.009)	Loss 2.5754e+00 (2.6665e+00)	Acc@1  26.00 ( 17.59)	Acc@5  54.00 ( 54.12)
[2023-03-27 00:08:51,865][new_worker_lincls][INFO] - Epoch: [1][430/500]	Time  0.027 ( 0.041)	Data  0.001 ( 0.009)	Loss 2.6513e+00 (2.6658e+00)	Acc@1  20.00 ( 17.60)	Acc@5  55.00 ( 54.13)
[2023-03-27 00:08:52,141][new_worker_lincls][INFO] - Epoch: [1][440/500]	Time  0.027 ( 0.041)	Data  0.001 ( 0.009)	Loss 2.5935e+00 (2.6656e+00)	Acc@1  19.00 ( 17.64)	Acc@5  59.00 ( 54.17)
[2023-03-27 00:08:52,420][new_worker_lincls][INFO] - Epoch: [1][450/500]	Time  0.027 ( 0.040)	Data  0.001 ( 0.008)	Loss 2.5937e+00 (2.6648e+00)	Acc@1  22.00 ( 17.67)	Acc@5  52.00 ( 54.16)
[2023-03-27 00:08:52,692][new_worker_lincls][INFO] - Epoch: [1][460/500]	Time  0.026 ( 0.040)	Data  0.000 ( 0.008)	Loss 2.7514e+00 (2.6650e+00)	Acc@1  18.00 ( 17.69)	Acc@5  48.00 ( 54.08)
[2023-03-27 00:08:52,962][new_worker_lincls][INFO] - Epoch: [1][470/500]	Time  0.027 ( 0.040)	Data  0.000 ( 0.008)	Loss 2.6841e+00 (2.6643e+00)	Acc@1  16.00 ( 17.71)	Acc@5  52.00 ( 54.11)
[2023-03-27 00:08:53,234][new_worker_lincls][INFO] - Epoch: [1][480/500]	Time  0.027 ( 0.039)	Data  0.001 ( 0.008)	Loss 2.6363e+00 (2.6628e+00)	Acc@1  18.00 ( 17.76)	Acc@5  53.00 ( 54.18)
[2023-03-27 00:08:53,506][new_worker_lincls][INFO] - Epoch: [1][490/500]	Time  0.027 ( 0.039)	Data  0.001 ( 0.008)	Loss 2.6281e+00 (2.6628e+00)	Acc@1  14.00 ( 17.76)	Acc@5  60.00 ( 54.20)
[2023-03-27 00:08:56,280][new_worker_lincls][INFO] - Epoch: [2][  0/500]	Time  2.337 ( 2.337)	Data  2.290 ( 2.290)	Loss 2.5177e+00 (2.5177e+00)	Acc@1  21.00 ( 21.00)	Acc@5  60.00 ( 60.00)
[2023-03-27 00:08:56,951][new_worker_lincls][INFO] - Epoch: [2][ 10/500]	Time  0.029 ( 0.274)	Data  0.001 ( 0.242)	Loss 2.5553e+00 (2.6274e+00)	Acc@1  20.00 ( 17.73)	Acc@5  65.00 ( 55.45)
[2023-03-27 00:08:57,273][new_worker_lincls][INFO] - Epoch: [2][ 20/500]	Time  0.031 ( 0.159)	Data  0.001 ( 0.127)	Loss 2.6236e+00 (2.6497e+00)	Acc@1  18.00 ( 18.57)	Acc@5  56.00 ( 54.81)
[2023-03-27 00:08:57,596][new_worker_lincls][INFO] - Epoch: [2][ 30/500]	Time  0.038 ( 0.118)	Data  0.001 ( 0.086)	Loss 2.5923e+00 (2.6372e+00)	Acc@1  16.00 ( 19.26)	Acc@5  59.00 ( 54.87)
[2023-03-27 00:08:57,914][new_worker_lincls][INFO] - Epoch: [2][ 40/500]	Time  0.028 ( 0.097)	Data  0.001 ( 0.065)	Loss 2.6409e+00 (2.6310e+00)	Acc@1  22.00 ( 19.59)	Acc@5  59.00 ( 55.39)
[2023-03-27 00:08:58,253][new_worker_lincls][INFO] - Epoch: [2][ 50/500]	Time  0.035 ( 0.085)	Data  0.001 ( 0.053)	Loss 2.6748e+00 (2.6343e+00)	Acc@1  18.00 ( 19.33)	Acc@5  54.00 ( 55.16)
[2023-03-27 00:08:58,579][new_worker_lincls][INFO] - Epoch: [2][ 60/500]	Time  0.045 ( 0.076)	Data  0.001 ( 0.044)	Loss 2.5481e+00 (2.6420e+00)	Acc@1  26.00 ( 19.00)	Acc@5  61.00 ( 54.92)
[2023-03-27 00:08:58,871][new_worker_lincls][INFO] - Epoch: [2][ 70/500]	Time  0.028 ( 0.069)	Data  0.001 ( 0.038)	Loss 2.7162e+00 (2.6433e+00)	Acc@1  24.00 ( 18.73)	Acc@5  50.00 ( 54.72)
[2023-03-27 00:08:59,172][new_worker_lincls][INFO] - Epoch: [2][ 80/500]	Time  0.027 ( 0.065)	Data  0.001 ( 0.034)	Loss 2.6057e+00 (2.6405e+00)	Acc@1  24.00 ( 18.74)	Acc@5  56.00 ( 54.93)
[2023-03-27 00:08:59,477][new_worker_lincls][INFO] - Epoch: [2][ 90/500]	Time  0.026 ( 0.061)	Data  0.001 ( 0.030)	Loss 2.6841e+00 (2.6395e+00)	Acc@1  14.00 ( 18.87)	Acc@5  56.00 ( 55.08)
[2023-03-27 00:08:59,768][new_worker_lincls][INFO] - Epoch: [2][100/500]	Time  0.031 ( 0.058)	Data  0.001 ( 0.027)	Loss 2.5859e+00 (2.6435e+00)	Acc@1  20.00 ( 18.75)	Acc@5  56.00 ( 54.97)
[2023-03-27 00:09:00,053][new_worker_lincls][INFO] - Epoch: [2][110/500]	Time  0.027 ( 0.055)	Data  0.001 ( 0.025)	Loss 2.6430e+00 (2.6385e+00)	Acc@1  14.00 ( 18.87)	Acc@5  51.00 ( 55.10)
[2023-03-27 00:09:00,339][new_worker_lincls][INFO] - Epoch: [2][120/500]	Time  0.027 ( 0.053)	Data  0.001 ( 0.023)	Loss 2.7052e+00 (2.6395e+00)	Acc@1  15.00 ( 18.79)	Acc@5  55.00 ( 55.02)
[2023-03-27 00:09:00,627][new_worker_lincls][INFO] - Epoch: [2][130/500]	Time  0.029 ( 0.051)	Data  0.001 ( 0.021)	Loss 2.5258e+00 (2.6386e+00)	Acc@1  26.00 ( 18.79)	Acc@5  59.00 ( 55.10)
[2023-03-27 00:09:00,920][new_worker_lincls][INFO] - Epoch: [2][140/500]	Time  0.027 ( 0.049)	Data  0.001 ( 0.020)	Loss 2.7521e+00 (2.6368e+00)	Acc@1  18.00 ( 18.92)	Acc@5  45.00 ( 55.08)
[2023-03-27 00:09:01,218][new_worker_lincls][INFO] - Epoch: [2][150/500]	Time  0.027 ( 0.048)	Data  0.001 ( 0.018)	Loss 2.6104e+00 (2.6386e+00)	Acc@1  18.00 ( 18.84)	Acc@5  56.00 ( 54.83)
[2023-03-27 00:09:01,520][new_worker_lincls][INFO] - Epoch: [2][160/500]	Time  0.031 ( 0.047)	Data  0.001 ( 0.017)	Loss 2.7253e+00 (2.6412e+00)	Acc@1  14.00 ( 18.75)	Acc@5  51.00 ( 54.76)
[2023-03-27 00:09:01,841][new_worker_lincls][INFO] - Epoch: [2][170/500]	Time  0.030 ( 0.046)	Data  0.001 ( 0.016)	Loss 2.7087e+00 (2.6390e+00)	Acc@1  22.00 ( 18.83)	Acc@5  51.00 ( 54.85)
[2023-03-27 00:09:02,144][new_worker_lincls][INFO] - Epoch: [2][180/500]	Time  0.040 ( 0.045)	Data  0.001 ( 0.015)	Loss 2.6990e+00 (2.6374e+00)	Acc@1  13.00 ( 18.94)	Acc@5  52.00 ( 54.88)
[2023-03-27 00:09:02,418][new_worker_lincls][INFO] - Epoch: [2][190/500]	Time  0.028 ( 0.044)	Data  0.001 ( 0.015)	Loss 2.5744e+00 (2.6337e+00)	Acc@1  19.00 ( 19.05)	Acc@5  58.00 ( 55.11)
[2023-03-27 00:09:02,736][new_worker_lincls][INFO] - Epoch: [2][200/500]	Time  0.027 ( 0.044)	Data  0.001 ( 0.014)	Loss 2.5612e+00 (2.6316e+00)	Acc@1  20.00 ( 19.06)	Acc@5  57.00 ( 55.12)
[2023-03-27 00:09:03,031][new_worker_lincls][INFO] - Epoch: [2][210/500]	Time  0.027 ( 0.043)	Data  0.001 ( 0.013)	Loss 2.7616e+00 (2.6322e+00)	Acc@1  15.00 ( 19.03)	Acc@5  50.00 ( 55.09)
[2023-03-27 00:09:03,332][new_worker_lincls][INFO] - Epoch: [2][220/500]	Time  0.029 ( 0.042)	Data  0.002 ( 0.013)	Loss 2.6675e+00 (2.6310e+00)	Acc@1  15.00 ( 19.06)	Acc@5  61.00 ( 55.19)
[2023-03-27 00:09:03,620][new_worker_lincls][INFO] - Epoch: [2][230/500]	Time  0.027 ( 0.042)	Data  0.001 ( 0.012)	Loss 2.6827e+00 (2.6314e+00)	Acc@1  17.00 ( 19.08)	Acc@5  52.00 ( 55.20)
[2023-03-27 00:09:03,918][new_worker_lincls][INFO] - Epoch: [2][240/500]	Time  0.027 ( 0.041)	Data  0.001 ( 0.012)	Loss 2.6852e+00 (2.6324e+00)	Acc@1  18.00 ( 18.98)	Acc@5  53.00 ( 55.19)
[2023-03-27 00:09:04,205][new_worker_lincls][INFO] - Epoch: [2][250/500]	Time  0.032 ( 0.041)	Data  0.001 ( 0.011)	Loss 2.5665e+00 (2.6305e+00)	Acc@1  21.00 ( 19.02)	Acc@5  53.00 ( 55.32)
[2023-03-27 00:09:04,486][new_worker_lincls][INFO] - Epoch: [2][260/500]	Time  0.028 ( 0.040)	Data  0.001 ( 0.011)	Loss 2.5178e+00 (2.6266e+00)	Acc@1  21.00 ( 19.11)	Acc@5  59.00 ( 55.53)
[2023-03-27 00:09:04,774][new_worker_lincls][INFO] - Epoch: [2][270/500]	Time  0.027 ( 0.040)	Data  0.000 ( 0.011)	Loss 2.7554e+00 (2.6260e+00)	Acc@1  16.00 ( 19.20)	Acc@5  50.00 ( 55.58)
[2023-03-27 00:09:05,097][new_worker_lincls][INFO] - Epoch: [2][280/500]	Time  0.027 ( 0.040)	Data  0.001 ( 0.010)	Loss 2.6212e+00 (2.6254e+00)	Acc@1  14.00 ( 19.18)	Acc@5  56.00 ( 55.67)
[2023-03-27 00:09:05,384][new_worker_lincls][INFO] - Epoch: [2][290/500]	Time  0.039 ( 0.039)	Data  0.001 ( 0.010)	Loss 2.4909e+00 (2.6247e+00)	Acc@1  22.00 ( 19.21)	Acc@5  62.00 ( 55.67)
[2023-03-27 00:09:05,686][new_worker_lincls][INFO] - Epoch: [2][300/500]	Time  0.033 ( 0.039)	Data  0.001 ( 0.010)	Loss 2.6913e+00 (2.6242e+00)	Acc@1  23.00 ( 19.22)	Acc@5  55.00 ( 55.73)
[2023-03-27 00:09:05,993][new_worker_lincls][INFO] - Epoch: [2][310/500]	Time  0.026 ( 0.039)	Data  0.001 ( 0.009)	Loss 2.5645e+00 (2.6240e+00)	Acc@1  20.00 ( 19.28)	Acc@5  62.00 ( 55.76)
[2023-03-27 00:09:06,285][new_worker_lincls][INFO] - Epoch: [2][320/500]	Time  0.027 ( 0.038)	Data  0.001 ( 0.009)	Loss 2.5225e+00 (2.6236e+00)	Acc@1  22.00 ( 19.28)	Acc@5  58.00 ( 55.76)
[2023-03-27 00:09:06,564][new_worker_lincls][INFO] - Epoch: [2][330/500]	Time  0.027 ( 0.038)	Data  0.001 ( 0.009)	Loss 2.6853e+00 (2.6222e+00)	Acc@1  11.00 ( 19.31)	Acc@5  52.00 ( 55.76)
[2023-03-27 00:09:06,852][new_worker_lincls][INFO] - Epoch: [2][340/500]	Time  0.031 ( 0.038)	Data  0.001 ( 0.009)	Loss 2.5911e+00 (2.6218e+00)	Acc@1  18.00 ( 19.30)	Acc@5  56.00 ( 55.80)
[2023-03-27 00:09:07,139][new_worker_lincls][INFO] - Epoch: [2][350/500]	Time  0.031 ( 0.038)	Data  0.001 ( 0.008)	Loss 2.5111e+00 (2.6212e+00)	Acc@1  21.00 ( 19.29)	Acc@5  61.00 ( 55.83)
[2023-03-27 00:09:07,426][new_worker_lincls][INFO] - Epoch: [2][360/500]	Time  0.027 ( 0.037)	Data  0.001 ( 0.008)	Loss 2.6079e+00 (2.6212e+00)	Acc@1  17.00 ( 19.27)	Acc@5  54.00 ( 55.80)
[2023-03-27 00:09:07,700][new_worker_lincls][INFO] - Epoch: [2][370/500]	Time  0.027 ( 0.037)	Data  0.001 ( 0.008)	Loss 2.6551e+00 (2.6197e+00)	Acc@1  17.00 ( 19.30)	Acc@5  56.00 ( 55.85)
[2023-03-27 00:09:07,981][new_worker_lincls][INFO] - Epoch: [2][380/500]	Time  0.027 ( 0.037)	Data  0.001 ( 0.008)	Loss 2.6621e+00 (2.6194e+00)	Acc@1  13.00 ( 19.27)	Acc@5  59.00 ( 55.86)
[2023-03-27 00:09:08,266][new_worker_lincls][INFO] - Epoch: [2][390/500]	Time  0.033 ( 0.037)	Data  0.001 ( 0.008)	Loss 2.7558e+00 (2.6193e+00)	Acc@1  14.00 ( 19.26)	Acc@5  53.00 ( 55.86)
[2023-03-27 00:09:08,550][new_worker_lincls][INFO] - Epoch: [2][400/500]	Time  0.027 ( 0.036)	Data  0.000 ( 0.007)	Loss 2.5584e+00 (2.6181e+00)	Acc@1  18.00 ( 19.30)	Acc@5  59.00 ( 55.91)
[2023-03-27 00:09:08,862][new_worker_lincls][INFO] - Epoch: [2][410/500]	Time  0.027 ( 0.036)	Data  0.001 ( 0.007)	Loss 2.5970e+00 (2.6178e+00)	Acc@1  23.00 ( 19.33)	Acc@5  55.00 ( 55.91)
[2023-03-27 00:09:09,178][new_worker_lincls][INFO] - Epoch: [2][420/500]	Time  0.033 ( 0.036)	Data  0.003 ( 0.007)	Loss 2.5650e+00 (2.6173e+00)	Acc@1  25.00 ( 19.38)	Acc@5  54.00 ( 55.94)
[2023-03-27 00:09:09,454][new_worker_lincls][INFO] - Epoch: [2][430/500]	Time  0.027 ( 0.036)	Data  0.001 ( 0.007)	Loss 2.4891e+00 (2.6158e+00)	Acc@1  20.00 ( 19.43)	Acc@5  62.00 ( 56.01)
[2023-03-27 00:09:09,721][new_worker_lincls][INFO] - Epoch: [2][440/500]	Time  0.027 ( 0.036)	Data  0.000 ( 0.007)	Loss 2.6458e+00 (2.6163e+00)	Acc@1  21.00 ( 19.44)	Acc@5  55.00 ( 56.00)
[2023-03-27 00:09:09,992][new_worker_lincls][INFO] - Epoch: [2][450/500]	Time  0.027 ( 0.036)	Data  0.001 ( 0.007)	Loss 2.5480e+00 (2.6160e+00)	Acc@1  20.00 ( 19.42)	Acc@5  60.00 ( 56.02)
[2023-03-27 00:09:10,264][new_worker_lincls][INFO] - Epoch: [2][460/500]	Time  0.027 ( 0.035)	Data  0.001 ( 0.007)	Loss 2.5073e+00 (2.6157e+00)	Acc@1  27.00 ( 19.43)	Acc@5  62.00 ( 56.02)
[2023-03-27 00:09:10,530][new_worker_lincls][INFO] - Epoch: [2][470/500]	Time  0.027 ( 0.035)	Data  0.001 ( 0.006)	Loss 2.5625e+00 (2.6143e+00)	Acc@1  20.00 ( 19.47)	Acc@5  58.00 ( 56.06)
[2023-03-27 00:09:10,798][new_worker_lincls][INFO] - Epoch: [2][480/500]	Time  0.027 ( 0.035)	Data  0.001 ( 0.006)	Loss 2.4945e+00 (2.6135e+00)	Acc@1  25.00 ( 19.52)	Acc@5  59.00 ( 56.09)
[2023-03-27 00:09:11,067][new_worker_lincls][INFO] - Epoch: [2][490/500]	Time  0.027 ( 0.035)	Data  0.001 ( 0.006)	Loss 2.5077e+00 (2.6130e+00)	Acc@1  24.00 ( 19.52)	Acc@5  60.00 ( 56.12)
[2023-03-27 00:09:14,096][new_worker_lincls][INFO] - Epoch: [3][  0/500]	Time  2.553 ( 2.553)	Data  2.525 ( 2.525)	Loss 2.6683e+00 (2.6683e+00)	Acc@1  19.00 ( 19.00)	Acc@5  48.00 ( 48.00)
[2023-03-27 00:09:14,427][new_worker_lincls][INFO] - Epoch: [3][ 10/500]	Time  0.031 ( 0.262)	Data  0.001 ( 0.231)	Loss 2.5345e+00 (2.5988e+00)	Acc@1  22.00 ( 19.45)	Acc@5  61.00 ( 55.82)
[2023-03-27 00:09:14,744][new_worker_lincls][INFO] - Epoch: [3][ 20/500]	Time  0.028 ( 0.152)	Data  0.001 ( 0.121)	Loss 2.5008e+00 (2.5717e+00)	Acc@1  22.00 ( 20.67)	Acc@5  59.00 ( 57.33)
[2023-03-27 00:09:15,069][new_worker_lincls][INFO] - Epoch: [3][ 30/500]	Time  0.035 ( 0.114)	Data  0.001 ( 0.082)	Loss 2.5070e+00 (2.5705e+00)	Acc@1  23.00 ( 20.81)	Acc@5  62.00 ( 58.13)
[2023-03-27 00:09:15,406][new_worker_lincls][INFO] - Epoch: [3][ 40/500]	Time  0.036 ( 0.094)	Data  0.001 ( 0.062)	Loss 2.5639e+00 (2.5639e+00)	Acc@1  21.00 ( 20.63)	Acc@5  65.00 ( 58.66)
[2023-03-27 00:09:15,734][new_worker_lincls][INFO] - Epoch: [3][ 50/500]	Time  0.036 ( 0.082)	Data  0.001 ( 0.050)	Loss 2.7630e+00 (2.5654e+00)	Acc@1  16.00 ( 20.65)	Acc@5  49.00 ( 58.57)
[2023-03-27 00:09:16,067][new_worker_lincls][INFO] - Epoch: [3][ 60/500]	Time  0.035 ( 0.074)	Data  0.001 ( 0.042)	Loss 2.6132e+00 (2.5772e+00)	Acc@1  26.00 ( 20.30)	Acc@5  53.00 ( 58.05)
[2023-03-27 00:09:16,379][new_worker_lincls][INFO] - Epoch: [3][ 70/500]	Time  0.027 ( 0.068)	Data  0.001 ( 0.036)	Loss 2.5764e+00 (2.5814e+00)	Acc@1  21.00 ( 20.14)	Acc@5  57.00 ( 57.76)
[2023-03-27 00:09:16,685][new_worker_lincls][INFO] - Epoch: [3][ 80/500]	Time  0.026 ( 0.063)	Data  0.001 ( 0.032)	Loss 2.5761e+00 (2.5854e+00)	Acc@1  15.00 ( 20.05)	Acc@5  57.00 ( 57.63)
[2023-03-27 00:09:16,998][new_worker_lincls][INFO] - Epoch: [3][ 90/500]	Time  0.030 ( 0.060)	Data  0.001 ( 0.029)	Loss 2.6474e+00 (2.5833e+00)	Acc@1  25.00 ( 20.29)	Acc@5  63.00 ( 57.76)
[2023-03-27 00:09:17,325][new_worker_lincls][INFO] - Epoch: [3][100/500]	Time  0.041 ( 0.057)	Data  0.001 ( 0.026)	Loss 2.6112e+00 (2.5830e+00)	Acc@1  23.00 ( 20.29)	Acc@5  61.00 ( 58.03)
[2023-03-27 00:09:17,598][new_worker_lincls][INFO] - Epoch: [3][110/500]	Time  0.027 ( 0.055)	Data  0.001 ( 0.024)	Loss 2.5750e+00 (2.5829e+00)	Acc@1  23.00 ( 20.28)	Acc@5  54.00 ( 57.93)
[2023-03-27 00:09:17,895][new_worker_lincls][INFO] - Epoch: [3][120/500]	Time  0.027 ( 0.053)	Data  0.001 ( 0.022)	Loss 2.4939e+00 (2.5825e+00)	Acc@1  26.00 ( 20.27)	Acc@5  62.00 ( 57.86)
[2023-03-27 00:09:18,189][new_worker_lincls][INFO] - Epoch: [3][130/500]	Time  0.026 ( 0.051)	Data  0.001 ( 0.020)	Loss 2.5852e+00 (2.5815e+00)	Acc@1  18.00 ( 20.35)	Acc@5  60.00 ( 57.98)
[2023-03-27 00:09:18,477][new_worker_lincls][INFO] - Epoch: [3][140/500]	Time  0.028 ( 0.049)	Data  0.001 ( 0.019)	Loss 2.6329e+00 (2.5822e+00)	Acc@1  19.00 ( 20.27)	Acc@5  55.00 ( 57.85)
[2023-03-27 00:09:18,781][new_worker_lincls][INFO] - Epoch: [3][150/500]	Time  0.027 ( 0.048)	Data  0.001 ( 0.018)	Loss 2.5488e+00 (2.5837e+00)	Acc@1  19.00 ( 20.28)	Acc@5  60.00 ( 57.73)
[2023-03-27 00:09:19,083][new_worker_lincls][INFO] - Epoch: [3][160/500]	Time  0.026 ( 0.047)	Data  0.001 ( 0.017)	Loss 2.5600e+00 (2.5816e+00)	Acc@1  17.00 ( 20.33)	Acc@5  59.00 ( 57.80)
[2023-03-27 00:09:19,370][new_worker_lincls][INFO] - Epoch: [3][170/500]	Time  0.027 ( 0.046)	Data  0.001 ( 0.016)	Loss 2.6910e+00 (2.5821e+00)	Acc@1  21.00 ( 20.39)	Acc@5  53.00 ( 57.74)
[2023-03-27 00:09:19,678][new_worker_lincls][INFO] - Epoch: [3][180/500]	Time  0.030 ( 0.045)	Data  0.001 ( 0.015)	Loss 2.5740e+00 (2.5833e+00)	Acc@1  20.00 ( 20.40)	Acc@5  56.00 ( 57.68)
[2023-03-27 00:09:19,967][new_worker_lincls][INFO] - Epoch: [3][190/500]	Time  0.027 ( 0.044)	Data  0.001 ( 0.014)	Loss 2.5274e+00 (2.5822e+00)	Acc@1  26.00 ( 20.47)	Acc@5  59.00 ( 57.73)
[2023-03-27 00:09:20,267][new_worker_lincls][INFO] - Epoch: [3][200/500]	Time  0.027 ( 0.043)	Data  0.001 ( 0.013)	Loss 2.4814e+00 (2.5810e+00)	Acc@1  25.00 ( 20.45)	Acc@5  61.00 ( 57.73)
[2023-03-27 00:09:20,543][new_worker_lincls][INFO] - Epoch: [3][210/500]	Time  0.027 ( 0.043)	Data  0.001 ( 0.013)	Loss 2.6834e+00 (2.5827e+00)	Acc@1  19.00 ( 20.32)	Acc@5  57.00 ( 57.69)
[2023-03-27 00:09:20,817][new_worker_lincls][INFO] - Epoch: [3][220/500]	Time  0.027 ( 0.042)	Data  0.001 ( 0.012)	Loss 2.4851e+00 (2.5829e+00)	Acc@1  28.00 ( 20.34)	Acc@5  54.00 ( 57.63)
[2023-03-27 00:09:21,106][new_worker_lincls][INFO] - Epoch: [3][230/500]	Time  0.031 ( 0.041)	Data  0.001 ( 0.012)	Loss 2.6548e+00 (2.5830e+00)	Acc@1  18.00 ( 20.29)	Acc@5  52.00 ( 57.58)
[2023-03-27 00:09:21,384][new_worker_lincls][INFO] - Epoch: [3][240/500]	Time  0.027 ( 0.041)	Data  0.001 ( 0.011)	Loss 2.4008e+00 (2.5844e+00)	Acc@1  28.00 ( 20.24)	Acc@5  65.00 ( 57.55)
[2023-03-27 00:09:21,679][new_worker_lincls][INFO] - Epoch: [3][250/500]	Time  0.029 ( 0.040)	Data  0.001 ( 0.011)	Loss 2.5643e+00 (2.5852e+00)	Acc@1  29.00 ( 20.25)	Acc@5  55.00 ( 57.50)
[2023-03-27 00:09:21,960][new_worker_lincls][INFO] - Epoch: [3][260/500]	Time  0.028 ( 0.040)	Data  0.001 ( 0.010)	Loss 2.4799e+00 (2.5838e+00)	Acc@1  24.00 ( 20.31)	Acc@5  60.00 ( 57.54)
[2023-03-27 00:09:22,231][new_worker_lincls][INFO] - Epoch: [3][270/500]	Time  0.027 ( 0.039)	Data  0.001 ( 0.010)	Loss 2.7372e+00 (2.5838e+00)	Acc@1  17.00 ( 20.32)	Acc@5  47.00 ( 57.46)
[2023-03-27 00:09:22,516][new_worker_lincls][INFO] - Epoch: [3][280/500]	Time  0.027 ( 0.039)	Data  0.001 ( 0.010)	Loss 2.5507e+00 (2.5850e+00)	Acc@1  26.00 ( 20.32)	Acc@5  54.00 ( 57.38)
[2023-03-27 00:09:22,809][new_worker_lincls][INFO] - Epoch: [3][290/500]	Time  0.040 ( 0.039)	Data  0.001 ( 0.009)	Loss 2.5811e+00 (2.5852e+00)	Acc@1  22.00 ( 20.33)	Acc@5  59.00 ( 57.40)
[2023-03-27 00:09:23,118][new_worker_lincls][INFO] - Epoch: [3][300/500]	Time  0.027 ( 0.038)	Data  0.001 ( 0.009)	Loss 2.4989e+00 (2.5855e+00)	Acc@1  22.00 ( 20.31)	Acc@5  61.00 ( 57.37)
[2023-03-27 00:09:23,401][new_worker_lincls][INFO] - Epoch: [3][310/500]	Time  0.027 ( 0.038)	Data  0.001 ( 0.009)	Loss 2.6864e+00 (2.5863e+00)	Acc@1  20.00 ( 20.32)	Acc@5  53.00 ( 57.33)
[2023-03-27 00:09:23,727][new_worker_lincls][INFO] - Epoch: [3][320/500]	Time  0.027 ( 0.038)	Data  0.001 ( 0.009)	Loss 2.6191e+00 (2.5862e+00)	Acc@1  19.00 ( 20.35)	Acc@5  50.00 ( 57.38)
[2023-03-27 00:09:24,022][new_worker_lincls][INFO] - Epoch: [3][330/500]	Time  0.032 ( 0.038)	Data  0.001 ( 0.008)	Loss 2.5668e+00 (2.5852e+00)	Acc@1  18.00 ( 20.30)	Acc@5  59.00 ( 57.44)
[2023-03-27 00:09:24,322][new_worker_lincls][INFO] - Epoch: [3][340/500]	Time  0.026 ( 0.037)	Data  0.001 ( 0.008)	Loss 2.6412e+00 (2.5856e+00)	Acc@1  15.00 ( 20.30)	Acc@5  55.00 ( 57.43)
[2023-03-27 00:09:24,636][new_worker_lincls][INFO] - Epoch: [3][350/500]	Time  0.027 ( 0.037)	Data  0.001 ( 0.008)	Loss 2.5737e+00 (2.5851e+00)	Acc@1  25.00 ( 20.38)	Acc@5  63.00 ( 57.40)
[2023-03-27 00:09:24,921][new_worker_lincls][INFO] - Epoch: [3][360/500]	Time  0.027 ( 0.037)	Data  0.001 ( 0.008)	Loss 2.4641e+00 (2.5842e+00)	Acc@1  26.00 ( 20.41)	Acc@5  65.00 ( 57.46)
[2023-03-27 00:09:25,198][new_worker_lincls][INFO] - Epoch: [3][370/500]	Time  0.032 ( 0.037)	Data  0.001 ( 0.008)	Loss 2.5690e+00 (2.5834e+00)	Acc@1  27.00 ( 20.46)	Acc@5  59.00 ( 57.51)
[2023-03-27 00:09:25,482][new_worker_lincls][INFO] - Epoch: [3][380/500]	Time  0.028 ( 0.037)	Data  0.001 ( 0.007)	Loss 2.5680e+00 (2.5830e+00)	Acc@1  22.00 ( 20.46)	Acc@5  53.00 ( 57.50)
[2023-03-27 00:09:25,765][new_worker_lincls][INFO] - Epoch: [3][390/500]	Time  0.027 ( 0.036)	Data  0.001 ( 0.007)	Loss 2.6323e+00 (2.5841e+00)	Acc@1  19.00 ( 20.45)	Acc@5  61.00 ( 57.48)
[2023-03-27 00:09:26,042][new_worker_lincls][INFO] - Epoch: [3][400/500]	Time  0.027 ( 0.036)	Data  0.001 ( 0.007)	Loss 2.5986e+00 (2.5839e+00)	Acc@1  20.00 ( 20.46)	Acc@5  56.00 ( 57.50)
[2023-03-27 00:09:26,328][new_worker_lincls][INFO] - Epoch: [3][410/500]	Time  0.028 ( 0.036)	Data  0.001 ( 0.007)	Loss 2.4654e+00 (2.5832e+00)	Acc@1  22.00 ( 20.46)	Acc@5  65.00 ( 57.52)
[2023-03-27 00:09:26,618][new_worker_lincls][INFO] - Epoch: [3][420/500]	Time  0.032 ( 0.036)	Data  0.003 ( 0.007)	Loss 2.4600e+00 (2.5827e+00)	Acc@1  23.00 ( 20.46)	Acc@5  68.00 ( 57.55)
[2023-03-27 00:09:26,890][new_worker_lincls][INFO] - Epoch: [3][430/500]	Time  0.027 ( 0.036)	Data  0.001 ( 0.007)	Loss 2.7034e+00 (2.5828e+00)	Acc@1  20.00 ( 20.46)	Acc@5  52.00 ( 57.52)
[2023-03-27 00:09:27,161][new_worker_lincls][INFO] - Epoch: [3][440/500]	Time  0.027 ( 0.035)	Data  0.001 ( 0.007)	Loss 2.5584e+00 (2.5836e+00)	Acc@1  28.00 ( 20.48)	Acc@5  57.00 ( 57.48)
[2023-03-27 00:09:27,433][new_worker_lincls][INFO] - Epoch: [3][450/500]	Time  0.027 ( 0.035)	Data  0.001 ( 0.006)	Loss 2.5342e+00 (2.5838e+00)	Acc@1  21.00 ( 20.43)	Acc@5  62.00 ( 57.48)
[2023-03-27 00:09:27,704][new_worker_lincls][INFO] - Epoch: [3][460/500]	Time  0.027 ( 0.035)	Data  0.001 ( 0.006)	Loss 2.6002e+00 (2.5834e+00)	Acc@1  20.00 ( 20.47)	Acc@5  56.00 ( 57.49)
[2023-03-27 00:09:27,975][new_worker_lincls][INFO] - Epoch: [3][470/500]	Time  0.027 ( 0.035)	Data  0.001 ( 0.006)	Loss 2.5500e+00 (2.5824e+00)	Acc@1  21.00 ( 20.53)	Acc@5  57.00 ( 57.52)
[2023-03-27 00:09:28,246][new_worker_lincls][INFO] - Epoch: [3][480/500]	Time  0.027 ( 0.035)	Data  0.001 ( 0.006)	Loss 2.6325e+00 (2.5827e+00)	Acc@1  18.00 ( 20.51)	Acc@5  55.00 ( 57.51)
[2023-03-27 00:09:28,517][new_worker_lincls][INFO] - Epoch: [3][490/500]	Time  0.027 ( 0.035)	Data  0.001 ( 0.006)	Loss 2.6305e+00 (2.5815e+00)	Acc@1  20.00 ( 20.56)	Acc@5  52.00 ( 57.55)
[2023-03-27 00:09:31,960][new_worker_lincls][INFO] - Epoch: [4][  0/500]	Time  2.961 ( 2.961)	Data  2.927 ( 2.927)	Loss 2.5163e+00 (2.5163e+00)	Acc@1  27.00 ( 27.00)	Acc@5  59.00 ( 59.00)
[2023-03-27 00:09:32,302][new_worker_lincls][INFO] - Epoch: [4][ 10/500]	Time  0.034 ( 0.300)	Data  0.001 ( 0.267)	Loss 2.6241e+00 (2.5629e+00)	Acc@1  16.00 ( 20.36)	Acc@5  51.00 ( 59.45)
[2023-03-27 00:09:32,620][new_worker_lincls][INFO] - Epoch: [4][ 20/500]	Time  0.031 ( 0.173)	Data  0.001 ( 0.140)	Loss 2.4476e+00 (2.5932e+00)	Acc@1  27.00 ( 20.05)	Acc@5  65.00 ( 58.10)
[2023-03-27 00:09:32,951][new_worker_lincls][INFO] - Epoch: [4][ 30/500]	Time  0.026 ( 0.127)	Data  0.001 ( 0.096)	Loss 2.7246e+00 (2.5861e+00)	Acc@1  19.00 ( 20.45)	Acc@5  53.00 ( 58.55)
[2023-03-27 00:09:33,268][new_worker_lincls][INFO] - Epoch: [4][ 40/500]	Time  0.032 ( 0.104)	Data  0.001 ( 0.073)	Loss 2.5073e+00 (2.5834e+00)	Acc@1  23.00 ( 20.68)	Acc@5  66.00 ( 58.37)
[2023-03-27 00:09:33,604][new_worker_lincls][INFO] - Epoch: [4][ 50/500]	Time  0.035 ( 0.090)	Data  0.001 ( 0.059)	Loss 2.5244e+00 (2.5692e+00)	Acc@1  15.00 ( 20.84)	Acc@5  61.00 ( 58.82)
[2023-03-27 00:09:33,938][new_worker_lincls][INFO] - Epoch: [4][ 60/500]	Time  0.026 ( 0.081)	Data  0.000 ( 0.049)	Loss 2.6910e+00 (2.5733e+00)	Acc@1  17.00 ( 20.89)	Acc@5  50.00 ( 58.46)
[2023-03-27 00:09:34,242][new_worker_lincls][INFO] - Epoch: [4][ 70/500]	Time  0.027 ( 0.074)	Data  0.001 ( 0.042)	Loss 2.5663e+00 (2.5679e+00)	Acc@1  24.00 ( 21.10)	Acc@5  58.00 ( 58.70)
[2023-03-27 00:09:34,535][new_worker_lincls][INFO] - Epoch: [4][ 80/500]	Time  0.027 ( 0.068)	Data  0.001 ( 0.037)	Loss 2.3861e+00 (2.5654e+00)	Acc@1  25.00 ( 21.32)	Acc@5  68.00 ( 58.81)
[2023-03-27 00:09:34,839][new_worker_lincls][INFO] - Epoch: [4][ 90/500]	Time  0.032 ( 0.064)	Data  0.001 ( 0.033)	Loss 2.5832e+00 (2.5671e+00)	Acc@1  24.00 ( 21.48)	Acc@5  51.00 ( 58.74)
[2023-03-27 00:09:35,144][new_worker_lincls][INFO] - Epoch: [4][100/500]	Time  0.029 ( 0.061)	Data  0.001 ( 0.030)	Loss 2.6928e+00 (2.5654e+00)	Acc@1  18.00 ( 21.50)	Acc@5  56.00 ( 58.75)
[2023-03-27 00:09:35,430][new_worker_lincls][INFO] - Epoch: [4][110/500]	Time  0.027 ( 0.058)	Data  0.001 ( 0.027)	Loss 2.4248e+00 (2.5625e+00)	Acc@1  28.00 ( 21.63)	Acc@5  68.00 ( 58.83)
[2023-03-27 00:09:35,716][new_worker_lincls][INFO] - Epoch: [4][120/500]	Time  0.027 ( 0.056)	Data  0.001 ( 0.025)	Loss 2.4906e+00 (2.5660e+00)	Acc@1  22.00 ( 21.68)	Acc@5  62.00 ( 58.67)
[2023-03-27 00:09:36,011][new_worker_lincls][INFO] - Epoch: [4][130/500]	Time  0.028 ( 0.054)	Data  0.001 ( 0.023)	Loss 2.5930e+00 (2.5650e+00)	Acc@1  24.00 ( 21.66)	Acc@5  56.00 ( 58.60)
[2023-03-27 00:09:36,292][new_worker_lincls][INFO] - Epoch: [4][140/500]	Time  0.027 ( 0.052)	Data  0.001 ( 0.022)	Loss 2.5192e+00 (2.5626e+00)	Acc@1  24.00 ( 21.84)	Acc@5  59.00 ( 58.55)
[2023-03-27 00:09:36,583][new_worker_lincls][INFO] - Epoch: [4][150/500]	Time  0.027 ( 0.050)	Data  0.001 ( 0.020)	Loss 2.5950e+00 (2.5622e+00)	Acc@1  20.00 ( 21.77)	Acc@5  60.00 ( 58.54)
[2023-03-27 00:09:36,870][new_worker_lincls][INFO] - Epoch: [4][160/500]	Time  0.027 ( 0.049)	Data  0.001 ( 0.019)	Loss 2.6354e+00 (2.5640e+00)	Acc@1  19.00 ( 21.69)	Acc@5  53.00 ( 58.48)
[2023-03-27 00:09:37,149][new_worker_lincls][INFO] - Epoch: [4][170/500]	Time  0.028 ( 0.048)	Data  0.001 ( 0.018)	Loss 2.5913e+00 (2.5649e+00)	Acc@1  20.00 ( 21.63)	Acc@5  57.00 ( 58.42)
[2023-03-27 00:09:37,428][new_worker_lincls][INFO] - Epoch: [4][180/500]	Time  0.027 ( 0.047)	Data  0.001 ( 0.017)	Loss 2.6647e+00 (2.5648e+00)	Acc@1  18.00 ( 21.61)	Acc@5  50.00 ( 58.36)
[2023-03-27 00:09:37,704][new_worker_lincls][INFO] - Epoch: [4][190/500]	Time  0.027 ( 0.046)	Data  0.001 ( 0.016)	Loss 2.5472e+00 (2.5653e+00)	Acc@1  20.00 ( 21.62)	Acc@5  51.00 ( 58.24)
[2023-03-27 00:09:37,973][new_worker_lincls][INFO] - Epoch: [4][200/500]	Time  0.027 ( 0.045)	Data  0.001 ( 0.015)	Loss 2.6286e+00 (2.5666e+00)	Acc@1  17.00 ( 21.50)	Acc@5  54.00 ( 58.16)
[2023-03-27 00:09:38,266][new_worker_lincls][INFO] - Epoch: [4][210/500]	Time  0.031 ( 0.044)	Data  0.001 ( 0.015)	Loss 2.4762e+00 (2.5660e+00)	Acc@1  24.00 ( 21.53)	Acc@5  65.00 ( 58.21)
[2023-03-27 00:09:38,548][new_worker_lincls][INFO] - Epoch: [4][220/500]	Time  0.028 ( 0.043)	Data  0.001 ( 0.014)	Loss 2.4343e+00 (2.5669e+00)	Acc@1  26.00 ( 21.52)	Acc@5  65.00 ( 58.14)
[2023-03-27 00:09:38,856][new_worker_lincls][INFO] - Epoch: [4][230/500]	Time  0.041 ( 0.043)	Data  0.001 ( 0.014)	Loss 2.5407e+00 (2.5654e+00)	Acc@1  20.00 ( 21.52)	Acc@5  55.00 ( 58.21)
[2023-03-27 00:09:39,171][new_worker_lincls][INFO] - Epoch: [4][240/500]	Time  0.039 ( 0.042)	Data  0.001 ( 0.013)	Loss 2.5701e+00 (2.5653e+00)	Acc@1  16.00 ( 21.46)	Acc@5  63.00 ( 58.30)
[2023-03-27 00:09:39,471][new_worker_lincls][INFO] - Epoch: [4][250/500]	Time  0.040 ( 0.042)	Data  0.001 ( 0.013)	Loss 2.4079e+00 (2.5648e+00)	Acc@1  22.00 ( 21.41)	Acc@5  67.00 ( 58.26)
[2023-03-27 00:09:39,746][new_worker_lincls][INFO] - Epoch: [4][260/500]	Time  0.027 ( 0.041)	Data  0.001 ( 0.012)	Loss 2.5465e+00 (2.5647e+00)	Acc@1  19.00 ( 21.41)	Acc@5  65.00 ( 58.31)
[2023-03-27 00:09:40,066][new_worker_lincls][INFO] - Epoch: [4][270/500]	Time  0.027 ( 0.041)	Data  0.001 ( 0.012)	Loss 2.5454e+00 (2.5634e+00)	Acc@1  15.00 ( 21.36)	Acc@5  57.00 ( 58.39)
[2023-03-27 00:09:40,375][new_worker_lincls][INFO] - Epoch: [4][280/500]	Time  0.027 ( 0.040)	Data  0.001 ( 0.011)	Loss 2.6158e+00 (2.5620e+00)	Acc@1  18.00 ( 21.37)	Acc@5  57.00 ( 58.50)
[2023-03-27 00:09:40,661][new_worker_lincls][INFO] - Epoch: [4][290/500]	Time  0.032 ( 0.040)	Data  0.001 ( 0.011)	Loss 2.7031e+00 (2.5637e+00)	Acc@1  19.00 ( 21.34)	Acc@5  52.00 ( 58.44)
[2023-03-27 00:09:40,956][new_worker_lincls][INFO] - Epoch: [4][300/500]	Time  0.030 ( 0.040)	Data  0.001 ( 0.011)	Loss 2.6852e+00 (2.5638e+00)	Acc@1  13.00 ( 21.32)	Acc@5  49.00 ( 58.46)
[2023-03-27 00:09:41,238][new_worker_lincls][INFO] - Epoch: [4][310/500]	Time  0.027 ( 0.039)	Data  0.001 ( 0.010)	Loss 2.6139e+00 (2.5648e+00)	Acc@1  28.00 ( 21.31)	Acc@5  55.00 ( 58.42)
[2023-03-27 00:09:41,545][new_worker_lincls][INFO] - Epoch: [4][320/500]	Time  0.026 ( 0.039)	Data  0.001 ( 0.010)	Loss 2.4957e+00 (2.5637e+00)	Acc@1  20.00 ( 21.32)	Acc@5  62.00 ( 58.43)
[2023-03-27 00:09:41,845][new_worker_lincls][INFO] - Epoch: [4][330/500]	Time  0.027 ( 0.039)	Data  0.000 ( 0.010)	Loss 2.6055e+00 (2.5635e+00)	Acc@1  22.00 ( 21.34)	Acc@5  58.00 ( 58.46)
[2023-03-27 00:09:42,161][new_worker_lincls][INFO] - Epoch: [4][340/500]	Time  0.027 ( 0.039)	Data  0.001 ( 0.009)	Loss 2.5838e+00 (2.5641e+00)	Acc@1  19.00 ( 21.30)	Acc@5  65.00 ( 58.43)
[2023-03-27 00:09:42,483][new_worker_lincls][INFO] - Epoch: [4][350/500]	Time  0.027 ( 0.038)	Data  0.001 ( 0.009)	Loss 2.4746e+00 (2.5639e+00)	Acc@1  22.00 ( 21.35)	Acc@5  64.00 ( 58.42)
[2023-03-27 00:09:42,781][new_worker_lincls][INFO] - Epoch: [4][360/500]	Time  0.036 ( 0.038)	Data  0.001 ( 0.009)	Loss 2.6157e+00 (2.5639e+00)	Acc@1  20.00 ( 21.33)	Acc@5  55.00 ( 58.39)
[2023-03-27 00:09:43,060][new_worker_lincls][INFO] - Epoch: [4][370/500]	Time  0.027 ( 0.038)	Data  0.001 ( 0.009)	Loss 2.5296e+00 (2.5655e+00)	Acc@1  23.00 ( 21.26)	Acc@5  58.00 ( 58.32)
[2023-03-27 00:09:43,334][new_worker_lincls][INFO] - Epoch: [4][380/500]	Time  0.027 ( 0.038)	Data  0.001 ( 0.009)	Loss 2.6100e+00 (2.5655e+00)	Acc@1  22.00 ( 21.22)	Acc@5  58.00 ( 58.33)
[2023-03-27 00:09:43,608][new_worker_lincls][INFO] - Epoch: [4][390/500]	Time  0.027 ( 0.037)	Data  0.001 ( 0.008)	Loss 2.4096e+00 (2.5640e+00)	Acc@1  23.00 ( 21.31)	Acc@5  67.00 ( 58.38)
[2023-03-27 00:09:43,909][new_worker_lincls][INFO] - Epoch: [4][400/500]	Time  0.026 ( 0.037)	Data  0.001 ( 0.008)	Loss 2.6831e+00 (2.5639e+00)	Acc@1  14.00 ( 21.31)	Acc@5  53.00 ( 58.41)
[2023-03-27 00:09:44,194][new_worker_lincls][INFO] - Epoch: [4][410/500]	Time  0.028 ( 0.037)	Data  0.001 ( 0.008)	Loss 2.4968e+00 (2.5643e+00)	Acc@1  25.00 ( 21.29)	Acc@5  59.00 ( 58.39)
[2023-03-27 00:09:44,484][new_worker_lincls][INFO] - Epoch: [4][420/500]	Time  0.030 ( 0.037)	Data  0.003 ( 0.008)	Loss 2.5667e+00 (2.5644e+00)	Acc@1  20.00 ( 21.28)	Acc@5  57.00 ( 58.37)
[2023-03-27 00:09:44,752][new_worker_lincls][INFO] - Epoch: [4][430/500]	Time  0.026 ( 0.037)	Data  0.000 ( 0.008)	Loss 2.5140e+00 (2.5637e+00)	Acc@1  26.00 ( 21.29)	Acc@5  57.00 ( 58.39)
[2023-03-27 00:09:45,016][new_worker_lincls][INFO] - Epoch: [4][440/500]	Time  0.027 ( 0.036)	Data  0.001 ( 0.007)	Loss 2.5487e+00 (2.5643e+00)	Acc@1  25.00 ( 21.26)	Acc@5  60.00 ( 58.37)
[2023-03-27 00:09:45,286][new_worker_lincls][INFO] - Epoch: [4][450/500]	Time  0.027 ( 0.036)	Data  0.001 ( 0.007)	Loss 2.5022e+00 (2.5639e+00)	Acc@1  20.00 ( 21.24)	Acc@5  64.00 ( 58.37)
[2023-03-27 00:09:45,549][new_worker_lincls][INFO] - Epoch: [4][460/500]	Time  0.026 ( 0.036)	Data  0.000 ( 0.007)	Loss 2.5206e+00 (2.5638e+00)	Acc@1  17.00 ( 21.25)	Acc@5  58.00 ( 58.36)
[2023-03-27 00:09:45,859][new_worker_lincls][INFO] - Epoch: [4][470/500]	Time  0.030 ( 0.036)	Data  0.001 ( 0.007)	Loss 2.5269e+00 (2.5639e+00)	Acc@1  23.00 ( 21.25)	Acc@5  56.00 ( 58.36)
[2023-03-27 00:09:46,139][new_worker_lincls][INFO] - Epoch: [4][480/500]	Time  0.026 ( 0.036)	Data  0.000 ( 0.007)	Loss 2.5183e+00 (2.5639e+00)	Acc@1  18.00 ( 21.25)	Acc@5  63.00 ( 58.36)
[2023-03-27 00:09:46,401][new_worker_lincls][INFO] - Epoch: [4][490/500]	Time  0.026 ( 0.035)	Data  0.000 ( 0.007)	Loss 2.6330e+00 (2.5633e+00)	Acc@1  17.00 ( 21.25)	Acc@5  51.00 ( 58.35)
[2023-03-27 00:09:49,415][new_worker_lincls][INFO] - Epoch: [5][  0/500]	Time  2.581 ( 2.581)	Data  2.548 ( 2.548)	Loss 2.5694e+00 (2.5694e+00)	Acc@1  18.00 ( 18.00)	Acc@5  61.00 ( 61.00)
[2023-03-27 00:09:49,927][new_worker_lincls][INFO] - Epoch: [5][ 10/500]	Time  0.028 ( 0.281)	Data  0.001 ( 0.250)	Loss 2.4478e+00 (2.5456e+00)	Acc@1  27.00 ( 22.18)	Acc@5  58.00 ( 59.09)
[2023-03-27 00:09:50,267][new_worker_lincls][INFO] - Epoch: [5][ 20/500]	Time  0.033 ( 0.164)	Data  0.001 ( 0.132)	Loss 2.5316e+00 (2.5668e+00)	Acc@1  19.00 ( 21.00)	Acc@5  60.00 ( 58.33)
[2023-03-27 00:09:50,609][new_worker_lincls][INFO] - Epoch: [5][ 30/500]	Time  0.027 ( 0.122)	Data  0.001 ( 0.090)	Loss 2.5208e+00 (2.5523e+00)	Acc@1  29.00 ( 21.58)	Acc@5  62.00 ( 58.94)
[2023-03-27 00:09:50,919][new_worker_lincls][INFO] - Epoch: [5][ 40/500]	Time  0.027 ( 0.100)	Data  0.001 ( 0.068)	Loss 2.4603e+00 (2.5582e+00)	Acc@1  22.00 ( 21.68)	Acc@5  68.00 ( 58.93)
[2023-03-27 00:09:51,218][new_worker_lincls][INFO] - Epoch: [5][ 50/500]	Time  0.034 ( 0.086)	Data  0.000 ( 0.055)	Loss 2.5998e+00 (2.5594e+00)	Acc@1  20.00 ( 21.59)	Acc@5  54.00 ( 58.73)
[2023-03-27 00:09:51,539][new_worker_lincls][INFO] - Epoch: [5][ 60/500]	Time  0.027 ( 0.077)	Data  0.000 ( 0.046)	Loss 2.4042e+00 (2.5489e+00)	Acc@1  26.00 ( 21.82)	Acc@5  67.00 ( 58.92)
[2023-03-27 00:09:51,857][new_worker_lincls][INFO] - Epoch: [5][ 70/500]	Time  0.027 ( 0.071)	Data  0.001 ( 0.040)	Loss 2.4410e+00 (2.5492e+00)	Acc@1  22.00 ( 21.63)	Acc@5  72.00 ( 59.23)
[2023-03-27 00:09:52,132][new_worker_lincls][INFO] - Epoch: [5][ 80/500]	Time  0.028 ( 0.065)	Data  0.001 ( 0.035)	Loss 2.5909e+00 (2.5500e+00)	Acc@1  19.00 ( 21.56)	Acc@5  59.00 ( 59.32)
[2023-03-27 00:09:52,415][new_worker_lincls][INFO] - Epoch: [5][ 90/500]	Time  0.028 ( 0.061)	Data  0.000 ( 0.031)	Loss 2.4552e+00 (2.5396e+00)	Acc@1  29.00 ( 22.03)	Acc@5  60.00 ( 59.57)
[2023-03-27 00:09:52,700][new_worker_lincls][INFO] - Epoch: [5][100/500]	Time  0.027 ( 0.058)	Data  0.001 ( 0.028)	Loss 2.6130e+00 (2.5368e+00)	Acc@1  24.00 ( 22.11)	Acc@5  56.00 ( 59.65)
[2023-03-27 00:09:52,997][new_worker_lincls][INFO] - Epoch: [5][110/500]	Time  0.027 ( 0.056)	Data  0.001 ( 0.026)	Loss 2.6365e+00 (2.5374e+00)	Acc@1  21.00 ( 22.06)	Acc@5  58.00 ( 59.61)
[2023-03-27 00:09:53,294][new_worker_lincls][INFO] - Epoch: [5][120/500]	Time  0.027 ( 0.053)	Data  0.001 ( 0.024)	Loss 2.6336e+00 (2.5387e+00)	Acc@1  18.00 ( 21.93)	Acc@5  51.00 ( 59.52)
[2023-03-27 00:09:53,570][new_worker_lincls][INFO] - Epoch: [5][130/500]	Time  0.026 ( 0.051)	Data  0.000 ( 0.022)	Loss 2.4928e+00 (2.5375e+00)	Acc@1  22.00 ( 21.87)	Acc@5  58.00 ( 59.54)
[2023-03-27 00:09:53,850][new_worker_lincls][INFO] - Epoch: [5][140/500]	Time  0.030 ( 0.050)	Data  0.001 ( 0.020)	Loss 2.4555e+00 (2.5386e+00)	Acc@1  28.00 ( 21.91)	Acc@5  65.00 ( 59.53)
[2023-03-27 00:09:54,142][new_worker_lincls][INFO] - Epoch: [5][150/500]	Time  0.027 ( 0.048)	Data  0.001 ( 0.019)	Loss 2.6595e+00 (2.5384e+00)	Acc@1  21.00 ( 21.84)	Acc@5  55.00 ( 59.56)
[2023-03-27 00:09:54,443][new_worker_lincls][INFO] - Epoch: [5][160/500]	Time  0.027 ( 0.047)	Data  0.001 ( 0.018)	Loss 2.5571e+00 (2.5422e+00)	Acc@1  25.00 ( 21.83)	Acc@5  58.00 ( 59.42)
[2023-03-27 00:09:54,721][new_worker_lincls][INFO] - Epoch: [5][170/500]	Time  0.028 ( 0.046)	Data  0.001 ( 0.017)	Loss 2.7065e+00 (2.5435e+00)	Acc@1  22.00 ( 21.87)	Acc@5  55.00 ( 59.37)
[2023-03-27 00:09:55,006][new_worker_lincls][INFO] - Epoch: [5][180/500]	Time  0.028 ( 0.045)	Data  0.001 ( 0.016)	Loss 2.6428e+00 (2.5430e+00)	Acc@1  17.00 ( 21.88)	Acc@5  54.00 ( 59.40)
[2023-03-27 00:09:55,300][new_worker_lincls][INFO] - Epoch: [5][190/500]	Time  0.027 ( 0.044)	Data  0.001 ( 0.015)	Loss 2.5565e+00 (2.5403e+00)	Acc@1  19.00 ( 21.93)	Acc@5  54.00 ( 59.49)
[2023-03-27 00:09:55,580][new_worker_lincls][INFO] - Epoch: [5][200/500]	Time  0.027 ( 0.044)	Data  0.001 ( 0.014)	Loss 2.6172e+00 (2.5416e+00)	Acc@1  20.00 ( 21.89)	Acc@5  57.00 ( 59.40)
[2023-03-27 00:09:55,865][new_worker_lincls][INFO] - Epoch: [5][210/500]	Time  0.028 ( 0.043)	Data  0.001 ( 0.014)	Loss 2.4294e+00 (2.5424e+00)	Acc@1  25.00 ( 21.90)	Acc@5  65.00 ( 59.33)
[2023-03-27 00:09:56,157][new_worker_lincls][INFO] - Epoch: [5][220/500]	Time  0.036 ( 0.042)	Data  0.001 ( 0.013)	Loss 2.3905e+00 (2.5436e+00)	Acc@1  35.00 ( 21.92)	Acc@5  63.00 ( 59.30)
[2023-03-27 00:09:56,447][new_worker_lincls][INFO] - Epoch: [5][230/500]	Time  0.027 ( 0.042)	Data  0.001 ( 0.013)	Loss 2.5766e+00 (2.5438e+00)	Acc@1  21.00 ( 21.87)	Acc@5  57.00 ( 59.32)
[2023-03-27 00:09:56,738][new_worker_lincls][INFO] - Epoch: [5][240/500]	Time  0.026 ( 0.041)	Data  0.001 ( 0.012)	Loss 2.6304e+00 (2.5445e+00)	Acc@1  21.00 ( 21.79)	Acc@5  55.00 ( 59.25)
[2023-03-27 00:09:57,020][new_worker_lincls][INFO] - Epoch: [5][250/500]	Time  0.027 ( 0.041)	Data  0.001 ( 0.012)	Loss 2.6304e+00 (2.5454e+00)	Acc@1  16.00 ( 21.74)	Acc@5  55.00 ( 59.22)
[2023-03-27 00:09:57,298][new_worker_lincls][INFO] - Epoch: [5][260/500]	Time  0.027 ( 0.040)	Data  0.001 ( 0.011)	Loss 2.6152e+00 (2.5471e+00)	Acc@1  25.00 ( 21.70)	Acc@5  53.00 ( 59.13)
[2023-03-27 00:09:57,607][new_worker_lincls][INFO] - Epoch: [5][270/500]	Time  0.036 ( 0.040)	Data  0.001 ( 0.011)	Loss 2.5716e+00 (2.5480e+00)	Acc@1  19.00 ( 21.70)	Acc@5  53.00 ( 59.13)
[2023-03-27 00:09:57,898][new_worker_lincls][INFO] - Epoch: [5][280/500]	Time  0.027 ( 0.039)	Data  0.001 ( 0.011)	Loss 2.4432e+00 (2.5476e+00)	Acc@1  21.00 ( 21.68)	Acc@5  61.00 ( 59.16)
[2023-03-27 00:09:58,176][new_worker_lincls][INFO] - Epoch: [5][290/500]	Time  0.026 ( 0.039)	Data  0.000 ( 0.010)	Loss 2.5116e+00 (2.5453e+00)	Acc@1  23.00 ( 21.72)	Acc@5  59.00 ( 59.27)
[2023-03-27 00:09:58,482][new_worker_lincls][INFO] - Epoch: [5][300/500]	Time  0.028 ( 0.039)	Data  0.001 ( 0.010)	Loss 2.4067e+00 (2.5448e+00)	Acc@1  22.00 ( 21.64)	Acc@5  71.00 ( 59.34)
[2023-03-27 00:09:58,765][new_worker_lincls][INFO] - Epoch: [5][310/500]	Time  0.028 ( 0.038)	Data  0.001 ( 0.010)	Loss 2.7013e+00 (2.5441e+00)	Acc@1  15.00 ( 21.62)	Acc@5  53.00 ( 59.43)
[2023-03-27 00:09:59,051][new_worker_lincls][INFO] - Epoch: [5][320/500]	Time  0.026 ( 0.038)	Data  0.000 ( 0.009)	Loss 2.4580e+00 (2.5448e+00)	Acc@1  20.00 ( 21.55)	Acc@5  64.00 ( 59.44)
[2023-03-27 00:09:59,333][new_worker_lincls][INFO] - Epoch: [5][330/500]	Time  0.027 ( 0.038)	Data  0.000 ( 0.009)	Loss 2.4320e+00 (2.5448e+00)	Acc@1  33.00 ( 21.57)	Acc@5  62.00 ( 59.44)
[2023-03-27 00:09:59,608][new_worker_lincls][INFO] - Epoch: [5][340/500]	Time  0.027 ( 0.037)	Data  0.001 ( 0.009)	Loss 2.4634e+00 (2.5445e+00)	Acc@1  25.00 ( 21.55)	Acc@5  64.00 ( 59.45)
[2023-03-27 00:09:59,919][new_worker_lincls][INFO] - Epoch: [5][350/500]	Time  0.027 ( 0.037)	Data  0.001 ( 0.009)	Loss 2.4821e+00 (2.5448e+00)	Acc@1  22.00 ( 21.49)	Acc@5  62.00 ( 59.48)
[2023-03-27 00:10:00,250][new_worker_lincls][INFO] - Epoch: [5][360/500]	Time  0.034 ( 0.037)	Data  0.001 ( 0.008)	Loss 2.5766e+00 (2.5436e+00)	Acc@1  24.00 ( 21.50)	Acc@5  62.00 ( 59.56)
[2023-03-27 00:10:00,534][new_worker_lincls][INFO] - Epoch: [5][370/500]	Time  0.028 ( 0.037)	Data  0.001 ( 0.008)	Loss 2.5633e+00 (2.5452e+00)	Acc@1  20.00 ( 21.44)	Acc@5  56.00 ( 59.42)
[2023-03-27 00:10:00,807][new_worker_lincls][INFO] - Epoch: [5][380/500]	Time  0.027 ( 0.037)	Data  0.001 ( 0.008)	Loss 2.4417e+00 (2.5441e+00)	Acc@1  25.00 ( 21.53)	Acc@5  63.00 ( 59.47)
[2023-03-27 00:10:01,101][new_worker_lincls][INFO] - Epoch: [5][390/500]	Time  0.028 ( 0.036)	Data  0.001 ( 0.008)	Loss 2.5473e+00 (2.5449e+00)	Acc@1  22.00 ( 21.54)	Acc@5  64.00 ( 59.42)
[2023-03-27 00:10:01,393][new_worker_lincls][INFO] - Epoch: [5][400/500]	Time  0.027 ( 0.036)	Data  0.001 ( 0.008)	Loss 2.5728e+00 (2.5452e+00)	Acc@1  10.00 ( 21.49)	Acc@5  57.00 ( 59.40)
[2023-03-27 00:10:01,682][new_worker_lincls][INFO] - Epoch: [5][410/500]	Time  0.033 ( 0.036)	Data  0.001 ( 0.007)	Loss 2.6944e+00 (2.5440e+00)	Acc@1  12.00 ( 21.49)	Acc@5  48.00 ( 59.43)
[2023-03-27 00:10:01,979][new_worker_lincls][INFO] - Epoch: [5][420/500]	Time  0.036 ( 0.036)	Data  0.009 ( 0.007)	Loss 2.6845e+00 (2.5448e+00)	Acc@1  16.00 ( 21.45)	Acc@5  52.00 ( 59.40)
[2023-03-27 00:10:02,250][new_worker_lincls][INFO] - Epoch: [5][430/500]	Time  0.027 ( 0.036)	Data  0.001 ( 0.007)	Loss 2.6123e+00 (2.5455e+00)	Acc@1  14.00 ( 21.48)	Acc@5  55.00 ( 59.34)
[2023-03-27 00:10:02,515][new_worker_lincls][INFO] - Epoch: [5][440/500]	Time  0.026 ( 0.036)	Data  0.000 ( 0.007)	Loss 2.5491e+00 (2.5451e+00)	Acc@1  18.00 ( 21.53)	Acc@5  59.00 ( 59.34)
[2023-03-27 00:10:02,819][new_worker_lincls][INFO] - Epoch: [5][450/500]	Time  0.027 ( 0.035)	Data  0.001 ( 0.007)	Loss 2.3478e+00 (2.5445e+00)	Acc@1  27.00 ( 21.58)	Acc@5  68.00 ( 59.35)
[2023-03-27 00:10:03,082][new_worker_lincls][INFO] - Epoch: [5][460/500]	Time  0.027 ( 0.035)	Data  0.000 ( 0.007)	Loss 2.6238e+00 (2.5445e+00)	Acc@1  15.00 ( 21.56)	Acc@5  59.00 ( 59.36)
[2023-03-27 00:10:03,360][new_worker_lincls][INFO] - Epoch: [5][470/500]	Time  0.026 ( 0.035)	Data  0.000 ( 0.007)	Loss 2.6508e+00 (2.5451e+00)	Acc@1  16.00 ( 21.58)	Acc@5  54.00 ( 59.31)
[2023-03-27 00:10:03,636][new_worker_lincls][INFO] - Epoch: [5][480/500]	Time  0.026 ( 0.035)	Data  0.000 ( 0.006)	Loss 2.5197e+00 (2.5452e+00)	Acc@1  27.00 ( 21.62)	Acc@5  57.00 ( 59.27)
[2023-03-27 00:10:03,929][new_worker_lincls][INFO] - Epoch: [5][490/500]	Time  0.026 ( 0.035)	Data  0.000 ( 0.006)	Loss 2.3685e+00 (2.5443e+00)	Acc@1  25.00 ( 21.62)	Acc@5  66.00 ( 59.31)
[2023-03-27 00:10:06,837][new_worker_lincls][INFO] - Epoch: [6][  0/500]	Time  2.452 ( 2.452)	Data  2.416 ( 2.416)	Loss 2.5527e+00 (2.5527e+00)	Acc@1  24.00 ( 24.00)	Acc@5  54.00 ( 54.00)
[2023-03-27 00:10:07,358][new_worker_lincls][INFO] - Epoch: [6][ 10/500]	Time  0.027 ( 0.270)	Data  0.001 ( 0.240)	Loss 2.5428e+00 (2.5558e+00)	Acc@1  21.00 ( 22.09)	Acc@5  64.00 ( 58.91)
[2023-03-27 00:10:07,678][new_worker_lincls][INFO] - Epoch: [6][ 20/500]	Time  0.037 ( 0.157)	Data  0.001 ( 0.126)	Loss 2.5589e+00 (2.5442e+00)	Acc@1  20.00 ( 21.57)	Acc@5  62.00 ( 59.43)
[2023-03-27 00:10:07,994][new_worker_lincls][INFO] - Epoch: [6][ 30/500]	Time  0.026 ( 0.116)	Data  0.001 ( 0.086)	Loss 2.3811e+00 (2.5241e+00)	Acc@1  29.00 ( 22.71)	Acc@5  66.00 ( 59.55)
[2023-03-27 00:10:08,321][new_worker_lincls][INFO] - Epoch: [6][ 40/500]	Time  0.027 ( 0.096)	Data  0.001 ( 0.065)	Loss 2.5999e+00 (2.5430e+00)	Acc@1  20.00 ( 21.88)	Acc@5  56.00 ( 59.15)
[2023-03-27 00:10:08,632][new_worker_lincls][INFO] - Epoch: [6][ 50/500]	Time  0.027 ( 0.083)	Data  0.001 ( 0.053)	Loss 2.5843e+00 (2.5429e+00)	Acc@1  18.00 ( 21.65)	Acc@5  55.00 ( 59.53)
[2023-03-27 00:10:08,941][new_worker_lincls][INFO] - Epoch: [6][ 60/500]	Time  0.032 ( 0.075)	Data  0.001 ( 0.044)	Loss 2.7191e+00 (2.5474e+00)	Acc@1  20.00 ( 21.82)	Acc@5  57.00 ( 59.21)
[2023-03-27 00:10:09,273][new_worker_lincls][INFO] - Epoch: [6][ 70/500]	Time  0.036 ( 0.069)	Data  0.001 ( 0.038)	Loss 2.6252e+00 (2.5438e+00)	Acc@1  19.00 ( 22.34)	Acc@5  56.00 ( 59.32)
[2023-03-27 00:10:09,594][new_worker_lincls][INFO] - Epoch: [6][ 80/500]	Time  0.026 ( 0.064)	Data  0.000 ( 0.034)	Loss 2.3321e+00 (2.5355e+00)	Acc@1  27.00 ( 22.62)	Acc@5  66.00 ( 59.62)
[2023-03-27 00:10:09,925][new_worker_lincls][INFO] - Epoch: [6][ 90/500]	Time  0.027 ( 0.061)	Data  0.001 ( 0.030)	Loss 2.5616e+00 (2.5371e+00)	Acc@1  23.00 ( 22.44)	Acc@5  51.00 ( 59.41)
[2023-03-27 00:10:10,201][new_worker_lincls][INFO] - Epoch: [6][100/500]	Time  0.028 ( 0.058)	Data  0.001 ( 0.027)	Loss 2.5298e+00 (2.5372e+00)	Acc@1  19.00 ( 22.48)	Acc@5  59.00 ( 59.36)
[2023-03-27 00:10:10,485][new_worker_lincls][INFO] - Epoch: [6][110/500]	Time  0.027 ( 0.055)	Data  0.001 ( 0.025)	Loss 2.4575e+00 (2.5370e+00)	Acc@1  15.00 ( 22.50)	Acc@5  65.00 ( 59.29)
[2023-03-27 00:10:10,769][new_worker_lincls][INFO] - Epoch: [6][120/500]	Time  0.026 ( 0.053)	Data  0.001 ( 0.023)	Loss 2.5376e+00 (2.5410e+00)	Acc@1  25.00 ( 22.46)	Acc@5  56.00 ( 58.95)
[2023-03-27 00:10:11,063][new_worker_lincls][INFO] - Epoch: [6][130/500]	Time  0.031 ( 0.051)	Data  0.001 ( 0.021)	Loss 2.3299e+00 (2.5390e+00)	Acc@1  31.00 ( 22.40)	Acc@5  71.00 ( 59.17)
[2023-03-27 00:10:11,398][new_worker_lincls][INFO] - Epoch: [6][140/500]	Time  0.037 ( 0.050)	Data  0.001 ( 0.020)	Loss 2.4664e+00 (2.5382e+00)	Acc@1  22.00 ( 22.48)	Acc@5  64.00 ( 59.24)
[2023-03-27 00:10:11,683][new_worker_lincls][INFO] - Epoch: [6][150/500]	Time  0.027 ( 0.048)	Data  0.001 ( 0.018)	Loss 2.5705e+00 (2.5394e+00)	Acc@1  24.00 ( 22.40)	Acc@5  59.00 ( 59.17)
[2023-03-27 00:10:11,963][new_worker_lincls][INFO] - Epoch: [6][160/500]	Time  0.026 ( 0.047)	Data  0.001 ( 0.017)	Loss 2.7415e+00 (2.5386e+00)	Acc@1  21.00 ( 22.40)	Acc@5  51.00 ( 59.19)
[2023-03-27 00:10:12,272][new_worker_lincls][INFO] - Epoch: [6][170/500]	Time  0.031 ( 0.046)	Data  0.001 ( 0.016)	Loss 2.5190e+00 (2.5386e+00)	Acc@1  22.00 ( 22.29)	Acc@5  60.00 ( 59.25)
[2023-03-27 00:10:12,576][new_worker_lincls][INFO] - Epoch: [6][180/500]	Time  0.029 ( 0.045)	Data  0.001 ( 0.016)	Loss 2.5048e+00 (2.5414e+00)	Acc@1  20.00 ( 22.12)	Acc@5  61.00 ( 59.23)
[2023-03-27 00:10:12,861][new_worker_lincls][INFO] - Epoch: [6][190/500]	Time  0.027 ( 0.044)	Data  0.001 ( 0.015)	Loss 2.6520e+00 (2.5379e+00)	Acc@1  14.00 ( 22.18)	Acc@5  54.00 ( 59.32)
[2023-03-27 00:10:13,145][new_worker_lincls][INFO] - Epoch: [6][200/500]	Time  0.026 ( 0.044)	Data  0.001 ( 0.014)	Loss 2.4991e+00 (2.5353e+00)	Acc@1  22.00 ( 22.23)	Acc@5  59.00 ( 59.50)
[2023-03-27 00:10:13,434][new_worker_lincls][INFO] - Epoch: [6][210/500]	Time  0.027 ( 0.043)	Data  0.001 ( 0.013)	Loss 2.6450e+00 (2.5370e+00)	Acc@1  20.00 ( 22.25)	Acc@5  53.00 ( 59.38)
[2023-03-27 00:10:13,717][new_worker_lincls][INFO] - Epoch: [6][220/500]	Time  0.027 ( 0.042)	Data  0.001 ( 0.013)	Loss 2.5306e+00 (2.5376e+00)	Acc@1  24.00 ( 22.23)	Acc@5  60.00 ( 59.33)
[2023-03-27 00:10:14,013][new_worker_lincls][INFO] - Epoch: [6][230/500]	Time  0.026 ( 0.042)	Data  0.000 ( 0.012)	Loss 2.3745e+00 (2.5365e+00)	Acc@1  25.00 ( 22.19)	Acc@5  69.00 ( 59.41)
[2023-03-27 00:10:14,288][new_worker_lincls][INFO] - Epoch: [6][240/500]	Time  0.027 ( 0.041)	Data  0.001 ( 0.012)	Loss 2.6140e+00 (2.5359e+00)	Acc@1  21.00 ( 22.28)	Acc@5  50.00 ( 59.39)
[2023-03-27 00:10:14,573][new_worker_lincls][INFO] - Epoch: [6][250/500]	Time  0.028 ( 0.041)	Data  0.001 ( 0.011)	Loss 2.6844e+00 (2.5363e+00)	Acc@1  15.00 ( 22.24)	Acc@5  50.00 ( 59.33)
[2023-03-27 00:10:14,851][new_worker_lincls][INFO] - Epoch: [6][260/500]	Time  0.027 ( 0.040)	Data  0.001 ( 0.011)	Loss 2.5673e+00 (2.5361e+00)	Acc@1  22.00 ( 22.20)	Acc@5  61.00 ( 59.29)
[2023-03-27 00:10:15,135][new_worker_lincls][INFO] - Epoch: [6][270/500]	Time  0.027 ( 0.040)	Data  0.001 ( 0.011)	Loss 2.4126e+00 (2.5355e+00)	Acc@1  33.00 ( 22.21)	Acc@5  68.00 ( 59.35)
[2023-03-27 00:10:15,413][new_worker_lincls][INFO] - Epoch: [6][280/500]	Time  0.027 ( 0.039)	Data  0.001 ( 0.010)	Loss 2.8305e+00 (2.5364e+00)	Acc@1  22.00 ( 22.20)	Acc@5  48.00 ( 59.34)
[2023-03-27 00:10:15,686][new_worker_lincls][INFO] - Epoch: [6][290/500]	Time  0.026 ( 0.039)	Data  0.000 ( 0.010)	Loss 2.4664e+00 (2.5338e+00)	Acc@1  20.00 ( 22.27)	Acc@5  59.00 ( 59.42)
[2023-03-27 00:10:15,978][new_worker_lincls][INFO] - Epoch: [6][300/500]	Time  0.030 ( 0.039)	Data  0.001 ( 0.010)	Loss 2.7012e+00 (2.5325e+00)	Acc@1  16.00 ( 22.30)	Acc@5  54.00 ( 59.49)
[2023-03-27 00:10:16,266][new_worker_lincls][INFO] - Epoch: [6][310/500]	Time  0.027 ( 0.038)	Data  0.001 ( 0.009)	Loss 2.4635e+00 (2.5331e+00)	Acc@1  20.00 ( 22.26)	Acc@5  68.00 ( 59.50)
[2023-03-27 00:10:16,560][new_worker_lincls][INFO] - Epoch: [6][320/500]	Time  0.033 ( 0.038)	Data  0.001 ( 0.009)	Loss 2.4817e+00 (2.5341e+00)	Acc@1  22.00 ( 22.23)	Acc@5  61.00 ( 59.42)
[2023-03-27 00:10:16,842][new_worker_lincls][INFO] - Epoch: [6][330/500]	Time  0.027 ( 0.038)	Data  0.001 ( 0.009)	Loss 2.4291e+00 (2.5338e+00)	Acc@1  31.00 ( 22.29)	Acc@5  61.00 ( 59.43)
[2023-03-27 00:10:17,121][new_worker_lincls][INFO] - Epoch: [6][340/500]	Time  0.027 ( 0.037)	Data  0.001 ( 0.009)	Loss 2.4142e+00 (2.5346e+00)	Acc@1  23.00 ( 22.21)	Acc@5  65.00 ( 59.38)
[2023-03-27 00:10:17,394][new_worker_lincls][INFO] - Epoch: [6][350/500]	Time  0.028 ( 0.037)	Data  0.001 ( 0.008)	Loss 2.4847e+00 (2.5335e+00)	Acc@1  19.00 ( 22.23)	Acc@5  67.00 ( 59.46)
[2023-03-27 00:10:17,676][new_worker_lincls][INFO] - Epoch: [6][360/500]	Time  0.030 ( 0.037)	Data  0.001 ( 0.008)	Loss 2.5634e+00 (2.5340e+00)	Acc@1  26.00 ( 22.22)	Acc@5  61.00 ( 59.44)
[2023-03-27 00:10:17,972][new_worker_lincls][INFO] - Epoch: [6][370/500]	Time  0.028 ( 0.037)	Data  0.001 ( 0.008)	Loss 2.6049e+00 (2.5337e+00)	Acc@1  21.00 ( 22.19)	Acc@5  57.00 ( 59.47)
[2023-03-27 00:10:18,256][new_worker_lincls][INFO] - Epoch: [6][380/500]	Time  0.027 ( 0.036)	Data  0.001 ( 0.008)	Loss 2.4758e+00 (2.5332e+00)	Acc@1  21.00 ( 22.19)	Acc@5  62.00 ( 59.51)
[2023-03-27 00:10:18,531][new_worker_lincls][INFO] - Epoch: [6][390/500]	Time  0.027 ( 0.036)	Data  0.001 ( 0.008)	Loss 2.5187e+00 (2.5338e+00)	Acc@1  27.00 ( 22.18)	Acc@5  59.00 ( 59.47)
[2023-03-27 00:10:18,811][new_worker_lincls][INFO] - Epoch: [6][400/500]	Time  0.027 ( 0.036)	Data  0.001 ( 0.007)	Loss 2.4005e+00 (2.5330e+00)	Acc@1  29.00 ( 22.19)	Acc@5  61.00 ( 59.44)
[2023-03-27 00:10:19,087][new_worker_lincls][INFO] - Epoch: [6][410/500]	Time  0.027 ( 0.036)	Data  0.001 ( 0.007)	Loss 2.6772e+00 (2.5331e+00)	Acc@1  24.00 ( 22.24)	Acc@5  53.00 ( 59.48)
[2023-03-27 00:10:19,420][new_worker_lincls][INFO] - Epoch: [6][420/500]	Time  0.045 ( 0.036)	Data  0.009 ( 0.007)	Loss 2.4893e+00 (2.5327e+00)	Acc@1  21.00 ( 22.25)	Acc@5  60.00 ( 59.48)
[2023-03-27 00:10:19,697][new_worker_lincls][INFO] - Epoch: [6][430/500]	Time  0.027 ( 0.036)	Data  0.000 ( 0.007)	Loss 2.5942e+00 (2.5328e+00)	Acc@1  19.00 ( 22.23)	Acc@5  56.00 ( 59.50)
[2023-03-27 00:10:19,963][new_worker_lincls][INFO] - Epoch: [6][440/500]	Time  0.026 ( 0.035)	Data  0.000 ( 0.007)	Loss 2.5998e+00 (2.5329e+00)	Acc@1  21.00 ( 22.24)	Acc@5  63.00 ( 59.54)
[2023-03-27 00:10:20,229][new_worker_lincls][INFO] - Epoch: [6][450/500]	Time  0.027 ( 0.035)	Data  0.001 ( 0.007)	Loss 2.5883e+00 (2.5333e+00)	Acc@1  18.00 ( 22.25)	Acc@5  58.00 ( 59.55)
[2023-03-27 00:10:20,497][new_worker_lincls][INFO] - Epoch: [6][460/500]	Time  0.027 ( 0.035)	Data  0.000 ( 0.007)	Loss 2.6112e+00 (2.5335e+00)	Acc@1  23.00 ( 22.24)	Acc@5  49.00 ( 59.53)
[2023-03-27 00:10:20,792][new_worker_lincls][INFO] - Epoch: [6][470/500]	Time  0.028 ( 0.035)	Data  0.000 ( 0.006)	Loss 2.4337e+00 (2.5322e+00)	Acc@1  23.00 ( 22.29)	Acc@5  63.00 ( 59.59)
[2023-03-27 00:10:21,093][new_worker_lincls][INFO] - Epoch: [6][480/500]	Time  0.026 ( 0.035)	Data  0.000 ( 0.006)	Loss 2.4748e+00 (2.5323e+00)	Acc@1  25.00 ( 22.26)	Acc@5  67.00 ( 59.59)
[2023-03-27 00:10:21,369][new_worker_lincls][INFO] - Epoch: [6][490/500]	Time  0.034 ( 0.035)	Data  0.001 ( 0.006)	Loss 2.4556e+00 (2.5314e+00)	Acc@1  26.00 ( 22.29)	Acc@5  62.00 ( 59.63)
[2023-03-27 00:10:24,665][new_worker_lincls][INFO] - Epoch: [7][  0/500]	Time  2.844 ( 2.844)	Data  2.812 ( 2.812)	Loss 2.5322e+00 (2.5322e+00)	Acc@1  30.00 ( 30.00)	Acc@5  60.00 ( 60.00)
[2023-03-27 00:10:25,032][new_worker_lincls][INFO] - Epoch: [7][ 10/500]	Time  0.028 ( 0.292)	Data  0.000 ( 0.262)	Loss 2.5192e+00 (2.5691e+00)	Acc@1  19.00 ( 22.64)	Acc@5  61.00 ( 56.45)
[2023-03-27 00:10:25,333][new_worker_lincls][INFO] - Epoch: [7][ 20/500]	Time  0.034 ( 0.167)	Data  0.001 ( 0.138)	Loss 2.6349e+00 (2.5376e+00)	Acc@1  21.00 ( 22.71)	Acc@5  52.00 ( 59.14)
[2023-03-27 00:10:25,674][new_worker_lincls][INFO] - Epoch: [7][ 30/500]	Time  0.035 ( 0.124)	Data  0.001 ( 0.094)	Loss 2.6808e+00 (2.5266e+00)	Acc@1  17.00 ( 22.55)	Acc@5  51.00 ( 59.90)
[2023-03-27 00:10:26,018][new_worker_lincls][INFO] - Epoch: [7][ 40/500]	Time  0.035 ( 0.102)	Data  0.001 ( 0.071)	Loss 2.4021e+00 (2.5298e+00)	Acc@1  24.00 ( 22.59)	Acc@5  66.00 ( 59.78)
[2023-03-27 00:10:26,351][new_worker_lincls][INFO] - Epoch: [7][ 50/500]	Time  0.026 ( 0.089)	Data  0.001 ( 0.057)	Loss 2.5578e+00 (2.5373e+00)	Acc@1  22.00 ( 22.31)	Acc@5  58.00 ( 59.53)
[2023-03-27 00:10:26,657][new_worker_lincls][INFO] - Epoch: [7][ 60/500]	Time  0.027 ( 0.079)	Data  0.001 ( 0.048)	Loss 2.4255e+00 (2.5429e+00)	Acc@1  23.00 ( 22.20)	Acc@5  65.00 ( 59.10)
[2023-03-27 00:10:26,931][new_worker_lincls][INFO] - Epoch: [7][ 70/500]	Time  0.028 ( 0.072)	Data  0.001 ( 0.041)	Loss 2.5324e+00 (2.5377e+00)	Acc@1  18.00 ( 22.13)	Acc@5  61.00 ( 59.34)
[2023-03-27 00:10:27,206][new_worker_lincls][INFO] - Epoch: [7][ 80/500]	Time  0.027 ( 0.066)	Data  0.001 ( 0.036)	Loss 2.6108e+00 (2.5306e+00)	Acc@1  16.00 ( 22.30)	Acc@5  57.00 ( 59.41)
[2023-03-27 00:10:27,498][new_worker_lincls][INFO] - Epoch: [7][ 90/500]	Time  0.035 ( 0.062)	Data  0.001 ( 0.033)	Loss 2.3579e+00 (2.5312e+00)	Acc@1  28.00 ( 22.45)	Acc@5  66.00 ( 59.43)
[2023-03-27 00:10:27,776][new_worker_lincls][INFO] - Epoch: [7][100/500]	Time  0.027 ( 0.059)	Data  0.001 ( 0.029)	Loss 2.5804e+00 (2.5326e+00)	Acc@1  18.00 ( 22.24)	Acc@5  56.00 ( 59.37)
[2023-03-27 00:10:28,071][new_worker_lincls][INFO] - Epoch: [7][110/500]	Time  0.027 ( 0.056)	Data  0.001 ( 0.027)	Loss 2.4070e+00 (2.5314e+00)	Acc@1  20.00 ( 22.24)	Acc@5  68.00 ( 59.62)
[2023-03-27 00:10:28,347][new_worker_lincls][INFO] - Epoch: [7][120/500]	Time  0.027 ( 0.054)	Data  0.001 ( 0.025)	Loss 2.5508e+00 (2.5255e+00)	Acc@1  20.00 ( 22.43)	Acc@5  59.00 ( 59.91)
[2023-03-27 00:10:28,627][new_worker_lincls][INFO] - Epoch: [7][130/500]	Time  0.027 ( 0.052)	Data  0.001 ( 0.023)	Loss 2.4413e+00 (2.5240e+00)	Acc@1  29.00 ( 22.50)	Acc@5  64.00 ( 59.89)
[2023-03-27 00:10:28,919][new_worker_lincls][INFO] - Epoch: [7][140/500]	Time  0.028 ( 0.050)	Data  0.001 ( 0.021)	Loss 2.3964e+00 (2.5206e+00)	Acc@1  23.00 ( 22.69)	Acc@5  70.00 ( 60.14)
[2023-03-27 00:10:29,195][new_worker_lincls][INFO] - Epoch: [7][150/500]	Time  0.028 ( 0.049)	Data  0.001 ( 0.020)	Loss 2.6536e+00 (2.5201e+00)	Acc@1  19.00 ( 22.74)	Acc@5  60.00 ( 60.20)
[2023-03-27 00:10:29,483][new_worker_lincls][INFO] - Epoch: [7][160/500]	Time  0.027 ( 0.048)	Data  0.001 ( 0.019)	Loss 2.4984e+00 (2.5187e+00)	Acc@1  20.00 ( 22.76)	Acc@5  54.00 ( 60.12)
[2023-03-27 00:10:29,768][new_worker_lincls][INFO] - Epoch: [7][170/500]	Time  0.032 ( 0.046)	Data  0.001 ( 0.018)	Loss 2.4873e+00 (2.5211e+00)	Acc@1  20.00 ( 22.77)	Acc@5  65.00 ( 60.10)
[2023-03-27 00:10:30,082][new_worker_lincls][INFO] - Epoch: [7][180/500]	Time  0.030 ( 0.046)	Data  0.001 ( 0.017)	Loss 2.5473e+00 (2.5194e+00)	Acc@1  19.00 ( 22.76)	Acc@5  63.00 ( 60.18)
[2023-03-27 00:10:30,392][new_worker_lincls][INFO] - Epoch: [7][190/500]	Time  0.030 ( 0.045)	Data  0.001 ( 0.016)	Loss 2.4600e+00 (2.5184e+00)	Acc@1  12.00 ( 22.76)	Acc@5  69.00 ( 60.23)
[2023-03-27 00:10:30,665][new_worker_lincls][INFO] - Epoch: [7][200/500]	Time  0.027 ( 0.044)	Data  0.001 ( 0.015)	Loss 2.5622e+00 (2.5192e+00)	Acc@1  21.00 ( 22.77)	Acc@5  61.00 ( 60.12)
[2023-03-27 00:10:30,945][new_worker_lincls][INFO] - Epoch: [7][210/500]	Time  0.027 ( 0.043)	Data  0.001 ( 0.014)	Loss 2.6069e+00 (2.5190e+00)	Acc@1  19.00 ( 22.77)	Acc@5  58.00 ( 60.20)
[2023-03-27 00:10:31,266][new_worker_lincls][INFO] - Epoch: [7][220/500]	Time  0.027 ( 0.043)	Data  0.001 ( 0.014)	Loss 2.3693e+00 (2.5191e+00)	Acc@1  24.00 ( 22.74)	Acc@5  66.00 ( 60.25)
[2023-03-27 00:10:31,545][new_worker_lincls][INFO] - Epoch: [7][230/500]	Time  0.027 ( 0.042)	Data  0.001 ( 0.013)	Loss 2.4776e+00 (2.5208e+00)	Acc@1  26.00 ( 22.73)	Acc@5  64.00 ( 60.17)
[2023-03-27 00:10:31,855][new_worker_lincls][INFO] - Epoch: [7][240/500]	Time  0.033 ( 0.042)	Data  0.001 ( 0.013)	Loss 2.4711e+00 (2.5206e+00)	Acc@1  23.00 ( 22.76)	Acc@5  65.00 ( 60.20)
[2023-03-27 00:10:32,165][new_worker_lincls][INFO] - Epoch: [7][250/500]	Time  0.031 ( 0.041)	Data  0.001 ( 0.012)	Loss 2.5706e+00 (2.5227e+00)	Acc@1  19.00 ( 22.71)	Acc@5  59.00 ( 60.07)
[2023-03-27 00:10:32,459][new_worker_lincls][INFO] - Epoch: [7][260/500]	Time  0.030 ( 0.041)	Data  0.000 ( 0.012)	Loss 2.4115e+00 (2.5219e+00)	Acc@1  33.00 ( 22.73)	Acc@5  66.00 ( 60.09)
[2023-03-27 00:10:32,733][new_worker_lincls][INFO] - Epoch: [7][270/500]	Time  0.027 ( 0.040)	Data  0.001 ( 0.011)	Loss 2.3760e+00 (2.5219e+00)	Acc@1  29.00 ( 22.77)	Acc@5  64.00 ( 60.03)
[2023-03-27 00:10:33,020][new_worker_lincls][INFO] - Epoch: [7][280/500]	Time  0.027 ( 0.040)	Data  0.001 ( 0.011)	Loss 2.5601e+00 (2.5202e+00)	Acc@1  18.00 ( 22.81)	Acc@5  56.00 ( 60.09)
[2023-03-27 00:10:33,297][new_worker_lincls][INFO] - Epoch: [7][290/500]	Time  0.031 ( 0.039)	Data  0.001 ( 0.011)	Loss 2.4816e+00 (2.5204e+00)	Acc@1  21.00 ( 22.77)	Acc@5  60.00 ( 60.14)
[2023-03-27 00:10:33,586][new_worker_lincls][INFO] - Epoch: [7][300/500]	Time  0.027 ( 0.039)	Data  0.001 ( 0.010)	Loss 2.4892e+00 (2.5204e+00)	Acc@1  25.00 ( 22.78)	Acc@5  62.00 ( 60.10)
[2023-03-27 00:10:33,872][new_worker_lincls][INFO] - Epoch: [7][310/500]	Time  0.027 ( 0.039)	Data  0.001 ( 0.010)	Loss 2.4571e+00 (2.5195e+00)	Acc@1  26.00 ( 22.82)	Acc@5  67.00 ( 60.17)
[2023-03-27 00:10:34,144][new_worker_lincls][INFO] - Epoch: [7][320/500]	Time  0.027 ( 0.038)	Data  0.001 ( 0.010)	Loss 2.4375e+00 (2.5177e+00)	Acc@1  31.00 ( 22.88)	Acc@5  59.00 ( 60.20)
[2023-03-27 00:10:34,442][new_worker_lincls][INFO] - Epoch: [7][330/500]	Time  0.035 ( 0.038)	Data  0.001 ( 0.010)	Loss 2.4620e+00 (2.5154e+00)	Acc@1  25.00 ( 22.96)	Acc@5  65.00 ( 60.33)
[2023-03-27 00:10:34,724][new_worker_lincls][INFO] - Epoch: [7][340/500]	Time  0.034 ( 0.038)	Data  0.001 ( 0.009)	Loss 2.5693e+00 (2.5149e+00)	Acc@1  18.00 ( 22.91)	Acc@5  55.00 ( 60.32)
[2023-03-27 00:10:34,996][new_worker_lincls][INFO] - Epoch: [7][350/500]	Time  0.027 ( 0.038)	Data  0.001 ( 0.009)	Loss 2.4960e+00 (2.5159e+00)	Acc@1  18.00 ( 22.90)	Acc@5  65.00 ( 60.28)
[2023-03-27 00:10:35,326][new_worker_lincls][INFO] - Epoch: [7][360/500]	Time  0.026 ( 0.037)	Data  0.001 ( 0.009)	Loss 2.4674e+00 (2.5162e+00)	Acc@1  21.00 ( 22.88)	Acc@5  62.00 ( 60.28)
[2023-03-27 00:10:35,619][new_worker_lincls][INFO] - Epoch: [7][370/500]	Time  0.028 ( 0.037)	Data  0.001 ( 0.009)	Loss 2.5763e+00 (2.5157e+00)	Acc@1  19.00 ( 22.88)	Acc@5  59.00 ( 60.31)
[2023-03-27 00:10:35,910][new_worker_lincls][INFO] - Epoch: [7][380/500]	Time  0.041 ( 0.037)	Data  0.001 ( 0.008)	Loss 2.4577e+00 (2.5159e+00)	Acc@1  25.00 ( 22.84)	Acc@5  62.00 ( 60.27)
[2023-03-27 00:10:36,203][new_worker_lincls][INFO] - Epoch: [7][390/500]	Time  0.027 ( 0.037)	Data  0.001 ( 0.008)	Loss 2.4624e+00 (2.5163e+00)	Acc@1  25.00 ( 22.82)	Acc@5  64.00 ( 60.26)
[2023-03-27 00:10:36,479][new_worker_lincls][INFO] - Epoch: [7][400/500]	Time  0.027 ( 0.037)	Data  0.000 ( 0.008)	Loss 2.4488e+00 (2.5164e+00)	Acc@1  23.00 ( 22.82)	Acc@5  57.00 ( 60.24)
[2023-03-27 00:10:36,788][new_worker_lincls][INFO] - Epoch: [7][410/500]	Time  0.036 ( 0.036)	Data  0.001 ( 0.008)	Loss 2.6461e+00 (2.5161e+00)	Acc@1  20.00 ( 22.80)	Acc@5  61.00 ( 60.26)
[2023-03-27 00:10:37,067][new_worker_lincls][INFO] - Epoch: [7][420/500]	Time  0.030 ( 0.036)	Data  0.003 ( 0.008)	Loss 2.5123e+00 (2.5156e+00)	Acc@1  25.00 ( 22.82)	Acc@5  59.00 ( 60.25)
[2023-03-27 00:10:37,334][new_worker_lincls][INFO] - Epoch: [7][430/500]	Time  0.027 ( 0.036)	Data  0.001 ( 0.008)	Loss 2.4761e+00 (2.5158e+00)	Acc@1  20.00 ( 22.81)	Acc@5  65.00 ( 60.28)
[2023-03-27 00:10:37,631][new_worker_lincls][INFO] - Epoch: [7][440/500]	Time  0.027 ( 0.036)	Data  0.001 ( 0.007)	Loss 2.7082e+00 (2.5157e+00)	Acc@1  17.00 ( 22.80)	Acc@5  53.00 ( 60.27)
[2023-03-27 00:10:37,912][new_worker_lincls][INFO] - Epoch: [7][450/500]	Time  0.028 ( 0.036)	Data  0.000 ( 0.007)	Loss 2.5824e+00 (2.5152e+00)	Acc@1  26.00 ( 22.87)	Acc@5  63.00 ( 60.28)
[2023-03-27 00:10:38,184][new_worker_lincls][INFO] - Epoch: [7][460/500]	Time  0.031 ( 0.035)	Data  0.001 ( 0.007)	Loss 2.5634e+00 (2.5149e+00)	Acc@1  26.00 ( 22.91)	Acc@5  62.00 ( 60.32)
[2023-03-27 00:10:38,465][new_worker_lincls][INFO] - Epoch: [7][470/500]	Time  0.027 ( 0.035)	Data  0.001 ( 0.007)	Loss 2.5912e+00 (2.5151e+00)	Acc@1  25.00 ( 22.93)	Acc@5  61.00 ( 60.32)
[2023-03-27 00:10:38,745][new_worker_lincls][INFO] - Epoch: [7][480/500]	Time  0.027 ( 0.035)	Data  0.001 ( 0.007)	Loss 2.4674e+00 (2.5158e+00)	Acc@1  25.00 ( 22.90)	Acc@5  54.00 ( 60.26)
[2023-03-27 00:10:39,030][new_worker_lincls][INFO] - Epoch: [7][490/500]	Time  0.027 ( 0.035)	Data  0.001 ( 0.007)	Loss 2.5469e+00 (2.5164e+00)	Acc@1  18.00 ( 22.83)	Acc@5  60.00 ( 60.24)
[2023-03-27 00:10:42,220][new_worker_lincls][INFO] - Epoch: [8][  0/500]	Time  2.757 ( 2.757)	Data  2.724 ( 2.724)	Loss 2.4377e+00 (2.4377e+00)	Acc@1  33.00 ( 33.00)	Acc@5  64.00 ( 64.00)
[2023-03-27 00:10:42,538][new_worker_lincls][INFO] - Epoch: [8][ 10/500]	Time  0.030 ( 0.280)	Data  0.001 ( 0.248)	Loss 2.6089e+00 (2.4724e+00)	Acc@1  25.00 ( 23.55)	Acc@5  55.00 ( 61.27)
[2023-03-27 00:10:42,872][new_worker_lincls][INFO] - Epoch: [8][ 20/500]	Time  0.035 ( 0.162)	Data  0.001 ( 0.130)	Loss 2.6332e+00 (2.4873e+00)	Acc@1  23.00 ( 23.05)	Acc@5  61.00 ( 61.57)
[2023-03-27 00:10:43,189][new_worker_lincls][INFO] - Epoch: [8][ 30/500]	Time  0.027 ( 0.120)	Data  0.001 ( 0.089)	Loss 2.6682e+00 (2.4959e+00)	Acc@1  24.00 ( 23.81)	Acc@5  62.00 ( 61.84)
[2023-03-27 00:10:43,512][new_worker_lincls][INFO] - Epoch: [8][ 40/500]	Time  0.033 ( 0.099)	Data  0.001 ( 0.067)	Loss 2.4940e+00 (2.4920e+00)	Acc@1  19.00 ( 23.83)	Acc@5  59.00 ( 61.95)
[2023-03-27 00:10:43,809][new_worker_lincls][INFO] - Epoch: [8][ 50/500]	Time  0.033 ( 0.085)	Data  0.001 ( 0.054)	Loss 2.5639e+00 (2.4948e+00)	Acc@1  21.00 ( 23.84)	Acc@5  55.00 ( 61.67)
[2023-03-27 00:10:44,114][new_worker_lincls][INFO] - Epoch: [8][ 60/500]	Time  0.027 ( 0.076)	Data  0.001 ( 0.046)	Loss 2.5097e+00 (2.4979e+00)	Acc@1  24.00 ( 24.00)	Acc@5  62.00 ( 61.26)
[2023-03-27 00:10:44,417][new_worker_lincls][INFO] - Epoch: [8][ 70/500]	Time  0.037 ( 0.070)	Data  0.001 ( 0.039)	Loss 2.4429e+00 (2.5031e+00)	Acc@1  28.00 ( 23.87)	Acc@5  57.00 ( 61.03)
[2023-03-27 00:10:44,689][new_worker_lincls][INFO] - Epoch: [8][ 80/500]	Time  0.027 ( 0.065)	Data  0.001 ( 0.035)	Loss 2.4580e+00 (2.4995e+00)	Acc@1  33.00 ( 23.95)	Acc@5  62.00 ( 61.19)
[2023-03-27 00:10:44,976][new_worker_lincls][INFO] - Epoch: [8][ 90/500]	Time  0.027 ( 0.061)	Data  0.001 ( 0.031)	Loss 2.5738e+00 (2.5021e+00)	Acc@1  21.00 ( 23.89)	Acc@5  54.00 ( 60.92)
[2023-03-27 00:10:45,281][new_worker_lincls][INFO] - Epoch: [8][100/500]	Time  0.027 ( 0.058)	Data  0.001 ( 0.028)	Loss 2.4872e+00 (2.5015e+00)	Acc@1  28.00 ( 23.84)	Acc@5  63.00 ( 61.02)
[2023-03-27 00:10:45,578][new_worker_lincls][INFO] - Epoch: [8][110/500]	Time  0.035 ( 0.055)	Data  0.001 ( 0.025)	Loss 2.5285e+00 (2.4997e+00)	Acc@1  24.00 ( 23.64)	Acc@5  57.00 ( 61.12)
[2023-03-27 00:10:45,859][new_worker_lincls][INFO] - Epoch: [8][120/500]	Time  0.027 ( 0.053)	Data  0.001 ( 0.023)	Loss 2.5239e+00 (2.5033e+00)	Acc@1  23.00 ( 23.43)	Acc@5  59.00 ( 61.05)
[2023-03-27 00:10:46,176][new_worker_lincls][INFO] - Epoch: [8][130/500]	Time  0.028 ( 0.051)	Data  0.001 ( 0.022)	Loss 2.5767e+00 (2.5074e+00)	Acc@1  18.00 ( 23.19)	Acc@5  55.00 ( 60.79)
[2023-03-27 00:10:46,469][new_worker_lincls][INFO] - Epoch: [8][140/500]	Time  0.028 ( 0.050)	Data  0.001 ( 0.020)	Loss 2.5826e+00 (2.5100e+00)	Acc@1  24.00 ( 23.10)	Acc@5  59.00 ( 60.73)
[2023-03-27 00:10:46,773][new_worker_lincls][INFO] - Epoch: [8][150/500]	Time  0.027 ( 0.048)	Data  0.001 ( 0.019)	Loss 2.5371e+00 (2.5114e+00)	Acc@1  20.00 ( 22.99)	Acc@5  56.00 ( 60.75)
[2023-03-27 00:10:47,051][new_worker_lincls][INFO] - Epoch: [8][160/500]	Time  0.027 ( 0.047)	Data  0.001 ( 0.018)	Loss 2.5096e+00 (2.5103e+00)	Acc@1  23.00 ( 23.12)	Acc@5  63.00 ( 60.80)
[2023-03-27 00:10:47,359][new_worker_lincls][INFO] - Epoch: [8][170/500]	Time  0.032 ( 0.046)	Data  0.001 ( 0.017)	Loss 2.3775e+00 (2.5094e+00)	Acc@1  25.00 ( 23.17)	Acc@5  66.00 ( 60.75)
[2023-03-27 00:10:47,656][new_worker_lincls][INFO] - Epoch: [8][180/500]	Time  0.037 ( 0.045)	Data  0.001 ( 0.016)	Loss 2.4278e+00 (2.5078e+00)	Acc@1  25.00 ( 23.16)	Acc@5  60.00 ( 60.72)
[2023-03-27 00:10:47,939][new_worker_lincls][INFO] - Epoch: [8][190/500]	Time  0.028 ( 0.044)	Data  0.001 ( 0.015)	Loss 2.5650e+00 (2.5085e+00)	Acc@1  15.00 ( 23.08)	Acc@5  53.00 ( 60.62)
[2023-03-27 00:10:48,229][new_worker_lincls][INFO] - Epoch: [8][200/500]	Time  0.027 ( 0.044)	Data  0.001 ( 0.014)	Loss 2.7212e+00 (2.5091e+00)	Acc@1  24.00 ( 23.05)	Acc@5  59.00 ( 60.63)
[2023-03-27 00:10:48,510][new_worker_lincls][INFO] - Epoch: [8][210/500]	Time  0.027 ( 0.043)	Data  0.001 ( 0.014)	Loss 2.6148e+00 (2.5082e+00)	Acc@1  18.00 ( 23.03)	Acc@5  59.00 ( 60.63)
[2023-03-27 00:10:48,799][new_worker_lincls][INFO] - Epoch: [8][220/500]	Time  0.027 ( 0.042)	Data  0.001 ( 0.013)	Loss 2.6310e+00 (2.5098e+00)	Acc@1  15.00 ( 22.97)	Acc@5  54.00 ( 60.52)
[2023-03-27 00:10:49,083][new_worker_lincls][INFO] - Epoch: [8][230/500]	Time  0.031 ( 0.042)	Data  0.001 ( 0.013)	Loss 2.4713e+00 (2.5085e+00)	Acc@1  22.00 ( 22.96)	Acc@5  66.00 ( 60.62)
[2023-03-27 00:10:49,437][new_worker_lincls][INFO] - Epoch: [8][240/500]	Time  0.035 ( 0.041)	Data  0.001 ( 0.012)	Loss 2.4787e+00 (2.5070e+00)	Acc@1  24.00 ( 22.98)	Acc@5  62.00 ( 60.63)
[2023-03-27 00:10:49,735][new_worker_lincls][INFO] - Epoch: [8][250/500]	Time  0.027 ( 0.041)	Data  0.000 ( 0.012)	Loss 2.6614e+00 (2.5091e+00)	Acc@1  24.00 ( 22.91)	Acc@5  51.00 ( 60.55)
[2023-03-27 00:10:50,035][new_worker_lincls][INFO] - Epoch: [8][260/500]	Time  0.027 ( 0.041)	Data  0.001 ( 0.012)	Loss 2.4626e+00 (2.5100e+00)	Acc@1  22.00 ( 22.89)	Acc@5  62.00 ( 60.56)
[2023-03-27 00:10:50,316][new_worker_lincls][INFO] - Epoch: [8][270/500]	Time  0.032 ( 0.040)	Data  0.001 ( 0.011)	Loss 2.4748e+00 (2.5084e+00)	Acc@1  26.00 ( 22.98)	Acc@5  70.00 ( 60.63)
[2023-03-27 00:10:50,589][new_worker_lincls][INFO] - Epoch: [8][280/500]	Time  0.027 ( 0.040)	Data  0.001 ( 0.011)	Loss 2.5623e+00 (2.5082e+00)	Acc@1  20.00 ( 23.06)	Acc@5  65.00 ( 60.70)
[2023-03-27 00:10:50,857][new_worker_lincls][INFO] - Epoch: [8][290/500]	Time  0.027 ( 0.039)	Data  0.000 ( 0.010)	Loss 2.3503e+00 (2.5084e+00)	Acc@1  29.00 ( 23.03)	Acc@5  70.00 ( 60.69)
[2023-03-27 00:10:51,136][new_worker_lincls][INFO] - Epoch: [8][300/500]	Time  0.027 ( 0.039)	Data  0.001 ( 0.010)	Loss 2.5752e+00 (2.5094e+00)	Acc@1  28.00 ( 23.02)	Acc@5  56.00 ( 60.65)
[2023-03-27 00:10:51,415][new_worker_lincls][INFO] - Epoch: [8][310/500]	Time  0.028 ( 0.038)	Data  0.001 ( 0.010)	Loss 2.4351e+00 (2.5097e+00)	Acc@1  25.00 ( 23.05)	Acc@5  64.00 ( 60.59)
[2023-03-27 00:10:51,689][new_worker_lincls][INFO] - Epoch: [8][320/500]	Time  0.027 ( 0.038)	Data  0.001 ( 0.010)	Loss 2.5279e+00 (2.5103e+00)	Acc@1  24.00 ( 22.98)	Acc@5  59.00 ( 60.60)
[2023-03-27 00:10:51,959][new_worker_lincls][INFO] - Epoch: [8][330/500]	Time  0.027 ( 0.038)	Data  0.000 ( 0.009)	Loss 2.4927e+00 (2.5110e+00)	Acc@1  24.00 ( 23.00)	Acc@5  62.00 ( 60.60)
[2023-03-27 00:10:52,281][new_worker_lincls][INFO] - Epoch: [8][340/500]	Time  0.029 ( 0.038)	Data  0.001 ( 0.009)	Loss 2.5963e+00 (2.5114e+00)	Acc@1  25.00 ( 23.01)	Acc@5  57.00 ( 60.56)
[2023-03-27 00:10:52,587][new_worker_lincls][INFO] - Epoch: [8][350/500]	Time  0.027 ( 0.037)	Data  0.001 ( 0.009)	Loss 2.6522e+00 (2.5125e+00)	Acc@1  15.00 ( 22.99)	Acc@5  57.00 ( 60.51)
[2023-03-27 00:10:52,925][new_worker_lincls][INFO] - Epoch: [8][360/500]	Time  0.036 ( 0.037)	Data  0.001 ( 0.009)	Loss 2.5359e+00 (2.5133e+00)	Acc@1  22.00 ( 22.98)	Acc@5  61.00 ( 60.50)
[2023-03-27 00:10:53,198][new_worker_lincls][INFO] - Epoch: [8][370/500]	Time  0.026 ( 0.037)	Data  0.000 ( 0.008)	Loss 2.4984e+00 (2.5128e+00)	Acc@1  23.00 ( 23.08)	Acc@5  59.00 ( 60.58)
[2023-03-27 00:10:53,499][new_worker_lincls][INFO] - Epoch: [8][380/500]	Time  0.028 ( 0.037)	Data  0.001 ( 0.008)	Loss 2.6298e+00 (2.5130e+00)	Acc@1  15.00 ( 23.09)	Acc@5  62.00 ( 60.59)
[2023-03-27 00:10:53,793][new_worker_lincls][INFO] - Epoch: [8][390/500]	Time  0.027 ( 0.037)	Data  0.001 ( 0.008)	Loss 2.5810e+00 (2.5131e+00)	Acc@1  21.00 ( 23.09)	Acc@5  58.00 ( 60.58)
[2023-03-27 00:10:54,107][new_worker_lincls][INFO] - Epoch: [8][400/500]	Time  0.027 ( 0.037)	Data  0.001 ( 0.008)	Loss 2.3598e+00 (2.5113e+00)	Acc@1  27.00 ( 23.15)	Acc@5  64.00 ( 60.60)
[2023-03-27 00:10:54,409][new_worker_lincls][INFO] - Epoch: [8][410/500]	Time  0.028 ( 0.036)	Data  0.001 ( 0.008)	Loss 2.6469e+00 (2.5114e+00)	Acc@1  18.00 ( 23.16)	Acc@5  54.00 ( 60.59)
[2023-03-27 00:10:54,715][new_worker_lincls][INFO] - Epoch: [8][420/500]	Time  0.029 ( 0.036)	Data  0.002 ( 0.007)	Loss 2.4141e+00 (2.5115e+00)	Acc@1  27.00 ( 23.16)	Acc@5  71.00 ( 60.58)
[2023-03-27 00:10:54,979][new_worker_lincls][INFO] - Epoch: [8][430/500]	Time  0.026 ( 0.036)	Data  0.000 ( 0.007)	Loss 2.4750e+00 (2.5109e+00)	Acc@1  24.00 ( 23.15)	Acc@5  61.00 ( 60.59)
[2023-03-27 00:10:55,243][new_worker_lincls][INFO] - Epoch: [8][440/500]	Time  0.026 ( 0.036)	Data  0.000 ( 0.007)	Loss 2.5504e+00 (2.5117e+00)	Acc@1  21.00 ( 23.15)	Acc@5  60.00 ( 60.56)
[2023-03-27 00:10:55,549][new_worker_lincls][INFO] - Epoch: [8][450/500]	Time  0.028 ( 0.036)	Data  0.000 ( 0.007)	Loss 2.4897e+00 (2.5129e+00)	Acc@1  19.00 ( 23.10)	Acc@5  64.00 ( 60.52)
[2023-03-27 00:10:55,825][new_worker_lincls][INFO] - Epoch: [8][460/500]	Time  0.027 ( 0.035)	Data  0.000 ( 0.007)	Loss 2.4835e+00 (2.5125e+00)	Acc@1  25.00 ( 23.13)	Acc@5  61.00 ( 60.54)
[2023-03-27 00:10:56,090][new_worker_lincls][INFO] - Epoch: [8][470/500]	Time  0.027 ( 0.035)	Data  0.000 ( 0.007)	Loss 2.3162e+00 (2.5123e+00)	Acc@1  31.00 ( 23.15)	Acc@5  74.00 ( 60.54)
[2023-03-27 00:10:56,357][new_worker_lincls][INFO] - Epoch: [8][480/500]	Time  0.026 ( 0.035)	Data  0.001 ( 0.007)	Loss 2.4462e+00 (2.5114e+00)	Acc@1  25.00 ( 23.21)	Acc@5  66.00 ( 60.61)
[2023-03-27 00:10:56,620][new_worker_lincls][INFO] - Epoch: [8][490/500]	Time  0.027 ( 0.035)	Data  0.000 ( 0.006)	Loss 2.3439e+00 (2.5109e+00)	Acc@1  32.00 ( 23.23)	Acc@5  68.00 ( 60.60)
[2023-03-27 00:10:59,745][new_worker_lincls][INFO] - Epoch: [9][  0/500]	Time  2.630 ( 2.630)	Data  2.599 ( 2.599)	Loss 2.5553e+00 (2.5553e+00)	Acc@1  20.00 ( 20.00)	Acc@5  52.00 ( 52.00)
[2023-03-27 00:11:00,064][new_worker_lincls][INFO] - Epoch: [9][ 10/500]	Time  0.027 ( 0.268)	Data  0.001 ( 0.237)	Loss 2.3155e+00 (2.4789e+00)	Acc@1  29.00 ( 25.27)	Acc@5  66.00 ( 59.82)
[2023-03-27 00:11:00,356][new_worker_lincls][INFO] - Epoch: [9][ 20/500]	Time  0.036 ( 0.154)	Data  0.001 ( 0.125)	Loss 2.5677e+00 (2.4964e+00)	Acc@1  21.00 ( 24.43)	Acc@5  59.00 ( 60.24)
[2023-03-27 00:11:00,670][new_worker_lincls][INFO] - Epoch: [9][ 30/500]	Time  0.034 ( 0.115)	Data  0.001 ( 0.085)	Loss 2.5014e+00 (2.5031e+00)	Acc@1  26.00 ( 24.29)	Acc@5  64.00 ( 60.39)
[2023-03-27 00:11:00,988][new_worker_lincls][INFO] - Epoch: [9][ 40/500]	Time  0.038 ( 0.094)	Data  0.001 ( 0.064)	Loss 2.4284e+00 (2.5051e+00)	Acc@1  27.00 ( 24.20)	Acc@5  57.00 ( 60.10)
[2023-03-27 00:11:01,296][new_worker_lincls][INFO] - Epoch: [9][ 50/500]	Time  0.027 ( 0.082)	Data  0.001 ( 0.052)	Loss 2.4446e+00 (2.5089e+00)	Acc@1  25.00 ( 23.86)	Acc@5  61.00 ( 59.88)
[2023-03-27 00:11:01,603][new_worker_lincls][INFO] - Epoch: [9][ 60/500]	Time  0.031 ( 0.074)	Data  0.001 ( 0.044)	Loss 2.5852e+00 (2.5066e+00)	Acc@1  19.00 ( 23.80)	Acc@5  56.00 ( 60.13)
[2023-03-27 00:11:01,934][new_worker_lincls][INFO] - Epoch: [9][ 70/500]	Time  0.037 ( 0.068)	Data  0.001 ( 0.038)	Loss 2.4084e+00 (2.5071e+00)	Acc@1  25.00 ( 23.62)	Acc@5  58.00 ( 60.18)
[2023-03-27 00:11:02,240][new_worker_lincls][INFO] - Epoch: [9][ 80/500]	Time  0.027 ( 0.063)	Data  0.001 ( 0.033)	Loss 2.3660e+00 (2.5040e+00)	Acc@1  27.00 ( 23.69)	Acc@5  64.00 ( 60.53)
[2023-03-27 00:11:02,549][new_worker_lincls][INFO] - Epoch: [9][ 90/500]	Time  0.032 ( 0.060)	Data  0.001 ( 0.030)	Loss 2.3901e+00 (2.5039e+00)	Acc@1  29.00 ( 23.64)	Acc@5  69.00 ( 60.78)
[2023-03-27 00:11:02,853][new_worker_lincls][INFO] - Epoch: [9][100/500]	Time  0.032 ( 0.057)	Data  0.001 ( 0.027)	Loss 2.6147e+00 (2.5059e+00)	Acc@1  10.00 ( 23.28)	Acc@5  56.00 ( 60.63)
[2023-03-27 00:11:03,137][new_worker_lincls][INFO] - Epoch: [9][110/500]	Time  0.027 ( 0.054)	Data  0.001 ( 0.024)	Loss 2.4802e+00 (2.5058e+00)	Acc@1  23.00 ( 23.18)	Acc@5  63.00 ( 60.59)
[2023-03-27 00:11:03,428][new_worker_lincls][INFO] - Epoch: [9][120/500]	Time  0.027 ( 0.052)	Data  0.001 ( 0.022)	Loss 2.5296e+00 (2.5065e+00)	Acc@1  20.00 ( 23.18)	Acc@5  65.00 ( 60.64)
[2023-03-27 00:11:03,759][new_worker_lincls][INFO] - Epoch: [9][130/500]	Time  0.028 ( 0.051)	Data  0.001 ( 0.021)	Loss 2.5353e+00 (2.5059e+00)	Acc@1  27.00 ( 23.27)	Acc@5  63.00 ( 60.71)
[2023-03-27 00:11:04,036][new_worker_lincls][INFO] - Epoch: [9][140/500]	Time  0.027 ( 0.049)	Data  0.001 ( 0.019)	Loss 2.4216e+00 (2.5053e+00)	Acc@1  19.00 ( 23.27)	Acc@5  70.00 ( 60.72)
[2023-03-27 00:11:04,315][new_worker_lincls][INFO] - Epoch: [9][150/500]	Time  0.027 ( 0.048)	Data  0.001 ( 0.018)	Loss 2.3451e+00 (2.5085e+00)	Acc@1  31.00 ( 23.20)	Acc@5  69.00 ( 60.60)
[2023-03-27 00:11:04,603][new_worker_lincls][INFO] - Epoch: [9][160/500]	Time  0.032 ( 0.047)	Data  0.001 ( 0.017)	Loss 2.5908e+00 (2.5100e+00)	Acc@1  16.00 ( 23.15)	Acc@5  55.00 ( 60.51)
[2023-03-27 00:11:04,885][new_worker_lincls][INFO] - Epoch: [9][170/500]	Time  0.027 ( 0.045)	Data  0.001 ( 0.016)	Loss 2.4632e+00 (2.5109e+00)	Acc@1  26.00 ( 23.12)	Acc@5  66.00 ( 60.58)
[2023-03-27 00:11:05,167][new_worker_lincls][INFO] - Epoch: [9][180/500]	Time  0.027 ( 0.044)	Data  0.001 ( 0.015)	Loss 2.6880e+00 (2.5109e+00)	Acc@1  17.00 ( 23.20)	Acc@5  54.00 ( 60.64)
[2023-03-27 00:11:05,454][new_worker_lincls][INFO] - Epoch: [9][190/500]	Time  0.027 ( 0.044)	Data  0.001 ( 0.014)	Loss 2.5271e+00 (2.5094e+00)	Acc@1  22.00 ( 23.25)	Acc@5  58.00 ( 60.76)
[2023-03-27 00:11:05,758][new_worker_lincls][INFO] - Epoch: [9][200/500]	Time  0.032 ( 0.043)	Data  0.000 ( 0.014)	Loss 2.4818e+00 (2.5085e+00)	Acc@1  23.00 ( 23.28)	Acc@5  66.00 ( 60.75)
[2023-03-27 00:11:06,060][new_worker_lincls][INFO] - Epoch: [9][210/500]	Time  0.031 ( 0.042)	Data  0.001 ( 0.013)	Loss 2.4219e+00 (2.5068e+00)	Acc@1  21.00 ( 23.37)	Acc@5  65.00 ( 60.84)
[2023-03-27 00:11:06,343][new_worker_lincls][INFO] - Epoch: [9][220/500]	Time  0.027 ( 0.042)	Data  0.001 ( 0.013)	Loss 2.5447e+00 (2.5048e+00)	Acc@1  25.00 ( 23.40)	Acc@5  68.00 ( 60.90)
[2023-03-27 00:11:06,622][new_worker_lincls][INFO] - Epoch: [9][230/500]	Time  0.027 ( 0.041)	Data  0.001 ( 0.012)	Loss 2.4890e+00 (2.5048e+00)	Acc@1  20.00 ( 23.39)	Acc@5  61.00 ( 60.83)
[2023-03-27 00:11:06,904][new_worker_lincls][INFO] - Epoch: [9][240/500]	Time  0.028 ( 0.041)	Data  0.001 ( 0.012)	Loss 2.5584e+00 (2.5050e+00)	Acc@1  26.00 ( 23.38)	Acc@5  57.00 ( 60.80)
[2023-03-27 00:11:07,178][new_worker_lincls][INFO] - Epoch: [9][250/500]	Time  0.026 ( 0.040)	Data  0.000 ( 0.011)	Loss 2.4130e+00 (2.5045e+00)	Acc@1  31.00 ( 23.36)	Acc@5  63.00 ( 60.82)
[2023-03-27 00:11:07,452][new_worker_lincls][INFO] - Epoch: [9][260/500]	Time  0.026 ( 0.040)	Data  0.001 ( 0.011)	Loss 2.4268e+00 (2.5031e+00)	Acc@1  28.00 ( 23.44)	Acc@5  66.00 ( 60.89)
[2023-03-27 00:11:07,749][new_worker_lincls][INFO] - Epoch: [9][270/500]	Time  0.027 ( 0.039)	Data  0.001 ( 0.010)	Loss 2.5573e+00 (2.5038e+00)	Acc@1  20.00 ( 23.41)	Acc@5  54.00 ( 60.91)
[2023-03-27 00:11:08,059][new_worker_lincls][INFO] - Epoch: [9][280/500]	Time  0.027 ( 0.039)	Data  0.001 ( 0.010)	Loss 2.5072e+00 (2.5039e+00)	Acc@1  23.00 ( 23.43)	Acc@5  63.00 ( 60.89)
[2023-03-27 00:11:08,360][new_worker_lincls][INFO] - Epoch: [9][290/500]	Time  0.026 ( 0.039)	Data  0.000 ( 0.010)	Loss 2.4302e+00 (2.5052e+00)	Acc@1  28.00 ( 23.44)	Acc@5  63.00 ( 60.88)
[2023-03-27 00:11:08,641][new_worker_lincls][INFO] - Epoch: [9][300/500]	Time  0.026 ( 0.038)	Data  0.000 ( 0.009)	Loss 2.3965e+00 (2.5011e+00)	Acc@1  24.00 ( 23.56)	Acc@5  68.00 ( 61.07)
[2023-03-27 00:11:08,934][new_worker_lincls][INFO] - Epoch: [9][310/500]	Time  0.027 ( 0.038)	Data  0.001 ( 0.009)	Loss 2.4666e+00 (2.4999e+00)	Acc@1  22.00 ( 23.57)	Acc@5  63.00 ( 61.20)
[2023-03-27 00:11:09,224][new_worker_lincls][INFO] - Epoch: [9][320/500]	Time  0.028 ( 0.038)	Data  0.001 ( 0.009)	Loss 2.4302e+00 (2.5010e+00)	Acc@1  26.00 ( 23.52)	Acc@5  61.00 ( 61.16)
[2023-03-27 00:11:09,537][new_worker_lincls][INFO] - Epoch: [9][330/500]	Time  0.029 ( 0.038)	Data  0.001 ( 0.009)	Loss 2.4939e+00 (2.4992e+00)	Acc@1  24.00 ( 23.59)	Acc@5  60.00 ( 61.24)
[2023-03-27 00:11:09,875][new_worker_lincls][INFO] - Epoch: [9][340/500]	Time  0.026 ( 0.037)	Data  0.001 ( 0.008)	Loss 2.5270e+00 (2.4991e+00)	Acc@1  27.00 ( 23.61)	Acc@5  60.00 ( 61.25)
[2023-03-27 00:11:10,148][new_worker_lincls][INFO] - Epoch: [9][350/500]	Time  0.027 ( 0.037)	Data  0.001 ( 0.008)	Loss 2.3878e+00 (2.4985e+00)	Acc@1  29.00 ( 23.63)	Acc@5  69.00 ( 61.31)
[2023-03-27 00:11:10,445][new_worker_lincls][INFO] - Epoch: [9][360/500]	Time  0.027 ( 0.037)	Data  0.001 ( 0.008)	Loss 2.4870e+00 (2.4971e+00)	Acc@1  25.00 ( 23.66)	Acc@5  62.00 ( 61.39)
[2023-03-27 00:11:10,739][new_worker_lincls][INFO] - Epoch: [9][370/500]	Time  0.027 ( 0.037)	Data  0.001 ( 0.008)	Loss 2.4376e+00 (2.4964e+00)	Acc@1  29.00 ( 23.68)	Acc@5  60.00 ( 61.36)
[2023-03-27 00:11:11,031][new_worker_lincls][INFO] - Epoch: [9][380/500]	Time  0.037 ( 0.037)	Data  0.001 ( 0.008)	Loss 2.4587e+00 (2.4971e+00)	Acc@1  25.00 ( 23.65)	Acc@5  62.00 ( 61.33)
[2023-03-27 00:11:11,368][new_worker_lincls][INFO] - Epoch: [9][390/500]	Time  0.029 ( 0.036)	Data  0.001 ( 0.007)	Loss 2.6605e+00 (2.4983e+00)	Acc@1  21.00 ( 23.62)	Acc@5  55.00 ( 61.27)
[2023-03-27 00:11:11,669][new_worker_lincls][INFO] - Epoch: [9][400/500]	Time  0.027 ( 0.036)	Data  0.001 ( 0.007)	Loss 2.3793e+00 (2.4977e+00)	Acc@1  27.00 ( 23.62)	Acc@5  68.00 ( 61.27)
[2023-03-27 00:11:11,939][new_worker_lincls][INFO] - Epoch: [9][410/500]	Time  0.027 ( 0.036)	Data  0.001 ( 0.007)	Loss 2.4879e+00 (2.4982e+00)	Acc@1  26.00 ( 23.60)	Acc@5  62.00 ( 61.23)
[2023-03-27 00:11:12,258][new_worker_lincls][INFO] - Epoch: [9][420/500]	Time  0.043 ( 0.036)	Data  0.009 ( 0.007)	Loss 2.5043e+00 (2.4991e+00)	Acc@1  23.00 ( 23.57)	Acc@5  57.00 ( 61.19)
[2023-03-27 00:11:12,550][new_worker_lincls][INFO] - Epoch: [9][430/500]	Time  0.030 ( 0.036)	Data  0.001 ( 0.007)	Loss 2.5399e+00 (2.4991e+00)	Acc@1  23.00 ( 23.56)	Acc@5  58.00 ( 61.20)
[2023-03-27 00:11:12,830][new_worker_lincls][INFO] - Epoch: [9][440/500]	Time  0.026 ( 0.036)	Data  0.001 ( 0.007)	Loss 2.5665e+00 (2.4993e+00)	Acc@1  16.00 ( 23.58)	Acc@5  60.00 ( 61.20)
[2023-03-27 00:11:13,118][new_worker_lincls][INFO] - Epoch: [9][450/500]	Time  0.027 ( 0.035)	Data  0.001 ( 0.007)	Loss 2.4803e+00 (2.4987e+00)	Acc@1  28.00 ( 23.62)	Acc@5  61.00 ( 61.25)
[2023-03-27 00:11:13,401][new_worker_lincls][INFO] - Epoch: [9][460/500]	Time  0.027 ( 0.035)	Data  0.001 ( 0.006)	Loss 2.5060e+00 (2.4991e+00)	Acc@1  14.00 ( 23.56)	Acc@5  65.00 ( 61.23)
[2023-03-27 00:11:13,683][new_worker_lincls][INFO] - Epoch: [9][470/500]	Time  0.029 ( 0.035)	Data  0.001 ( 0.006)	Loss 2.6256e+00 (2.5002e+00)	Acc@1  23.00 ( 23.53)	Acc@5  54.00 ( 61.20)
[2023-03-27 00:11:13,953][new_worker_lincls][INFO] - Epoch: [9][480/500]	Time  0.027 ( 0.035)	Data  0.001 ( 0.006)	Loss 2.4313e+00 (2.5005e+00)	Acc@1  28.00 ( 23.51)	Acc@5  64.00 ( 61.16)
[2023-03-27 00:11:14,235][new_worker_lincls][INFO] - Epoch: [9][490/500]	Time  0.027 ( 0.035)	Data  0.001 ( 0.006)	Loss 2.4451e+00 (2.4999e+00)	Acc@1  26.00 ( 23.53)	Acc@5  62.00 ( 61.21)
[2023-03-27 00:11:17,028][new_worker_lincls][INFO] - Test: [  0/100]	Time  2.341 ( 2.341)	Loss 3.0588e+00 (3.0588e+00)	Acc@1   6.00 (  6.00)	Acc@5  33.00 ( 33.00)
[2023-03-27 00:11:17,365][new_worker_lincls][INFO] - Test: [ 10/100]	Time  0.027 ( 0.244)	Loss 1.9522e+00 (2.4990e+00)	Acc@1  41.00 ( 23.73)	Acc@5  70.00 ( 54.55)
[2023-03-27 00:11:17,663][new_worker_lincls][INFO] - Test: [ 20/100]	Time  0.026 ( 0.142)	Loss 1.7769e+00 (2.3396e+00)	Acc@1  49.00 ( 28.43)	Acc@5  86.00 ( 61.86)
[2023-03-27 00:11:17,971][new_worker_lincls][INFO] - Test: [ 30/100]	Time  0.035 ( 0.106)	Loss 2.3470e+00 (2.3396e+00)	Acc@1  29.00 ( 28.74)	Acc@5  81.00 ( 63.58)
[2023-03-27 00:11:18,268][new_worker_lincls][INFO] - Test: [ 40/100]	Time  0.031 ( 0.087)	Loss 2.9119e+00 (2.4010e+00)	Acc@1   1.00 ( 26.17)	Acc@5  50.00 ( 63.37)
[2023-03-27 00:11:18,568][new_worker_lincls][INFO] - Test: [ 50/100]	Time  0.026 ( 0.076)	Loss 2.2898e+00 (2.3840e+00)	Acc@1  41.00 ( 27.12)	Acc@5  68.00 ( 65.49)
[2023-03-27 00:11:18,839][new_worker_lincls][INFO] - Test: [ 60/100]	Time  0.026 ( 0.068)	Loss 2.8682e+00 (2.3997e+00)	Acc@1  13.00 ( 26.67)	Acc@5  51.00 ( 65.43)
[2023-03-27 00:11:19,100][new_worker_lincls][INFO] - Test: [ 70/100]	Time  0.026 ( 0.062)	Loss 2.0304e+00 (2.4328e+00)	Acc@1  47.00 ( 25.65)	Acc@5  83.00 ( 64.11)
[2023-03-27 00:11:19,377][new_worker_lincls][INFO] - Test: [ 80/100]	Time  0.026 ( 0.058)	Loss 2.7422e+00 (2.4561e+00)	Acc@1  11.00 ( 24.60)	Acc@5  59.00 ( 63.00)
[2023-03-27 00:11:19,640][new_worker_lincls][INFO] - Test: [ 90/100]	Time  0.026 ( 0.054)	Loss 2.7677e+00 (2.4435e+00)	Acc@1  13.00 ( 25.38)	Acc@5  47.00 ( 63.02)
[2023-03-27 00:11:20,091][new_worker_lincls][INFO] -  * Acc@1 24.610 Acc@5 63.640
