[2023-03-22 17:31:35,941][__main__][INFO] - PYTHONPATH: /home/subhrangsu/contssl/continuous_ssl_problem
[2023-03-22 17:33:07,413][worker_lincls][INFO] - => creating model 'resnet18'
[2023-03-22 17:33:07,495][worker_lincls][INFO] - => loading checkpoint '/home/subhrangsu/contssl/continuous_ssl_problem/cifar10logs/checkpoints/cifar10_horizflip/cifar10_horizflip/checkpoint_0001.pth'
[2023-03-22 17:33:07,542][worker_lincls][INFO] - => loaded pre-trained model '/home/subhrangsu/contssl/continuous_ssl_problem/cifar10logs/checkpoints/cifar10_horizflip/cifar10_horizflip/checkpoint_0001.pth'
[2023-03-22 17:33:09,240][worker_lincls][INFO] - => no checkpoint found at '/home/subhrangsu/contssl/continuous_ssl_problem/cifar10logs/checkpoints/cifar10_horizflip/cifar10_horizflip/checkpoint_0001.pth.imnet.lincls'
[2023-03-24 02:08:10,654][__main__][INFO] - PYTHONPATH: /home/subhrangsu/contssl/continuous_ssl_problem
[2023-03-24 02:08:13,281][new_worker_lincls][INFO] - => creating model 'resnet18'
[2023-03-24 02:08:13,364][new_worker_lincls][INFO] - => loading checkpoint '/home/subhrangsu/contssl/continuous_ssl_problem/cifar10logs/checkpoints/cifar10_horizflip/cifar10_horizflip/checkpoint_0001.pth'
[2023-03-24 02:08:13,435][new_worker_lincls][INFO] - => loaded pre-trained model '/home/subhrangsu/contssl/continuous_ssl_problem/cifar10logs/checkpoints/cifar10_horizflip/cifar10_horizflip/checkpoint_0001.pth'
[2023-03-24 02:08:13,524][new_worker_lincls][INFO] - => no checkpoint found at '/home/subhrangsu/contssl/continuous_ssl_problem/cifar10logs/checkpoints/cifar10_horizflip/cifar10_horizflip/checkpoint_0001.pth.imnet.lincls'
[2023-03-24 02:08:17,655][new_worker_lincls][INFO] - Epoch: [0][  0/500]	Time  4.127 ( 4.127)	Data  2.688 ( 2.688)	Loss 4.6061e+00 (4.6061e+00)	Acc@1   0.00 (  0.00)	Acc@5   1.00 (  1.00)
[2023-03-24 02:08:18,168][new_worker_lincls][INFO] - Epoch: [0][ 10/500]	Time  0.051 ( 0.422)	Data  0.001 ( 0.245)	Loss 3.9056e+00 (4.1840e+00)	Acc@1   2.00 (  4.09)	Acc@5  25.00 ( 22.00)
[2023-03-24 02:08:18,513][new_worker_lincls][INFO] - Epoch: [0][ 20/500]	Time  0.026 ( 0.238)	Data  0.001 ( 0.129)	Loss 3.6726e+00 (3.9810e+00)	Acc@1   1.00 (  3.95)	Acc@5  23.00 ( 23.33)
[2023-03-24 02:08:18,773][new_worker_lincls][INFO] - Epoch: [0][ 30/500]	Time  0.026 ( 0.169)	Data  0.001 ( 0.087)	Loss 3.4793e+00 (3.8266e+00)	Acc@1   6.00 (  4.35)	Acc@5  22.00 ( 24.58)
[2023-03-24 02:08:19,033][new_worker_lincls][INFO] - Epoch: [0][ 40/500]	Time  0.025 ( 0.134)	Data  0.000 ( 0.066)	Loss 3.2619e+00 (3.7031e+00)	Acc@1   9.00 (  4.59)	Acc@5  39.00 ( 25.68)
[2023-03-24 02:08:19,297][new_worker_lincls][INFO] - Epoch: [0][ 50/500]	Time  0.027 ( 0.113)	Data  0.001 ( 0.053)	Loss 3.1591e+00 (3.6066e+00)	Acc@1  10.00 (  5.16)	Acc@5  35.00 ( 26.61)
[2023-03-24 02:08:19,559][new_worker_lincls][INFO] - Epoch: [0][ 60/500]	Time  0.028 ( 0.099)	Data  0.000 ( 0.045)	Loss 3.0866e+00 (3.5255e+00)	Acc@1   6.00 (  5.39)	Acc@5  34.00 ( 28.18)
[2023-03-24 02:08:19,818][new_worker_lincls][INFO] - Epoch: [0][ 70/500]	Time  0.025 ( 0.089)	Data  0.000 ( 0.039)	Loss 3.0325e+00 (3.4602e+00)	Acc@1  15.00 (  5.96)	Acc@5  43.00 ( 29.56)
[2023-03-24 02:08:20,075][new_worker_lincls][INFO] - Epoch: [0][ 80/500]	Time  0.026 ( 0.081)	Data  0.001 ( 0.034)	Loss 3.0239e+00 (3.4061e+00)	Acc@1  10.00 (  6.67)	Acc@5  35.00 ( 30.64)
[2023-03-24 02:08:20,338][new_worker_lincls][INFO] - Epoch: [0][ 90/500]	Time  0.027 ( 0.075)	Data  0.001 ( 0.030)	Loss 2.9634e+00 (3.3601e+00)	Acc@1  11.00 (  7.18)	Acc@5  47.00 ( 31.73)
[2023-03-24 02:08:20,595][new_worker_lincls][INFO] - Epoch: [0][100/500]	Time  0.025 ( 0.070)	Data  0.000 ( 0.027)	Loss 2.9281e+00 (3.3201e+00)	Acc@1  10.00 (  7.52)	Acc@5  47.00 ( 32.85)
[2023-03-24 02:08:20,861][new_worker_lincls][INFO] - Epoch: [0][110/500]	Time  0.025 ( 0.066)	Data  0.000 ( 0.025)	Loss 2.9149e+00 (3.2857e+00)	Acc@1   8.00 (  7.73)	Acc@5  46.00 ( 33.83)
[2023-03-24 02:08:21,120][new_worker_lincls][INFO] - Epoch: [0][120/500]	Time  0.026 ( 0.063)	Data  0.001 ( 0.023)	Loss 2.9173e+00 (3.2554e+00)	Acc@1  14.00 (  8.06)	Acc@5  42.00 ( 34.63)
[2023-03-24 02:08:21,379][new_worker_lincls][INFO] - Epoch: [0][130/500]	Time  0.026 ( 0.060)	Data  0.001 ( 0.021)	Loss 2.8672e+00 (3.2274e+00)	Acc@1  14.00 (  8.40)	Acc@5  47.00 ( 35.49)
[2023-03-24 02:08:21,642][new_worker_lincls][INFO] - Epoch: [0][140/500]	Time  0.029 ( 0.058)	Data  0.001 ( 0.020)	Loss 2.9034e+00 (3.2032e+00)	Acc@1  10.00 (  8.62)	Acc@5  45.00 ( 36.21)
[2023-03-24 02:08:21,901][new_worker_lincls][INFO] - Epoch: [0][150/500]	Time  0.025 ( 0.055)	Data  0.000 ( 0.018)	Loss 2.8568e+00 (3.1805e+00)	Acc@1  15.00 (  8.81)	Acc@5  51.00 ( 36.85)
[2023-03-24 02:08:22,158][new_worker_lincls][INFO] - Epoch: [0][160/500]	Time  0.026 ( 0.054)	Data  0.001 ( 0.017)	Loss 2.8034e+00 (3.1601e+00)	Acc@1  18.00 (  9.11)	Acc@5  58.00 ( 37.47)
[2023-03-24 02:08:22,417][new_worker_lincls][INFO] - Epoch: [0][170/500]	Time  0.026 ( 0.052)	Data  0.001 ( 0.016)	Loss 2.8632e+00 (3.1405e+00)	Acc@1  19.00 (  9.37)	Acc@5  48.00 ( 38.22)
[2023-03-24 02:08:22,683][new_worker_lincls][INFO] - Epoch: [0][180/500]	Time  0.032 ( 0.051)	Data  0.001 ( 0.015)	Loss 2.8499e+00 (3.1231e+00)	Acc@1  12.00 (  9.59)	Acc@5  43.00 ( 38.65)
[2023-03-24 02:08:22,942][new_worker_lincls][INFO] - Epoch: [0][190/500]	Time  0.025 ( 0.049)	Data  0.000 ( 0.015)	Loss 2.8369e+00 (3.1075e+00)	Acc@1  15.00 (  9.86)	Acc@5  50.00 ( 39.09)
[2023-03-24 02:08:23,198][new_worker_lincls][INFO] - Epoch: [0][200/500]	Time  0.026 ( 0.048)	Data  0.001 ( 0.014)	Loss 2.7774e+00 (3.0921e+00)	Acc@1  22.00 ( 10.01)	Acc@5  47.00 ( 39.59)
[2023-03-24 02:08:23,458][new_worker_lincls][INFO] - Epoch: [0][210/500]	Time  0.026 ( 0.047)	Data  0.001 ( 0.013)	Loss 2.7804e+00 (3.0777e+00)	Acc@1  13.00 ( 10.27)	Acc@5  53.00 ( 40.04)
[2023-03-24 02:08:23,727][new_worker_lincls][INFO] - Epoch: [0][220/500]	Time  0.032 ( 0.046)	Data  0.001 ( 0.013)	Loss 2.7456e+00 (3.0646e+00)	Acc@1  20.00 ( 10.48)	Acc@5  48.00 ( 40.40)
[2023-03-24 02:08:23,986][new_worker_lincls][INFO] - Epoch: [0][230/500]	Time  0.026 ( 0.045)	Data  0.000 ( 0.012)	Loss 2.8743e+00 (3.0534e+00)	Acc@1  12.00 ( 10.65)	Acc@5  42.00 ( 40.76)
[2023-03-24 02:08:24,244][new_worker_lincls][INFO] - Epoch: [0][240/500]	Time  0.026 ( 0.044)	Data  0.001 ( 0.012)	Loss 2.8148e+00 (3.0417e+00)	Acc@1  15.00 ( 10.76)	Acc@5  50.00 ( 41.12)
[2023-03-24 02:08:24,505][new_worker_lincls][INFO] - Epoch: [0][250/500]	Time  0.026 ( 0.044)	Data  0.000 ( 0.011)	Loss 2.7149e+00 (3.0300e+00)	Acc@1  14.00 ( 10.88)	Acc@5  52.00 ( 41.51)
[2023-03-24 02:08:24,768][new_worker_lincls][INFO] - Epoch: [0][260/500]	Time  0.030 ( 0.043)	Data  0.001 ( 0.011)	Loss 2.8050e+00 (3.0195e+00)	Acc@1  16.00 ( 11.05)	Acc@5  49.00 ( 41.80)
[2023-03-24 02:08:25,030][new_worker_lincls][INFO] - Epoch: [0][270/500]	Time  0.025 ( 0.042)	Data  0.000 ( 0.011)	Loss 2.7405e+00 (3.0102e+00)	Acc@1  15.00 ( 11.18)	Acc@5  52.00 ( 42.08)
[2023-03-24 02:08:25,293][new_worker_lincls][INFO] - Epoch: [0][280/500]	Time  0.026 ( 0.042)	Data  0.001 ( 0.010)	Loss 2.6956e+00 (3.0009e+00)	Acc@1  18.00 ( 11.30)	Acc@5  50.00 ( 42.37)
[2023-03-24 02:08:25,554][new_worker_lincls][INFO] - Epoch: [0][290/500]	Time  0.026 ( 0.041)	Data  0.001 ( 0.010)	Loss 2.6864e+00 (2.9907e+00)	Acc@1  18.00 ( 11.39)	Acc@5  51.00 ( 42.78)
[2023-03-24 02:08:25,819][new_worker_lincls][INFO] - Epoch: [0][300/500]	Time  0.029 ( 0.041)	Data  0.001 ( 0.010)	Loss 2.7653e+00 (2.9824e+00)	Acc@1  13.00 ( 11.49)	Acc@5  51.00 ( 43.05)
[2023-03-24 02:08:26,081][new_worker_lincls][INFO] - Epoch: [0][310/500]	Time  0.025 ( 0.040)	Data  0.000 ( 0.009)	Loss 2.5914e+00 (2.9746e+00)	Acc@1  18.00 ( 11.63)	Acc@5  60.00 ( 43.30)
[2023-03-24 02:08:26,338][new_worker_lincls][INFO] - Epoch: [0][320/500]	Time  0.025 ( 0.040)	Data  0.001 ( 0.009)	Loss 2.6585e+00 (2.9667e+00)	Acc@1  24.00 ( 11.76)	Acc@5  52.00 ( 43.49)
[2023-03-24 02:08:26,597][new_worker_lincls][INFO] - Epoch: [0][330/500]	Time  0.026 ( 0.039)	Data  0.001 ( 0.009)	Loss 2.7508e+00 (2.9598e+00)	Acc@1  14.00 ( 11.88)	Acc@5  47.00 ( 43.67)
[2023-03-24 02:08:26,858][new_worker_lincls][INFO] - Epoch: [0][340/500]	Time  0.026 ( 0.039)	Data  0.001 ( 0.008)	Loss 2.8018e+00 (2.9522e+00)	Acc@1  10.00 ( 11.98)	Acc@5  52.00 ( 43.99)
[2023-03-24 02:08:27,114][new_worker_lincls][INFO] - Epoch: [0][350/500]	Time  0.025 ( 0.039)	Data  0.000 ( 0.008)	Loss 2.8494e+00 (2.9460e+00)	Acc@1  11.00 ( 12.09)	Acc@5  43.00 ( 44.13)
[2023-03-24 02:08:27,370][new_worker_lincls][INFO] - Epoch: [0][360/500]	Time  0.025 ( 0.038)	Data  0.000 ( 0.008)	Loss 2.6912e+00 (2.9394e+00)	Acc@1  17.00 ( 12.21)	Acc@5  54.00 ( 44.34)
[2023-03-24 02:08:27,632][new_worker_lincls][INFO] - Epoch: [0][370/500]	Time  0.026 ( 0.038)	Data  0.001 ( 0.008)	Loss 2.8880e+00 (2.9338e+00)	Acc@1  11.00 ( 12.23)	Acc@5  44.00 ( 44.55)
[2023-03-24 02:08:27,893][new_worker_lincls][INFO] - Epoch: [0][380/500]	Time  0.028 ( 0.038)	Data  0.001 ( 0.008)	Loss 2.8198e+00 (2.9292e+00)	Acc@1  14.00 ( 12.27)	Acc@5  54.00 ( 44.72)
[2023-03-24 02:08:28,154][new_worker_lincls][INFO] - Epoch: [0][390/500]	Time  0.025 ( 0.037)	Data  0.000 ( 0.007)	Loss 2.7053e+00 (2.9237e+00)	Acc@1  12.00 ( 12.34)	Acc@5  57.00 ( 44.87)
[2023-03-24 02:08:28,419][new_worker_lincls][INFO] - Epoch: [0][400/500]	Time  0.031 ( 0.037)	Data  0.000 ( 0.007)	Loss 2.7378e+00 (2.9191e+00)	Acc@1  16.00 ( 12.38)	Acc@5  49.00 ( 45.02)
[2023-03-24 02:08:28,679][new_worker_lincls][INFO] - Epoch: [0][410/500]	Time  0.026 ( 0.037)	Data  0.001 ( 0.007)	Loss 2.7507e+00 (2.9149e+00)	Acc@1  15.00 ( 12.48)	Acc@5  50.00 ( 45.21)
[2023-03-24 02:08:28,940][new_worker_lincls][INFO] - Epoch: [0][420/500]	Time  0.028 ( 0.037)	Data  0.003 ( 0.007)	Loss 2.6750e+00 (2.9105e+00)	Acc@1  16.00 ( 12.62)	Acc@5  54.00 ( 45.34)
[2023-03-24 02:08:29,193][new_worker_lincls][INFO] - Epoch: [0][430/500]	Time  0.025 ( 0.036)	Data  0.000 ( 0.007)	Loss 2.6569e+00 (2.9052e+00)	Acc@1  19.00 ( 12.74)	Acc@5  54.00 ( 45.55)
[2023-03-24 02:08:29,446][new_worker_lincls][INFO] - Epoch: [0][440/500]	Time  0.025 ( 0.036)	Data  0.000 ( 0.007)	Loss 2.6428e+00 (2.9010e+00)	Acc@1  20.00 ( 12.85)	Acc@5  54.00 ( 45.66)
[2023-03-24 02:08:29,698][new_worker_lincls][INFO] - Epoch: [0][450/500]	Time  0.025 ( 0.036)	Data  0.000 ( 0.007)	Loss 2.6924e+00 (2.8966e+00)	Acc@1  15.00 ( 12.91)	Acc@5  60.00 ( 45.85)
[2023-03-24 02:08:29,952][new_worker_lincls][INFO] - Epoch: [0][460/500]	Time  0.025 ( 0.036)	Data  0.000 ( 0.006)	Loss 2.7186e+00 (2.8929e+00)	Acc@1  10.00 ( 12.96)	Acc@5  51.00 ( 45.99)
[2023-03-24 02:08:30,205][new_worker_lincls][INFO] - Epoch: [0][470/500]	Time  0.025 ( 0.035)	Data  0.000 ( 0.006)	Loss 2.7610e+00 (2.8893e+00)	Acc@1  14.00 ( 12.99)	Acc@5  47.00 ( 46.10)
[2023-03-24 02:08:30,458][new_worker_lincls][INFO] - Epoch: [0][480/500]	Time  0.025 ( 0.035)	Data  0.000 ( 0.006)	Loss 2.5662e+00 (2.8852e+00)	Acc@1  21.00 ( 13.05)	Acc@5  59.00 ( 46.24)
[2023-03-24 02:08:30,711][new_worker_lincls][INFO] - Epoch: [0][490/500]	Time  0.025 ( 0.035)	Data  0.000 ( 0.006)	Loss 2.7750e+00 (2.8811e+00)	Acc@1  15.00 ( 13.14)	Acc@5  48.00 ( 46.38)
[2023-03-24 02:08:33,448][new_worker_lincls][INFO] - Epoch: [1][  0/500]	Time  2.349 ( 2.349)	Data  2.319 ( 2.319)	Loss 2.6204e+00 (2.6204e+00)	Acc@1  20.00 ( 20.00)	Acc@5  61.00 ( 61.00)
[2023-03-24 02:08:33,881][new_worker_lincls][INFO] - Epoch: [1][ 10/500]	Time  0.031 ( 0.253)	Data  0.001 ( 0.224)	Loss 2.6528e+00 (2.6701e+00)	Acc@1  16.00 ( 17.09)	Acc@5  56.00 ( 54.91)
[2023-03-24 02:08:34,172][new_worker_lincls][INFO] - Epoch: [1][ 20/500]	Time  0.025 ( 0.146)	Data  0.000 ( 0.117)	Loss 2.6497e+00 (2.6699e+00)	Acc@1  17.00 ( 16.76)	Acc@5  57.00 ( 54.90)
[2023-03-24 02:08:34,466][new_worker_lincls][INFO] - Epoch: [1][ 30/500]	Time  0.028 ( 0.109)	Data  0.001 ( 0.080)	Loss 2.6106e+00 (2.6755e+00)	Acc@1  18.00 ( 16.58)	Acc@5  61.00 ( 54.48)
[2023-03-24 02:08:34,757][new_worker_lincls][INFO] - Epoch: [1][ 40/500]	Time  0.031 ( 0.089)	Data  0.001 ( 0.060)	Loss 2.6225e+00 (2.6751e+00)	Acc@1  19.00 ( 16.51)	Acc@5  59.00 ( 53.93)
[2023-03-24 02:08:35,043][new_worker_lincls][INFO] - Epoch: [1][ 50/500]	Time  0.026 ( 0.077)	Data  0.001 ( 0.049)	Loss 2.7014e+00 (2.6726e+00)	Acc@1  17.00 ( 16.25)	Acc@5  54.00 ( 53.88)
[2023-03-24 02:08:35,301][new_worker_lincls][INFO] - Epoch: [1][ 60/500]	Time  0.026 ( 0.069)	Data  0.001 ( 0.041)	Loss 2.6593e+00 (2.6752e+00)	Acc@1  21.00 ( 16.05)	Acc@5  55.00 ( 53.52)
[2023-03-24 02:08:35,566][new_worker_lincls][INFO] - Epoch: [1][ 70/500]	Time  0.025 ( 0.063)	Data  0.001 ( 0.035)	Loss 2.5263e+00 (2.6726e+00)	Acc@1  23.00 ( 16.48)	Acc@5  55.00 ( 53.39)
[2023-03-24 02:08:35,840][new_worker_lincls][INFO] - Epoch: [1][ 80/500]	Time  0.028 ( 0.059)	Data  0.001 ( 0.031)	Loss 2.6893e+00 (2.6729e+00)	Acc@1  16.00 ( 16.59)	Acc@5  50.00 ( 53.30)
[2023-03-24 02:08:36,102][new_worker_lincls][INFO] - Epoch: [1][ 90/500]	Time  0.027 ( 0.055)	Data  0.001 ( 0.028)	Loss 2.6236e+00 (2.6739e+00)	Acc@1  27.00 ( 16.86)	Acc@5  58.00 ( 53.35)
[2023-03-24 02:08:36,363][new_worker_lincls][INFO] - Epoch: [1][100/500]	Time  0.026 ( 0.052)	Data  0.001 ( 0.025)	Loss 2.4341e+00 (2.6713e+00)	Acc@1  25.00 ( 17.00)	Acc@5  69.00 ( 53.57)
[2023-03-24 02:08:36,623][new_worker_lincls][INFO] - Epoch: [1][110/500]	Time  0.027 ( 0.050)	Data  0.000 ( 0.023)	Loss 2.7113e+00 (2.6728e+00)	Acc@1  16.00 ( 16.95)	Acc@5  50.00 ( 53.41)
[2023-03-24 02:08:36,891][new_worker_lincls][INFO] - Epoch: [1][120/500]	Time  0.026 ( 0.048)	Data  0.001 ( 0.021)	Loss 2.7709e+00 (2.6747e+00)	Acc@1  16.00 ( 16.79)	Acc@5  49.00 ( 53.39)
[2023-03-24 02:08:37,150][new_worker_lincls][INFO] - Epoch: [1][130/500]	Time  0.026 ( 0.046)	Data  0.001 ( 0.019)	Loss 2.7672e+00 (2.6731e+00)	Acc@1  19.00 ( 16.85)	Acc@5  47.00 ( 53.34)
[2023-03-24 02:08:37,413][new_worker_lincls][INFO] - Epoch: [1][140/500]	Time  0.030 ( 0.045)	Data  0.000 ( 0.018)	Loss 2.6791e+00 (2.6727e+00)	Acc@1  17.00 ( 16.87)	Acc@5  50.00 ( 53.40)
[2023-03-24 02:08:37,672][new_worker_lincls][INFO] - Epoch: [1][150/500]	Time  0.028 ( 0.044)	Data  0.000 ( 0.017)	Loss 2.7526e+00 (2.6703e+00)	Acc@1  16.00 ( 16.92)	Acc@5  44.00 ( 53.49)
[2023-03-24 02:08:37,938][new_worker_lincls][INFO] - Epoch: [1][160/500]	Time  0.034 ( 0.042)	Data  0.001 ( 0.016)	Loss 2.6493e+00 (2.6695e+00)	Acc@1  15.00 ( 16.99)	Acc@5  47.00 ( 53.53)
[2023-03-24 02:08:38,196][new_worker_lincls][INFO] - Epoch: [1][170/500]	Time  0.026 ( 0.042)	Data  0.001 ( 0.015)	Loss 2.6416e+00 (2.6702e+00)	Acc@1  15.00 ( 16.88)	Acc@5  52.00 ( 53.60)
[2023-03-24 02:08:38,461][new_worker_lincls][INFO] - Epoch: [1][180/500]	Time  0.026 ( 0.041)	Data  0.001 ( 0.014)	Loss 2.6667e+00 (2.6679e+00)	Acc@1  19.00 ( 17.13)	Acc@5  58.00 ( 53.71)
[2023-03-24 02:08:38,727][new_worker_lincls][INFO] - Epoch: [1][190/500]	Time  0.026 ( 0.040)	Data  0.001 ( 0.013)	Loss 2.4992e+00 (2.6663e+00)	Acc@1  14.00 ( 17.08)	Acc@5  59.00 ( 53.69)
[2023-03-24 02:08:38,991][new_worker_lincls][INFO] - Epoch: [1][200/500]	Time  0.030 ( 0.039)	Data  0.001 ( 0.013)	Loss 2.5502e+00 (2.6642e+00)	Acc@1  22.00 ( 17.09)	Acc@5  58.00 ( 53.81)
[2023-03-24 02:08:39,248][new_worker_lincls][INFO] - Epoch: [1][210/500]	Time  0.026 ( 0.039)	Data  0.001 ( 0.012)	Loss 2.5266e+00 (2.6642e+00)	Acc@1  15.00 ( 17.08)	Acc@5  58.00 ( 53.83)
[2023-03-24 02:08:39,509][new_worker_lincls][INFO] - Epoch: [1][220/500]	Time  0.025 ( 0.038)	Data  0.001 ( 0.012)	Loss 2.5976e+00 (2.6647e+00)	Acc@1  14.00 ( 17.07)	Acc@5  56.00 ( 53.86)
[2023-03-24 02:08:39,769][new_worker_lincls][INFO] - Epoch: [1][230/500]	Time  0.026 ( 0.038)	Data  0.000 ( 0.011)	Loss 2.5806e+00 (2.6631e+00)	Acc@1  22.00 ( 17.13)	Acc@5  55.00 ( 53.96)
[2023-03-24 02:08:40,035][new_worker_lincls][INFO] - Epoch: [1][240/500]	Time  0.032 ( 0.037)	Data  0.001 ( 0.011)	Loss 2.7475e+00 (2.6653e+00)	Acc@1  14.00 ( 17.14)	Acc@5  53.00 ( 53.88)
[2023-03-24 02:08:40,293][new_worker_lincls][INFO] - Epoch: [1][250/500]	Time  0.026 ( 0.037)	Data  0.001 ( 0.010)	Loss 2.6136e+00 (2.6651e+00)	Acc@1  23.00 ( 17.22)	Acc@5  58.00 ( 53.91)
[2023-03-24 02:08:40,552][new_worker_lincls][INFO] - Epoch: [1][260/500]	Time  0.026 ( 0.036)	Data  0.001 ( 0.010)	Loss 2.4966e+00 (2.6648e+00)	Acc@1  25.00 ( 17.25)	Acc@5  67.00 ( 53.94)
[2023-03-24 02:08:40,819][new_worker_lincls][INFO] - Epoch: [1][270/500]	Time  0.028 ( 0.036)	Data  0.000 ( 0.010)	Loss 2.5824e+00 (2.6644e+00)	Acc@1  21.00 ( 17.29)	Acc@5  56.00 ( 53.94)
[2023-03-24 02:08:41,081][new_worker_lincls][INFO] - Epoch: [1][280/500]	Time  0.026 ( 0.036)	Data  0.001 ( 0.009)	Loss 2.6758e+00 (2.6640e+00)	Acc@1  15.00 ( 17.28)	Acc@5  60.00 ( 54.02)
[2023-03-24 02:08:41,338][new_worker_lincls][INFO] - Epoch: [1][290/500]	Time  0.026 ( 0.035)	Data  0.001 ( 0.009)	Loss 2.6952e+00 (2.6632e+00)	Acc@1  12.00 ( 17.36)	Acc@5  53.00 ( 54.05)
[2023-03-24 02:08:41,600][new_worker_lincls][INFO] - Epoch: [1][300/500]	Time  0.026 ( 0.035)	Data  0.001 ( 0.009)	Loss 2.7060e+00 (2.6622e+00)	Acc@1  14.00 ( 17.42)	Acc@5  56.00 ( 54.19)
[2023-03-24 02:08:41,858][new_worker_lincls][INFO] - Epoch: [1][310/500]	Time  0.027 ( 0.035)	Data  0.000 ( 0.008)	Loss 2.6523e+00 (2.6619e+00)	Acc@1  17.00 ( 17.40)	Acc@5  54.00 ( 54.21)
[2023-03-24 02:08:42,122][new_worker_lincls][INFO] - Epoch: [1][320/500]	Time  0.026 ( 0.034)	Data  0.001 ( 0.008)	Loss 2.6406e+00 (2.6617e+00)	Acc@1  16.00 ( 17.39)	Acc@5  50.00 ( 54.21)
[2023-03-24 02:08:42,383][new_worker_lincls][INFO] - Epoch: [1][330/500]	Time  0.026 ( 0.034)	Data  0.001 ( 0.008)	Loss 2.5565e+00 (2.6622e+00)	Acc@1  23.00 ( 17.43)	Acc@5  61.00 ( 54.24)
[2023-03-24 02:08:42,644][new_worker_lincls][INFO] - Epoch: [1][340/500]	Time  0.025 ( 0.034)	Data  0.000 ( 0.008)	Loss 2.6206e+00 (2.6605e+00)	Acc@1  18.00 ( 17.48)	Acc@5  58.00 ( 54.32)
[2023-03-24 02:08:42,907][new_worker_lincls][INFO] - Epoch: [1][350/500]	Time  0.027 ( 0.034)	Data  0.001 ( 0.008)	Loss 2.6410e+00 (2.6602e+00)	Acc@1  19.00 ( 17.46)	Acc@5  56.00 ( 54.30)
[2023-03-24 02:08:43,172][new_worker_lincls][INFO] - Epoch: [1][360/500]	Time  0.026 ( 0.033)	Data  0.001 ( 0.007)	Loss 2.6111e+00 (2.6593e+00)	Acc@1  18.00 ( 17.51)	Acc@5  55.00 ( 54.37)
[2023-03-24 02:08:43,430][new_worker_lincls][INFO] - Epoch: [1][370/500]	Time  0.026 ( 0.033)	Data  0.001 ( 0.007)	Loss 2.5427e+00 (2.6595e+00)	Acc@1  20.00 ( 17.47)	Acc@5  63.00 ( 54.37)
[2023-03-24 02:08:43,689][new_worker_lincls][INFO] - Epoch: [1][380/500]	Time  0.026 ( 0.033)	Data  0.001 ( 0.007)	Loss 2.6214e+00 (2.6603e+00)	Acc@1  12.00 ( 17.44)	Acc@5  60.00 ( 54.35)
[2023-03-24 02:08:43,947][new_worker_lincls][INFO] - Epoch: [1][390/500]	Time  0.027 ( 0.033)	Data  0.001 ( 0.007)	Loss 2.6459e+00 (2.6603e+00)	Acc@1  17.00 ( 17.44)	Acc@5  57.00 ( 54.34)
[2023-03-24 02:08:44,211][new_worker_lincls][INFO] - Epoch: [1][400/500]	Time  0.026 ( 0.033)	Data  0.001 ( 0.007)	Loss 2.6721e+00 (2.6602e+00)	Acc@1  19.00 ( 17.47)	Acc@5  54.00 ( 54.32)
[2023-03-24 02:08:44,467][new_worker_lincls][INFO] - Epoch: [1][410/500]	Time  0.026 ( 0.033)	Data  0.001 ( 0.007)	Loss 2.7089e+00 (2.6597e+00)	Acc@1  18.00 ( 17.52)	Acc@5  56.00 ( 54.37)
[2023-03-24 02:08:44,733][new_worker_lincls][INFO] - Epoch: [1][420/500]	Time  0.030 ( 0.032)	Data  0.005 ( 0.006)	Loss 2.6878e+00 (2.6587e+00)	Acc@1  15.00 ( 17.52)	Acc@5  53.00 ( 54.44)
[2023-03-24 02:08:44,990][new_worker_lincls][INFO] - Epoch: [1][430/500]	Time  0.025 ( 0.032)	Data  0.000 ( 0.006)	Loss 2.6329e+00 (2.6581e+00)	Acc@1  19.00 ( 17.54)	Acc@5  55.00 ( 54.44)
[2023-03-24 02:08:45,245][new_worker_lincls][INFO] - Epoch: [1][440/500]	Time  0.025 ( 0.032)	Data  0.000 ( 0.006)	Loss 2.6043e+00 (2.6582e+00)	Acc@1  16.00 ( 17.54)	Acc@5  60.00 ( 54.48)
[2023-03-24 02:08:45,501][new_worker_lincls][INFO] - Epoch: [1][450/500]	Time  0.025 ( 0.032)	Data  0.000 ( 0.006)	Loss 2.4951e+00 (2.6566e+00)	Acc@1  25.00 ( 17.60)	Acc@5  61.00 ( 54.58)
[2023-03-24 02:08:45,757][new_worker_lincls][INFO] - Epoch: [1][460/500]	Time  0.026 ( 0.032)	Data  0.000 ( 0.006)	Loss 2.6615e+00 (2.6566e+00)	Acc@1  13.00 ( 17.61)	Acc@5  52.00 ( 54.61)
[2023-03-24 02:08:46,011][new_worker_lincls][INFO] - Epoch: [1][470/500]	Time  0.025 ( 0.032)	Data  0.000 ( 0.006)	Loss 2.6024e+00 (2.6570e+00)	Acc@1  24.00 ( 17.63)	Acc@5  59.00 ( 54.55)
[2023-03-24 02:08:46,266][new_worker_lincls][INFO] - Epoch: [1][480/500]	Time  0.025 ( 0.032)	Data  0.000 ( 0.006)	Loss 2.6376e+00 (2.6560e+00)	Acc@1  23.00 ( 17.69)	Acc@5  56.00 ( 54.57)
[2023-03-24 02:08:46,522][new_worker_lincls][INFO] - Epoch: [1][490/500]	Time  0.025 ( 0.031)	Data  0.000 ( 0.006)	Loss 2.6489e+00 (2.6558e+00)	Acc@1  12.00 ( 17.68)	Acc@5  51.00 ( 54.58)
[2023-03-24 02:08:49,225][new_worker_lincls][INFO] - Epoch: [2][  0/500]	Time  2.290 ( 2.290)	Data  2.259 ( 2.259)	Loss 2.7363e+00 (2.7363e+00)	Acc@1  11.00 ( 11.00)	Acc@5  54.00 ( 54.00)
[2023-03-24 02:08:49,641][new_worker_lincls][INFO] - Epoch: [2][ 10/500]	Time  0.029 ( 0.246)	Data  0.000 ( 0.217)	Loss 2.7165e+00 (2.6204e+00)	Acc@1  16.00 ( 15.91)	Acc@5  55.00 ( 55.27)
[2023-03-24 02:08:49,943][new_worker_lincls][INFO] - Epoch: [2][ 20/500]	Time  0.030 ( 0.143)	Data  0.001 ( 0.114)	Loss 2.6013e+00 (2.6311e+00)	Acc@1  23.00 ( 18.00)	Acc@5  58.00 ( 55.67)
[2023-03-24 02:08:50,242][new_worker_lincls][INFO] - Epoch: [2][ 30/500]	Time  0.030 ( 0.107)	Data  0.001 ( 0.078)	Loss 2.6154e+00 (2.6400e+00)	Acc@1  17.00 ( 17.77)	Acc@5  55.00 ( 54.97)
[2023-03-24 02:08:50,553][new_worker_lincls][INFO] - Epoch: [2][ 40/500]	Time  0.031 ( 0.088)	Data  0.001 ( 0.059)	Loss 2.6392e+00 (2.6306e+00)	Acc@1  18.00 ( 18.34)	Acc@5  47.00 ( 55.39)
[2023-03-24 02:08:50,846][new_worker_lincls][INFO] - Epoch: [2][ 50/500]	Time  0.030 ( 0.077)	Data  0.001 ( 0.047)	Loss 2.6406e+00 (2.6338e+00)	Acc@1  16.00 ( 17.94)	Acc@5  57.00 ( 55.49)
[2023-03-24 02:08:51,128][new_worker_lincls][INFO] - Epoch: [2][ 60/500]	Time  0.026 ( 0.069)	Data  0.001 ( 0.040)	Loss 2.5359e+00 (2.6337e+00)	Acc@1  23.00 ( 18.25)	Acc@5  62.00 ( 55.70)
[2023-03-24 02:08:51,390][new_worker_lincls][INFO] - Epoch: [2][ 70/500]	Time  0.026 ( 0.063)	Data  0.001 ( 0.034)	Loss 2.5493e+00 (2.6333e+00)	Acc@1  18.00 ( 18.41)	Acc@5  59.00 ( 55.72)
[2023-03-24 02:08:51,656][new_worker_lincls][INFO] - Epoch: [2][ 80/500]	Time  0.026 ( 0.058)	Data  0.000 ( 0.030)	Loss 2.5524e+00 (2.6334e+00)	Acc@1  22.00 ( 18.63)	Acc@5  61.00 ( 55.80)
[2023-03-24 02:08:51,918][new_worker_lincls][INFO] - Epoch: [2][ 90/500]	Time  0.026 ( 0.055)	Data  0.001 ( 0.027)	Loss 2.5836e+00 (2.6250e+00)	Acc@1  20.00 ( 19.08)	Acc@5  54.00 ( 56.08)
[2023-03-24 02:08:52,185][new_worker_lincls][INFO] - Epoch: [2][100/500]	Time  0.026 ( 0.052)	Data  0.001 ( 0.024)	Loss 2.5582e+00 (2.6260e+00)	Acc@1  19.00 ( 19.07)	Acc@5  63.00 ( 56.08)
[2023-03-24 02:08:52,447][new_worker_lincls][INFO] - Epoch: [2][110/500]	Time  0.026 ( 0.050)	Data  0.001 ( 0.022)	Loss 2.5589e+00 (2.6276e+00)	Acc@1  20.00 ( 19.07)	Acc@5  66.00 ( 56.17)
[2023-03-24 02:08:52,706][new_worker_lincls][INFO] - Epoch: [2][120/500]	Time  0.026 ( 0.048)	Data  0.001 ( 0.020)	Loss 2.6637e+00 (2.6290e+00)	Acc@1  17.00 ( 19.07)	Acc@5  50.00 ( 56.21)
[2023-03-24 02:08:52,970][new_worker_lincls][INFO] - Epoch: [2][130/500]	Time  0.026 ( 0.046)	Data  0.001 ( 0.019)	Loss 2.5911e+00 (2.6269e+00)	Acc@1  20.00 ( 19.07)	Acc@5  54.00 ( 56.10)
[2023-03-24 02:08:53,239][new_worker_lincls][INFO] - Epoch: [2][140/500]	Time  0.026 ( 0.045)	Data  0.001 ( 0.018)	Loss 2.5942e+00 (2.6249e+00)	Acc@1  22.00 ( 19.05)	Acc@5  52.00 ( 56.15)
[2023-03-24 02:08:53,501][new_worker_lincls][INFO] - Epoch: [2][150/500]	Time  0.026 ( 0.043)	Data  0.001 ( 0.016)	Loss 2.4711e+00 (2.6252e+00)	Acc@1  23.00 ( 19.05)	Acc@5  61.00 ( 56.15)
[2023-03-24 02:08:53,764][new_worker_lincls][INFO] - Epoch: [2][160/500]	Time  0.026 ( 0.042)	Data  0.001 ( 0.015)	Loss 2.6869e+00 (2.6260e+00)	Acc@1  19.00 ( 19.02)	Acc@5  51.00 ( 56.01)
[2023-03-24 02:08:54,031][new_worker_lincls][INFO] - Epoch: [2][170/500]	Time  0.026 ( 0.042)	Data  0.001 ( 0.015)	Loss 2.6271e+00 (2.6257e+00)	Acc@1  15.00 ( 19.02)	Acc@5  57.00 ( 56.12)
[2023-03-24 02:08:54,294][new_worker_lincls][INFO] - Epoch: [2][180/500]	Time  0.026 ( 0.041)	Data  0.001 ( 0.014)	Loss 2.6570e+00 (2.6257e+00)	Acc@1  19.00 ( 18.94)	Acc@5  55.00 ( 56.16)
[2023-03-24 02:08:54,563][new_worker_lincls][INFO] - Epoch: [2][190/500]	Time  0.026 ( 0.040)	Data  0.001 ( 0.013)	Loss 2.6586e+00 (2.6262e+00)	Acc@1  16.00 ( 18.96)	Acc@5  53.00 ( 56.10)
[2023-03-24 02:08:54,833][new_worker_lincls][INFO] - Epoch: [2][200/500]	Time  0.032 ( 0.039)	Data  0.000 ( 0.012)	Loss 2.5826e+00 (2.6251e+00)	Acc@1  20.00 ( 19.05)	Acc@5  58.00 ( 56.16)
[2023-03-24 02:08:55,094][new_worker_lincls][INFO] - Epoch: [2][210/500]	Time  0.026 ( 0.039)	Data  0.000 ( 0.012)	Loss 2.5695e+00 (2.6246e+00)	Acc@1  20.00 ( 19.00)	Acc@5  51.00 ( 56.11)
[2023-03-24 02:08:55,359][new_worker_lincls][INFO] - Epoch: [2][220/500]	Time  0.026 ( 0.038)	Data  0.001 ( 0.011)	Loss 2.7214e+00 (2.6251e+00)	Acc@1  16.00 ( 18.94)	Acc@5  49.00 ( 56.09)
[2023-03-24 02:08:55,628][new_worker_lincls][INFO] - Epoch: [2][230/500]	Time  0.026 ( 0.038)	Data  0.001 ( 0.011)	Loss 2.5857e+00 (2.6245e+00)	Acc@1  19.00 ( 18.97)	Acc@5  58.00 ( 56.12)
[2023-03-24 02:08:55,889][new_worker_lincls][INFO] - Epoch: [2][240/500]	Time  0.027 ( 0.037)	Data  0.001 ( 0.010)	Loss 2.6491e+00 (2.6237e+00)	Acc@1  19.00 ( 19.05)	Acc@5  55.00 ( 56.15)
[2023-03-24 02:08:56,151][new_worker_lincls][INFO] - Epoch: [2][250/500]	Time  0.026 ( 0.037)	Data  0.001 ( 0.010)	Loss 2.5599e+00 (2.6222e+00)	Acc@1  21.00 ( 19.09)	Acc@5  55.00 ( 56.14)
[2023-03-24 02:08:56,418][new_worker_lincls][INFO] - Epoch: [2][260/500]	Time  0.026 ( 0.036)	Data  0.001 ( 0.010)	Loss 2.6172e+00 (2.6206e+00)	Acc@1  21.00 ( 19.16)	Acc@5  59.00 ( 56.15)
[2023-03-24 02:08:56,682][new_worker_lincls][INFO] - Epoch: [2][270/500]	Time  0.026 ( 0.036)	Data  0.001 ( 0.009)	Loss 2.6527e+00 (2.6179e+00)	Acc@1  19.00 ( 19.27)	Acc@5  58.00 ( 56.25)
[2023-03-24 02:08:56,945][new_worker_lincls][INFO] - Epoch: [2][280/500]	Time  0.026 ( 0.036)	Data  0.000 ( 0.009)	Loss 2.6213e+00 (2.6170e+00)	Acc@1  11.00 ( 19.23)	Acc@5  53.00 ( 56.18)
[2023-03-24 02:08:57,206][new_worker_lincls][INFO] - Epoch: [2][290/500]	Time  0.026 ( 0.035)	Data  0.001 ( 0.009)	Loss 2.4836e+00 (2.6182e+00)	Acc@1  24.00 ( 19.19)	Acc@5  66.00 ( 56.11)
[2023-03-24 02:08:57,474][new_worker_lincls][INFO] - Epoch: [2][300/500]	Time  0.026 ( 0.035)	Data  0.001 ( 0.009)	Loss 2.6595e+00 (2.6179e+00)	Acc@1  21.00 ( 19.23)	Acc@5  55.00 ( 56.14)
[2023-03-24 02:08:57,742][new_worker_lincls][INFO] - Epoch: [2][310/500]	Time  0.026 ( 0.035)	Data  0.001 ( 0.008)	Loss 2.6059e+00 (2.6162e+00)	Acc@1  19.00 ( 19.32)	Acc@5  60.00 ( 56.21)
[2023-03-24 02:08:58,003][new_worker_lincls][INFO] - Epoch: [2][320/500]	Time  0.026 ( 0.034)	Data  0.001 ( 0.008)	Loss 2.6770e+00 (2.6166e+00)	Acc@1  21.00 ( 19.30)	Acc@5  52.00 ( 56.18)
[2023-03-24 02:08:58,266][new_worker_lincls][INFO] - Epoch: [2][330/500]	Time  0.026 ( 0.034)	Data  0.001 ( 0.008)	Loss 2.6987e+00 (2.6163e+00)	Acc@1  15.00 ( 19.25)	Acc@5  47.00 ( 56.21)
[2023-03-24 02:08:58,535][new_worker_lincls][INFO] - Epoch: [2][340/500]	Time  0.027 ( 0.034)	Data  0.001 ( 0.008)	Loss 2.6066e+00 (2.6169e+00)	Acc@1  18.00 ( 19.21)	Acc@5  64.00 ( 56.18)
[2023-03-24 02:08:58,800][new_worker_lincls][INFO] - Epoch: [2][350/500]	Time  0.026 ( 0.034)	Data  0.001 ( 0.007)	Loss 2.5729e+00 (2.6166e+00)	Acc@1  19.00 ( 19.24)	Acc@5  60.00 ( 56.22)
[2023-03-24 02:08:59,062][new_worker_lincls][INFO] - Epoch: [2][360/500]	Time  0.027 ( 0.034)	Data  0.001 ( 0.007)	Loss 2.7001e+00 (2.6171e+00)	Acc@1  22.00 ( 19.25)	Acc@5  54.00 ( 56.25)
[2023-03-24 02:08:59,329][new_worker_lincls][INFO] - Epoch: [2][370/500]	Time  0.026 ( 0.033)	Data  0.001 ( 0.007)	Loss 2.6103e+00 (2.6167e+00)	Acc@1  19.00 ( 19.25)	Acc@5  55.00 ( 56.29)
[2023-03-24 02:08:59,595][new_worker_lincls][INFO] - Epoch: [2][380/500]	Time  0.026 ( 0.033)	Data  0.001 ( 0.007)	Loss 2.6071e+00 (2.6173e+00)	Acc@1  20.00 ( 19.26)	Acc@5  53.00 ( 56.25)
[2023-03-24 02:08:59,861][new_worker_lincls][INFO] - Epoch: [2][390/500]	Time  0.026 ( 0.033)	Data  0.001 ( 0.007)	Loss 2.5807e+00 (2.6168e+00)	Acc@1  17.00 ( 19.27)	Acc@5  52.00 ( 56.23)
[2023-03-24 02:09:00,125][new_worker_lincls][INFO] - Epoch: [2][400/500]	Time  0.026 ( 0.033)	Data  0.001 ( 0.007)	Loss 2.3612e+00 (2.6157e+00)	Acc@1  25.00 ( 19.29)	Acc@5  66.00 ( 56.25)
[2023-03-24 02:09:00,387][new_worker_lincls][INFO] - Epoch: [2][410/500]	Time  0.026 ( 0.033)	Data  0.001 ( 0.006)	Loss 2.6911e+00 (2.6156e+00)	Acc@1  22.00 ( 19.31)	Acc@5  49.00 ( 56.25)
[2023-03-24 02:09:00,657][new_worker_lincls][INFO] - Epoch: [2][420/500]	Time  0.028 ( 0.033)	Data  0.002 ( 0.006)	Loss 2.5188e+00 (2.6157e+00)	Acc@1  21.00 ( 19.30)	Acc@5  62.00 ( 56.27)
[2023-03-24 02:09:00,920][new_worker_lincls][INFO] - Epoch: [2][430/500]	Time  0.026 ( 0.032)	Data  0.000 ( 0.006)	Loss 2.4866e+00 (2.6149e+00)	Acc@1  26.00 ( 19.32)	Acc@5  57.00 ( 56.28)
[2023-03-24 02:09:01,178][new_worker_lincls][INFO] - Epoch: [2][440/500]	Time  0.026 ( 0.032)	Data  0.000 ( 0.006)	Loss 2.7771e+00 (2.6144e+00)	Acc@1  16.00 ( 19.33)	Acc@5  49.00 ( 56.32)
[2023-03-24 02:09:01,435][new_worker_lincls][INFO] - Epoch: [2][450/500]	Time  0.026 ( 0.032)	Data  0.000 ( 0.006)	Loss 2.5867e+00 (2.6139e+00)	Acc@1  23.00 ( 19.33)	Acc@5  55.00 ( 56.36)
[2023-03-24 02:09:01,693][new_worker_lincls][INFO] - Epoch: [2][460/500]	Time  0.026 ( 0.032)	Data  0.000 ( 0.006)	Loss 2.5908e+00 (2.6136e+00)	Acc@1  21.00 ( 19.34)	Acc@5  52.00 ( 56.38)
[2023-03-24 02:09:01,950][new_worker_lincls][INFO] - Epoch: [2][470/500]	Time  0.026 ( 0.032)	Data  0.000 ( 0.006)	Loss 2.6261e+00 (2.6138e+00)	Acc@1  15.00 ( 19.32)	Acc@5  60.00 ( 56.36)
[2023-03-24 02:09:02,208][new_worker_lincls][INFO] - Epoch: [2][480/500]	Time  0.026 ( 0.032)	Data  0.000 ( 0.006)	Loss 2.6144e+00 (2.6130e+00)	Acc@1  15.00 ( 19.31)	Acc@5  56.00 ( 56.40)
[2023-03-24 02:09:02,466][new_worker_lincls][INFO] - Epoch: [2][490/500]	Time  0.026 ( 0.032)	Data  0.000 ( 0.005)	Loss 2.6111e+00 (2.6122e+00)	Acc@1  20.00 ( 19.35)	Acc@5  55.00 ( 56.44)
[2023-03-24 02:09:05,345][new_worker_lincls][INFO] - Epoch: [3][  0/500]	Time  2.456 ( 2.456)	Data  2.429 ( 2.429)	Loss 2.6253e+00 (2.6253e+00)	Acc@1  16.00 ( 16.00)	Acc@5  54.00 ( 54.00)
[2023-03-24 02:09:05,640][new_worker_lincls][INFO] - Epoch: [3][ 10/500]	Time  0.029 ( 0.251)	Data  0.001 ( 0.222)	Loss 2.4360e+00 (2.5751e+00)	Acc@1  27.00 ( 23.00)	Acc@5  63.00 ( 58.91)
[2023-03-24 02:09:05,937][new_worker_lincls][INFO] - Epoch: [3][ 20/500]	Time  0.028 ( 0.145)	Data  0.001 ( 0.117)	Loss 2.5839e+00 (2.5656e+00)	Acc@1  21.00 ( 21.95)	Acc@5  56.00 ( 59.05)
[2023-03-24 02:09:06,231][new_worker_lincls][INFO] - Epoch: [3][ 30/500]	Time  0.032 ( 0.108)	Data  0.001 ( 0.079)	Loss 2.5667e+00 (2.5725e+00)	Acc@1  16.00 ( 21.26)	Acc@5  58.00 ( 58.74)
[2023-03-24 02:09:06,532][new_worker_lincls][INFO] - Epoch: [3][ 40/500]	Time  0.031 ( 0.089)	Data  0.001 ( 0.060)	Loss 2.7161e+00 (2.5912e+00)	Acc@1  16.00 ( 20.12)	Acc@5  53.00 ( 57.66)
[2023-03-24 02:09:06,831][new_worker_lincls][INFO] - Epoch: [3][ 50/500]	Time  0.030 ( 0.077)	Data  0.001 ( 0.048)	Loss 2.7397e+00 (2.5881e+00)	Acc@1  17.00 ( 20.33)	Acc@5  44.00 ( 57.55)
[2023-03-24 02:09:07,105][new_worker_lincls][INFO] - Epoch: [3][ 60/500]	Time  0.026 ( 0.069)	Data  0.000 ( 0.041)	Loss 2.5759e+00 (2.5816e+00)	Acc@1  19.00 ( 20.51)	Acc@5  58.00 ( 57.79)
[2023-03-24 02:09:07,375][new_worker_lincls][INFO] - Epoch: [3][ 70/500]	Time  0.027 ( 0.063)	Data  0.001 ( 0.035)	Loss 2.7491e+00 (2.5771e+00)	Acc@1  17.00 ( 20.54)	Acc@5  52.00 ( 58.11)
[2023-03-24 02:09:07,644][new_worker_lincls][INFO] - Epoch: [3][ 80/500]	Time  0.033 ( 0.059)	Data  0.001 ( 0.031)	Loss 2.4931e+00 (2.5824e+00)	Acc@1  20.00 ( 20.25)	Acc@5  65.00 ( 58.00)
[2023-03-24 02:09:07,948][new_worker_lincls][INFO] - Epoch: [3][ 90/500]	Time  0.026 ( 0.056)	Data  0.001 ( 0.027)	Loss 2.4553e+00 (2.5818e+00)	Acc@1  28.00 ( 20.36)	Acc@5  61.00 ( 57.91)
[2023-03-24 02:09:08,215][new_worker_lincls][INFO] - Epoch: [3][100/500]	Time  0.026 ( 0.053)	Data  0.000 ( 0.025)	Loss 2.4638e+00 (2.5843e+00)	Acc@1  22.00 ( 20.21)	Acc@5  66.00 ( 57.91)
[2023-03-24 02:09:08,483][new_worker_lincls][INFO] - Epoch: [3][110/500]	Time  0.026 ( 0.050)	Data  0.001 ( 0.023)	Loss 2.5666e+00 (2.5808e+00)	Acc@1  20.00 ( 20.54)	Acc@5  61.00 ( 57.95)
[2023-03-24 02:09:08,749][new_worker_lincls][INFO] - Epoch: [3][120/500]	Time  0.026 ( 0.048)	Data  0.001 ( 0.021)	Loss 2.5282e+00 (2.5812e+00)	Acc@1  21.00 ( 20.49)	Acc@5  60.00 ( 57.88)
[2023-03-24 02:09:09,015][new_worker_lincls][INFO] - Epoch: [3][130/500]	Time  0.027 ( 0.047)	Data  0.001 ( 0.019)	Loss 2.6690e+00 (2.5814e+00)	Acc@1  19.00 ( 20.38)	Acc@5  47.00 ( 57.89)
[2023-03-24 02:09:09,281][new_worker_lincls][INFO] - Epoch: [3][140/500]	Time  0.026 ( 0.045)	Data  0.000 ( 0.018)	Loss 2.5973e+00 (2.5822e+00)	Acc@1  21.00 ( 20.35)	Acc@5  60.00 ( 57.99)
[2023-03-24 02:09:09,547][new_worker_lincls][INFO] - Epoch: [3][150/500]	Time  0.027 ( 0.044)	Data  0.001 ( 0.017)	Loss 2.5483e+00 (2.5812e+00)	Acc@1  24.00 ( 20.43)	Acc@5  61.00 ( 58.01)
[2023-03-24 02:09:09,817][new_worker_lincls][INFO] - Epoch: [3][160/500]	Time  0.026 ( 0.043)	Data  0.001 ( 0.016)	Loss 2.6235e+00 (2.5801e+00)	Acc@1  16.00 ( 20.43)	Acc@5  53.00 ( 58.03)
[2023-03-24 02:09:10,082][new_worker_lincls][INFO] - Epoch: [3][170/500]	Time  0.026 ( 0.042)	Data  0.001 ( 0.015)	Loss 2.5623e+00 (2.5818e+00)	Acc@1  26.00 ( 20.42)	Acc@5  63.00 ( 57.89)
[2023-03-24 02:09:10,346][new_worker_lincls][INFO] - Epoch: [3][180/500]	Time  0.026 ( 0.041)	Data  0.000 ( 0.014)	Loss 2.7392e+00 (2.5841e+00)	Acc@1  22.00 ( 20.29)	Acc@5  51.00 ( 57.88)
[2023-03-24 02:09:10,612][new_worker_lincls][INFO] - Epoch: [3][190/500]	Time  0.027 ( 0.040)	Data  0.001 ( 0.013)	Loss 2.5545e+00 (2.5849e+00)	Acc@1  18.00 ( 20.16)	Acc@5  61.00 ( 57.82)
[2023-03-24 02:09:10,879][new_worker_lincls][INFO] - Epoch: [3][200/500]	Time  0.027 ( 0.040)	Data  0.001 ( 0.013)	Loss 2.6010e+00 (2.5849e+00)	Acc@1  16.00 ( 20.13)	Acc@5  63.00 ( 57.94)
[2023-03-24 02:09:11,147][new_worker_lincls][INFO] - Epoch: [3][210/500]	Time  0.027 ( 0.039)	Data  0.001 ( 0.012)	Loss 2.6227e+00 (2.5864e+00)	Acc@1  17.00 ( 20.06)	Acc@5  62.00 ( 57.83)
[2023-03-24 02:09:11,412][new_worker_lincls][INFO] - Epoch: [3][220/500]	Time  0.026 ( 0.039)	Data  0.000 ( 0.012)	Loss 2.5392e+00 (2.5880e+00)	Acc@1  18.00 ( 19.98)	Acc@5  64.00 ( 57.77)
[2023-03-24 02:09:11,679][new_worker_lincls][INFO] - Epoch: [3][230/500]	Time  0.027 ( 0.038)	Data  0.001 ( 0.011)	Loss 2.6118e+00 (2.5887e+00)	Acc@1  25.00 ( 19.99)	Acc@5  62.00 ( 57.76)
[2023-03-24 02:09:11,947][new_worker_lincls][INFO] - Epoch: [3][240/500]	Time  0.027 ( 0.038)	Data  0.001 ( 0.011)	Loss 2.6962e+00 (2.5894e+00)	Acc@1  20.00 ( 19.95)	Acc@5  50.00 ( 57.81)
[2023-03-24 02:09:12,216][new_worker_lincls][INFO] - Epoch: [3][250/500]	Time  0.027 ( 0.037)	Data  0.001 ( 0.010)	Loss 2.6042e+00 (2.5899e+00)	Acc@1  22.00 ( 19.87)	Acc@5  56.00 ( 57.78)
[2023-03-24 02:09:12,481][new_worker_lincls][INFO] - Epoch: [3][260/500]	Time  0.026 ( 0.037)	Data  0.000 ( 0.010)	Loss 2.5196e+00 (2.5886e+00)	Acc@1  25.00 ( 19.90)	Acc@5  61.00 ( 57.82)
[2023-03-24 02:09:12,747][new_worker_lincls][INFO] - Epoch: [3][270/500]	Time  0.027 ( 0.036)	Data  0.001 ( 0.010)	Loss 2.5816e+00 (2.5878e+00)	Acc@1  21.00 ( 19.92)	Acc@5  59.00 ( 57.89)
[2023-03-24 02:09:13,017][new_worker_lincls][INFO] - Epoch: [3][280/500]	Time  0.027 ( 0.036)	Data  0.001 ( 0.009)	Loss 2.6821e+00 (2.5883e+00)	Acc@1  23.00 ( 19.99)	Acc@5  52.00 ( 57.82)
[2023-03-24 02:09:13,284][new_worker_lincls][INFO] - Epoch: [3][290/500]	Time  0.026 ( 0.036)	Data  0.001 ( 0.009)	Loss 2.4595e+00 (2.5866e+00)	Acc@1  24.00 ( 20.08)	Acc@5  69.00 ( 57.85)
[2023-03-24 02:09:13,551][new_worker_lincls][INFO] - Epoch: [3][300/500]	Time  0.026 ( 0.035)	Data  0.000 ( 0.009)	Loss 2.4188e+00 (2.5864e+00)	Acc@1  25.00 ( 20.06)	Acc@5  62.00 ( 57.87)
[2023-03-24 02:09:13,816][new_worker_lincls][INFO] - Epoch: [3][310/500]	Time  0.027 ( 0.035)	Data  0.001 ( 0.008)	Loss 2.7512e+00 (2.5854e+00)	Acc@1  19.00 ( 20.10)	Acc@5  52.00 ( 57.92)
[2023-03-24 02:09:14,086][new_worker_lincls][INFO] - Epoch: [3][320/500]	Time  0.026 ( 0.035)	Data  0.001 ( 0.008)	Loss 2.4402e+00 (2.5850e+00)	Acc@1  30.00 ( 20.11)	Acc@5  65.00 ( 57.95)
[2023-03-24 02:09:14,352][new_worker_lincls][INFO] - Epoch: [3][330/500]	Time  0.027 ( 0.035)	Data  0.001 ( 0.008)	Loss 2.4859e+00 (2.5860e+00)	Acc@1  20.00 ( 20.08)	Acc@5  65.00 ( 57.93)
[2023-03-24 02:09:14,617][new_worker_lincls][INFO] - Epoch: [3][340/500]	Time  0.026 ( 0.034)	Data  0.000 ( 0.008)	Loss 2.5657e+00 (2.5857e+00)	Acc@1  23.00 ( 20.10)	Acc@5  57.00 ( 57.87)
[2023-03-24 02:09:14,885][new_worker_lincls][INFO] - Epoch: [3][350/500]	Time  0.027 ( 0.034)	Data  0.001 ( 0.008)	Loss 2.6168e+00 (2.5852e+00)	Acc@1  18.00 ( 20.12)	Acc@5  48.00 ( 57.86)
[2023-03-24 02:09:15,152][new_worker_lincls][INFO] - Epoch: [3][360/500]	Time  0.027 ( 0.034)	Data  0.001 ( 0.007)	Loss 2.5035e+00 (2.5839e+00)	Acc@1  27.00 ( 20.19)	Acc@5  61.00 ( 57.95)
[2023-03-24 02:09:15,419][new_worker_lincls][INFO] - Epoch: [3][370/500]	Time  0.026 ( 0.034)	Data  0.001 ( 0.007)	Loss 2.4064e+00 (2.5837e+00)	Acc@1  22.00 ( 20.15)	Acc@5  67.00 ( 57.94)
[2023-03-24 02:09:15,685][new_worker_lincls][INFO] - Epoch: [3][380/500]	Time  0.026 ( 0.034)	Data  0.000 ( 0.007)	Loss 2.4938e+00 (2.5831e+00)	Acc@1  15.00 ( 20.15)	Acc@5  57.00 ( 57.93)
[2023-03-24 02:09:15,952][new_worker_lincls][INFO] - Epoch: [3][390/500]	Time  0.027 ( 0.033)	Data  0.001 ( 0.007)	Loss 2.5539e+00 (2.5825e+00)	Acc@1  24.00 ( 20.19)	Acc@5  59.00 ( 57.95)
[2023-03-24 02:09:16,221][new_worker_lincls][INFO] - Epoch: [3][400/500]	Time  0.027 ( 0.033)	Data  0.001 ( 0.007)	Loss 2.6911e+00 (2.5819e+00)	Acc@1  24.00 ( 20.21)	Acc@5  52.00 ( 57.97)
[2023-03-24 02:09:16,489][new_worker_lincls][INFO] - Epoch: [3][410/500]	Time  0.027 ( 0.033)	Data  0.001 ( 0.007)	Loss 2.6125e+00 (2.5823e+00)	Acc@1  21.00 ( 20.19)	Acc@5  56.00 ( 57.98)
[2023-03-24 02:09:16,757][new_worker_lincls][INFO] - Epoch: [3][420/500]	Time  0.028 ( 0.033)	Data  0.002 ( 0.006)	Loss 2.4454e+00 (2.5812e+00)	Acc@1  25.00 ( 20.26)	Acc@5  58.00 ( 58.02)
[2023-03-24 02:09:17,017][new_worker_lincls][INFO] - Epoch: [3][430/500]	Time  0.026 ( 0.033)	Data  0.000 ( 0.006)	Loss 2.4744e+00 (2.5817e+00)	Acc@1  21.00 ( 20.25)	Acc@5  65.00 ( 57.95)
[2023-03-24 02:09:17,277][new_worker_lincls][INFO] - Epoch: [3][440/500]	Time  0.026 ( 0.033)	Data  0.000 ( 0.006)	Loss 2.4841e+00 (2.5818e+00)	Acc@1  27.00 ( 20.28)	Acc@5  61.00 ( 57.93)
[2023-03-24 02:09:17,536][new_worker_lincls][INFO] - Epoch: [3][450/500]	Time  0.026 ( 0.032)	Data  0.000 ( 0.006)	Loss 2.6153e+00 (2.5818e+00)	Acc@1  17.00 ( 20.26)	Acc@5  57.00 ( 57.96)
[2023-03-24 02:09:17,796][new_worker_lincls][INFO] - Epoch: [3][460/500]	Time  0.026 ( 0.032)	Data  0.000 ( 0.006)	Loss 2.7074e+00 (2.5831e+00)	Acc@1  16.00 ( 20.23)	Acc@5  54.00 ( 57.90)
[2023-03-24 02:09:18,056][new_worker_lincls][INFO] - Epoch: [3][470/500]	Time  0.026 ( 0.032)	Data  0.000 ( 0.006)	Loss 2.5948e+00 (2.5830e+00)	Acc@1  15.00 ( 20.21)	Acc@5  59.00 ( 57.89)
[2023-03-24 02:09:18,316][new_worker_lincls][INFO] - Epoch: [3][480/500]	Time  0.026 ( 0.032)	Data  0.000 ( 0.006)	Loss 2.7421e+00 (2.5834e+00)	Acc@1  18.00 ( 20.21)	Acc@5  51.00 ( 57.86)
[2023-03-24 02:09:18,576][new_worker_lincls][INFO] - Epoch: [3][490/500]	Time  0.026 ( 0.032)	Data  0.000 ( 0.006)	Loss 2.5487e+00 (2.5836e+00)	Acc@1  20.00 ( 20.20)	Acc@5  55.00 ( 57.82)
[2023-03-24 02:09:21,026][new_worker_lincls][INFO] - Epoch: [4][  0/500]	Time  2.036 ( 2.036)	Data  2.005 ( 2.005)	Loss 2.4913e+00 (2.4913e+00)	Acc@1  21.00 ( 21.00)	Acc@5  66.00 ( 66.00)
[2023-03-24 02:09:21,683][new_worker_lincls][INFO] - Epoch: [4][ 10/500]	Time  0.030 ( 0.245)	Data  0.001 ( 0.216)	Loss 2.5873e+00 (2.6101e+00)	Acc@1  23.00 ( 19.91)	Acc@5  56.00 ( 56.91)
[2023-03-24 02:09:21,976][new_worker_lincls][INFO] - Epoch: [4][ 20/500]	Time  0.029 ( 0.142)	Data  0.000 ( 0.114)	Loss 2.5300e+00 (2.6065e+00)	Acc@1  22.00 ( 19.95)	Acc@5  57.00 ( 56.86)
[2023-03-24 02:09:22,261][new_worker_lincls][INFO] - Epoch: [4][ 30/500]	Time  0.027 ( 0.106)	Data  0.000 ( 0.077)	Loss 2.5950e+00 (2.6098e+00)	Acc@1  20.00 ( 19.58)	Acc@5  51.00 ( 56.61)
[2023-03-24 02:09:22,556][new_worker_lincls][INFO] - Epoch: [4][ 40/500]	Time  0.028 ( 0.087)	Data  0.001 ( 0.058)	Loss 2.6670e+00 (2.5906e+00)	Acc@1  16.00 ( 19.88)	Acc@5  49.00 ( 57.24)
[2023-03-24 02:09:22,849][new_worker_lincls][INFO] - Epoch: [4][ 50/500]	Time  0.029 ( 0.076)	Data  0.001 ( 0.047)	Loss 2.5586e+00 (2.5791e+00)	Acc@1  18.00 ( 20.04)	Acc@5  65.00 ( 57.94)
[2023-03-24 02:09:23,117][new_worker_lincls][INFO] - Epoch: [4][ 60/500]	Time  0.026 ( 0.068)	Data  0.000 ( 0.039)	Loss 2.5838e+00 (2.5834e+00)	Acc@1  18.00 ( 20.03)	Acc@5  61.00 ( 58.13)
[2023-03-24 02:09:23,381][new_worker_lincls][INFO] - Epoch: [4][ 70/500]	Time  0.026 ( 0.062)	Data  0.001 ( 0.034)	Loss 2.5035e+00 (2.5796e+00)	Acc@1  26.00 ( 20.18)	Acc@5  60.00 ( 58.37)
[2023-03-24 02:09:23,643][new_worker_lincls][INFO] - Epoch: [4][ 80/500]	Time  0.026 ( 0.057)	Data  0.000 ( 0.030)	Loss 2.5724e+00 (2.5739e+00)	Acc@1  17.00 ( 20.15)	Acc@5  56.00 ( 58.43)
[2023-03-24 02:09:23,912][new_worker_lincls][INFO] - Epoch: [4][ 90/500]	Time  0.026 ( 0.054)	Data  0.001 ( 0.027)	Loss 2.4496e+00 (2.5721e+00)	Acc@1  27.00 ( 20.05)	Acc@5  64.00 ( 58.66)
[2023-03-24 02:09:24,175][new_worker_lincls][INFO] - Epoch: [4][100/500]	Time  0.026 ( 0.051)	Data  0.000 ( 0.024)	Loss 2.5418e+00 (2.5713e+00)	Acc@1  19.00 ( 20.16)	Acc@5  57.00 ( 58.72)
[2023-03-24 02:09:24,443][new_worker_lincls][INFO] - Epoch: [4][110/500]	Time  0.026 ( 0.049)	Data  0.001 ( 0.022)	Loss 2.4807e+00 (2.5690e+00)	Acc@1  22.00 ( 20.32)	Acc@5  67.00 ( 58.75)
[2023-03-24 02:09:24,708][new_worker_lincls][INFO] - Epoch: [4][120/500]	Time  0.026 ( 0.047)	Data  0.000 ( 0.020)	Loss 2.3790e+00 (2.5649e+00)	Acc@1  27.00 ( 20.45)	Acc@5  62.00 ( 58.94)
[2023-03-24 02:09:24,970][new_worker_lincls][INFO] - Epoch: [4][130/500]	Time  0.026 ( 0.046)	Data  0.001 ( 0.019)	Loss 2.6632e+00 (2.5652e+00)	Acc@1  15.00 ( 20.43)	Acc@5  54.00 ( 58.95)
[2023-03-24 02:09:25,232][new_worker_lincls][INFO] - Epoch: [4][140/500]	Time  0.026 ( 0.044)	Data  0.000 ( 0.017)	Loss 2.5125e+00 (2.5684e+00)	Acc@1  19.00 ( 20.40)	Acc@5  65.00 ( 58.96)
[2023-03-24 02:09:25,497][new_worker_lincls][INFO] - Epoch: [4][150/500]	Time  0.026 ( 0.043)	Data  0.000 ( 0.016)	Loss 2.4710e+00 (2.5681e+00)	Acc@1  24.00 ( 20.46)	Acc@5  60.00 ( 58.77)
[2023-03-24 02:09:25,762][new_worker_lincls][INFO] - Epoch: [4][160/500]	Time  0.027 ( 0.042)	Data  0.001 ( 0.015)	Loss 2.6805e+00 (2.5655e+00)	Acc@1  17.00 ( 20.48)	Acc@5  52.00 ( 58.83)
[2023-03-24 02:09:26,023][new_worker_lincls][INFO] - Epoch: [4][170/500]	Time  0.026 ( 0.041)	Data  0.001 ( 0.014)	Loss 2.5566e+00 (2.5644e+00)	Acc@1  20.00 ( 20.51)	Acc@5  63.00 ( 58.86)
[2023-03-24 02:09:26,285][new_worker_lincls][INFO] - Epoch: [4][180/500]	Time  0.026 ( 0.040)	Data  0.000 ( 0.014)	Loss 2.6707e+00 (2.5637e+00)	Acc@1  14.00 ( 20.61)	Acc@5  57.00 ( 58.88)
[2023-03-24 02:09:26,548][new_worker_lincls][INFO] - Epoch: [4][190/500]	Time  0.026 ( 0.040)	Data  0.001 ( 0.013)	Loss 2.5103e+00 (2.5646e+00)	Acc@1  22.00 ( 20.61)	Acc@5  56.00 ( 58.73)
[2023-03-24 02:09:26,809][new_worker_lincls][INFO] - Epoch: [4][200/500]	Time  0.026 ( 0.039)	Data  0.000 ( 0.012)	Loss 2.5492e+00 (2.5671e+00)	Acc@1  22.00 ( 20.59)	Acc@5  62.00 ( 58.63)
[2023-03-24 02:09:27,073][new_worker_lincls][INFO] - Epoch: [4][210/500]	Time  0.026 ( 0.038)	Data  0.001 ( 0.012)	Loss 2.5578e+00 (2.5658e+00)	Acc@1  20.00 ( 20.55)	Acc@5  54.00 ( 58.65)
[2023-03-24 02:09:27,335][new_worker_lincls][INFO] - Epoch: [4][220/500]	Time  0.026 ( 0.038)	Data  0.000 ( 0.011)	Loss 2.5491e+00 (2.5642e+00)	Acc@1  18.00 ( 20.60)	Acc@5  58.00 ( 58.70)
[2023-03-24 02:09:27,599][new_worker_lincls][INFO] - Epoch: [4][230/500]	Time  0.026 ( 0.037)	Data  0.001 ( 0.011)	Loss 2.5536e+00 (2.5643e+00)	Acc@1  19.00 ( 20.63)	Acc@5  59.00 ( 58.64)
[2023-03-24 02:09:27,860][new_worker_lincls][INFO] - Epoch: [4][240/500]	Time  0.026 ( 0.037)	Data  0.000 ( 0.010)	Loss 2.4655e+00 (2.5620e+00)	Acc@1  26.00 ( 20.68)	Acc@5  63.00 ( 58.76)
[2023-03-24 02:09:28,125][new_worker_lincls][INFO] - Epoch: [4][250/500]	Time  0.027 ( 0.036)	Data  0.001 ( 0.010)	Loss 2.6836e+00 (2.5626e+00)	Acc@1  16.00 ( 20.65)	Acc@5  52.00 ( 58.72)
[2023-03-24 02:09:28,387][new_worker_lincls][INFO] - Epoch: [4][260/500]	Time  0.026 ( 0.036)	Data  0.000 ( 0.010)	Loss 2.4920e+00 (2.5628e+00)	Acc@1  24.00 ( 20.65)	Acc@5  57.00 ( 58.69)
[2023-03-24 02:09:28,657][new_worker_lincls][INFO] - Epoch: [4][270/500]	Time  0.026 ( 0.036)	Data  0.001 ( 0.009)	Loss 2.5203e+00 (2.5624e+00)	Acc@1  25.00 ( 20.67)	Acc@5  64.00 ( 58.67)
[2023-03-24 02:09:28,928][new_worker_lincls][INFO] - Epoch: [4][280/500]	Time  0.031 ( 0.035)	Data  0.001 ( 0.009)	Loss 2.6958e+00 (2.5626e+00)	Acc@1  20.00 ( 20.73)	Acc@5  55.00 ( 58.71)
[2023-03-24 02:09:29,200][new_worker_lincls][INFO] - Epoch: [4][290/500]	Time  0.026 ( 0.035)	Data  0.000 ( 0.009)	Loss 2.4665e+00 (2.5623e+00)	Acc@1  20.00 ( 20.69)	Acc@5  60.00 ( 58.70)
[2023-03-24 02:09:29,467][new_worker_lincls][INFO] - Epoch: [4][300/500]	Time  0.030 ( 0.035)	Data  0.000 ( 0.008)	Loss 2.6365e+00 (2.5624e+00)	Acc@1  14.00 ( 20.72)	Acc@5  59.00 ( 58.71)
[2023-03-24 02:09:29,734][new_worker_lincls][INFO] - Epoch: [4][310/500]	Time  0.026 ( 0.035)	Data  0.001 ( 0.008)	Loss 2.5141e+00 (2.5607e+00)	Acc@1  28.00 ( 20.79)	Acc@5  58.00 ( 58.80)
[2023-03-24 02:09:29,997][new_worker_lincls][INFO] - Epoch: [4][320/500]	Time  0.026 ( 0.034)	Data  0.000 ( 0.008)	Loss 2.4929e+00 (2.5618e+00)	Acc@1  26.00 ( 20.79)	Acc@5  64.00 ( 58.78)
[2023-03-24 02:09:30,262][new_worker_lincls][INFO] - Epoch: [4][330/500]	Time  0.030 ( 0.034)	Data  0.001 ( 0.008)	Loss 2.4627e+00 (2.5609e+00)	Acc@1  29.00 ( 20.84)	Acc@5  60.00 ( 58.83)
[2023-03-24 02:09:30,525][new_worker_lincls][INFO] - Epoch: [4][340/500]	Time  0.026 ( 0.034)	Data  0.000 ( 0.007)	Loss 2.6070e+00 (2.5623e+00)	Acc@1  21.00 ( 20.79)	Acc@5  52.00 ( 58.74)
[2023-03-24 02:09:30,793][new_worker_lincls][INFO] - Epoch: [4][350/500]	Time  0.026 ( 0.034)	Data  0.001 ( 0.007)	Loss 2.4987e+00 (2.5631e+00)	Acc@1  19.00 ( 20.77)	Acc@5  59.00 ( 58.69)
[2023-03-24 02:09:31,055][new_worker_lincls][INFO] - Epoch: [4][360/500]	Time  0.026 ( 0.033)	Data  0.001 ( 0.007)	Loss 2.5803e+00 (2.5632e+00)	Acc@1  24.00 ( 20.81)	Acc@5  61.00 ( 58.70)
[2023-03-24 02:09:31,317][new_worker_lincls][INFO] - Epoch: [4][370/500]	Time  0.026 ( 0.033)	Data  0.001 ( 0.007)	Loss 2.5862e+00 (2.5621e+00)	Acc@1  18.00 ( 20.83)	Acc@5  54.00 ( 58.76)
[2023-03-24 02:09:31,581][new_worker_lincls][INFO] - Epoch: [4][380/500]	Time  0.026 ( 0.033)	Data  0.000 ( 0.007)	Loss 2.4959e+00 (2.5620e+00)	Acc@1  18.00 ( 20.83)	Acc@5  64.00 ( 58.73)
[2023-03-24 02:09:31,844][new_worker_lincls][INFO] - Epoch: [4][390/500]	Time  0.026 ( 0.033)	Data  0.001 ( 0.007)	Loss 2.5502e+00 (2.5633e+00)	Acc@1  24.00 ( 20.83)	Acc@5  60.00 ( 58.68)
[2023-03-24 02:09:32,108][new_worker_lincls][INFO] - Epoch: [4][400/500]	Time  0.026 ( 0.033)	Data  0.000 ( 0.006)	Loss 2.5947e+00 (2.5634e+00)	Acc@1  22.00 ( 20.81)	Acc@5  58.00 ( 58.67)
[2023-03-24 02:09:32,369][new_worker_lincls][INFO] - Epoch: [4][410/500]	Time  0.026 ( 0.033)	Data  0.001 ( 0.006)	Loss 2.6013e+00 (2.5632e+00)	Acc@1  24.00 ( 20.82)	Acc@5  47.00 ( 58.59)
[2023-03-24 02:09:32,637][new_worker_lincls][INFO] - Epoch: [4][420/500]	Time  0.031 ( 0.032)	Data  0.002 ( 0.006)	Loss 2.4272e+00 (2.5630e+00)	Acc@1  25.00 ( 20.79)	Acc@5  69.00 ( 58.61)
[2023-03-24 02:09:32,896][new_worker_lincls][INFO] - Epoch: [4][430/500]	Time  0.026 ( 0.032)	Data  0.000 ( 0.006)	Loss 2.5812e+00 (2.5637e+00)	Acc@1  21.00 ( 20.77)	Acc@5  58.00 ( 58.54)
[2023-03-24 02:09:33,154][new_worker_lincls][INFO] - Epoch: [4][440/500]	Time  0.026 ( 0.032)	Data  0.000 ( 0.006)	Loss 2.4355e+00 (2.5640e+00)	Acc@1  23.00 ( 20.77)	Acc@5  64.00 ( 58.51)
[2023-03-24 02:09:33,412][new_worker_lincls][INFO] - Epoch: [4][450/500]	Time  0.026 ( 0.032)	Data  0.000 ( 0.006)	Loss 2.5387e+00 (2.5630e+00)	Acc@1  21.00 ( 20.78)	Acc@5  62.00 ( 58.58)
[2023-03-24 02:09:33,670][new_worker_lincls][INFO] - Epoch: [4][460/500]	Time  0.026 ( 0.032)	Data  0.000 ( 0.006)	Loss 2.5734e+00 (2.5627e+00)	Acc@1  20.00 ( 20.80)	Acc@5  59.00 ( 58.57)
[2023-03-24 02:09:33,929][new_worker_lincls][INFO] - Epoch: [4][470/500]	Time  0.026 ( 0.032)	Data  0.000 ( 0.006)	Loss 2.6312e+00 (2.5634e+00)	Acc@1  16.00 ( 20.78)	Acc@5  57.00 ( 58.53)
[2023-03-24 02:09:34,186][new_worker_lincls][INFO] - Epoch: [4][480/500]	Time  0.026 ( 0.032)	Data  0.000 ( 0.005)	Loss 2.6488e+00 (2.5632e+00)	Acc@1  17.00 ( 20.75)	Acc@5  50.00 ( 58.56)
[2023-03-24 02:09:34,445][new_worker_lincls][INFO] - Epoch: [4][490/500]	Time  0.026 ( 0.031)	Data  0.000 ( 0.005)	Loss 2.4176e+00 (2.5628e+00)	Acc@1  33.00 ( 20.75)	Acc@5  60.00 ( 58.57)
[2023-03-24 02:09:37,109][new_worker_lincls][INFO] - Epoch: [5][  0/500]	Time  2.257 ( 2.257)	Data  2.225 ( 2.225)	Loss 2.5765e+00 (2.5765e+00)	Acc@1  22.00 ( 22.00)	Acc@5  57.00 ( 57.00)
[2023-03-24 02:09:37,692][new_worker_lincls][INFO] - Epoch: [5][ 10/500]	Time  0.029 ( 0.258)	Data  0.001 ( 0.230)	Loss 2.6611e+00 (2.5415e+00)	Acc@1  25.00 ( 23.09)	Acc@5  55.00 ( 59.18)
[2023-03-24 02:09:37,998][new_worker_lincls][INFO] - Epoch: [5][ 20/500]	Time  0.029 ( 0.150)	Data  0.000 ( 0.121)	Loss 2.5559e+00 (2.5489e+00)	Acc@1  20.00 ( 22.19)	Acc@5  62.00 ( 59.10)
[2023-03-24 02:09:38,290][new_worker_lincls][INFO] - Epoch: [5][ 30/500]	Time  0.028 ( 0.111)	Data  0.000 ( 0.082)	Loss 2.6266e+00 (2.5432e+00)	Acc@1  19.00 ( 22.35)	Acc@5  52.00 ( 59.68)
[2023-03-24 02:09:38,585][new_worker_lincls][INFO] - Epoch: [5][ 40/500]	Time  0.029 ( 0.091)	Data  0.001 ( 0.062)	Loss 2.5289e+00 (2.5479e+00)	Acc@1  21.00 ( 21.56)	Acc@5  59.00 ( 59.22)
[2023-03-24 02:09:38,866][new_worker_lincls][INFO] - Epoch: [5][ 50/500]	Time  0.026 ( 0.079)	Data  0.000 ( 0.050)	Loss 2.5669e+00 (2.5405e+00)	Acc@1  19.00 ( 21.59)	Acc@5  58.00 ( 59.37)
[2023-03-24 02:09:39,138][new_worker_lincls][INFO] - Epoch: [5][ 60/500]	Time  0.026 ( 0.070)	Data  0.000 ( 0.042)	Loss 2.5729e+00 (2.5442e+00)	Acc@1  22.00 ( 21.46)	Acc@5  58.00 ( 59.13)
[2023-03-24 02:09:39,403][new_worker_lincls][INFO] - Epoch: [5][ 70/500]	Time  0.027 ( 0.064)	Data  0.001 ( 0.036)	Loss 2.4214e+00 (2.5395e+00)	Acc@1  23.00 ( 21.48)	Acc@5  61.00 ( 59.28)
[2023-03-24 02:09:39,671][new_worker_lincls][INFO] - Epoch: [5][ 80/500]	Time  0.027 ( 0.059)	Data  0.001 ( 0.032)	Loss 2.4960e+00 (2.5369e+00)	Acc@1  21.00 ( 21.52)	Acc@5  62.00 ( 59.42)
[2023-03-24 02:09:39,936][new_worker_lincls][INFO] - Epoch: [5][ 90/500]	Time  0.026 ( 0.056)	Data  0.000 ( 0.028)	Loss 2.4717e+00 (2.5438e+00)	Acc@1  20.00 ( 21.23)	Acc@5  63.00 ( 59.05)
[2023-03-24 02:09:40,210][new_worker_lincls][INFO] - Epoch: [5][100/500]	Time  0.026 ( 0.053)	Data  0.000 ( 0.026)	Loss 2.5784e+00 (2.5451e+00)	Acc@1  23.00 ( 21.25)	Acc@5  54.00 ( 58.94)
[2023-03-24 02:09:40,483][new_worker_lincls][INFO] - Epoch: [5][110/500]	Time  0.027 ( 0.051)	Data  0.001 ( 0.023)	Loss 2.6599e+00 (2.5486e+00)	Acc@1  20.00 ( 21.26)	Acc@5  49.00 ( 58.78)
[2023-03-24 02:09:40,749][new_worker_lincls][INFO] - Epoch: [5][120/500]	Time  0.027 ( 0.049)	Data  0.001 ( 0.021)	Loss 2.5585e+00 (2.5503e+00)	Acc@1  22.00 ( 21.23)	Acc@5  52.00 ( 58.82)
[2023-03-24 02:09:41,016][new_worker_lincls][INFO] - Epoch: [5][130/500]	Time  0.026 ( 0.047)	Data  0.001 ( 0.020)	Loss 2.5665e+00 (2.5502e+00)	Acc@1  22.00 ( 21.34)	Acc@5  52.00 ( 58.95)
[2023-03-24 02:09:41,283][new_worker_lincls][INFO] - Epoch: [5][140/500]	Time  0.027 ( 0.046)	Data  0.000 ( 0.019)	Loss 2.4300e+00 (2.5475e+00)	Acc@1  25.00 ( 21.43)	Acc@5  67.00 ( 58.98)
[2023-03-24 02:09:41,550][new_worker_lincls][INFO] - Epoch: [5][150/500]	Time  0.026 ( 0.044)	Data  0.001 ( 0.017)	Loss 2.5740e+00 (2.5476e+00)	Acc@1  24.00 ( 21.40)	Acc@5  59.00 ( 59.03)
[2023-03-24 02:09:41,817][new_worker_lincls][INFO] - Epoch: [5][160/500]	Time  0.026 ( 0.043)	Data  0.001 ( 0.016)	Loss 2.4862e+00 (2.5481e+00)	Acc@1  12.00 ( 21.32)	Acc@5  70.00 ( 59.14)
[2023-03-24 02:09:42,081][new_worker_lincls][INFO] - Epoch: [5][170/500]	Time  0.027 ( 0.042)	Data  0.000 ( 0.015)	Loss 2.5325e+00 (2.5480e+00)	Acc@1  24.00 ( 21.38)	Acc@5  59.00 ( 59.04)
[2023-03-24 02:09:42,347][new_worker_lincls][INFO] - Epoch: [5][180/500]	Time  0.026 ( 0.041)	Data  0.000 ( 0.015)	Loss 2.4614e+00 (2.5471e+00)	Acc@1  23.00 ( 21.40)	Acc@5  61.00 ( 59.07)
[2023-03-24 02:09:42,613][new_worker_lincls][INFO] - Epoch: [5][190/500]	Time  0.026 ( 0.041)	Data  0.001 ( 0.014)	Loss 2.3007e+00 (2.5430e+00)	Acc@1  32.00 ( 21.52)	Acc@5  77.00 ( 59.30)
[2023-03-24 02:09:42,882][new_worker_lincls][INFO] - Epoch: [5][200/500]	Time  0.028 ( 0.040)	Data  0.001 ( 0.013)	Loss 2.6210e+00 (2.5421e+00)	Acc@1  25.00 ( 21.50)	Acc@5  59.00 ( 59.35)
[2023-03-24 02:09:43,149][new_worker_lincls][INFO] - Epoch: [5][210/500]	Time  0.026 ( 0.039)	Data  0.001 ( 0.013)	Loss 2.4594e+00 (2.5439e+00)	Acc@1  27.00 ( 21.44)	Acc@5  63.00 ( 59.25)
[2023-03-24 02:09:43,415][new_worker_lincls][INFO] - Epoch: [5][220/500]	Time  0.026 ( 0.039)	Data  0.000 ( 0.012)	Loss 2.4785e+00 (2.5450e+00)	Acc@1  19.00 ( 21.45)	Acc@5  63.00 ( 59.14)
[2023-03-24 02:09:43,681][new_worker_lincls][INFO] - Epoch: [5][230/500]	Time  0.027 ( 0.038)	Data  0.001 ( 0.012)	Loss 2.5747e+00 (2.5466e+00)	Acc@1  21.00 ( 21.39)	Acc@5  56.00 ( 59.08)
[2023-03-24 02:09:43,947][new_worker_lincls][INFO] - Epoch: [5][240/500]	Time  0.027 ( 0.038)	Data  0.001 ( 0.011)	Loss 2.3637e+00 (2.5466e+00)	Acc@1  34.00 ( 21.46)	Acc@5  64.00 ( 59.06)
[2023-03-24 02:09:44,220][new_worker_lincls][INFO] - Epoch: [5][250/500]	Time  0.027 ( 0.037)	Data  0.000 ( 0.011)	Loss 2.4460e+00 (2.5454e+00)	Acc@1  21.00 ( 21.45)	Acc@5  67.00 ( 59.13)
[2023-03-24 02:09:44,487][new_worker_lincls][INFO] - Epoch: [5][260/500]	Time  0.026 ( 0.037)	Data  0.000 ( 0.010)	Loss 2.4627e+00 (2.5443e+00)	Acc@1  22.00 ( 21.49)	Acc@5  67.00 ( 59.23)
[2023-03-24 02:09:44,752][new_worker_lincls][INFO] - Epoch: [5][270/500]	Time  0.026 ( 0.037)	Data  0.001 ( 0.010)	Loss 2.4693e+00 (2.5448e+00)	Acc@1  26.00 ( 21.41)	Acc@5  62.00 ( 59.20)
[2023-03-24 02:09:45,018][new_worker_lincls][INFO] - Epoch: [5][280/500]	Time  0.027 ( 0.036)	Data  0.001 ( 0.010)	Loss 2.5248e+00 (2.5458e+00)	Acc@1  19.00 ( 21.47)	Acc@5  65.00 ( 59.19)
[2023-03-24 02:09:45,282][new_worker_lincls][INFO] - Epoch: [5][290/500]	Time  0.026 ( 0.036)	Data  0.001 ( 0.009)	Loss 2.6083e+00 (2.5459e+00)	Acc@1  13.00 ( 21.48)	Acc@5  57.00 ( 59.14)
[2023-03-24 02:09:45,550][new_worker_lincls][INFO] - Epoch: [5][300/500]	Time  0.027 ( 0.036)	Data  0.000 ( 0.009)	Loss 2.5239e+00 (2.5458e+00)	Acc@1  23.00 ( 21.46)	Acc@5  58.00 ( 59.14)
[2023-03-24 02:09:45,814][new_worker_lincls][INFO] - Epoch: [5][310/500]	Time  0.026 ( 0.035)	Data  0.001 ( 0.009)	Loss 2.6002e+00 (2.5453e+00)	Acc@1  20.00 ( 21.49)	Acc@5  61.00 ( 59.17)
[2023-03-24 02:09:46,083][new_worker_lincls][INFO] - Epoch: [5][320/500]	Time  0.027 ( 0.035)	Data  0.001 ( 0.008)	Loss 2.6474e+00 (2.5461e+00)	Acc@1  23.00 ( 21.51)	Acc@5  61.00 ( 59.14)
[2023-03-24 02:09:46,348][new_worker_lincls][INFO] - Epoch: [5][330/500]	Time  0.026 ( 0.035)	Data  0.000 ( 0.008)	Loss 2.6198e+00 (2.5462e+00)	Acc@1  19.00 ( 21.46)	Acc@5  50.00 ( 59.11)
[2023-03-24 02:09:46,615][new_worker_lincls][INFO] - Epoch: [5][340/500]	Time  0.026 ( 0.034)	Data  0.000 ( 0.008)	Loss 2.6755e+00 (2.5465e+00)	Acc@1  15.00 ( 21.42)	Acc@5  50.00 ( 59.06)
[2023-03-24 02:09:46,881][new_worker_lincls][INFO] - Epoch: [5][350/500]	Time  0.027 ( 0.034)	Data  0.001 ( 0.008)	Loss 2.6269e+00 (2.5462e+00)	Acc@1  17.00 ( 21.43)	Acc@5  52.00 ( 59.05)
[2023-03-24 02:09:47,148][new_worker_lincls][INFO] - Epoch: [5][360/500]	Time  0.027 ( 0.034)	Data  0.001 ( 0.008)	Loss 2.3974e+00 (2.5466e+00)	Acc@1  28.00 ( 21.44)	Acc@5  67.00 ( 59.07)
[2023-03-24 02:09:47,416][new_worker_lincls][INFO] - Epoch: [5][370/500]	Time  0.027 ( 0.034)	Data  0.001 ( 0.007)	Loss 2.5223e+00 (2.5467e+00)	Acc@1  17.00 ( 21.43)	Acc@5  63.00 ( 59.05)
[2023-03-24 02:09:47,683][new_worker_lincls][INFO] - Epoch: [5][380/500]	Time  0.027 ( 0.034)	Data  0.000 ( 0.007)	Loss 2.4440e+00 (2.5460e+00)	Acc@1  21.00 ( 21.45)	Acc@5  64.00 ( 59.05)
[2023-03-24 02:09:47,948][new_worker_lincls][INFO] - Epoch: [5][390/500]	Time  0.026 ( 0.033)	Data  0.001 ( 0.007)	Loss 2.4964e+00 (2.5451e+00)	Acc@1  26.00 ( 21.47)	Acc@5  63.00 ( 59.13)
[2023-03-24 02:09:48,216][new_worker_lincls][INFO] - Epoch: [5][400/500]	Time  0.027 ( 0.033)	Data  0.001 ( 0.007)	Loss 2.4067e+00 (2.5450e+00)	Acc@1  28.00 ( 21.49)	Acc@5  66.00 ( 59.12)
[2023-03-24 02:09:48,481][new_worker_lincls][INFO] - Epoch: [5][410/500]	Time  0.026 ( 0.033)	Data  0.000 ( 0.007)	Loss 2.6540e+00 (2.5460e+00)	Acc@1  16.00 ( 21.45)	Acc@5  59.00 ( 59.10)
[2023-03-24 02:09:48,750][new_worker_lincls][INFO] - Epoch: [5][420/500]	Time  0.028 ( 0.033)	Data  0.002 ( 0.007)	Loss 2.6035e+00 (2.5463e+00)	Acc@1  24.00 ( 21.45)	Acc@5  58.00 ( 59.07)
[2023-03-24 02:09:49,011][new_worker_lincls][INFO] - Epoch: [5][430/500]	Time  0.026 ( 0.033)	Data  0.000 ( 0.006)	Loss 2.4804e+00 (2.5460e+00)	Acc@1  31.00 ( 21.41)	Acc@5  61.00 ( 59.11)
[2023-03-24 02:09:49,272][new_worker_lincls][INFO] - Epoch: [5][440/500]	Time  0.026 ( 0.033)	Data  0.000 ( 0.006)	Loss 2.6042e+00 (2.5464e+00)	Acc@1  26.00 ( 21.41)	Acc@5  56.00 ( 59.06)
[2023-03-24 02:09:49,533][new_worker_lincls][INFO] - Epoch: [5][450/500]	Time  0.026 ( 0.033)	Data  0.000 ( 0.006)	Loss 2.5373e+00 (2.5477e+00)	Acc@1  29.00 ( 21.36)	Acc@5  58.00 ( 59.03)
[2023-03-24 02:09:49,795][new_worker_lincls][INFO] - Epoch: [5][460/500]	Time  0.026 ( 0.032)	Data  0.000 ( 0.006)	Loss 2.6667e+00 (2.5501e+00)	Acc@1  15.00 ( 21.28)	Acc@5  54.00 ( 58.93)
[2023-03-24 02:09:50,056][new_worker_lincls][INFO] - Epoch: [5][470/500]	Time  0.026 ( 0.032)	Data  0.000 ( 0.006)	Loss 2.5369e+00 (2.5494e+00)	Acc@1  18.00 ( 21.30)	Acc@5  68.00 ( 59.00)
[2023-03-24 02:09:50,316][new_worker_lincls][INFO] - Epoch: [5][480/500]	Time  0.026 ( 0.032)	Data  0.000 ( 0.006)	Loss 2.5346e+00 (2.5485e+00)	Acc@1  28.00 ( 21.32)	Acc@5  57.00 ( 59.04)
[2023-03-24 02:09:50,577][new_worker_lincls][INFO] - Epoch: [5][490/500]	Time  0.026 ( 0.032)	Data  0.000 ( 0.006)	Loss 2.4756e+00 (2.5480e+00)	Acc@1  25.00 ( 21.38)	Acc@5  64.00 ( 59.09)
[2023-03-24 02:09:53,467][new_worker_lincls][INFO] - Epoch: [6][  0/500]	Time  2.460 ( 2.460)	Data  2.429 ( 2.429)	Loss 2.5105e+00 (2.5105e+00)	Acc@1  23.00 ( 23.00)	Acc@5  58.00 ( 58.00)
[2023-03-24 02:09:53,762][new_worker_lincls][INFO] - Epoch: [6][ 10/500]	Time  0.032 ( 0.251)	Data  0.001 ( 0.222)	Loss 2.4956e+00 (2.5255e+00)	Acc@1  23.00 ( 22.00)	Acc@5  63.00 ( 58.82)
[2023-03-24 02:09:54,065][new_worker_lincls][INFO] - Epoch: [6][ 20/500]	Time  0.031 ( 0.146)	Data  0.001 ( 0.116)	Loss 2.4212e+00 (2.5101e+00)	Acc@1  26.00 ( 22.86)	Acc@5  62.00 ( 59.10)
[2023-03-24 02:09:54,367][new_worker_lincls][INFO] - Epoch: [6][ 30/500]	Time  0.028 ( 0.108)	Data  0.001 ( 0.079)	Loss 2.5049e+00 (2.5234e+00)	Acc@1  25.00 ( 22.65)	Acc@5  60.00 ( 58.61)
[2023-03-24 02:09:54,652][new_worker_lincls][INFO] - Epoch: [6][ 40/500]	Time  0.026 ( 0.089)	Data  0.001 ( 0.060)	Loss 2.5042e+00 (2.5268e+00)	Acc@1  26.00 ( 22.39)	Acc@5  57.00 ( 58.83)
[2023-03-24 02:09:54,949][new_worker_lincls][INFO] - Epoch: [6][ 50/500]	Time  0.032 ( 0.077)	Data  0.001 ( 0.048)	Loss 2.4182e+00 (2.5288e+00)	Acc@1  22.00 ( 22.02)	Acc@5  61.00 ( 58.98)
[2023-03-24 02:09:55,227][new_worker_lincls][INFO] - Epoch: [6][ 60/500]	Time  0.027 ( 0.069)	Data  0.001 ( 0.040)	Loss 2.3923e+00 (2.5308e+00)	Acc@1  25.00 ( 22.03)	Acc@5  67.00 ( 59.10)
[2023-03-24 02:09:55,491][new_worker_lincls][INFO] - Epoch: [6][ 70/500]	Time  0.026 ( 0.063)	Data  0.001 ( 0.035)	Loss 2.6315e+00 (2.5358e+00)	Acc@1  19.00 ( 21.90)	Acc@5  51.00 ( 58.94)
[2023-03-24 02:09:55,757][new_worker_lincls][INFO] - Epoch: [6][ 80/500]	Time  0.027 ( 0.059)	Data  0.001 ( 0.031)	Loss 2.5074e+00 (2.5348e+00)	Acc@1  20.00 ( 21.85)	Acc@5  60.00 ( 59.09)
[2023-03-24 02:09:56,026][new_worker_lincls][INFO] - Epoch: [6][ 90/500]	Time  0.027 ( 0.055)	Data  0.001 ( 0.027)	Loss 2.4981e+00 (2.5365e+00)	Acc@1  26.00 ( 21.80)	Acc@5  58.00 ( 59.00)
[2023-03-24 02:09:56,296][new_worker_lincls][INFO] - Epoch: [6][100/500]	Time  0.027 ( 0.052)	Data  0.001 ( 0.025)	Loss 2.5670e+00 (2.5352e+00)	Acc@1  18.00 ( 22.02)	Acc@5  60.00 ( 59.14)
[2023-03-24 02:09:56,564][new_worker_lincls][INFO] - Epoch: [6][110/500]	Time  0.027 ( 0.050)	Data  0.001 ( 0.023)	Loss 2.3944e+00 (2.5326e+00)	Acc@1  28.00 ( 22.23)	Acc@5  65.00 ( 59.34)
[2023-03-24 02:09:56,831][new_worker_lincls][INFO] - Epoch: [6][120/500]	Time  0.026 ( 0.048)	Data  0.001 ( 0.021)	Loss 2.5915e+00 (2.5325e+00)	Acc@1  21.00 ( 22.21)	Acc@5  62.00 ( 59.36)
[2023-03-24 02:09:57,096][new_worker_lincls][INFO] - Epoch: [6][130/500]	Time  0.027 ( 0.046)	Data  0.000 ( 0.019)	Loss 2.6031e+00 (2.5332e+00)	Acc@1  21.00 ( 22.27)	Acc@5  60.00 ( 59.39)
[2023-03-24 02:09:57,364][new_worker_lincls][INFO] - Epoch: [6][140/500]	Time  0.027 ( 0.045)	Data  0.000 ( 0.018)	Loss 2.4297e+00 (2.5304e+00)	Acc@1  22.00 ( 22.30)	Acc@5  62.00 ( 59.58)
[2023-03-24 02:09:57,648][new_worker_lincls][INFO] - Epoch: [6][150/500]	Time  0.026 ( 0.044)	Data  0.001 ( 0.017)	Loss 2.3502e+00 (2.5275e+00)	Acc@1  30.00 ( 22.44)	Acc@5  59.00 ( 59.51)
[2023-03-24 02:09:57,915][new_worker_lincls][INFO] - Epoch: [6][160/500]	Time  0.027 ( 0.043)	Data  0.001 ( 0.016)	Loss 2.5206e+00 (2.5266e+00)	Acc@1  21.00 ( 22.50)	Acc@5  58.00 ( 59.63)
[2023-03-24 02:09:58,181][new_worker_lincls][INFO] - Epoch: [6][170/500]	Time  0.026 ( 0.042)	Data  0.001 ( 0.015)	Loss 2.5899e+00 (2.5274e+00)	Acc@1  23.00 ( 22.42)	Acc@5  56.00 ( 59.71)
[2023-03-24 02:09:58,447][new_worker_lincls][INFO] - Epoch: [6][180/500]	Time  0.026 ( 0.041)	Data  0.000 ( 0.014)	Loss 2.5821e+00 (2.5277e+00)	Acc@1  15.00 ( 22.34)	Acc@5  60.00 ( 59.78)
[2023-03-24 02:09:58,712][new_worker_lincls][INFO] - Epoch: [6][190/500]	Time  0.026 ( 0.040)	Data  0.001 ( 0.013)	Loss 2.4345e+00 (2.5288e+00)	Acc@1  29.00 ( 22.33)	Acc@5  66.00 ( 59.86)
[2023-03-24 02:09:58,983][new_worker_lincls][INFO] - Epoch: [6][200/500]	Time  0.027 ( 0.040)	Data  0.001 ( 0.013)	Loss 2.6711e+00 (2.5288e+00)	Acc@1  18.00 ( 22.26)	Acc@5  57.00 ( 59.90)
[2023-03-24 02:09:59,249][new_worker_lincls][INFO] - Epoch: [6][210/500]	Time  0.026 ( 0.039)	Data  0.000 ( 0.012)	Loss 2.5956e+00 (2.5276e+00)	Acc@1  26.00 ( 22.34)	Acc@5  58.00 ( 59.93)
[2023-03-24 02:09:59,515][new_worker_lincls][INFO] - Epoch: [6][220/500]	Time  0.027 ( 0.039)	Data  0.000 ( 0.012)	Loss 2.5897e+00 (2.5288e+00)	Acc@1  18.00 ( 22.33)	Acc@5  57.00 ( 59.87)
[2023-03-24 02:09:59,781][new_worker_lincls][INFO] - Epoch: [6][230/500]	Time  0.027 ( 0.038)	Data  0.001 ( 0.011)	Loss 2.6732e+00 (2.5301e+00)	Acc@1  19.00 ( 22.29)	Acc@5  52.00 ( 59.75)
[2023-03-24 02:10:00,050][new_worker_lincls][INFO] - Epoch: [6][240/500]	Time  0.027 ( 0.038)	Data  0.001 ( 0.011)	Loss 2.5101e+00 (2.5308e+00)	Acc@1  25.00 ( 22.30)	Acc@5  60.00 ( 59.70)
[2023-03-24 02:10:00,317][new_worker_lincls][INFO] - Epoch: [6][250/500]	Time  0.026 ( 0.037)	Data  0.001 ( 0.010)	Loss 2.5337e+00 (2.5274e+00)	Acc@1  25.00 ( 22.37)	Acc@5  60.00 ( 59.88)
[2023-03-24 02:10:00,584][new_worker_lincls][INFO] - Epoch: [6][260/500]	Time  0.026 ( 0.037)	Data  0.000 ( 0.010)	Loss 2.3694e+00 (2.5283e+00)	Acc@1  23.00 ( 22.34)	Acc@5  71.00 ( 59.87)
[2023-03-24 02:10:00,852][new_worker_lincls][INFO] - Epoch: [6][270/500]	Time  0.027 ( 0.036)	Data  0.001 ( 0.010)	Loss 2.5489e+00 (2.5302e+00)	Acc@1  23.00 ( 22.30)	Acc@5  62.00 ( 59.82)
[2023-03-24 02:10:01,119][new_worker_lincls][INFO] - Epoch: [6][280/500]	Time  0.027 ( 0.036)	Data  0.001 ( 0.009)	Loss 2.3690e+00 (2.5288e+00)	Acc@1  28.00 ( 22.36)	Acc@5  63.00 ( 59.88)
[2023-03-24 02:10:01,385][new_worker_lincls][INFO] - Epoch: [6][290/500]	Time  0.026 ( 0.036)	Data  0.001 ( 0.009)	Loss 2.5168e+00 (2.5287e+00)	Acc@1  23.00 ( 22.32)	Acc@5  62.00 ( 59.88)
[2023-03-24 02:10:01,651][new_worker_lincls][INFO] - Epoch: [6][300/500]	Time  0.026 ( 0.035)	Data  0.000 ( 0.009)	Loss 2.6028e+00 (2.5288e+00)	Acc@1  23.00 ( 22.32)	Acc@5  54.00 ( 59.88)
[2023-03-24 02:10:01,919][new_worker_lincls][INFO] - Epoch: [6][310/500]	Time  0.027 ( 0.035)	Data  0.001 ( 0.008)	Loss 2.6550e+00 (2.5287e+00)	Acc@1  19.00 ( 22.32)	Acc@5  57.00 ( 59.89)
[2023-03-24 02:10:02,186][new_worker_lincls][INFO] - Epoch: [6][320/500]	Time  0.027 ( 0.035)	Data  0.001 ( 0.008)	Loss 2.4828e+00 (2.5295e+00)	Acc@1  25.00 ( 22.34)	Acc@5  61.00 ( 59.89)
[2023-03-24 02:10:02,453][new_worker_lincls][INFO] - Epoch: [6][330/500]	Time  0.026 ( 0.035)	Data  0.000 ( 0.008)	Loss 2.4335e+00 (2.5297e+00)	Acc@1  27.00 ( 22.34)	Acc@5  61.00 ( 59.89)
[2023-03-24 02:10:02,722][new_worker_lincls][INFO] - Epoch: [6][340/500]	Time  0.026 ( 0.034)	Data  0.000 ( 0.008)	Loss 2.5565e+00 (2.5293e+00)	Acc@1  19.00 ( 22.33)	Acc@5  63.00 ( 59.94)
[2023-03-24 02:10:02,989][new_worker_lincls][INFO] - Epoch: [6][350/500]	Time  0.027 ( 0.034)	Data  0.001 ( 0.008)	Loss 2.4667e+00 (2.5299e+00)	Acc@1  20.00 ( 22.30)	Acc@5  61.00 ( 59.89)
[2023-03-24 02:10:03,258][new_worker_lincls][INFO] - Epoch: [6][360/500]	Time  0.027 ( 0.034)	Data  0.001 ( 0.007)	Loss 2.4852e+00 (2.5295e+00)	Acc@1  22.00 ( 22.27)	Acc@5  60.00 ( 59.88)
[2023-03-24 02:10:03,525][new_worker_lincls][INFO] - Epoch: [6][370/500]	Time  0.027 ( 0.034)	Data  0.001 ( 0.007)	Loss 2.4004e+00 (2.5297e+00)	Acc@1  26.00 ( 22.24)	Acc@5  68.00 ( 59.89)
[2023-03-24 02:10:03,790][new_worker_lincls][INFO] - Epoch: [6][380/500]	Time  0.026 ( 0.034)	Data  0.000 ( 0.007)	Loss 2.5418e+00 (2.5298e+00)	Acc@1  22.00 ( 22.26)	Acc@5  56.00 ( 59.84)
[2023-03-24 02:10:04,058][new_worker_lincls][INFO] - Epoch: [6][390/500]	Time  0.027 ( 0.033)	Data  0.001 ( 0.007)	Loss 2.5774e+00 (2.5306e+00)	Acc@1  21.00 ( 22.25)	Acc@5  59.00 ( 59.81)
[2023-03-24 02:10:04,327][new_worker_lincls][INFO] - Epoch: [6][400/500]	Time  0.027 ( 0.033)	Data  0.001 ( 0.007)	Loss 2.6200e+00 (2.5311e+00)	Acc@1  20.00 ( 22.23)	Acc@5  61.00 ( 59.80)
[2023-03-24 02:10:04,592][new_worker_lincls][INFO] - Epoch: [6][410/500]	Time  0.027 ( 0.033)	Data  0.000 ( 0.007)	Loss 2.5329e+00 (2.5311e+00)	Acc@1  23.00 ( 22.25)	Acc@5  60.00 ( 59.78)
[2023-03-24 02:10:04,860][new_worker_lincls][INFO] - Epoch: [6][420/500]	Time  0.028 ( 0.033)	Data  0.002 ( 0.006)	Loss 2.5759e+00 (2.5319e+00)	Acc@1  16.00 ( 22.21)	Acc@5  66.00 ( 59.75)
[2023-03-24 02:10:05,121][new_worker_lincls][INFO] - Epoch: [6][430/500]	Time  0.026 ( 0.033)	Data  0.000 ( 0.006)	Loss 2.7261e+00 (2.5323e+00)	Acc@1  15.00 ( 22.21)	Acc@5  54.00 ( 59.70)
[2023-03-24 02:10:05,381][new_worker_lincls][INFO] - Epoch: [6][440/500]	Time  0.026 ( 0.033)	Data  0.000 ( 0.006)	Loss 2.3570e+00 (2.5330e+00)	Acc@1  26.00 ( 22.15)	Acc@5  69.00 ( 59.66)
[2023-03-24 02:10:05,641][new_worker_lincls][INFO] - Epoch: [6][450/500]	Time  0.026 ( 0.032)	Data  0.000 ( 0.006)	Loss 2.4862e+00 (2.5327e+00)	Acc@1  27.00 ( 22.13)	Acc@5  60.00 ( 59.66)
[2023-03-24 02:10:05,901][new_worker_lincls][INFO] - Epoch: [6][460/500]	Time  0.026 ( 0.032)	Data  0.000 ( 0.006)	Loss 2.5280e+00 (2.5332e+00)	Acc@1  24.00 ( 22.15)	Acc@5  61.00 ( 59.63)
[2023-03-24 02:10:06,161][new_worker_lincls][INFO] - Epoch: [6][470/500]	Time  0.026 ( 0.032)	Data  0.000 ( 0.006)	Loss 2.6400e+00 (2.5347e+00)	Acc@1  13.00 ( 22.11)	Acc@5  58.00 ( 59.56)
[2023-03-24 02:10:06,421][new_worker_lincls][INFO] - Epoch: [6][480/500]	Time  0.026 ( 0.032)	Data  0.000 ( 0.006)	Loss 2.4471e+00 (2.5337e+00)	Acc@1  25.00 ( 22.10)	Acc@5  62.00 ( 59.61)
[2023-03-24 02:10:06,682][new_worker_lincls][INFO] - Epoch: [6][490/500]	Time  0.026 ( 0.032)	Data  0.000 ( 0.006)	Loss 2.4746e+00 (2.5339e+00)	Acc@1  21.00 ( 22.10)	Acc@5  61.00 ( 59.58)
[2023-03-24 02:10:09,509][new_worker_lincls][INFO] - Epoch: [7][  0/500]	Time  2.402 ( 2.402)	Data  2.372 ( 2.372)	Loss 2.5065e+00 (2.5065e+00)	Acc@1  23.00 ( 23.00)	Acc@5  62.00 ( 62.00)
[2023-03-24 02:10:09,872][new_worker_lincls][INFO] - Epoch: [7][ 10/500]	Time  0.030 ( 0.252)	Data  0.000 ( 0.223)	Loss 2.6064e+00 (2.5424e+00)	Acc@1  19.00 ( 21.91)	Acc@5  57.00 ( 59.09)
[2023-03-24 02:10:10,163][new_worker_lincls][INFO] - Epoch: [7][ 20/500]	Time  0.031 ( 0.146)	Data  0.000 ( 0.117)	Loss 2.4504e+00 (2.5332e+00)	Acc@1  24.00 ( 23.00)	Acc@5  59.00 ( 59.29)
[2023-03-24 02:10:10,453][new_worker_lincls][INFO] - Epoch: [7][ 30/500]	Time  0.032 ( 0.108)	Data  0.001 ( 0.079)	Loss 2.5388e+00 (2.5281e+00)	Acc@1  20.00 ( 22.74)	Acc@5  51.00 ( 59.52)
[2023-03-24 02:10:10,747][new_worker_lincls][INFO] - Epoch: [7][ 40/500]	Time  0.029 ( 0.089)	Data  0.001 ( 0.060)	Loss 2.6087e+00 (2.5305e+00)	Acc@1  16.00 ( 22.49)	Acc@5  56.00 ( 59.63)
[2023-03-24 02:10:11,044][new_worker_lincls][INFO] - Epoch: [7][ 50/500]	Time  0.026 ( 0.077)	Data  0.000 ( 0.049)	Loss 2.5849e+00 (2.5335e+00)	Acc@1  19.00 ( 22.18)	Acc@5  60.00 ( 59.65)
[2023-03-24 02:10:11,308][new_worker_lincls][INFO] - Epoch: [7][ 60/500]	Time  0.026 ( 0.069)	Data  0.001 ( 0.041)	Loss 2.4185e+00 (2.5315e+00)	Acc@1  27.00 ( 22.33)	Acc@5  65.00 ( 59.80)
[2023-03-24 02:10:11,575][new_worker_lincls][INFO] - Epoch: [7][ 70/500]	Time  0.027 ( 0.063)	Data  0.001 ( 0.035)	Loss 2.6016e+00 (2.5306e+00)	Acc@1  18.00 ( 22.18)	Acc@5  59.00 ( 59.92)
[2023-03-24 02:10:11,842][new_worker_lincls][INFO] - Epoch: [7][ 80/500]	Time  0.026 ( 0.058)	Data  0.001 ( 0.031)	Loss 2.5807e+00 (2.5248e+00)	Acc@1  21.00 ( 22.21)	Acc@5  63.00 ( 60.05)
[2023-03-24 02:10:12,107][new_worker_lincls][INFO] - Epoch: [7][ 90/500]	Time  0.026 ( 0.055)	Data  0.000 ( 0.027)	Loss 2.4354e+00 (2.5248e+00)	Acc@1  24.00 ( 22.10)	Acc@5  65.00 ( 60.21)
[2023-03-24 02:10:12,375][new_worker_lincls][INFO] - Epoch: [7][100/500]	Time  0.027 ( 0.052)	Data  0.001 ( 0.025)	Loss 2.5355e+00 (2.5277e+00)	Acc@1  21.00 ( 22.06)	Acc@5  57.00 ( 60.24)
[2023-03-24 02:10:12,644][new_worker_lincls][INFO] - Epoch: [7][110/500]	Time  0.030 ( 0.050)	Data  0.001 ( 0.023)	Loss 2.5996e+00 (2.5244e+00)	Acc@1  20.00 ( 22.14)	Acc@5  56.00 ( 60.51)
[2023-03-24 02:10:12,922][new_worker_lincls][INFO] - Epoch: [7][120/500]	Time  0.026 ( 0.048)	Data  0.001 ( 0.021)	Loss 2.6718e+00 (2.5266e+00)	Acc@1  14.00 ( 22.15)	Acc@5  51.00 ( 60.22)
[2023-03-24 02:10:13,190][new_worker_lincls][INFO] - Epoch: [7][130/500]	Time  0.026 ( 0.046)	Data  0.001 ( 0.019)	Loss 2.3709e+00 (2.5240e+00)	Acc@1  27.00 ( 22.16)	Acc@5  57.00 ( 60.31)
[2023-03-24 02:10:13,456][new_worker_lincls][INFO] - Epoch: [7][140/500]	Time  0.026 ( 0.045)	Data  0.001 ( 0.018)	Loss 2.5752e+00 (2.5269e+00)	Acc@1  14.00 ( 22.01)	Acc@5  61.00 ( 60.21)
[2023-03-24 02:10:13,722][new_worker_lincls][INFO] - Epoch: [7][150/500]	Time  0.026 ( 0.044)	Data  0.001 ( 0.017)	Loss 2.5272e+00 (2.5286e+00)	Acc@1  25.00 ( 22.03)	Acc@5  57.00 ( 60.24)
[2023-03-24 02:10:13,992][new_worker_lincls][INFO] - Epoch: [7][160/500]	Time  0.027 ( 0.043)	Data  0.001 ( 0.016)	Loss 2.6932e+00 (2.5293e+00)	Acc@1  20.00 ( 22.07)	Acc@5  52.00 ( 60.25)
[2023-03-24 02:10:14,264][new_worker_lincls][INFO] - Epoch: [7][170/500]	Time  0.026 ( 0.042)	Data  0.000 ( 0.015)	Loss 2.5569e+00 (2.5282e+00)	Acc@1  18.00 ( 22.13)	Acc@5  63.00 ( 60.16)
[2023-03-24 02:10:14,532][new_worker_lincls][INFO] - Epoch: [7][180/500]	Time  0.027 ( 0.041)	Data  0.001 ( 0.014)	Loss 2.4295e+00 (2.5255e+00)	Acc@1  25.00 ( 22.14)	Acc@5  62.00 ( 60.24)
[2023-03-24 02:10:14,800][new_worker_lincls][INFO] - Epoch: [7][190/500]	Time  0.027 ( 0.040)	Data  0.001 ( 0.013)	Loss 2.5280e+00 (2.5244e+00)	Acc@1  25.00 ( 22.24)	Acc@5  55.00 ( 60.22)
[2023-03-24 02:10:15,070][new_worker_lincls][INFO] - Epoch: [7][200/500]	Time  0.027 ( 0.040)	Data  0.001 ( 0.013)	Loss 2.3994e+00 (2.5243e+00)	Acc@1  19.00 ( 22.28)	Acc@5  64.00 ( 60.22)
[2023-03-24 02:10:15,338][new_worker_lincls][INFO] - Epoch: [7][210/500]	Time  0.026 ( 0.039)	Data  0.001 ( 0.012)	Loss 2.5263e+00 (2.5258e+00)	Acc@1  19.00 ( 22.27)	Acc@5  57.00 ( 60.04)
[2023-03-24 02:10:15,606][new_worker_lincls][INFO] - Epoch: [7][220/500]	Time  0.027 ( 0.038)	Data  0.001 ( 0.012)	Loss 2.5559e+00 (2.5264e+00)	Acc@1  20.00 ( 22.22)	Acc@5  57.00 ( 60.08)
[2023-03-24 02:10:15,873][new_worker_lincls][INFO] - Epoch: [7][230/500]	Time  0.026 ( 0.038)	Data  0.001 ( 0.011)	Loss 2.5160e+00 (2.5256e+00)	Acc@1  25.00 ( 22.21)	Acc@5  56.00 ( 60.11)
[2023-03-24 02:10:16,140][new_worker_lincls][INFO] - Epoch: [7][240/500]	Time  0.027 ( 0.037)	Data  0.001 ( 0.011)	Loss 2.5158e+00 (2.5228e+00)	Acc@1  27.00 ( 22.26)	Acc@5  63.00 ( 60.22)
[2023-03-24 02:10:16,409][new_worker_lincls][INFO] - Epoch: [7][250/500]	Time  0.027 ( 0.037)	Data  0.001 ( 0.010)	Loss 2.5082e+00 (2.5233e+00)	Acc@1  28.00 ( 22.27)	Acc@5  60.00 ( 60.18)
[2023-03-24 02:10:16,676][new_worker_lincls][INFO] - Epoch: [7][260/500]	Time  0.027 ( 0.037)	Data  0.001 ( 0.010)	Loss 2.4565e+00 (2.5231e+00)	Acc@1  24.00 ( 22.22)	Acc@5  66.00 ( 60.20)
[2023-03-24 02:10:16,944][new_worker_lincls][INFO] - Epoch: [7][270/500]	Time  0.027 ( 0.036)	Data  0.000 ( 0.010)	Loss 2.4486e+00 (2.5220e+00)	Acc@1  23.00 ( 22.28)	Acc@5  64.00 ( 60.28)
[2023-03-24 02:10:17,216][new_worker_lincls][INFO] - Epoch: [7][280/500]	Time  0.027 ( 0.036)	Data  0.001 ( 0.009)	Loss 2.4193e+00 (2.5228e+00)	Acc@1  31.00 ( 22.32)	Acc@5  68.00 ( 60.22)
[2023-03-24 02:10:17,485][new_worker_lincls][INFO] - Epoch: [7][290/500]	Time  0.027 ( 0.036)	Data  0.001 ( 0.009)	Loss 2.3731e+00 (2.5209e+00)	Acc@1  23.00 ( 22.38)	Acc@5  67.00 ( 60.29)
[2023-03-24 02:10:17,753][new_worker_lincls][INFO] - Epoch: [7][300/500]	Time  0.027 ( 0.035)	Data  0.001 ( 0.009)	Loss 2.6385e+00 (2.5202e+00)	Acc@1  17.00 ( 22.42)	Acc@5  58.00 ( 60.34)
[2023-03-24 02:10:18,020][new_worker_lincls][INFO] - Epoch: [7][310/500]	Time  0.026 ( 0.035)	Data  0.000 ( 0.008)	Loss 2.5241e+00 (2.5209e+00)	Acc@1  21.00 ( 22.34)	Acc@5  58.00 ( 60.34)
[2023-03-24 02:10:18,287][new_worker_lincls][INFO] - Epoch: [7][320/500]	Time  0.027 ( 0.035)	Data  0.001 ( 0.008)	Loss 2.4821e+00 (2.5195e+00)	Acc@1  27.00 ( 22.40)	Acc@5  58.00 ( 60.43)
[2023-03-24 02:10:18,556][new_worker_lincls][INFO] - Epoch: [7][330/500]	Time  0.027 ( 0.035)	Data  0.001 ( 0.008)	Loss 2.6071e+00 (2.5189e+00)	Acc@1  22.00 ( 22.47)	Acc@5  53.00 ( 60.40)
[2023-03-24 02:10:18,826][new_worker_lincls][INFO] - Epoch: [7][340/500]	Time  0.027 ( 0.034)	Data  0.001 ( 0.008)	Loss 2.5862e+00 (2.5178e+00)	Acc@1  16.00 ( 22.54)	Acc@5  58.00 ( 60.38)
[2023-03-24 02:10:19,091][new_worker_lincls][INFO] - Epoch: [7][350/500]	Time  0.026 ( 0.034)	Data  0.000 ( 0.008)	Loss 2.3768e+00 (2.5178e+00)	Acc@1  26.00 ( 22.52)	Acc@5  67.00 ( 60.42)
[2023-03-24 02:10:19,357][new_worker_lincls][INFO] - Epoch: [7][360/500]	Time  0.027 ( 0.034)	Data  0.001 ( 0.007)	Loss 2.4335e+00 (2.5165e+00)	Acc@1  23.00 ( 22.55)	Acc@5  67.00 ( 60.48)
[2023-03-24 02:10:19,625][new_worker_lincls][INFO] - Epoch: [7][370/500]	Time  0.027 ( 0.034)	Data  0.001 ( 0.007)	Loss 2.4989e+00 (2.5174e+00)	Acc@1  19.00 ( 22.49)	Acc@5  68.00 ( 60.48)
[2023-03-24 02:10:19,892][new_worker_lincls][INFO] - Epoch: [7][380/500]	Time  0.027 ( 0.034)	Data  0.001 ( 0.007)	Loss 2.4906e+00 (2.5190e+00)	Acc@1  23.00 ( 22.45)	Acc@5  58.00 ( 60.41)
[2023-03-24 02:10:20,158][new_worker_lincls][INFO] - Epoch: [7][390/500]	Time  0.026 ( 0.033)	Data  0.000 ( 0.007)	Loss 2.5117e+00 (2.5197e+00)	Acc@1  25.00 ( 22.44)	Acc@5  56.00 ( 60.32)
[2023-03-24 02:10:20,424][new_worker_lincls][INFO] - Epoch: [7][400/500]	Time  0.027 ( 0.033)	Data  0.001 ( 0.007)	Loss 2.7123e+00 (2.5202e+00)	Acc@1  17.00 ( 22.43)	Acc@5  52.00 ( 60.35)
[2023-03-24 02:10:20,693][new_worker_lincls][INFO] - Epoch: [7][410/500]	Time  0.027 ( 0.033)	Data  0.001 ( 0.007)	Loss 2.5469e+00 (2.5202e+00)	Acc@1  23.00 ( 22.43)	Acc@5  56.00 ( 60.35)
[2023-03-24 02:10:20,961][new_worker_lincls][INFO] - Epoch: [7][420/500]	Time  0.029 ( 0.033)	Data  0.003 ( 0.006)	Loss 2.5937e+00 (2.5200e+00)	Acc@1  22.00 ( 22.42)	Acc@5  56.00 ( 60.34)
[2023-03-24 02:10:21,221][new_worker_lincls][INFO] - Epoch: [7][430/500]	Time  0.026 ( 0.033)	Data  0.000 ( 0.006)	Loss 2.4887e+00 (2.5193e+00)	Acc@1  21.00 ( 22.42)	Acc@5  59.00 ( 60.34)
[2023-03-24 02:10:21,481][new_worker_lincls][INFO] - Epoch: [7][440/500]	Time  0.026 ( 0.033)	Data  0.000 ( 0.006)	Loss 2.5662e+00 (2.5203e+00)	Acc@1  16.00 ( 22.39)	Acc@5  56.00 ( 60.32)
[2023-03-24 02:10:21,740][new_worker_lincls][INFO] - Epoch: [7][450/500]	Time  0.026 ( 0.032)	Data  0.000 ( 0.006)	Loss 2.5611e+00 (2.5207e+00)	Acc@1  20.00 ( 22.38)	Acc@5  60.00 ( 60.34)
[2023-03-24 02:10:21,999][new_worker_lincls][INFO] - Epoch: [7][460/500]	Time  0.026 ( 0.032)	Data  0.000 ( 0.006)	Loss 2.5248e+00 (2.5210e+00)	Acc@1  20.00 ( 22.35)	Acc@5  64.00 ( 60.37)
[2023-03-24 02:10:22,258][new_worker_lincls][INFO] - Epoch: [7][470/500]	Time  0.026 ( 0.032)	Data  0.000 ( 0.006)	Loss 2.5118e+00 (2.5211e+00)	Acc@1  26.00 ( 22.37)	Acc@5  60.00 ( 60.32)
[2023-03-24 02:10:22,517][new_worker_lincls][INFO] - Epoch: [7][480/500]	Time  0.026 ( 0.032)	Data  0.000 ( 0.006)	Loss 2.4886e+00 (2.5220e+00)	Acc@1  24.00 ( 22.36)	Acc@5  58.00 ( 60.24)
[2023-03-24 02:10:22,776][new_worker_lincls][INFO] - Epoch: [7][490/500]	Time  0.026 ( 0.032)	Data  0.000 ( 0.006)	Loss 2.5195e+00 (2.5224e+00)	Acc@1  23.00 ( 22.36)	Acc@5  64.00 ( 60.23)
[2023-03-24 02:10:25,349][new_worker_lincls][INFO] - Epoch: [8][  0/500]	Time  2.162 ( 2.162)	Data  2.135 ( 2.135)	Loss 2.3102e+00 (2.3102e+00)	Acc@1  32.00 ( 32.00)	Acc@5  69.00 ( 69.00)
[2023-03-24 02:10:25,907][new_worker_lincls][INFO] - Epoch: [8][ 10/500]	Time  0.031 ( 0.247)	Data  0.001 ( 0.219)	Loss 2.5253e+00 (2.5043e+00)	Acc@1  21.00 ( 22.18)	Acc@5  61.00 ( 60.82)
[2023-03-24 02:10:26,206][new_worker_lincls][INFO] - Epoch: [8][ 20/500]	Time  0.030 ( 0.144)	Data  0.001 ( 0.115)	Loss 2.6758e+00 (2.5252e+00)	Acc@1  18.00 ( 21.76)	Acc@5  55.00 ( 60.14)
[2023-03-24 02:10:26,508][new_worker_lincls][INFO] - Epoch: [8][ 30/500]	Time  0.031 ( 0.107)	Data  0.001 ( 0.078)	Loss 2.5206e+00 (2.5127e+00)	Acc@1  25.00 ( 21.71)	Acc@5  62.00 ( 61.35)
[2023-03-24 02:10:26,812][new_worker_lincls][INFO] - Epoch: [8][ 40/500]	Time  0.030 ( 0.088)	Data  0.001 ( 0.059)	Loss 2.5810e+00 (2.5227e+00)	Acc@1  17.00 ( 21.59)	Acc@5  59.00 ( 60.59)
[2023-03-24 02:10:27,105][new_worker_lincls][INFO] - Epoch: [8][ 50/500]	Time  0.030 ( 0.077)	Data  0.001 ( 0.048)	Loss 2.4292e+00 (2.5104e+00)	Acc@1  25.00 ( 22.20)	Acc@5  63.00 ( 60.90)
[2023-03-24 02:10:27,383][new_worker_lincls][INFO] - Epoch: [8][ 60/500]	Time  0.027 ( 0.069)	Data  0.001 ( 0.040)	Loss 2.5585e+00 (2.5081e+00)	Acc@1  22.00 ( 22.30)	Acc@5  61.00 ( 61.00)
[2023-03-24 02:10:27,649][new_worker_lincls][INFO] - Epoch: [8][ 70/500]	Time  0.026 ( 0.063)	Data  0.001 ( 0.034)	Loss 2.3635e+00 (2.5082e+00)	Acc@1  26.00 ( 22.54)	Acc@5  63.00 ( 60.97)
[2023-03-24 02:10:27,914][new_worker_lincls][INFO] - Epoch: [8][ 80/500]	Time  0.026 ( 0.058)	Data  0.001 ( 0.030)	Loss 2.4806e+00 (2.5069e+00)	Acc@1  24.00 ( 22.80)	Acc@5  67.00 ( 60.98)
[2023-03-24 02:10:28,179][new_worker_lincls][INFO] - Epoch: [8][ 90/500]	Time  0.027 ( 0.055)	Data  0.001 ( 0.027)	Loss 2.4749e+00 (2.5086e+00)	Acc@1  27.00 ( 22.79)	Acc@5  65.00 ( 60.87)
[2023-03-24 02:10:28,445][new_worker_lincls][INFO] - Epoch: [8][100/500]	Time  0.027 ( 0.052)	Data  0.001 ( 0.024)	Loss 2.4635e+00 (2.5103e+00)	Acc@1  24.00 ( 22.75)	Acc@5  55.00 ( 60.60)
[2023-03-24 02:10:28,714][new_worker_lincls][INFO] - Epoch: [8][110/500]	Time  0.026 ( 0.050)	Data  0.001 ( 0.022)	Loss 2.5494e+00 (2.5128e+00)	Acc@1  22.00 ( 22.72)	Acc@5  64.00 ( 60.56)
[2023-03-24 02:10:28,979][new_worker_lincls][INFO] - Epoch: [8][120/500]	Time  0.026 ( 0.048)	Data  0.001 ( 0.020)	Loss 2.5257e+00 (2.5121e+00)	Acc@1  22.00 ( 22.75)	Acc@5  62.00 ( 60.44)
[2023-03-24 02:10:29,242][new_worker_lincls][INFO] - Epoch: [8][130/500]	Time  0.026 ( 0.046)	Data  0.001 ( 0.019)	Loss 2.6319e+00 (2.5131e+00)	Acc@1  20.00 ( 22.71)	Acc@5  58.00 ( 60.44)
[2023-03-24 02:10:29,510][new_worker_lincls][INFO] - Epoch: [8][140/500]	Time  0.027 ( 0.045)	Data  0.001 ( 0.018)	Loss 2.5318e+00 (2.5142e+00)	Acc@1  24.00 ( 22.76)	Acc@5  62.00 ( 60.25)
[2023-03-24 02:10:29,776][new_worker_lincls][INFO] - Epoch: [8][150/500]	Time  0.026 ( 0.044)	Data  0.001 ( 0.016)	Loss 2.3217e+00 (2.5150e+00)	Acc@1  25.00 ( 22.81)	Acc@5  67.00 ( 60.23)
[2023-03-24 02:10:30,041][new_worker_lincls][INFO] - Epoch: [8][160/500]	Time  0.027 ( 0.043)	Data  0.001 ( 0.015)	Loss 2.5058e+00 (2.5151e+00)	Acc@1  24.00 ( 22.73)	Acc@5  61.00 ( 60.17)
[2023-03-24 02:10:30,307][new_worker_lincls][INFO] - Epoch: [8][170/500]	Time  0.028 ( 0.042)	Data  0.001 ( 0.015)	Loss 2.4881e+00 (2.5132e+00)	Acc@1  19.00 ( 22.66)	Acc@5  60.00 ( 60.30)
[2023-03-24 02:10:30,574][new_worker_lincls][INFO] - Epoch: [8][180/500]	Time  0.027 ( 0.041)	Data  0.001 ( 0.014)	Loss 2.4860e+00 (2.5135e+00)	Acc@1  18.00 ( 22.69)	Acc@5  64.00 ( 60.36)
[2023-03-24 02:10:30,841][new_worker_lincls][INFO] - Epoch: [8][190/500]	Time  0.027 ( 0.040)	Data  0.001 ( 0.013)	Loss 2.4912e+00 (2.5138e+00)	Acc@1  20.00 ( 22.70)	Acc@5  64.00 ( 60.32)
[2023-03-24 02:10:31,107][new_worker_lincls][INFO] - Epoch: [8][200/500]	Time  0.027 ( 0.039)	Data  0.001 ( 0.012)	Loss 2.4160e+00 (2.5150e+00)	Acc@1  28.00 ( 22.79)	Acc@5  67.00 ( 60.33)
[2023-03-24 02:10:31,374][new_worker_lincls][INFO] - Epoch: [8][210/500]	Time  0.027 ( 0.039)	Data  0.001 ( 0.012)	Loss 2.4664e+00 (2.5137e+00)	Acc@1  23.00 ( 22.82)	Acc@5  63.00 ( 60.45)
[2023-03-24 02:10:31,642][new_worker_lincls][INFO] - Epoch: [8][220/500]	Time  0.027 ( 0.038)	Data  0.001 ( 0.011)	Loss 2.6243e+00 (2.5145e+00)	Acc@1  21.00 ( 22.79)	Acc@5  57.00 ( 60.39)
[2023-03-24 02:10:31,918][new_worker_lincls][INFO] - Epoch: [8][230/500]	Time  0.027 ( 0.038)	Data  0.001 ( 0.011)	Loss 2.5363e+00 (2.5149e+00)	Acc@1  20.00 ( 22.77)	Acc@5  63.00 ( 60.47)
[2023-03-24 02:10:32,187][new_worker_lincls][INFO] - Epoch: [8][240/500]	Time  0.027 ( 0.037)	Data  0.001 ( 0.011)	Loss 2.4949e+00 (2.5146e+00)	Acc@1  24.00 ( 22.75)	Acc@5  62.00 ( 60.53)
[2023-03-24 02:10:32,459][new_worker_lincls][INFO] - Epoch: [8][250/500]	Time  0.027 ( 0.037)	Data  0.001 ( 0.010)	Loss 2.3207e+00 (2.5126e+00)	Acc@1  31.00 ( 22.82)	Acc@5  69.00 ( 60.71)
[2023-03-24 02:10:32,727][new_worker_lincls][INFO] - Epoch: [8][260/500]	Time  0.027 ( 0.037)	Data  0.001 ( 0.010)	Loss 2.4609e+00 (2.5146e+00)	Acc@1  25.00 ( 22.74)	Acc@5  61.00 ( 60.66)
[2023-03-24 02:10:32,996][new_worker_lincls][INFO] - Epoch: [8][270/500]	Time  0.027 ( 0.036)	Data  0.001 ( 0.009)	Loss 2.4131e+00 (2.5139e+00)	Acc@1  24.00 ( 22.79)	Acc@5  67.00 ( 60.75)
[2023-03-24 02:10:33,267][new_worker_lincls][INFO] - Epoch: [8][280/500]	Time  0.027 ( 0.036)	Data  0.001 ( 0.009)	Loss 2.5687e+00 (2.5141e+00)	Acc@1  19.00 ( 22.72)	Acc@5  60.00 ( 60.69)
[2023-03-24 02:10:33,536][new_worker_lincls][INFO] - Epoch: [8][290/500]	Time  0.027 ( 0.036)	Data  0.001 ( 0.009)	Loss 2.5861e+00 (2.5141e+00)	Acc@1  19.00 ( 22.70)	Acc@5  60.00 ( 60.73)
[2023-03-24 02:10:33,805][new_worker_lincls][INFO] - Epoch: [8][300/500]	Time  0.027 ( 0.035)	Data  0.001 ( 0.009)	Loss 2.6156e+00 (2.5149e+00)	Acc@1  21.00 ( 22.67)	Acc@5  55.00 ( 60.72)
[2023-03-24 02:10:34,076][new_worker_lincls][INFO] - Epoch: [8][310/500]	Time  0.027 ( 0.035)	Data  0.001 ( 0.008)	Loss 2.5075e+00 (2.5142e+00)	Acc@1  29.00 ( 22.74)	Acc@5  59.00 ( 60.76)
[2023-03-24 02:10:34,348][new_worker_lincls][INFO] - Epoch: [8][320/500]	Time  0.027 ( 0.035)	Data  0.001 ( 0.008)	Loss 2.6497e+00 (2.5132e+00)	Acc@1  22.00 ( 22.84)	Acc@5  52.00 ( 60.80)
[2023-03-24 02:10:34,618][new_worker_lincls][INFO] - Epoch: [8][330/500]	Time  0.027 ( 0.035)	Data  0.001 ( 0.008)	Loss 2.5603e+00 (2.5127e+00)	Acc@1  22.00 ( 22.85)	Acc@5  62.00 ( 60.79)
[2023-03-24 02:10:34,887][new_worker_lincls][INFO] - Epoch: [8][340/500]	Time  0.027 ( 0.034)	Data  0.001 ( 0.008)	Loss 2.6427e+00 (2.5148e+00)	Acc@1  20.00 ( 22.74)	Acc@5  56.00 ( 60.68)
[2023-03-24 02:10:35,157][new_worker_lincls][INFO] - Epoch: [8][350/500]	Time  0.027 ( 0.034)	Data  0.001 ( 0.007)	Loss 2.3805e+00 (2.5141e+00)	Acc@1  29.00 ( 22.75)	Acc@5  66.00 ( 60.73)
[2023-03-24 02:10:35,432][new_worker_lincls][INFO] - Epoch: [8][360/500]	Time  0.027 ( 0.034)	Data  0.001 ( 0.007)	Loss 2.3481e+00 (2.5136e+00)	Acc@1  33.00 ( 22.77)	Acc@5  75.00 ( 60.76)
[2023-03-24 02:10:35,701][new_worker_lincls][INFO] - Epoch: [8][370/500]	Time  0.027 ( 0.034)	Data  0.001 ( 0.007)	Loss 2.4783e+00 (2.5125e+00)	Acc@1  23.00 ( 22.75)	Acc@5  67.00 ( 60.82)
[2023-03-24 02:10:35,970][new_worker_lincls][INFO] - Epoch: [8][380/500]	Time  0.027 ( 0.034)	Data  0.001 ( 0.007)	Loss 2.3773e+00 (2.5116e+00)	Acc@1  30.00 ( 22.81)	Acc@5  65.00 ( 60.86)
[2023-03-24 02:10:36,242][new_worker_lincls][INFO] - Epoch: [8][390/500]	Time  0.028 ( 0.033)	Data  0.001 ( 0.007)	Loss 2.7032e+00 (2.5114e+00)	Acc@1  22.00 ( 22.83)	Acc@5  50.00 ( 60.84)
[2023-03-24 02:10:36,517][new_worker_lincls][INFO] - Epoch: [8][400/500]	Time  0.027 ( 0.033)	Data  0.001 ( 0.007)	Loss 2.4477e+00 (2.5109e+00)	Acc@1  25.00 ( 22.84)	Acc@5  66.00 ( 60.84)
[2023-03-24 02:10:36,788][new_worker_lincls][INFO] - Epoch: [8][410/500]	Time  0.027 ( 0.033)	Data  0.001 ( 0.006)	Loss 2.5812e+00 (2.5111e+00)	Acc@1  21.00 ( 22.84)	Acc@5  53.00 ( 60.78)
[2023-03-24 02:10:37,058][new_worker_lincls][INFO] - Epoch: [8][420/500]	Time  0.028 ( 0.033)	Data  0.002 ( 0.006)	Loss 2.3621e+00 (2.5108e+00)	Acc@1  30.00 ( 22.88)	Acc@5  71.00 ( 60.79)
[2023-03-24 02:10:37,323][new_worker_lincls][INFO] - Epoch: [8][430/500]	Time  0.026 ( 0.033)	Data  0.000 ( 0.006)	Loss 2.5101e+00 (2.5106e+00)	Acc@1  21.00 ( 22.88)	Acc@5  62.00 ( 60.82)
[2023-03-24 02:10:37,585][new_worker_lincls][INFO] - Epoch: [8][440/500]	Time  0.027 ( 0.033)	Data  0.000 ( 0.006)	Loss 2.6026e+00 (2.5107e+00)	Acc@1  19.00 ( 22.89)	Acc@5  57.00 ( 60.80)
[2023-03-24 02:10:37,848][new_worker_lincls][INFO] - Epoch: [8][450/500]	Time  0.026 ( 0.033)	Data  0.000 ( 0.006)	Loss 2.4983e+00 (2.5114e+00)	Acc@1  17.00 ( 22.83)	Acc@5  65.00 ( 60.80)
[2023-03-24 02:10:38,109][new_worker_lincls][INFO] - Epoch: [8][460/500]	Time  0.026 ( 0.032)	Data  0.000 ( 0.006)	Loss 2.3673e+00 (2.5112e+00)	Acc@1  21.00 ( 22.80)	Acc@5  69.00 ( 60.85)
[2023-03-24 02:10:38,370][new_worker_lincls][INFO] - Epoch: [8][470/500]	Time  0.026 ( 0.032)	Data  0.000 ( 0.006)	Loss 2.5610e+00 (2.5115e+00)	Acc@1  29.00 ( 22.83)	Acc@5  53.00 ( 60.83)
[2023-03-24 02:10:38,632][new_worker_lincls][INFO] - Epoch: [8][480/500]	Time  0.026 ( 0.032)	Data  0.000 ( 0.006)	Loss 2.4616e+00 (2.5106e+00)	Acc@1  28.00 ( 22.87)	Acc@5  63.00 ( 60.91)
[2023-03-24 02:10:38,894][new_worker_lincls][INFO] - Epoch: [8][490/500]	Time  0.026 ( 0.032)	Data  0.000 ( 0.005)	Loss 2.4332e+00 (2.5100e+00)	Acc@1  28.00 ( 22.90)	Acc@5  63.00 ( 60.90)
[2023-03-24 02:10:41,374][new_worker_lincls][INFO] - Epoch: [9][  0/500]	Time  2.048 ( 2.048)	Data  2.011 ( 2.011)	Loss 2.5149e+00 (2.5149e+00)	Acc@1  23.00 ( 23.00)	Acc@5  61.00 ( 61.00)
[2023-03-24 02:10:42,148][new_worker_lincls][INFO] - Epoch: [9][ 10/500]	Time  0.031 ( 0.257)	Data  0.001 ( 0.227)	Loss 2.4335e+00 (2.4952e+00)	Acc@1  29.00 ( 23.55)	Acc@5  59.00 ( 62.36)
[2023-03-24 02:10:42,449][new_worker_lincls][INFO] - Epoch: [9][ 20/500]	Time  0.028 ( 0.149)	Data  0.001 ( 0.119)	Loss 2.5096e+00 (2.4994e+00)	Acc@1  19.00 ( 23.43)	Acc@5  61.00 ( 61.05)
[2023-03-24 02:10:42,735][new_worker_lincls][INFO] - Epoch: [9][ 30/500]	Time  0.029 ( 0.110)	Data  0.000 ( 0.081)	Loss 2.4382e+00 (2.5104e+00)	Acc@1  34.00 ( 23.48)	Acc@5  68.00 ( 60.29)
[2023-03-24 02:10:43,039][new_worker_lincls][INFO] - Epoch: [9][ 40/500]	Time  0.030 ( 0.091)	Data  0.001 ( 0.061)	Loss 2.6519e+00 (2.5091e+00)	Acc@1  25.00 ( 23.20)	Acc@5  58.00 ( 60.68)
[2023-03-24 02:10:43,322][new_worker_lincls][INFO] - Epoch: [9][ 50/500]	Time  0.027 ( 0.078)	Data  0.000 ( 0.049)	Loss 2.3375e+00 (2.5033e+00)	Acc@1  31.00 ( 23.47)	Acc@5  67.00 ( 61.10)
[2023-03-24 02:10:43,592][new_worker_lincls][INFO] - Epoch: [9][ 60/500]	Time  0.026 ( 0.070)	Data  0.001 ( 0.041)	Loss 2.2699e+00 (2.4987e+00)	Acc@1  36.00 ( 23.44)	Acc@5  66.00 ( 60.79)
[2023-03-24 02:10:43,854][new_worker_lincls][INFO] - Epoch: [9][ 70/500]	Time  0.026 ( 0.064)	Data  0.000 ( 0.036)	Loss 2.5815e+00 (2.5066e+00)	Acc@1  17.00 ( 23.20)	Acc@5  59.00 ( 60.59)
[2023-03-24 02:10:44,123][new_worker_lincls][INFO] - Epoch: [9][ 80/500]	Time  0.030 ( 0.059)	Data  0.001 ( 0.031)	Loss 2.3897e+00 (2.5014e+00)	Acc@1  29.00 ( 23.47)	Acc@5  67.00 ( 61.00)
[2023-03-24 02:10:44,398][new_worker_lincls][INFO] - Epoch: [9][ 90/500]	Time  0.026 ( 0.056)	Data  0.001 ( 0.028)	Loss 2.5030e+00 (2.5033e+00)	Acc@1  28.00 ( 23.56)	Acc@5  57.00 ( 60.82)
[2023-03-24 02:10:44,666][new_worker_lincls][INFO] - Epoch: [9][100/500]	Time  0.027 ( 0.053)	Data  0.001 ( 0.025)	Loss 2.5010e+00 (2.4988e+00)	Acc@1  27.00 ( 23.68)	Acc@5  58.00 ( 60.94)
[2023-03-24 02:10:44,935][new_worker_lincls][INFO] - Epoch: [9][110/500]	Time  0.027 ( 0.051)	Data  0.001 ( 0.023)	Loss 2.4272e+00 (2.4994e+00)	Acc@1  20.00 ( 23.50)	Acc@5  63.00 ( 60.90)
[2023-03-24 02:10:45,227][new_worker_lincls][INFO] - Epoch: [9][120/500]	Time  0.026 ( 0.049)	Data  0.000 ( 0.021)	Loss 2.6402e+00 (2.5038e+00)	Acc@1  20.00 ( 23.32)	Acc@5  59.00 ( 60.89)
[2023-03-24 02:10:45,493][new_worker_lincls][INFO] - Epoch: [9][130/500]	Time  0.026 ( 0.047)	Data  0.001 ( 0.020)	Loss 2.4767e+00 (2.5035e+00)	Acc@1  28.00 ( 23.18)	Acc@5  67.00 ( 61.05)
[2023-03-24 02:10:45,762][new_worker_lincls][INFO] - Epoch: [9][140/500]	Time  0.027 ( 0.046)	Data  0.001 ( 0.018)	Loss 2.5189e+00 (2.5038e+00)	Acc@1  24.00 ( 23.21)	Acc@5  66.00 ( 61.10)
[2023-03-24 02:10:46,041][new_worker_lincls][INFO] - Epoch: [9][150/500]	Time  0.027 ( 0.044)	Data  0.001 ( 0.017)	Loss 2.3895e+00 (2.5028e+00)	Acc@1  27.00 ( 23.16)	Acc@5  64.00 ( 61.16)
[2023-03-24 02:10:46,307][new_worker_lincls][INFO] - Epoch: [9][160/500]	Time  0.026 ( 0.043)	Data  0.000 ( 0.016)	Loss 2.6019e+00 (2.5059e+00)	Acc@1  16.00 ( 23.05)	Acc@5  65.00 ( 61.05)
[2023-03-24 02:10:46,573][new_worker_lincls][INFO] - Epoch: [9][170/500]	Time  0.027 ( 0.042)	Data  0.001 ( 0.015)	Loss 2.3958e+00 (2.5067e+00)	Acc@1  22.00 ( 23.02)	Acc@5  63.00 ( 60.98)
[2023-03-24 02:10:46,842][new_worker_lincls][INFO] - Epoch: [9][180/500]	Time  0.028 ( 0.042)	Data  0.001 ( 0.014)	Loss 2.4811e+00 (2.5043e+00)	Acc@1  19.00 ( 23.17)	Acc@5  67.00 ( 61.07)
[2023-03-24 02:10:47,114][new_worker_lincls][INFO] - Epoch: [9][190/500]	Time  0.027 ( 0.041)	Data  0.001 ( 0.014)	Loss 2.3867e+00 (2.5053e+00)	Acc@1  30.00 ( 23.15)	Acc@5  63.00 ( 60.96)
[2023-03-24 02:10:47,382][new_worker_lincls][INFO] - Epoch: [9][200/500]	Time  0.027 ( 0.040)	Data  0.000 ( 0.013)	Loss 2.6096e+00 (2.5064e+00)	Acc@1  18.00 ( 23.06)	Acc@5  57.00 ( 60.97)
[2023-03-24 02:10:47,659][new_worker_lincls][INFO] - Epoch: [9][210/500]	Time  0.027 ( 0.040)	Data  0.001 ( 0.012)	Loss 2.6248e+00 (2.5070e+00)	Acc@1  18.00 ( 22.99)	Acc@5  56.00 ( 60.95)
[2023-03-24 02:10:47,990][new_worker_lincls][INFO] - Epoch: [9][220/500]	Time  0.027 ( 0.039)	Data  0.001 ( 0.012)	Loss 2.4707e+00 (2.5071e+00)	Acc@1  25.00 ( 23.06)	Acc@5  59.00 ( 60.97)
[2023-03-24 02:10:48,269][new_worker_lincls][INFO] - Epoch: [9][230/500]	Time  0.027 ( 0.039)	Data  0.001 ( 0.012)	Loss 2.3335e+00 (2.5047e+00)	Acc@1  26.00 ( 23.11)	Acc@5  72.00 ( 61.02)
[2023-03-24 02:10:48,537][new_worker_lincls][INFO] - Epoch: [9][240/500]	Time  0.027 ( 0.038)	Data  0.001 ( 0.011)	Loss 2.7963e+00 (2.5054e+00)	Acc@1  16.00 ( 23.16)	Acc@5  56.00 ( 61.05)
[2023-03-24 02:10:48,807][new_worker_lincls][INFO] - Epoch: [9][250/500]	Time  0.027 ( 0.038)	Data  0.001 ( 0.011)	Loss 2.5487e+00 (2.5050e+00)	Acc@1  26.00 ( 23.15)	Acc@5  58.00 ( 61.06)
[2023-03-24 02:10:49,078][new_worker_lincls][INFO] - Epoch: [9][260/500]	Time  0.027 ( 0.037)	Data  0.001 ( 0.010)	Loss 2.4738e+00 (2.5049e+00)	Acc@1  20.00 ( 23.15)	Acc@5  66.00 ( 61.07)
[2023-03-24 02:10:49,344][new_worker_lincls][INFO] - Epoch: [9][270/500]	Time  0.026 ( 0.037)	Data  0.000 ( 0.010)	Loss 2.6508e+00 (2.5048e+00)	Acc@1  19.00 ( 23.14)	Acc@5  54.00 ( 61.03)
[2023-03-24 02:10:49,612][new_worker_lincls][INFO] - Epoch: [9][280/500]	Time  0.027 ( 0.037)	Data  0.001 ( 0.010)	Loss 2.5923e+00 (2.5048e+00)	Acc@1  24.00 ( 23.17)	Acc@5  58.00 ( 61.03)
[2023-03-24 02:10:49,883][new_worker_lincls][INFO] - Epoch: [9][290/500]	Time  0.027 ( 0.036)	Data  0.001 ( 0.009)	Loss 2.3766e+00 (2.5032e+00)	Acc@1  30.00 ( 23.24)	Acc@5  62.00 ( 61.09)
[2023-03-24 02:10:50,157][new_worker_lincls][INFO] - Epoch: [9][300/500]	Time  0.027 ( 0.036)	Data  0.001 ( 0.009)	Loss 2.4984e+00 (2.5043e+00)	Acc@1  26.00 ( 23.21)	Acc@5  60.00 ( 61.03)
[2023-03-24 02:10:50,451][new_worker_lincls][INFO] - Epoch: [9][310/500]	Time  0.027 ( 0.036)	Data  0.001 ( 0.009)	Loss 2.6432e+00 (2.5049e+00)	Acc@1  20.00 ( 23.22)	Acc@5  53.00 ( 60.95)
[2023-03-24 02:10:50,727][new_worker_lincls][INFO] - Epoch: [9][320/500]	Time  0.026 ( 0.036)	Data  0.000 ( 0.009)	Loss 2.3429e+00 (2.5042e+00)	Acc@1  30.00 ( 23.26)	Acc@5  70.00 ( 60.97)
[2023-03-24 02:10:50,996][new_worker_lincls][INFO] - Epoch: [9][330/500]	Time  0.027 ( 0.035)	Data  0.001 ( 0.008)	Loss 2.6109e+00 (2.5048e+00)	Acc@1  19.00 ( 23.23)	Acc@5  60.00 ( 60.92)
[2023-03-24 02:10:51,265][new_worker_lincls][INFO] - Epoch: [9][340/500]	Time  0.027 ( 0.035)	Data  0.001 ( 0.008)	Loss 2.5505e+00 (2.5066e+00)	Acc@1  22.00 ( 23.17)	Acc@5  60.00 ( 60.84)
[2023-03-24 02:10:51,533][new_worker_lincls][INFO] - Epoch: [9][350/500]	Time  0.026 ( 0.035)	Data  0.000 ( 0.008)	Loss 2.3459e+00 (2.5067e+00)	Acc@1  26.00 ( 23.20)	Acc@5  70.00 ( 60.85)
[2023-03-24 02:10:51,804][new_worker_lincls][INFO] - Epoch: [9][360/500]	Time  0.027 ( 0.035)	Data  0.001 ( 0.008)	Loss 2.5315e+00 (2.5063e+00)	Acc@1  22.00 ( 23.28)	Acc@5  58.00 ( 60.83)
[2023-03-24 02:10:52,074][new_worker_lincls][INFO] - Epoch: [9][370/500]	Time  0.027 ( 0.034)	Data  0.001 ( 0.007)	Loss 2.4735e+00 (2.5067e+00)	Acc@1  22.00 ( 23.22)	Acc@5  61.00 ( 60.86)
[2023-03-24 02:10:52,343][new_worker_lincls][INFO] - Epoch: [9][380/500]	Time  0.026 ( 0.034)	Data  0.001 ( 0.007)	Loss 2.4776e+00 (2.5056e+00)	Acc@1  23.00 ( 23.26)	Acc@5  60.00 ( 60.89)
[2023-03-24 02:10:52,608][new_worker_lincls][INFO] - Epoch: [9][390/500]	Time  0.026 ( 0.034)	Data  0.000 ( 0.007)	Loss 2.4375e+00 (2.5052e+00)	Acc@1  24.00 ( 23.26)	Acc@5  67.00 ( 60.92)
[2023-03-24 02:10:52,883][new_worker_lincls][INFO] - Epoch: [9][400/500]	Time  0.027 ( 0.034)	Data  0.001 ( 0.007)	Loss 2.4472e+00 (2.5048e+00)	Acc@1  24.00 ( 23.27)	Acc@5  61.00 ( 60.96)
[2023-03-24 02:10:53,154][new_worker_lincls][INFO] - Epoch: [9][410/500]	Time  0.027 ( 0.034)	Data  0.001 ( 0.007)	Loss 2.5268e+00 (2.5054e+00)	Acc@1  20.00 ( 23.28)	Acc@5  59.00 ( 61.00)
[2023-03-24 02:10:53,429][new_worker_lincls][INFO] - Epoch: [9][420/500]	Time  0.032 ( 0.034)	Data  0.002 ( 0.007)	Loss 2.6210e+00 (2.5054e+00)	Acc@1  19.00 ( 23.29)	Acc@5  60.00 ( 61.00)
[2023-03-24 02:10:53,690][new_worker_lincls][INFO] - Epoch: [9][430/500]	Time  0.026 ( 0.033)	Data  0.000 ( 0.007)	Loss 2.4743e+00 (2.5048e+00)	Acc@1  28.00 ( 23.32)	Acc@5  67.00 ( 61.04)
[2023-03-24 02:10:53,951][new_worker_lincls][INFO] - Epoch: [9][440/500]	Time  0.026 ( 0.033)	Data  0.000 ( 0.006)	Loss 2.3894e+00 (2.5039e+00)	Acc@1  23.00 ( 23.29)	Acc@5  66.00 ( 61.12)
[2023-03-24 02:10:54,213][new_worker_lincls][INFO] - Epoch: [9][450/500]	Time  0.026 ( 0.033)	Data  0.000 ( 0.006)	Loss 2.4905e+00 (2.5040e+00)	Acc@1  22.00 ( 23.25)	Acc@5  58.00 ( 61.07)
[2023-03-24 02:10:54,475][new_worker_lincls][INFO] - Epoch: [9][460/500]	Time  0.026 ( 0.033)	Data  0.000 ( 0.006)	Loss 2.5488e+00 (2.5048e+00)	Acc@1  24.00 ( 23.23)	Acc@5  59.00 ( 60.99)
[2023-03-24 02:10:54,736][new_worker_lincls][INFO] - Epoch: [9][470/500]	Time  0.026 ( 0.033)	Data  0.000 ( 0.006)	Loss 2.3728e+00 (2.5047e+00)	Acc@1  25.00 ( 23.27)	Acc@5  73.00 ( 61.01)
[2023-03-24 02:10:54,998][new_worker_lincls][INFO] - Epoch: [9][480/500]	Time  0.026 ( 0.033)	Data  0.000 ( 0.006)	Loss 2.5719e+00 (2.5045e+00)	Acc@1  22.00 ( 23.28)	Acc@5  65.00 ( 61.04)
[2023-03-24 02:10:55,259][new_worker_lincls][INFO] - Epoch: [9][490/500]	Time  0.026 ( 0.032)	Data  0.000 ( 0.006)	Loss 2.5368e+00 (2.5049e+00)	Acc@1  23.00 ( 23.31)	Acc@5  61.00 ( 61.04)
[2023-03-24 02:10:57,952][new_worker_lincls][INFO] - Test: [  0/100]	Time  2.269 ( 2.269)	Loss 3.0534e+00 (3.0534e+00)	Acc@1   5.00 (  5.00)	Acc@5  24.00 ( 24.00)
[2023-03-24 02:10:58,256][new_worker_lincls][INFO] - Test: [ 10/100]	Time  0.028 ( 0.234)	Loss 2.0449e+00 (2.5180e+00)	Acc@1  41.00 ( 22.45)	Acc@5  64.00 ( 53.00)
[2023-03-24 02:10:58,558][new_worker_lincls][INFO] - Test: [ 20/100]	Time  0.029 ( 0.137)	Loss 1.8720e+00 (2.3280e+00)	Acc@1  41.00 ( 28.95)	Acc@5  87.00 ( 62.05)
[2023-03-24 02:10:58,837][new_worker_lincls][INFO] - Test: [ 30/100]	Time  0.026 ( 0.102)	Loss 2.4505e+00 (2.3455e+00)	Acc@1  22.00 ( 27.81)	Acc@5  72.00 ( 62.84)
[2023-03-24 02:10:59,098][new_worker_lincls][INFO] - Test: [ 40/100]	Time  0.026 ( 0.083)	Loss 2.9179e+00 (2.4099e+00)	Acc@1   4.00 ( 25.76)	Acc@5  48.00 ( 62.44)
[2023-03-24 02:10:59,357][new_worker_lincls][INFO] - Test: [ 50/100]	Time  0.026 ( 0.072)	Loss 2.4001e+00 (2.3851e+00)	Acc@1  34.00 ( 27.65)	Acc@5  65.00 ( 64.76)
[2023-03-24 02:10:59,612][new_worker_lincls][INFO] - Test: [ 60/100]	Time  0.026 ( 0.064)	Loss 2.8048e+00 (2.4160e+00)	Acc@1  15.00 ( 26.08)	Acc@5  56.00 ( 64.48)
[2023-03-24 02:10:59,868][new_worker_lincls][INFO] - Test: [ 70/100]	Time  0.026 ( 0.059)	Loss 2.1049e+00 (2.4367e+00)	Acc@1  51.00 ( 25.37)	Acc@5  79.00 ( 64.11)
[2023-03-24 02:11:00,124][new_worker_lincls][INFO] - Test: [ 80/100]	Time  0.025 ( 0.055)	Loss 2.8148e+00 (2.4690e+00)	Acc@1   6.00 ( 24.20)	Acc@5  55.00 ( 62.30)
[2023-03-24 02:11:00,380][new_worker_lincls][INFO] - Test: [ 90/100]	Time  0.026 ( 0.052)	Loss 2.8373e+00 (2.4548e+00)	Acc@1  16.00 ( 24.91)	Acc@5  50.00 ( 62.73)
[2023-03-24 02:11:00,792][new_worker_lincls][INFO] -  * Acc@1 24.180 Acc@5 63.300
