[2023-03-22 17:08:19,637][__main__][INFO] - PYTHONPATH: /home/subhrangsu/contssl/continuous_ssl_problem
[2023-03-22 17:09:50,297][worker_lincls][INFO] - => creating model 'resnet18'
[2023-03-22 17:09:50,382][worker_lincls][INFO] - => loading checkpoint '/home/subhrangsu/contssl/continuous_ssl_problem/cifar10logs/checkpoints/cifar10_grayscale/cifar10_grayscale/checkpoint_0001.pth'
[2023-03-22 17:09:50,429][worker_lincls][INFO] - => loaded pre-trained model '/home/subhrangsu/contssl/continuous_ssl_problem/cifar10logs/checkpoints/cifar10_grayscale/cifar10_grayscale/checkpoint_0001.pth'
[2023-03-22 17:09:52,655][worker_lincls][INFO] - => no checkpoint found at '/home/subhrangsu/contssl/continuous_ssl_problem/cifar10logs/checkpoints/cifar10_grayscale/cifar10_grayscale/checkpoint_0001.pth.imnet.lincls'
[2023-03-22 17:12:14,493][worker_lincls][INFO] - Epoch: [0][   0/1252]	Time 141.833 (141.833)	Data 138.207 (138.207)	Loss 6.9076e+00 (6.9076e+00)	Acc@1   0.10 (  0.10)	Acc@5   0.39 (  0.39)
[2023-03-22 17:12:17,638][worker_lincls][INFO] - Epoch: [0][  10/1252]	Time  0.257 (13.180)	Data  0.001 (12.578)	Loss 6.9072e+00 (6.9074e+00)	Acc@1   0.10 (  0.13)	Acc@5   0.49 (  0.46)
[2023-03-22 17:12:20,220][worker_lincls][INFO] - Epoch: [0][  20/1252]	Time  0.258 ( 7.027)	Data  0.001 ( 6.589)	Loss 6.9039e+00 (6.9067e+00)	Acc@1   0.10 (  0.12)	Acc@5   0.78 (  0.56)
[2023-03-22 17:12:22,810][worker_lincls][INFO] - Epoch: [0][  30/1252]	Time  0.261 ( 4.844)	Data  0.001 ( 4.464)	Loss 6.9035e+00 (6.9057e+00)	Acc@1   0.10 (  0.13)	Acc@5   0.68 (  0.66)
[2023-03-22 17:14:39,215][worker_lincls][INFO] - Epoch: [0][  40/1252]	Time 134.066 ( 6.989)	Data 133.803 ( 6.639)	Loss 6.9011e+00 (6.9046e+00)	Acc@1   0.10 (  0.14)	Acc@5   1.07 (  0.70)
[2023-03-22 17:14:48,162][worker_lincls][INFO] - Epoch: [0][  50/1252]	Time  0.258 ( 5.794)	Data  0.001 ( 5.462)	Loss 6.8967e+00 (6.9033e+00)	Acc@1   0.20 (  0.15)	Acc@5   1.17 (  0.76)
[2023-03-22 17:14:50,737][worker_lincls][INFO] - Epoch: [0][  60/1252]	Time  0.257 ( 4.887)	Data  0.001 ( 4.567)	Loss 6.8957e+00 (6.9021e+00)	Acc@1   0.39 (  0.19)	Acc@5   1.27 (  0.86)
[2023-03-22 17:14:57,438][worker_lincls][INFO] - Epoch: [0][  70/1252]	Time  0.259 ( 4.293)	Data  0.000 ( 3.982)	Loss 6.8914e+00 (6.9010e+00)	Acc@1   0.20 (  0.20)	Acc@5   1.07 (  0.93)
[2023-03-22 17:17:20,405][worker_lincls][INFO] - Epoch: [0][  80/1252]	Time 140.642 ( 5.528)	Data 140.380 ( 5.223)	Loss 6.8857e+00 (6.8996e+00)	Acc@1   0.29 (  0.24)	Acc@5   1.56 (  1.02)
[2023-03-22 17:17:34,839][worker_lincls][INFO] - Epoch: [0][  90/1252]	Time  0.257 ( 5.079)	Data  0.001 ( 4.780)	Loss 6.8861e+00 (6.8983e+00)	Acc@1   0.39 (  0.27)	Acc@5   1.76 (  1.10)
[2023-03-22 17:17:37,414][worker_lincls][INFO] - Epoch: [0][ 100/1252]	Time  0.257 ( 4.602)	Data  0.001 ( 4.307)	Loss 6.8806e+00 (6.8969e+00)	Acc@1   0.29 (  0.28)	Acc@5   1.95 (  1.20)
[2023-03-22 17:17:40,006][worker_lincls][INFO] - Epoch: [0][ 110/1252]	Time  0.259 ( 4.210)	Data  0.001 ( 3.919)	Loss 6.8814e+00 (6.8955e+00)	Acc@1   0.59 (  0.29)	Acc@5   2.05 (  1.25)
[2023-03-24 01:43:10,151][__main__][INFO] - PYTHONPATH: /home/subhrangsu/contssl/continuous_ssl_problem
[2023-03-24 01:43:12,791][new_worker_lincls][INFO] - => creating model 'resnet18'
[2023-03-24 01:43:12,874][new_worker_lincls][INFO] - => loading checkpoint '/home/subhrangsu/contssl/continuous_ssl_problem/cifar10logs/checkpoints/cifar10_grayscale/cifar10_grayscale/checkpoint_0001.pth'
[2023-03-24 01:43:12,945][new_worker_lincls][INFO] - => loaded pre-trained model '/home/subhrangsu/contssl/continuous_ssl_problem/cifar10logs/checkpoints/cifar10_grayscale/cifar10_grayscale/checkpoint_0001.pth'
[2023-03-24 01:43:13,034][new_worker_lincls][INFO] - => no checkpoint found at '/home/subhrangsu/contssl/continuous_ssl_problem/cifar10logs/checkpoints/cifar10_grayscale/cifar10_grayscale/checkpoint_0001.pth.imnet.lincls'
[2023-03-24 01:43:16,718][new_worker_lincls][INFO] - Epoch: [0][  0/500]	Time  3.679 ( 3.679)	Data  2.215 ( 2.215)	Loss 4.6039e+00 (4.6039e+00)	Acc@1   0.00 (  0.00)	Acc@5   4.00 (  4.00)
[2023-03-24 01:43:17,235][new_worker_lincls][INFO] - Epoch: [0][ 10/500]	Time  0.053 ( 0.382)	Data  0.001 ( 0.203)	Loss 3.9986e+00 (4.2128e+00)	Acc@1   4.00 (  3.64)	Acc@5  24.00 ( 24.18)
[2023-03-24 01:43:17,753][new_worker_lincls][INFO] - Epoch: [0][ 20/500]	Time  0.051 ( 0.225)	Data  0.001 ( 0.107)	Loss 3.6058e+00 (4.0046e+00)	Acc@1   4.00 (  3.67)	Acc@5  28.00 ( 25.52)
[2023-03-24 01:43:18,254][new_worker_lincls][INFO] - Epoch: [0][ 30/500]	Time  0.035 ( 0.168)	Data  0.001 ( 0.072)	Loss 3.3533e+00 (3.8488e+00)	Acc@1   6.00 (  4.29)	Acc@5  34.00 ( 26.23)
[2023-03-24 01:43:18,518][new_worker_lincls][INFO] - Epoch: [0][ 40/500]	Time  0.025 ( 0.134)	Data  0.001 ( 0.055)	Loss 3.2831e+00 (3.7221e+00)	Acc@1  11.00 (  4.56)	Acc@5  37.00 ( 27.41)
[2023-03-24 01:43:18,782][new_worker_lincls][INFO] - Epoch: [0][ 50/500]	Time  0.026 ( 0.113)	Data  0.000 ( 0.044)	Loss 3.1440e+00 (3.6212e+00)	Acc@1  10.00 (  5.45)	Acc@5  32.00 ( 28.55)
[2023-03-24 01:43:19,045][new_worker_lincls][INFO] - Epoch: [0][ 60/500]	Time  0.026 ( 0.099)	Data  0.001 ( 0.037)	Loss 3.0982e+00 (3.5388e+00)	Acc@1   5.00 (  5.90)	Acc@5  32.00 ( 29.49)
[2023-03-24 01:43:19,303][new_worker_lincls][INFO] - Epoch: [0][ 70/500]	Time  0.026 ( 0.088)	Data  0.000 ( 0.032)	Loss 3.0450e+00 (3.4723e+00)	Acc@1  10.00 (  6.59)	Acc@5  32.00 ( 30.24)
[2023-03-24 01:43:19,566][new_worker_lincls][INFO] - Epoch: [0][ 80/500]	Time  0.026 ( 0.081)	Data  0.001 ( 0.028)	Loss 3.0055e+00 (3.4169e+00)	Acc@1  13.00 (  7.06)	Acc@5  35.00 ( 31.16)
[2023-03-24 01:43:19,826][new_worker_lincls][INFO] - Epoch: [0][ 90/500]	Time  0.026 ( 0.075)	Data  0.000 ( 0.025)	Loss 2.9427e+00 (3.3703e+00)	Acc@1  12.00 (  7.31)	Acc@5  44.00 ( 31.69)
[2023-03-24 01:43:20,087][new_worker_lincls][INFO] - Epoch: [0][100/500]	Time  0.026 ( 0.070)	Data  0.001 ( 0.023)	Loss 2.9442e+00 (3.3311e+00)	Acc@1  10.00 (  7.49)	Acc@5  38.00 ( 32.27)
[2023-03-24 01:43:20,344][new_worker_lincls][INFO] - Epoch: [0][110/500]	Time  0.025 ( 0.066)	Data  0.000 ( 0.021)	Loss 2.9234e+00 (3.2966e+00)	Acc@1  11.00 (  7.83)	Acc@5  39.00 ( 33.32)
[2023-03-24 01:43:20,612][new_worker_lincls][INFO] - Epoch: [0][120/500]	Time  0.026 ( 0.063)	Data  0.001 ( 0.019)	Loss 2.8997e+00 (3.2653e+00)	Acc@1  16.00 (  8.26)	Acc@5  43.00 ( 34.09)
[2023-03-24 01:43:20,878][new_worker_lincls][INFO] - Epoch: [0][130/500]	Time  0.026 ( 0.060)	Data  0.001 ( 0.018)	Loss 2.8774e+00 (3.2360e+00)	Acc@1  15.00 (  8.70)	Acc@5  50.00 ( 34.90)
[2023-03-24 01:43:21,140][new_worker_lincls][INFO] - Epoch: [0][140/500]	Time  0.026 ( 0.057)	Data  0.001 ( 0.016)	Loss 2.8718e+00 (3.2105e+00)	Acc@1  14.00 (  8.93)	Acc@5  47.00 ( 35.83)
[2023-03-24 01:43:21,398][new_worker_lincls][INFO] - Epoch: [0][150/500]	Time  0.026 ( 0.055)	Data  0.001 ( 0.015)	Loss 2.8126e+00 (3.1878e+00)	Acc@1  14.00 (  9.18)	Acc@5  48.00 ( 36.54)
[2023-03-24 01:43:21,657][new_worker_lincls][INFO] - Epoch: [0][160/500]	Time  0.025 ( 0.054)	Data  0.000 ( 0.014)	Loss 2.8480e+00 (3.1678e+00)	Acc@1  13.00 (  9.27)	Acc@5  46.00 ( 37.02)
[2023-03-24 01:43:21,920][new_worker_lincls][INFO] - Epoch: [0][170/500]	Time  0.026 ( 0.052)	Data  0.001 ( 0.014)	Loss 2.8881e+00 (3.1494e+00)	Acc@1  10.00 (  9.40)	Acc@5  42.00 ( 37.50)
[2023-03-24 01:43:22,178][new_worker_lincls][INFO] - Epoch: [0][180/500]	Time  0.026 ( 0.051)	Data  0.001 ( 0.013)	Loss 2.7689e+00 (3.1313e+00)	Acc@1  15.00 (  9.65)	Acc@5  50.00 ( 38.10)
[2023-03-24 01:43:22,437][new_worker_lincls][INFO] - Epoch: [0][190/500]	Time  0.025 ( 0.049)	Data  0.001 ( 0.012)	Loss 2.8624e+00 (3.1143e+00)	Acc@1  11.00 (  9.84)	Acc@5  45.00 ( 38.69)
[2023-03-24 01:43:22,694][new_worker_lincls][INFO] - Epoch: [0][200/500]	Time  0.025 ( 0.048)	Data  0.000 ( 0.012)	Loss 2.8575e+00 (3.1000e+00)	Acc@1  14.00 ( 10.11)	Acc@5  46.00 ( 39.03)
[2023-03-24 01:43:22,953][new_worker_lincls][INFO] - Epoch: [0][210/500]	Time  0.026 ( 0.047)	Data  0.001 ( 0.011)	Loss 2.8302e+00 (3.0874e+00)	Acc@1  10.00 ( 10.21)	Acc@5  43.00 ( 39.35)
[2023-03-24 01:43:23,215][new_worker_lincls][INFO] - Epoch: [0][220/500]	Time  0.026 ( 0.046)	Data  0.001 ( 0.011)	Loss 2.8156e+00 (3.0748e+00)	Acc@1  10.00 ( 10.31)	Acc@5  41.00 ( 39.62)
[2023-03-24 01:43:23,476][new_worker_lincls][INFO] - Epoch: [0][230/500]	Time  0.025 ( 0.045)	Data  0.001 ( 0.010)	Loss 2.7428e+00 (3.0621e+00)	Acc@1  16.00 ( 10.44)	Acc@5  58.00 ( 40.14)
[2023-03-24 01:43:23,734][new_worker_lincls][INFO] - Epoch: [0][240/500]	Time  0.025 ( 0.044)	Data  0.000 ( 0.010)	Loss 2.7955e+00 (3.0516e+00)	Acc@1  12.00 ( 10.53)	Acc@5  54.00 ( 40.46)
[2023-03-24 01:43:23,995][new_worker_lincls][INFO] - Epoch: [0][250/500]	Time  0.026 ( 0.044)	Data  0.001 ( 0.009)	Loss 2.7647e+00 (3.0413e+00)	Acc@1  16.00 ( 10.70)	Acc@5  48.00 ( 40.71)
[2023-03-24 01:43:24,253][new_worker_lincls][INFO] - Epoch: [0][260/500]	Time  0.026 ( 0.043)	Data  0.001 ( 0.009)	Loss 2.7725e+00 (3.0295e+00)	Acc@1  10.00 ( 10.95)	Acc@5  55.00 ( 41.13)
[2023-03-24 01:43:24,513][new_worker_lincls][INFO] - Epoch: [0][270/500]	Time  0.026 ( 0.042)	Data  0.001 ( 0.009)	Loss 2.7954e+00 (3.0198e+00)	Acc@1  11.00 ( 11.09)	Acc@5  48.00 ( 41.44)
[2023-03-24 01:43:24,773][new_worker_lincls][INFO] - Epoch: [0][280/500]	Time  0.025 ( 0.042)	Data  0.000 ( 0.009)	Loss 2.7943e+00 (3.0109e+00)	Acc@1  13.00 ( 11.20)	Acc@5  50.00 ( 41.75)
[2023-03-24 01:43:25,037][new_worker_lincls][INFO] - Epoch: [0][290/500]	Time  0.027 ( 0.041)	Data  0.001 ( 0.008)	Loss 2.6874e+00 (3.0032e+00)	Acc@1  13.00 ( 11.29)	Acc@5  53.00 ( 41.99)
[2023-03-24 01:43:25,297][new_worker_lincls][INFO] - Epoch: [0][300/500]	Time  0.026 ( 0.041)	Data  0.001 ( 0.008)	Loss 2.7890e+00 (2.9955e+00)	Acc@1  11.00 ( 11.36)	Acc@5  51.00 ( 42.19)
[2023-03-24 01:43:25,564][new_worker_lincls][INFO] - Epoch: [0][310/500]	Time  0.026 ( 0.040)	Data  0.001 ( 0.008)	Loss 2.6483e+00 (2.9863e+00)	Acc@1  21.00 ( 11.56)	Acc@5  55.00 ( 42.54)
[2023-03-24 01:43:25,831][new_worker_lincls][INFO] - Epoch: [0][320/500]	Time  0.025 ( 0.040)	Data  0.000 ( 0.008)	Loss 2.6842e+00 (2.9790e+00)	Acc@1  15.00 ( 11.66)	Acc@5  62.00 ( 42.77)
[2023-03-24 01:43:26,090][new_worker_lincls][INFO] - Epoch: [0][330/500]	Time  0.026 ( 0.039)	Data  0.001 ( 0.007)	Loss 2.8211e+00 (2.9726e+00)	Acc@1  11.00 ( 11.74)	Acc@5  44.00 ( 42.98)
[2023-03-24 01:43:26,353][new_worker_lincls][INFO] - Epoch: [0][340/500]	Time  0.026 ( 0.039)	Data  0.001 ( 0.007)	Loss 2.7338e+00 (2.9660e+00)	Acc@1  21.00 ( 11.85)	Acc@5  49.00 ( 43.21)
[2023-03-24 01:43:26,613][new_worker_lincls][INFO] - Epoch: [0][350/500]	Time  0.025 ( 0.039)	Data  0.001 ( 0.007)	Loss 2.7609e+00 (2.9589e+00)	Acc@1  19.00 ( 11.98)	Acc@5  48.00 ( 43.42)
[2023-03-24 01:43:26,871][new_worker_lincls][INFO] - Epoch: [0][360/500]	Time  0.026 ( 0.038)	Data  0.000 ( 0.007)	Loss 2.7689e+00 (2.9537e+00)	Acc@1  12.00 ( 12.07)	Acc@5  50.00 ( 43.58)
[2023-03-24 01:43:27,134][new_worker_lincls][INFO] - Epoch: [0][370/500]	Time  0.026 ( 0.038)	Data  0.001 ( 0.007)	Loss 2.6722e+00 (2.9480e+00)	Acc@1  21.00 ( 12.15)	Acc@5  52.00 ( 43.74)
[2023-03-24 01:43:27,396][new_worker_lincls][INFO] - Epoch: [0][380/500]	Time  0.026 ( 0.038)	Data  0.001 ( 0.006)	Loss 2.7155e+00 (2.9428e+00)	Acc@1  18.00 ( 12.16)	Acc@5  46.00 ( 43.87)
[2023-03-24 01:43:27,655][new_worker_lincls][INFO] - Epoch: [0][390/500]	Time  0.026 ( 0.037)	Data  0.001 ( 0.006)	Loss 2.7895e+00 (2.9362e+00)	Acc@1   8.00 ( 12.29)	Acc@5  48.00 ( 44.10)
[2023-03-24 01:43:27,918][new_worker_lincls][INFO] - Epoch: [0][400/500]	Time  0.025 ( 0.037)	Data  0.000 ( 0.006)	Loss 2.5707e+00 (2.9306e+00)	Acc@1  25.00 ( 12.43)	Acc@5  62.00 ( 44.31)
[2023-03-24 01:43:28,181][new_worker_lincls][INFO] - Epoch: [0][410/500]	Time  0.026 ( 0.037)	Data  0.001 ( 0.006)	Loss 2.6676e+00 (2.9252e+00)	Acc@1  16.00 ( 12.51)	Acc@5  57.00 ( 44.51)
[2023-03-24 01:43:28,442][new_worker_lincls][INFO] - Epoch: [0][420/500]	Time  0.028 ( 0.037)	Data  0.002 ( 0.006)	Loss 2.7172e+00 (2.9194e+00)	Acc@1  16.00 ( 12.65)	Acc@5  51.00 ( 44.70)
[2023-03-24 01:43:28,697][new_worker_lincls][INFO] - Epoch: [0][430/500]	Time  0.026 ( 0.036)	Data  0.000 ( 0.006)	Loss 2.6438e+00 (2.9153e+00)	Acc@1  17.00 ( 12.70)	Acc@5  56.00 ( 44.84)
[2023-03-24 01:43:28,950][new_worker_lincls][INFO] - Epoch: [0][440/500]	Time  0.025 ( 0.036)	Data  0.000 ( 0.006)	Loss 2.6909e+00 (2.9100e+00)	Acc@1  17.00 ( 12.77)	Acc@5  46.00 ( 45.00)
[2023-03-24 01:43:29,202][new_worker_lincls][INFO] - Epoch: [0][450/500]	Time  0.025 ( 0.036)	Data  0.000 ( 0.006)	Loss 2.5887e+00 (2.9052e+00)	Acc@1  22.00 ( 12.87)	Acc@5  58.00 ( 45.16)
[2023-03-24 01:43:29,455][new_worker_lincls][INFO] - Epoch: [0][460/500]	Time  0.025 ( 0.036)	Data  0.000 ( 0.005)	Loss 2.7101e+00 (2.9008e+00)	Acc@1  16.00 ( 12.92)	Acc@5  51.00 ( 45.32)
[2023-03-24 01:43:29,708][new_worker_lincls][INFO] - Epoch: [0][470/500]	Time  0.025 ( 0.035)	Data  0.000 ( 0.005)	Loss 2.5812e+00 (2.8957e+00)	Acc@1  25.00 ( 13.00)	Acc@5  52.00 ( 45.50)
[2023-03-24 01:43:29,961][new_worker_lincls][INFO] - Epoch: [0][480/500]	Time  0.025 ( 0.035)	Data  0.000 ( 0.005)	Loss 2.7213e+00 (2.8922e+00)	Acc@1  16.00 ( 13.05)	Acc@5  55.00 ( 45.62)
[2023-03-24 01:43:30,215][new_worker_lincls][INFO] - Epoch: [0][490/500]	Time  0.025 ( 0.035)	Data  0.000 ( 0.005)	Loss 2.6776e+00 (2.8884e+00)	Acc@1  21.00 ( 13.14)	Acc@5  60.00 ( 45.81)
[2023-03-24 01:43:32,974][new_worker_lincls][INFO] - Epoch: [1][  0/500]	Time  2.368 ( 2.368)	Data  2.338 ( 2.338)	Loss 2.7576e+00 (2.7576e+00)	Acc@1  16.00 ( 16.00)	Acc@5  44.00 ( 44.00)
[2023-03-24 01:43:33,364][new_worker_lincls][INFO] - Epoch: [1][ 10/500]	Time  0.030 ( 0.251)	Data  0.001 ( 0.222)	Loss 2.7173e+00 (2.6666e+00)	Acc@1  15.00 ( 18.09)	Acc@5  54.00 ( 53.09)
[2023-03-24 01:43:33,660][new_worker_lincls][INFO] - Epoch: [1][ 20/500]	Time  0.029 ( 0.145)	Data  0.000 ( 0.117)	Loss 2.6985e+00 (2.6694e+00)	Acc@1  22.00 ( 18.24)	Acc@5  52.00 ( 53.86)
[2023-03-24 01:43:33,954][new_worker_lincls][INFO] - Epoch: [1][ 30/500]	Time  0.030 ( 0.108)	Data  0.001 ( 0.079)	Loss 2.6105e+00 (2.6805e+00)	Acc@1  23.00 ( 17.77)	Acc@5  57.00 ( 53.10)
[2023-03-24 01:43:34,248][new_worker_lincls][INFO] - Epoch: [1][ 40/500]	Time  0.029 ( 0.089)	Data  0.001 ( 0.060)	Loss 2.6367e+00 (2.6885e+00)	Acc@1  21.00 ( 17.66)	Acc@5  53.00 ( 52.59)
[2023-03-24 01:43:34,533][new_worker_lincls][INFO] - Epoch: [1][ 50/500]	Time  0.026 ( 0.077)	Data  0.001 ( 0.048)	Loss 2.6941e+00 (2.6957e+00)	Acc@1  16.00 ( 17.25)	Acc@5  53.00 ( 52.20)
[2023-03-24 01:43:34,789][new_worker_lincls][INFO] - Epoch: [1][ 60/500]	Time  0.025 ( 0.069)	Data  0.000 ( 0.041)	Loss 2.7508e+00 (2.6989e+00)	Acc@1  12.00 ( 16.85)	Acc@5  46.00 ( 51.79)
[2023-03-24 01:43:35,045][new_worker_lincls][INFO] - Epoch: [1][ 70/500]	Time  0.026 ( 0.063)	Data  0.001 ( 0.035)	Loss 2.6022e+00 (2.6963e+00)	Acc@1  21.00 ( 16.72)	Acc@5  56.00 ( 52.08)
[2023-03-24 01:43:35,304][new_worker_lincls][INFO] - Epoch: [1][ 80/500]	Time  0.025 ( 0.058)	Data  0.000 ( 0.031)	Loss 2.6821e+00 (2.6961e+00)	Acc@1  14.00 ( 16.67)	Acc@5  57.00 ( 52.23)
[2023-03-24 01:43:35,564][new_worker_lincls][INFO] - Epoch: [1][ 90/500]	Time  0.026 ( 0.054)	Data  0.001 ( 0.027)	Loss 2.7471e+00 (2.6911e+00)	Acc@1  15.00 ( 16.90)	Acc@5  41.00 ( 52.51)
[2023-03-24 01:43:35,827][new_worker_lincls][INFO] - Epoch: [1][100/500]	Time  0.025 ( 0.052)	Data  0.000 ( 0.025)	Loss 2.6516e+00 (2.6887e+00)	Acc@1  17.00 ( 17.07)	Acc@5  49.00 ( 52.51)
[2023-03-24 01:43:36,086][new_worker_lincls][INFO] - Epoch: [1][110/500]	Time  0.026 ( 0.049)	Data  0.001 ( 0.023)	Loss 2.7336e+00 (2.6909e+00)	Acc@1  19.00 ( 17.13)	Acc@5  49.00 ( 52.36)
[2023-03-24 01:43:36,343][new_worker_lincls][INFO] - Epoch: [1][120/500]	Time  0.025 ( 0.047)	Data  0.000 ( 0.021)	Loss 2.6242e+00 (2.6879e+00)	Acc@1  21.00 ( 17.25)	Acc@5  61.00 ( 52.57)
[2023-03-24 01:43:36,603][new_worker_lincls][INFO] - Epoch: [1][130/500]	Time  0.026 ( 0.046)	Data  0.001 ( 0.019)	Loss 2.7307e+00 (2.6904e+00)	Acc@1  16.00 ( 17.17)	Acc@5  53.00 ( 52.27)
[2023-03-24 01:43:36,862][new_worker_lincls][INFO] - Epoch: [1][140/500]	Time  0.025 ( 0.044)	Data  0.000 ( 0.018)	Loss 2.7131e+00 (2.6908e+00)	Acc@1  20.00 ( 17.24)	Acc@5  45.00 ( 52.27)
[2023-03-24 01:43:37,127][new_worker_lincls][INFO] - Epoch: [1][150/500]	Time  0.026 ( 0.043)	Data  0.001 ( 0.017)	Loss 2.5855e+00 (2.6871e+00)	Acc@1  21.00 ( 17.28)	Acc@5  57.00 ( 52.56)
[2023-03-24 01:43:37,389][new_worker_lincls][INFO] - Epoch: [1][160/500]	Time  0.025 ( 0.042)	Data  0.000 ( 0.016)	Loss 2.6833e+00 (2.6851e+00)	Acc@1  19.00 ( 17.29)	Acc@5  48.00 ( 52.68)
[2023-03-24 01:43:37,650][new_worker_lincls][INFO] - Epoch: [1][170/500]	Time  0.026 ( 0.041)	Data  0.001 ( 0.015)	Loss 2.5671e+00 (2.6814e+00)	Acc@1  22.00 ( 17.41)	Acc@5  66.00 ( 52.89)
[2023-03-24 01:43:37,913][new_worker_lincls][INFO] - Epoch: [1][180/500]	Time  0.025 ( 0.040)	Data  0.000 ( 0.014)	Loss 2.6209e+00 (2.6773e+00)	Acc@1  22.00 ( 17.45)	Acc@5  53.00 ( 53.12)
[2023-03-24 01:43:38,172][new_worker_lincls][INFO] - Epoch: [1][190/500]	Time  0.026 ( 0.040)	Data  0.001 ( 0.013)	Loss 2.6107e+00 (2.6767e+00)	Acc@1  16.00 ( 17.48)	Acc@5  57.00 ( 53.12)
[2023-03-24 01:43:38,430][new_worker_lincls][INFO] - Epoch: [1][200/500]	Time  0.025 ( 0.039)	Data  0.000 ( 0.013)	Loss 2.6768e+00 (2.6764e+00)	Acc@1  15.00 ( 17.46)	Acc@5  53.00 ( 53.11)
[2023-03-24 01:43:38,695][new_worker_lincls][INFO] - Epoch: [1][210/500]	Time  0.026 ( 0.038)	Data  0.001 ( 0.012)	Loss 2.5361e+00 (2.6751e+00)	Acc@1  26.00 ( 17.52)	Acc@5  60.00 ( 53.20)
[2023-03-24 01:43:38,957][new_worker_lincls][INFO] - Epoch: [1][220/500]	Time  0.025 ( 0.038)	Data  0.001 ( 0.012)	Loss 2.5291e+00 (2.6715e+00)	Acc@1  29.00 ( 17.63)	Acc@5  60.00 ( 53.42)
[2023-03-24 01:43:39,216][new_worker_lincls][INFO] - Epoch: [1][230/500]	Time  0.027 ( 0.037)	Data  0.001 ( 0.011)	Loss 2.5416e+00 (2.6680e+00)	Acc@1  24.00 ( 17.77)	Acc@5  59.00 ( 53.57)
[2023-03-24 01:43:39,474][new_worker_lincls][INFO] - Epoch: [1][240/500]	Time  0.026 ( 0.037)	Data  0.000 ( 0.011)	Loss 2.6416e+00 (2.6669e+00)	Acc@1  23.00 ( 17.76)	Acc@5  58.00 ( 53.63)
[2023-03-24 01:43:39,740][new_worker_lincls][INFO] - Epoch: [1][250/500]	Time  0.026 ( 0.036)	Data  0.001 ( 0.010)	Loss 2.5337e+00 (2.6653e+00)	Acc@1  23.00 ( 17.78)	Acc@5  61.00 ( 53.61)
[2023-03-24 01:43:39,998][new_worker_lincls][INFO] - Epoch: [1][260/500]	Time  0.025 ( 0.036)	Data  0.000 ( 0.010)	Loss 2.6412e+00 (2.6636e+00)	Acc@1  21.00 ( 17.88)	Acc@5  51.00 ( 53.69)
[2023-03-24 01:43:40,256][new_worker_lincls][INFO] - Epoch: [1][270/500]	Time  0.026 ( 0.036)	Data  0.001 ( 0.010)	Loss 2.8819e+00 (2.6634e+00)	Acc@1  12.00 ( 17.92)	Acc@5  39.00 ( 53.76)
[2023-03-24 01:43:40,515][new_worker_lincls][INFO] - Epoch: [1][280/500]	Time  0.026 ( 0.035)	Data  0.000 ( 0.009)	Loss 2.6969e+00 (2.6632e+00)	Acc@1  12.00 ( 17.88)	Acc@5  49.00 ( 53.66)
[2023-03-24 01:43:40,778][new_worker_lincls][INFO] - Epoch: [1][290/500]	Time  0.026 ( 0.035)	Data  0.001 ( 0.009)	Loss 2.4560e+00 (2.6622e+00)	Acc@1  27.00 ( 17.86)	Acc@5  71.00 ( 53.72)
[2023-03-24 01:43:41,037][new_worker_lincls][INFO] - Epoch: [1][300/500]	Time  0.025 ( 0.035)	Data  0.000 ( 0.009)	Loss 2.6944e+00 (2.6621e+00)	Acc@1  15.00 ( 17.86)	Acc@5  48.00 ( 53.70)
[2023-03-24 01:43:41,296][new_worker_lincls][INFO] - Epoch: [1][310/500]	Time  0.026 ( 0.034)	Data  0.001 ( 0.008)	Loss 2.5967e+00 (2.6629e+00)	Acc@1  18.00 ( 17.86)	Acc@5  57.00 ( 53.64)
[2023-03-24 01:43:41,556][new_worker_lincls][INFO] - Epoch: [1][320/500]	Time  0.025 ( 0.034)	Data  0.000 ( 0.008)	Loss 2.6176e+00 (2.6614e+00)	Acc@1  20.00 ( 17.87)	Acc@5  60.00 ( 53.80)
[2023-03-24 01:43:41,820][new_worker_lincls][INFO] - Epoch: [1][330/500]	Time  0.026 ( 0.034)	Data  0.001 ( 0.008)	Loss 2.7232e+00 (2.6604e+00)	Acc@1  18.00 ( 17.88)	Acc@5  55.00 ( 53.91)
[2023-03-24 01:43:42,079][new_worker_lincls][INFO] - Epoch: [1][340/500]	Time  0.026 ( 0.034)	Data  0.000 ( 0.008)	Loss 2.5493e+00 (2.6591e+00)	Acc@1  19.00 ( 17.90)	Acc@5  57.00 ( 54.02)
[2023-03-24 01:43:42,342][new_worker_lincls][INFO] - Epoch: [1][350/500]	Time  0.026 ( 0.033)	Data  0.001 ( 0.008)	Loss 2.6186e+00 (2.6571e+00)	Acc@1  15.00 ( 17.94)	Acc@5  57.00 ( 54.12)
[2023-03-24 01:43:42,601][new_worker_lincls][INFO] - Epoch: [1][360/500]	Time  0.025 ( 0.033)	Data  0.000 ( 0.007)	Loss 2.5215e+00 (2.6559e+00)	Acc@1  27.00 ( 18.05)	Acc@5  61.00 ( 54.16)
[2023-03-24 01:43:42,868][new_worker_lincls][INFO] - Epoch: [1][370/500]	Time  0.026 ( 0.033)	Data  0.001 ( 0.007)	Loss 2.5269e+00 (2.6552e+00)	Acc@1  20.00 ( 18.12)	Acc@5  60.00 ( 54.21)
[2023-03-24 01:43:43,127][new_worker_lincls][INFO] - Epoch: [1][380/500]	Time  0.025 ( 0.033)	Data  0.000 ( 0.007)	Loss 2.7408e+00 (2.6538e+00)	Acc@1  11.00 ( 18.15)	Acc@5  51.00 ( 54.30)
[2023-03-24 01:43:43,392][new_worker_lincls][INFO] - Epoch: [1][390/500]	Time  0.026 ( 0.033)	Data  0.001 ( 0.007)	Loss 2.6333e+00 (2.6537e+00)	Acc@1  21.00 ( 18.16)	Acc@5  53.00 ( 54.27)
[2023-03-24 01:43:43,655][new_worker_lincls][INFO] - Epoch: [1][400/500]	Time  0.026 ( 0.033)	Data  0.000 ( 0.007)	Loss 2.5626e+00 (2.6527e+00)	Acc@1  19.00 ( 18.24)	Acc@5  62.00 ( 54.35)
[2023-03-24 01:43:43,918][new_worker_lincls][INFO] - Epoch: [1][410/500]	Time  0.029 ( 0.032)	Data  0.000 ( 0.006)	Loss 2.5584e+00 (2.6534e+00)	Acc@1  23.00 ( 18.22)	Acc@5  58.00 ( 54.32)
[2023-03-24 01:43:44,180][new_worker_lincls][INFO] - Epoch: [1][420/500]	Time  0.029 ( 0.032)	Data  0.004 ( 0.006)	Loss 2.5914e+00 (2.6526e+00)	Acc@1  25.00 ( 18.23)	Acc@5  53.00 ( 54.35)
[2023-03-24 01:43:44,435][new_worker_lincls][INFO] - Epoch: [1][430/500]	Time  0.025 ( 0.032)	Data  0.000 ( 0.006)	Loss 2.5424e+00 (2.6514e+00)	Acc@1  20.00 ( 18.23)	Acc@5  57.00 ( 54.42)
[2023-03-24 01:43:44,689][new_worker_lincls][INFO] - Epoch: [1][440/500]	Time  0.025 ( 0.032)	Data  0.000 ( 0.006)	Loss 2.5536e+00 (2.6501e+00)	Acc@1  19.00 ( 18.31)	Acc@5  60.00 ( 54.47)
[2023-03-24 01:43:44,943][new_worker_lincls][INFO] - Epoch: [1][450/500]	Time  0.025 ( 0.032)	Data  0.000 ( 0.006)	Loss 2.5381e+00 (2.6500e+00)	Acc@1  26.00 ( 18.37)	Acc@5  60.00 ( 54.47)
[2023-03-24 01:43:45,198][new_worker_lincls][INFO] - Epoch: [1][460/500]	Time  0.026 ( 0.032)	Data  0.000 ( 0.006)	Loss 2.4551e+00 (2.6492e+00)	Acc@1  24.00 ( 18.38)	Acc@5  60.00 ( 54.50)
[2023-03-24 01:43:45,453][new_worker_lincls][INFO] - Epoch: [1][470/500]	Time  0.026 ( 0.032)	Data  0.000 ( 0.006)	Loss 2.5749e+00 (2.6490e+00)	Acc@1  22.00 ( 18.40)	Acc@5  54.00 ( 54.54)
[2023-03-24 01:43:45,708][new_worker_lincls][INFO] - Epoch: [1][480/500]	Time  0.025 ( 0.031)	Data  0.000 ( 0.006)	Loss 2.5020e+00 (2.6482e+00)	Acc@1  20.00 ( 18.40)	Acc@5  60.00 ( 54.56)
[2023-03-24 01:43:45,963][new_worker_lincls][INFO] - Epoch: [1][490/500]	Time  0.025 ( 0.031)	Data  0.000 ( 0.006)	Loss 2.5260e+00 (2.6473e+00)	Acc@1  22.00 ( 18.40)	Acc@5  63.00 ( 54.64)
[2023-03-24 01:43:48,576][new_worker_lincls][INFO] - Epoch: [2][  0/500]	Time  2.197 ( 2.197)	Data  2.165 ( 2.165)	Loss 2.6266e+00 (2.6266e+00)	Acc@1  15.00 ( 15.00)	Acc@5  53.00 ( 53.00)
[2023-03-24 01:43:49,048][new_worker_lincls][INFO] - Epoch: [2][ 10/500]	Time  0.030 ( 0.243)	Data  0.001 ( 0.213)	Loss 2.4826e+00 (2.6197e+00)	Acc@1  26.00 ( 17.82)	Acc@5  62.00 ( 55.45)
[2023-03-24 01:43:49,349][new_worker_lincls][INFO] - Epoch: [2][ 20/500]	Time  0.032 ( 0.141)	Data  0.000 ( 0.112)	Loss 2.6209e+00 (2.6120e+00)	Acc@1  20.00 ( 18.90)	Acc@5  59.00 ( 56.62)
[2023-03-24 01:43:49,642][new_worker_lincls][INFO] - Epoch: [2][ 30/500]	Time  0.029 ( 0.105)	Data  0.001 ( 0.076)	Loss 2.6998e+00 (2.6097e+00)	Acc@1  16.00 ( 18.97)	Acc@5  56.00 ( 56.74)
[2023-03-24 01:43:49,941][new_worker_lincls][INFO] - Epoch: [2][ 40/500]	Time  0.029 ( 0.087)	Data  0.000 ( 0.058)	Loss 2.7274e+00 (2.6126e+00)	Acc@1  19.00 ( 18.83)	Acc@5  52.00 ( 56.56)
[2023-03-24 01:43:50,244][new_worker_lincls][INFO] - Epoch: [2][ 50/500]	Time  0.030 ( 0.076)	Data  0.001 ( 0.046)	Loss 2.6129e+00 (2.6136e+00)	Acc@1  18.00 ( 18.57)	Acc@5  55.00 ( 56.20)
[2023-03-24 01:43:50,534][new_worker_lincls][INFO] - Epoch: [2][ 60/500]	Time  0.026 ( 0.068)	Data  0.001 ( 0.039)	Loss 2.6110e+00 (2.6072e+00)	Acc@1  11.00 ( 18.66)	Acc@5  61.00 ( 56.80)
[2023-03-24 01:43:50,797][new_worker_lincls][INFO] - Epoch: [2][ 70/500]	Time  0.026 ( 0.062)	Data  0.001 ( 0.034)	Loss 2.6693e+00 (2.6068e+00)	Acc@1  24.00 ( 18.93)	Acc@5  62.00 ( 56.87)
[2023-03-24 01:43:51,057][new_worker_lincls][INFO] - Epoch: [2][ 80/500]	Time  0.026 ( 0.058)	Data  0.000 ( 0.029)	Loss 2.5573e+00 (2.6053e+00)	Acc@1  24.00 ( 19.07)	Acc@5  57.00 ( 56.75)
[2023-03-24 01:43:51,320][new_worker_lincls][INFO] - Epoch: [2][ 90/500]	Time  0.026 ( 0.054)	Data  0.001 ( 0.026)	Loss 2.6315e+00 (2.6082e+00)	Acc@1  22.00 ( 19.21)	Acc@5  56.00 ( 56.71)
[2023-03-24 01:43:51,582][new_worker_lincls][INFO] - Epoch: [2][100/500]	Time  0.026 ( 0.052)	Data  0.001 ( 0.024)	Loss 2.6195e+00 (2.6033e+00)	Acc@1  17.00 ( 19.33)	Acc@5  54.00 ( 56.93)
[2023-03-24 01:43:51,845][new_worker_lincls][INFO] - Epoch: [2][110/500]	Time  0.026 ( 0.049)	Data  0.001 ( 0.022)	Loss 2.5326e+00 (2.5981e+00)	Acc@1  20.00 ( 19.52)	Acc@5  58.00 ( 57.08)
[2023-03-24 01:43:52,110][new_worker_lincls][INFO] - Epoch: [2][120/500]	Time  0.026 ( 0.047)	Data  0.001 ( 0.020)	Loss 2.5921e+00 (2.6006e+00)	Acc@1  19.00 ( 19.37)	Acc@5  58.00 ( 56.77)
[2023-03-24 01:43:52,372][new_worker_lincls][INFO] - Epoch: [2][130/500]	Time  0.026 ( 0.046)	Data  0.001 ( 0.018)	Loss 2.6509e+00 (2.6029e+00)	Acc@1  20.00 ( 19.29)	Acc@5  59.00 ( 56.76)
[2023-03-24 01:43:52,640][new_worker_lincls][INFO] - Epoch: [2][140/500]	Time  0.027 ( 0.044)	Data  0.001 ( 0.017)	Loss 2.7034e+00 (2.6029e+00)	Acc@1  15.00 ( 19.36)	Acc@5  56.00 ( 56.77)
[2023-03-24 01:43:52,905][new_worker_lincls][INFO] - Epoch: [2][150/500]	Time  0.027 ( 0.043)	Data  0.001 ( 0.016)	Loss 2.6873e+00 (2.6047e+00)	Acc@1  14.00 ( 19.25)	Acc@5  49.00 ( 56.60)
[2023-03-24 01:43:53,172][new_worker_lincls][INFO] - Epoch: [2][160/500]	Time  0.026 ( 0.042)	Data  0.000 ( 0.015)	Loss 2.5704e+00 (2.6060e+00)	Acc@1  19.00 ( 19.14)	Acc@5  65.00 ( 56.68)
[2023-03-24 01:43:53,437][new_worker_lincls][INFO] - Epoch: [2][170/500]	Time  0.026 ( 0.041)	Data  0.001 ( 0.014)	Loss 2.5791e+00 (2.6034e+00)	Acc@1  14.00 ( 19.23)	Acc@5  62.00 ( 56.80)
[2023-03-24 01:43:53,701][new_worker_lincls][INFO] - Epoch: [2][180/500]	Time  0.026 ( 0.040)	Data  0.001 ( 0.014)	Loss 2.6396e+00 (2.6047e+00)	Acc@1  19.00 ( 19.33)	Acc@5  59.00 ( 56.77)
[2023-03-24 01:43:53,971][new_worker_lincls][INFO] - Epoch: [2][190/500]	Time  0.027 ( 0.040)	Data  0.001 ( 0.013)	Loss 2.4887e+00 (2.6040e+00)	Acc@1  20.00 ( 19.28)	Acc@5  61.00 ( 56.83)
[2023-03-24 01:43:54,231][new_worker_lincls][INFO] - Epoch: [2][200/500]	Time  0.026 ( 0.039)	Data  0.000 ( 0.012)	Loss 2.6889e+00 (2.6033e+00)	Acc@1  20.00 ( 19.40)	Acc@5  57.00 ( 56.88)
[2023-03-24 01:43:54,497][new_worker_lincls][INFO] - Epoch: [2][210/500]	Time  0.026 ( 0.038)	Data  0.001 ( 0.012)	Loss 2.4880e+00 (2.6030e+00)	Acc@1  28.00 ( 19.43)	Acc@5  59.00 ( 56.89)
[2023-03-24 01:43:54,760][new_worker_lincls][INFO] - Epoch: [2][220/500]	Time  0.026 ( 0.038)	Data  0.001 ( 0.011)	Loss 2.5870e+00 (2.6045e+00)	Acc@1  21.00 ( 19.38)	Acc@5  56.00 ( 56.80)
[2023-03-24 01:43:55,028][new_worker_lincls][INFO] - Epoch: [2][230/500]	Time  0.026 ( 0.037)	Data  0.001 ( 0.011)	Loss 2.4082e+00 (2.6036e+00)	Acc@1  22.00 ( 19.43)	Acc@5  63.00 ( 56.81)
[2023-03-24 01:43:55,290][new_worker_lincls][INFO] - Epoch: [2][240/500]	Time  0.027 ( 0.037)	Data  0.001 ( 0.010)	Loss 2.7179e+00 (2.6017e+00)	Acc@1  24.00 ( 19.51)	Acc@5  51.00 ( 56.80)
[2023-03-24 01:43:55,552][new_worker_lincls][INFO] - Epoch: [2][250/500]	Time  0.026 ( 0.037)	Data  0.001 ( 0.010)	Loss 2.5290e+00 (2.6020e+00)	Acc@1  22.00 ( 19.51)	Acc@5  64.00 ( 56.75)
[2023-03-24 01:43:55,822][new_worker_lincls][INFO] - Epoch: [2][260/500]	Time  0.026 ( 0.036)	Data  0.001 ( 0.010)	Loss 2.5711e+00 (2.6019e+00)	Acc@1  18.00 ( 19.54)	Acc@5  58.00 ( 56.74)
[2023-03-24 01:43:56,086][new_worker_lincls][INFO] - Epoch: [2][270/500]	Time  0.026 ( 0.036)	Data  0.001 ( 0.009)	Loss 2.5857e+00 (2.6033e+00)	Acc@1  21.00 ( 19.49)	Acc@5  60.00 ( 56.67)
[2023-03-24 01:43:56,349][new_worker_lincls][INFO] - Epoch: [2][280/500]	Time  0.027 ( 0.035)	Data  0.001 ( 0.009)	Loss 2.6441e+00 (2.6023e+00)	Acc@1  20.00 ( 19.58)	Acc@5  62.00 ( 56.77)
[2023-03-24 01:43:56,619][new_worker_lincls][INFO] - Epoch: [2][290/500]	Time  0.026 ( 0.035)	Data  0.001 ( 0.009)	Loss 2.6921e+00 (2.6014e+00)	Acc@1  15.00 ( 19.65)	Acc@5  52.00 ( 56.78)
[2023-03-24 01:43:56,882][new_worker_lincls][INFO] - Epoch: [2][300/500]	Time  0.027 ( 0.035)	Data  0.001 ( 0.008)	Loss 2.4899e+00 (2.6013e+00)	Acc@1  21.00 ( 19.66)	Acc@5  58.00 ( 56.76)
[2023-03-24 01:43:57,152][new_worker_lincls][INFO] - Epoch: [2][310/500]	Time  0.026 ( 0.035)	Data  0.001 ( 0.008)	Loss 2.5425e+00 (2.6016e+00)	Acc@1  28.00 ( 19.66)	Acc@5  55.00 ( 56.78)
[2023-03-24 01:43:57,418][new_worker_lincls][INFO] - Epoch: [2][320/500]	Time  0.026 ( 0.034)	Data  0.001 ( 0.008)	Loss 2.6149e+00 (2.6013e+00)	Acc@1  19.00 ( 19.64)	Acc@5  55.00 ( 56.80)
[2023-03-24 01:43:57,682][new_worker_lincls][INFO] - Epoch: [2][330/500]	Time  0.026 ( 0.034)	Data  0.001 ( 0.008)	Loss 2.6813e+00 (2.6024e+00)	Acc@1  16.00 ( 19.66)	Acc@5  55.00 ( 56.72)
[2023-03-24 01:43:57,945][new_worker_lincls][INFO] - Epoch: [2][340/500]	Time  0.026 ( 0.034)	Data  0.000 ( 0.007)	Loss 2.6435e+00 (2.6025e+00)	Acc@1  20.00 ( 19.67)	Acc@5  53.00 ( 56.69)
[2023-03-24 01:43:58,209][new_worker_lincls][INFO] - Epoch: [2][350/500]	Time  0.027 ( 0.034)	Data  0.001 ( 0.007)	Loss 2.6500e+00 (2.6023e+00)	Acc@1  18.00 ( 19.68)	Acc@5  51.00 ( 56.70)
[2023-03-24 01:43:58,472][new_worker_lincls][INFO] - Epoch: [2][360/500]	Time  0.026 ( 0.033)	Data  0.001 ( 0.007)	Loss 2.6486e+00 (2.6014e+00)	Acc@1  14.00 ( 19.67)	Acc@5  54.00 ( 56.73)
[2023-03-24 01:43:58,735][new_worker_lincls][INFO] - Epoch: [2][370/500]	Time  0.026 ( 0.033)	Data  0.001 ( 0.007)	Loss 2.7166e+00 (2.6017e+00)	Acc@1  14.00 ( 19.69)	Acc@5  49.00 ( 56.76)
[2023-03-24 01:43:58,998][new_worker_lincls][INFO] - Epoch: [2][380/500]	Time  0.026 ( 0.033)	Data  0.001 ( 0.007)	Loss 2.5060e+00 (2.6001e+00)	Acc@1  23.00 ( 19.75)	Acc@5  61.00 ( 56.84)
[2023-03-24 01:43:59,273][new_worker_lincls][INFO] - Epoch: [2][390/500]	Time  0.027 ( 0.033)	Data  0.001 ( 0.007)	Loss 2.5998e+00 (2.5997e+00)	Acc@1  14.00 ( 19.73)	Acc@5  62.00 ( 56.92)
[2023-03-24 01:43:59,535][new_worker_lincls][INFO] - Epoch: [2][400/500]	Time  0.027 ( 0.033)	Data  0.001 ( 0.006)	Loss 2.5119e+00 (2.5997e+00)	Acc@1  22.00 ( 19.75)	Acc@5  62.00 ( 56.93)
[2023-03-24 01:43:59,798][new_worker_lincls][INFO] - Epoch: [2][410/500]	Time  0.026 ( 0.033)	Data  0.001 ( 0.006)	Loss 2.4847e+00 (2.5979e+00)	Acc@1  30.00 ( 19.83)	Acc@5  61.00 ( 56.99)
[2023-03-24 01:44:00,066][new_worker_lincls][INFO] - Epoch: [2][420/500]	Time  0.030 ( 0.033)	Data  0.005 ( 0.006)	Loss 2.6817e+00 (2.5973e+00)	Acc@1  15.00 ( 19.88)	Acc@5  49.00 ( 56.98)
[2023-03-24 01:44:00,326][new_worker_lincls][INFO] - Epoch: [2][430/500]	Time  0.026 ( 0.032)	Data  0.000 ( 0.006)	Loss 2.7065e+00 (2.5974e+00)	Acc@1  16.00 ( 19.87)	Acc@5  53.00 ( 57.03)
[2023-03-24 01:44:00,584][new_worker_lincls][INFO] - Epoch: [2][440/500]	Time  0.026 ( 0.032)	Data  0.000 ( 0.006)	Loss 2.5593e+00 (2.5959e+00)	Acc@1  21.00 ( 19.91)	Acc@5  57.00 ( 57.07)
[2023-03-24 01:44:00,842][new_worker_lincls][INFO] - Epoch: [2][450/500]	Time  0.026 ( 0.032)	Data  0.000 ( 0.006)	Loss 2.4849e+00 (2.5969e+00)	Acc@1  20.00 ( 19.92)	Acc@5  61.00 ( 57.04)
[2023-03-24 01:44:01,100][new_worker_lincls][INFO] - Epoch: [2][460/500]	Time  0.026 ( 0.032)	Data  0.000 ( 0.006)	Loss 2.6837e+00 (2.5964e+00)	Acc@1  16.00 ( 19.97)	Acc@5  55.00 ( 57.05)
[2023-03-24 01:44:01,358][new_worker_lincls][INFO] - Epoch: [2][470/500]	Time  0.026 ( 0.032)	Data  0.000 ( 0.006)	Loss 2.5604e+00 (2.5957e+00)	Acc@1  22.00 ( 19.96)	Acc@5  56.00 ( 57.09)
[2023-03-24 01:44:01,616][new_worker_lincls][INFO] - Epoch: [2][480/500]	Time  0.026 ( 0.032)	Data  0.000 ( 0.005)	Loss 2.5589e+00 (2.5951e+00)	Acc@1  15.00 ( 19.99)	Acc@5  56.00 ( 57.11)
[2023-03-24 01:44:01,875][new_worker_lincls][INFO] - Epoch: [2][490/500]	Time  0.026 ( 0.032)	Data  0.000 ( 0.005)	Loss 2.4942e+00 (2.5944e+00)	Acc@1  25.00 ( 19.98)	Acc@5  62.00 ( 57.11)
[2023-03-24 01:44:04,685][new_worker_lincls][INFO] - Epoch: [3][  0/500]	Time  2.384 ( 2.384)	Data  2.354 ( 2.354)	Loss 2.8008e+00 (2.8008e+00)	Acc@1  16.00 ( 16.00)	Acc@5  48.00 ( 48.00)
[2023-03-24 01:44:04,976][new_worker_lincls][INFO] - Epoch: [3][ 10/500]	Time  0.032 ( 0.243)	Data  0.001 ( 0.215)	Loss 2.6631e+00 (2.5908e+00)	Acc@1  18.00 ( 19.82)	Acc@5  50.00 ( 56.91)
[2023-03-24 01:44:05,277][new_worker_lincls][INFO] - Epoch: [3][ 20/500]	Time  0.031 ( 0.142)	Data  0.001 ( 0.113)	Loss 2.5242e+00 (2.5928e+00)	Acc@1  21.00 ( 19.52)	Acc@5  58.00 ( 56.43)
[2023-03-24 01:44:05,576][new_worker_lincls][INFO] - Epoch: [3][ 30/500]	Time  0.029 ( 0.106)	Data  0.001 ( 0.077)	Loss 2.5899e+00 (2.5939e+00)	Acc@1  24.00 ( 19.87)	Acc@5  55.00 ( 56.65)
[2023-03-24 01:44:05,865][new_worker_lincls][INFO] - Epoch: [3][ 40/500]	Time  0.029 ( 0.087)	Data  0.001 ( 0.058)	Loss 2.5065e+00 (2.5922e+00)	Acc@1  16.00 ( 20.22)	Acc@5  67.00 ( 56.98)
[2023-03-24 01:44:06,162][new_worker_lincls][INFO] - Epoch: [3][ 50/500]	Time  0.031 ( 0.076)	Data  0.001 ( 0.047)	Loss 2.4297e+00 (2.5840e+00)	Acc@1  24.00 ( 20.67)	Acc@5  59.00 ( 57.20)
[2023-03-24 01:44:06,435][new_worker_lincls][INFO] - Epoch: [3][ 60/500]	Time  0.026 ( 0.068)	Data  0.000 ( 0.039)	Loss 2.6228e+00 (2.5782e+00)	Acc@1  23.00 ( 20.82)	Acc@5  60.00 ( 57.51)
[2023-03-24 01:44:06,705][new_worker_lincls][INFO] - Epoch: [3][ 70/500]	Time  0.027 ( 0.062)	Data  0.001 ( 0.034)	Loss 2.6230e+00 (2.5683e+00)	Acc@1  26.00 ( 21.03)	Acc@5  55.00 ( 58.11)
[2023-03-24 01:44:06,986][new_worker_lincls][INFO] - Epoch: [3][ 80/500]	Time  0.026 ( 0.058)	Data  0.000 ( 0.030)	Loss 2.5796e+00 (2.5704e+00)	Acc@1  16.00 ( 20.75)	Acc@5  56.00 ( 58.04)
[2023-03-24 01:44:07,247][new_worker_lincls][INFO] - Epoch: [3][ 90/500]	Time  0.028 ( 0.054)	Data  0.001 ( 0.026)	Loss 2.7501e+00 (2.5737e+00)	Acc@1  14.00 ( 20.62)	Acc@5  50.00 ( 58.04)
[2023-03-24 01:44:07,512][new_worker_lincls][INFO] - Epoch: [3][100/500]	Time  0.027 ( 0.052)	Data  0.001 ( 0.024)	Loss 2.7409e+00 (2.5769e+00)	Acc@1  18.00 ( 20.49)	Acc@5  54.00 ( 57.84)
[2023-03-24 01:44:07,798][new_worker_lincls][INFO] - Epoch: [3][110/500]	Time  0.033 ( 0.050)	Data  0.001 ( 0.022)	Loss 2.4993e+00 (2.5805e+00)	Acc@1  23.00 ( 20.47)	Acc@5  64.00 ( 57.76)
[2023-03-24 01:44:08,080][new_worker_lincls][INFO] - Epoch: [3][120/500]	Time  0.026 ( 0.048)	Data  0.000 ( 0.020)	Loss 2.7059e+00 (2.5812e+00)	Acc@1  20.00 ( 20.55)	Acc@5  51.00 ( 57.59)
[2023-03-24 01:44:08,347][new_worker_lincls][INFO] - Epoch: [3][130/500]	Time  0.027 ( 0.046)	Data  0.001 ( 0.019)	Loss 2.5731e+00 (2.5801e+00)	Acc@1  15.00 ( 20.51)	Acc@5  59.00 ( 57.82)
[2023-03-24 01:44:08,614][new_worker_lincls][INFO] - Epoch: [3][140/500]	Time  0.027 ( 0.045)	Data  0.001 ( 0.017)	Loss 2.6111e+00 (2.5795e+00)	Acc@1  20.00 ( 20.55)	Acc@5  60.00 ( 57.84)
[2023-03-24 01:44:08,880][new_worker_lincls][INFO] - Epoch: [3][150/500]	Time  0.026 ( 0.044)	Data  0.000 ( 0.016)	Loss 2.4924e+00 (2.5771e+00)	Acc@1  27.00 ( 20.58)	Acc@5  62.00 ( 57.89)
[2023-03-24 01:44:09,142][new_worker_lincls][INFO] - Epoch: [3][160/500]	Time  0.026 ( 0.042)	Data  0.000 ( 0.015)	Loss 2.6698e+00 (2.5732e+00)	Acc@1  20.00 ( 20.66)	Acc@5  55.00 ( 58.07)
[2023-03-24 01:44:09,414][new_worker_lincls][INFO] - Epoch: [3][170/500]	Time  0.026 ( 0.042)	Data  0.001 ( 0.014)	Loss 2.5748e+00 (2.5750e+00)	Acc@1  21.00 ( 20.67)	Acc@5  57.00 ( 58.03)
[2023-03-24 01:44:09,679][new_worker_lincls][INFO] - Epoch: [3][180/500]	Time  0.026 ( 0.041)	Data  0.001 ( 0.014)	Loss 2.6299e+00 (2.5756e+00)	Acc@1  18.00 ( 20.69)	Acc@5  58.00 ( 58.00)
[2023-03-24 01:44:09,956][new_worker_lincls][INFO] - Epoch: [3][190/500]	Time  0.025 ( 0.040)	Data  0.000 ( 0.013)	Loss 2.6032e+00 (2.5747e+00)	Acc@1  25.00 ( 20.80)	Acc@5  55.00 ( 58.09)
[2023-03-24 01:44:10,218][new_worker_lincls][INFO] - Epoch: [3][200/500]	Time  0.026 ( 0.039)	Data  0.000 ( 0.012)	Loss 2.5662e+00 (2.5703e+00)	Acc@1  25.00 ( 20.96)	Acc@5  60.00 ( 58.31)
[2023-03-24 01:44:10,483][new_worker_lincls][INFO] - Epoch: [3][210/500]	Time  0.027 ( 0.039)	Data  0.001 ( 0.012)	Loss 2.6019e+00 (2.5712e+00)	Acc@1  15.00 ( 20.90)	Acc@5  60.00 ( 58.36)
[2023-03-24 01:44:10,747][new_worker_lincls][INFO] - Epoch: [3][220/500]	Time  0.027 ( 0.038)	Data  0.001 ( 0.011)	Loss 2.5997e+00 (2.5701e+00)	Acc@1  19.00 ( 20.91)	Acc@5  61.00 ( 58.36)
[2023-03-24 01:44:11,018][new_worker_lincls][INFO] - Epoch: [3][230/500]	Time  0.026 ( 0.038)	Data  0.000 ( 0.011)	Loss 2.5744e+00 (2.5691e+00)	Acc@1  19.00 ( 20.95)	Acc@5  53.00 ( 58.27)
[2023-03-24 01:44:11,289][new_worker_lincls][INFO] - Epoch: [3][240/500]	Time  0.026 ( 0.037)	Data  0.000 ( 0.010)	Loss 2.4675e+00 (2.5688e+00)	Acc@1  28.00 ( 20.93)	Acc@5  58.00 ( 58.29)
[2023-03-24 01:44:11,552][new_worker_lincls][INFO] - Epoch: [3][250/500]	Time  0.027 ( 0.037)	Data  0.001 ( 0.010)	Loss 2.6598e+00 (2.5687e+00)	Acc@1  18.00 ( 20.90)	Acc@5  48.00 ( 58.24)
[2023-03-24 01:44:11,825][new_worker_lincls][INFO] - Epoch: [3][260/500]	Time  0.033 ( 0.036)	Data  0.001 ( 0.010)	Loss 2.5848e+00 (2.5685e+00)	Acc@1  17.00 ( 20.83)	Acc@5  58.00 ( 58.25)
[2023-03-24 01:44:12,090][new_worker_lincls][INFO] - Epoch: [3][270/500]	Time  0.026 ( 0.036)	Data  0.000 ( 0.009)	Loss 2.4388e+00 (2.5684e+00)	Acc@1  24.00 ( 20.84)	Acc@5  61.00 ( 58.23)
[2023-03-24 01:44:12,351][new_worker_lincls][INFO] - Epoch: [3][280/500]	Time  0.027 ( 0.036)	Data  0.001 ( 0.009)	Loss 2.3248e+00 (2.5694e+00)	Acc@1  33.00 ( 20.86)	Acc@5  67.00 ( 58.16)
[2023-03-24 01:44:12,620][new_worker_lincls][INFO] - Epoch: [3][290/500]	Time  0.027 ( 0.035)	Data  0.001 ( 0.009)	Loss 2.4444e+00 (2.5698e+00)	Acc@1  19.00 ( 20.85)	Acc@5  73.00 ( 58.13)
[2023-03-24 01:44:12,887][new_worker_lincls][INFO] - Epoch: [3][300/500]	Time  0.027 ( 0.035)	Data  0.001 ( 0.008)	Loss 2.6725e+00 (2.5687e+00)	Acc@1  17.00 ( 20.90)	Acc@5  53.00 ( 58.25)
[2023-03-24 01:44:13,152][new_worker_lincls][INFO] - Epoch: [3][310/500]	Time  0.026 ( 0.035)	Data  0.000 ( 0.008)	Loss 2.6062e+00 (2.5699e+00)	Acc@1  20.00 ( 20.91)	Acc@5  51.00 ( 58.14)
[2023-03-24 01:44:13,412][new_worker_lincls][INFO] - Epoch: [3][320/500]	Time  0.026 ( 0.035)	Data  0.000 ( 0.008)	Loss 2.6526e+00 (2.5691e+00)	Acc@1  14.00 ( 21.00)	Acc@5  59.00 ( 58.15)
[2023-03-24 01:44:13,683][new_worker_lincls][INFO] - Epoch: [3][330/500]	Time  0.027 ( 0.034)	Data  0.001 ( 0.008)	Loss 2.6400e+00 (2.5675e+00)	Acc@1  22.00 ( 21.03)	Acc@5  57.00 ( 58.22)
[2023-03-24 01:44:13,948][new_worker_lincls][INFO] - Epoch: [3][340/500]	Time  0.027 ( 0.034)	Data  0.001 ( 0.007)	Loss 2.7536e+00 (2.5682e+00)	Acc@1  18.00 ( 20.99)	Acc@5  47.00 ( 58.14)
[2023-03-24 01:44:14,213][new_worker_lincls][INFO] - Epoch: [3][350/500]	Time  0.026 ( 0.034)	Data  0.000 ( 0.007)	Loss 2.6002e+00 (2.5685e+00)	Acc@1  23.00 ( 21.01)	Acc@5  58.00 ( 58.15)
[2023-03-24 01:44:14,477][new_worker_lincls][INFO] - Epoch: [3][360/500]	Time  0.026 ( 0.034)	Data  0.001 ( 0.007)	Loss 2.7826e+00 (2.5686e+00)	Acc@1  18.00 ( 21.02)	Acc@5  50.00 ( 58.14)
[2023-03-24 01:44:14,748][new_worker_lincls][INFO] - Epoch: [3][370/500]	Time  0.026 ( 0.034)	Data  0.001 ( 0.007)	Loss 2.5176e+00 (2.5672e+00)	Acc@1  20.00 ( 21.03)	Acc@5  56.00 ( 58.18)
[2023-03-24 01:44:15,013][new_worker_lincls][INFO] - Epoch: [3][380/500]	Time  0.026 ( 0.033)	Data  0.001 ( 0.007)	Loss 2.7346e+00 (2.5679e+00)	Acc@1  16.00 ( 20.98)	Acc@5  52.00 ( 58.20)
[2023-03-24 01:44:15,278][new_worker_lincls][INFO] - Epoch: [3][390/500]	Time  0.026 ( 0.033)	Data  0.000 ( 0.007)	Loss 2.5124e+00 (2.5676e+00)	Acc@1  27.00 ( 21.01)	Acc@5  65.00 ( 58.26)
[2023-03-24 01:44:15,546][new_worker_lincls][INFO] - Epoch: [3][400/500]	Time  0.026 ( 0.033)	Data  0.001 ( 0.006)	Loss 2.5130e+00 (2.5693e+00)	Acc@1  23.00 ( 20.95)	Acc@5  64.00 ( 58.19)
[2023-03-24 01:44:15,815][new_worker_lincls][INFO] - Epoch: [3][410/500]	Time  0.026 ( 0.033)	Data  0.001 ( 0.006)	Loss 2.3995e+00 (2.5692e+00)	Acc@1  24.00 ( 21.00)	Acc@5  63.00 ( 58.18)
[2023-03-24 01:44:16,087][new_worker_lincls][INFO] - Epoch: [3][420/500]	Time  0.031 ( 0.033)	Data  0.005 ( 0.006)	Loss 2.4446e+00 (2.5694e+00)	Acc@1  27.00 ( 20.97)	Acc@5  61.00 ( 58.15)
[2023-03-24 01:44:16,348][new_worker_lincls][INFO] - Epoch: [3][430/500]	Time  0.026 ( 0.033)	Data  0.000 ( 0.006)	Loss 2.7219e+00 (2.5702e+00)	Acc@1  17.00 ( 20.94)	Acc@5  52.00 ( 58.10)
[2023-03-24 01:44:16,606][new_worker_lincls][INFO] - Epoch: [3][440/500]	Time  0.026 ( 0.032)	Data  0.000 ( 0.006)	Loss 2.5077e+00 (2.5695e+00)	Acc@1  18.00 ( 20.94)	Acc@5  59.00 ( 58.13)
[2023-03-24 01:44:16,864][new_worker_lincls][INFO] - Epoch: [3][450/500]	Time  0.026 ( 0.032)	Data  0.000 ( 0.006)	Loss 2.6221e+00 (2.5692e+00)	Acc@1  19.00 ( 20.92)	Acc@5  54.00 ( 58.12)
[2023-03-24 01:44:17,123][new_worker_lincls][INFO] - Epoch: [3][460/500]	Time  0.026 ( 0.032)	Data  0.000 ( 0.006)	Loss 2.6708e+00 (2.5699e+00)	Acc@1  16.00 ( 20.87)	Acc@5  51.00 ( 58.12)
[2023-03-24 01:44:17,382][new_worker_lincls][INFO] - Epoch: [3][470/500]	Time  0.026 ( 0.032)	Data  0.000 ( 0.006)	Loss 2.5591e+00 (2.5697e+00)	Acc@1  18.00 ( 20.85)	Acc@5  59.00 ( 58.11)
[2023-03-24 01:44:17,641][new_worker_lincls][INFO] - Epoch: [3][480/500]	Time  0.026 ( 0.032)	Data  0.000 ( 0.005)	Loss 2.6956e+00 (2.5698e+00)	Acc@1  16.00 ( 20.85)	Acc@5  55.00 ( 58.10)
[2023-03-24 01:44:17,900][new_worker_lincls][INFO] - Epoch: [3][490/500]	Time  0.026 ( 0.032)	Data  0.000 ( 0.005)	Loss 2.6243e+00 (2.5703e+00)	Acc@1  20.00 ( 20.85)	Acc@5  51.00 ( 58.09)
[2023-03-24 01:44:20,644][new_worker_lincls][INFO] - Epoch: [4][  0/500]	Time  2.332 ( 2.332)	Data  2.303 ( 2.303)	Loss 2.4972e+00 (2.4972e+00)	Acc@1  17.00 ( 17.00)	Acc@5  60.00 ( 60.00)
[2023-03-24 01:44:20,941][new_worker_lincls][INFO] - Epoch: [4][ 10/500]	Time  0.031 ( 0.239)	Data  0.001 ( 0.210)	Loss 2.5209e+00 (2.5626e+00)	Acc@1  20.00 ( 21.09)	Acc@5  60.00 ( 58.27)
[2023-03-24 01:44:21,244][new_worker_lincls][INFO] - Epoch: [4][ 20/500]	Time  0.030 ( 0.140)	Data  0.001 ( 0.110)	Loss 2.4934e+00 (2.5531e+00)	Acc@1  22.00 ( 21.19)	Acc@5  61.00 ( 59.29)
[2023-03-24 01:44:21,540][new_worker_lincls][INFO] - Epoch: [4][ 30/500]	Time  0.029 ( 0.104)	Data  0.000 ( 0.075)	Loss 2.6078e+00 (2.5555e+00)	Acc@1  18.00 ( 21.90)	Acc@5  56.00 ( 58.77)
[2023-03-24 01:44:21,834][new_worker_lincls][INFO] - Epoch: [4][ 40/500]	Time  0.032 ( 0.086)	Data  0.001 ( 0.057)	Loss 2.6681e+00 (2.5562e+00)	Acc@1  22.00 ( 21.88)	Acc@5  50.00 ( 58.68)
[2023-03-24 01:44:22,124][new_worker_lincls][INFO] - Epoch: [4][ 50/500]	Time  0.030 ( 0.075)	Data  0.001 ( 0.046)	Loss 2.5502e+00 (2.5466e+00)	Acc@1  21.00 ( 22.04)	Acc@5  53.00 ( 58.90)
[2023-03-24 01:44:22,408][new_worker_lincls][INFO] - Epoch: [4][ 60/500]	Time  0.027 ( 0.067)	Data  0.001 ( 0.038)	Loss 2.5631e+00 (2.5439e+00)	Acc@1  17.00 ( 22.08)	Acc@5  54.00 ( 58.97)
[2023-03-24 01:44:22,670][new_worker_lincls][INFO] - Epoch: [4][ 70/500]	Time  0.026 ( 0.061)	Data  0.000 ( 0.033)	Loss 2.5602e+00 (2.5444e+00)	Acc@1  23.00 ( 21.90)	Acc@5  62.00 ( 59.03)
[2023-03-24 01:44:22,936][new_worker_lincls][INFO] - Epoch: [4][ 80/500]	Time  0.026 ( 0.057)	Data  0.001 ( 0.029)	Loss 2.6482e+00 (2.5453e+00)	Acc@1  20.00 ( 21.79)	Acc@5  57.00 ( 59.05)
[2023-03-24 01:44:23,202][new_worker_lincls][INFO] - Epoch: [4][ 90/500]	Time  0.027 ( 0.054)	Data  0.001 ( 0.026)	Loss 2.4148e+00 (2.5352e+00)	Acc@1  24.00 ( 21.89)	Acc@5  62.00 ( 59.54)
[2023-03-24 01:44:23,472][new_worker_lincls][INFO] - Epoch: [4][100/500]	Time  0.027 ( 0.051)	Data  0.001 ( 0.023)	Loss 2.6469e+00 (2.5362e+00)	Acc@1  19.00 ( 21.90)	Acc@5  52.00 ( 59.43)
[2023-03-24 01:44:23,739][new_worker_lincls][INFO] - Epoch: [4][110/500]	Time  0.026 ( 0.049)	Data  0.000 ( 0.021)	Loss 2.6982e+00 (2.5388e+00)	Acc@1  16.00 ( 21.80)	Acc@5  53.00 ( 59.39)
[2023-03-24 01:44:24,003][new_worker_lincls][INFO] - Epoch: [4][120/500]	Time  0.027 ( 0.047)	Data  0.001 ( 0.020)	Loss 2.5610e+00 (2.5407e+00)	Acc@1  21.00 ( 21.84)	Acc@5  56.00 ( 59.30)
[2023-03-24 01:44:24,269][new_worker_lincls][INFO] - Epoch: [4][130/500]	Time  0.026 ( 0.045)	Data  0.000 ( 0.018)	Loss 2.4981e+00 (2.5423e+00)	Acc@1  21.00 ( 21.81)	Acc@5  58.00 ( 59.27)
[2023-03-24 01:44:24,541][new_worker_lincls][INFO] - Epoch: [4][140/500]	Time  0.033 ( 0.044)	Data  0.001 ( 0.017)	Loss 2.6056e+00 (2.5420e+00)	Acc@1  19.00 ( 21.86)	Acc@5  57.00 ( 59.34)
[2023-03-24 01:44:24,809][new_worker_lincls][INFO] - Epoch: [4][150/500]	Time  0.026 ( 0.043)	Data  0.000 ( 0.016)	Loss 2.5503e+00 (2.5423e+00)	Acc@1  22.00 ( 21.86)	Acc@5  62.00 ( 59.30)
[2023-03-24 01:44:25,073][new_worker_lincls][INFO] - Epoch: [4][160/500]	Time  0.026 ( 0.042)	Data  0.000 ( 0.015)	Loss 2.4082e+00 (2.5413e+00)	Acc@1  31.00 ( 21.93)	Acc@5  67.00 ( 59.39)
[2023-03-24 01:44:25,334][new_worker_lincls][INFO] - Epoch: [4][170/500]	Time  0.026 ( 0.041)	Data  0.000 ( 0.014)	Loss 2.6436e+00 (2.5416e+00)	Acc@1  20.00 ( 21.90)	Acc@5  54.00 ( 59.32)
[2023-03-24 01:44:25,603][new_worker_lincls][INFO] - Epoch: [4][180/500]	Time  0.027 ( 0.040)	Data  0.001 ( 0.013)	Loss 2.6971e+00 (2.5455e+00)	Acc@1  20.00 ( 21.80)	Acc@5  61.00 ( 59.19)
[2023-03-24 01:44:25,869][new_worker_lincls][INFO] - Epoch: [4][190/500]	Time  0.026 ( 0.040)	Data  0.001 ( 0.013)	Loss 2.6903e+00 (2.5461e+00)	Acc@1  25.00 ( 21.71)	Acc@5  53.00 ( 59.12)
[2023-03-24 01:44:26,133][new_worker_lincls][INFO] - Epoch: [4][200/500]	Time  0.026 ( 0.039)	Data  0.001 ( 0.012)	Loss 2.5593e+00 (2.5461e+00)	Acc@1  23.00 ( 21.66)	Acc@5  64.00 ( 59.17)
[2023-03-24 01:44:26,396][new_worker_lincls][INFO] - Epoch: [4][210/500]	Time  0.026 ( 0.038)	Data  0.000 ( 0.011)	Loss 2.5734e+00 (2.5455e+00)	Acc@1  21.00 ( 21.69)	Acc@5  57.00 ( 59.19)
[2023-03-24 01:44:26,662][new_worker_lincls][INFO] - Epoch: [4][220/500]	Time  0.027 ( 0.038)	Data  0.001 ( 0.011)	Loss 2.6653e+00 (2.5471e+00)	Acc@1  25.00 ( 21.67)	Acc@5  51.00 ( 59.09)
[2023-03-24 01:44:26,931][new_worker_lincls][INFO] - Epoch: [4][230/500]	Time  0.026 ( 0.037)	Data  0.001 ( 0.011)	Loss 2.5634e+00 (2.5466e+00)	Acc@1  23.00 ( 21.65)	Acc@5  61.00 ( 59.11)
[2023-03-24 01:44:27,196][new_worker_lincls][INFO] - Epoch: [4][240/500]	Time  0.027 ( 0.037)	Data  0.001 ( 0.010)	Loss 2.5643e+00 (2.5468e+00)	Acc@1  20.00 ( 21.68)	Acc@5  56.00 ( 59.03)
[2023-03-24 01:44:27,465][new_worker_lincls][INFO] - Epoch: [4][250/500]	Time  0.026 ( 0.036)	Data  0.000 ( 0.010)	Loss 2.6627e+00 (2.5484e+00)	Acc@1  16.00 ( 21.70)	Acc@5  47.00 ( 58.96)
[2023-03-24 01:44:27,731][new_worker_lincls][INFO] - Epoch: [4][260/500]	Time  0.026 ( 0.036)	Data  0.001 ( 0.009)	Loss 2.5197e+00 (2.5478e+00)	Acc@1  23.00 ( 21.76)	Acc@5  56.00 ( 58.95)
[2023-03-24 01:44:27,998][new_worker_lincls][INFO] - Epoch: [4][270/500]	Time  0.027 ( 0.036)	Data  0.001 ( 0.009)	Loss 2.5222e+00 (2.5468e+00)	Acc@1  29.00 ( 21.78)	Acc@5  62.00 ( 59.08)
[2023-03-24 01:44:28,261][new_worker_lincls][INFO] - Epoch: [4][280/500]	Time  0.026 ( 0.035)	Data  0.001 ( 0.009)	Loss 2.6114e+00 (2.5463e+00)	Acc@1  16.00 ( 21.78)	Acc@5  59.00 ( 59.06)
[2023-03-24 01:44:28,527][new_worker_lincls][INFO] - Epoch: [4][290/500]	Time  0.026 ( 0.035)	Data  0.000 ( 0.008)	Loss 2.5026e+00 (2.5468e+00)	Acc@1  19.00 ( 21.78)	Acc@5  58.00 ( 58.97)
[2023-03-24 01:44:28,793][new_worker_lincls][INFO] - Epoch: [4][300/500]	Time  0.027 ( 0.035)	Data  0.001 ( 0.008)	Loss 2.4987e+00 (2.5473e+00)	Acc@1  24.00 ( 21.78)	Acc@5  56.00 ( 58.95)
[2023-03-24 01:44:29,059][new_worker_lincls][INFO] - Epoch: [4][310/500]	Time  0.027 ( 0.035)	Data  0.001 ( 0.008)	Loss 2.3898e+00 (2.5466e+00)	Acc@1  30.00 ( 21.76)	Acc@5  59.00 ( 58.93)
[2023-03-24 01:44:29,329][new_worker_lincls][INFO] - Epoch: [4][320/500]	Time  0.026 ( 0.034)	Data  0.001 ( 0.008)	Loss 2.4060e+00 (2.5480e+00)	Acc@1  25.00 ( 21.70)	Acc@5  62.00 ( 58.88)
[2023-03-24 01:44:29,596][new_worker_lincls][INFO] - Epoch: [4][330/500]	Time  0.026 ( 0.034)	Data  0.000 ( 0.008)	Loss 2.5768e+00 (2.5492e+00)	Acc@1  28.00 ( 21.66)	Acc@5  54.00 ( 58.82)
[2023-03-24 01:44:29,862][new_worker_lincls][INFO] - Epoch: [4][340/500]	Time  0.027 ( 0.034)	Data  0.001 ( 0.007)	Loss 2.6859e+00 (2.5491e+00)	Acc@1  18.00 ( 21.64)	Acc@5  50.00 ( 58.78)
[2023-03-24 01:44:30,128][new_worker_lincls][INFO] - Epoch: [4][350/500]	Time  0.027 ( 0.034)	Data  0.001 ( 0.007)	Loss 2.5313e+00 (2.5497e+00)	Acc@1  29.00 ( 21.66)	Acc@5  63.00 ( 58.74)
[2023-03-24 01:44:30,393][new_worker_lincls][INFO] - Epoch: [4][360/500]	Time  0.026 ( 0.033)	Data  0.001 ( 0.007)	Loss 2.5341e+00 (2.5508e+00)	Acc@1  20.00 ( 21.56)	Acc@5  59.00 ( 58.74)
[2023-03-24 01:44:30,658][new_worker_lincls][INFO] - Epoch: [4][370/500]	Time  0.027 ( 0.033)	Data  0.000 ( 0.007)	Loss 2.6643e+00 (2.5507e+00)	Acc@1  21.00 ( 21.57)	Acc@5  61.00 ( 58.73)
[2023-03-24 01:44:30,925][new_worker_lincls][INFO] - Epoch: [4][380/500]	Time  0.027 ( 0.033)	Data  0.001 ( 0.007)	Loss 2.5797e+00 (2.5497e+00)	Acc@1  17.00 ( 21.56)	Acc@5  54.00 ( 58.80)
[2023-03-24 01:44:31,192][new_worker_lincls][INFO] - Epoch: [4][390/500]	Time  0.027 ( 0.033)	Data  0.001 ( 0.006)	Loss 2.4206e+00 (2.5496e+00)	Acc@1  21.00 ( 21.53)	Acc@5  70.00 ( 58.81)
[2023-03-24 01:44:31,460][new_worker_lincls][INFO] - Epoch: [4][400/500]	Time  0.027 ( 0.033)	Data  0.000 ( 0.006)	Loss 2.5489e+00 (2.5502e+00)	Acc@1  22.00 ( 21.52)	Acc@5  63.00 ( 58.80)
[2023-03-24 01:44:31,722][new_worker_lincls][INFO] - Epoch: [4][410/500]	Time  0.026 ( 0.033)	Data  0.000 ( 0.006)	Loss 2.4480e+00 (2.5499e+00)	Acc@1  26.00 ( 21.53)	Acc@5  57.00 ( 58.77)
[2023-03-24 01:44:31,992][new_worker_lincls][INFO] - Epoch: [4][420/500]	Time  0.031 ( 0.032)	Data  0.004 ( 0.006)	Loss 2.5951e+00 (2.5496e+00)	Acc@1  20.00 ( 21.55)	Acc@5  61.00 ( 58.77)
[2023-03-24 01:44:32,253][new_worker_lincls][INFO] - Epoch: [4][430/500]	Time  0.026 ( 0.032)	Data  0.000 ( 0.006)	Loss 2.7085e+00 (2.5491e+00)	Acc@1  19.00 ( 21.61)	Acc@5  55.00 ( 58.78)
[2023-03-24 01:44:32,514][new_worker_lincls][INFO] - Epoch: [4][440/500]	Time  0.026 ( 0.032)	Data  0.000 ( 0.006)	Loss 2.5270e+00 (2.5484e+00)	Acc@1  16.00 ( 21.59)	Acc@5  63.00 ( 58.81)
[2023-03-24 01:44:32,774][new_worker_lincls][INFO] - Epoch: [4][450/500]	Time  0.026 ( 0.032)	Data  0.000 ( 0.006)	Loss 2.5531e+00 (2.5482e+00)	Acc@1  22.00 ( 21.59)	Acc@5  58.00 ( 58.78)
[2023-03-24 01:44:33,035][new_worker_lincls][INFO] - Epoch: [4][460/500]	Time  0.026 ( 0.032)	Data  0.000 ( 0.006)	Loss 2.4342e+00 (2.5475e+00)	Acc@1  24.00 ( 21.66)	Acc@5  60.00 ( 58.79)
[2023-03-24 01:44:33,296][new_worker_lincls][INFO] - Epoch: [4][470/500]	Time  0.026 ( 0.032)	Data  0.000 ( 0.005)	Loss 2.5688e+00 (2.5482e+00)	Acc@1  23.00 ( 21.62)	Acc@5  60.00 ( 58.78)
[2023-03-24 01:44:33,556][new_worker_lincls][INFO] - Epoch: [4][480/500]	Time  0.026 ( 0.032)	Data  0.000 ( 0.005)	Loss 2.5516e+00 (2.5476e+00)	Acc@1  22.00 ( 21.62)	Acc@5  58.00 ( 58.85)
[2023-03-24 01:44:33,817][new_worker_lincls][INFO] - Epoch: [4][490/500]	Time  0.026 ( 0.032)	Data  0.000 ( 0.005)	Loss 2.5452e+00 (2.5475e+00)	Acc@1  23.00 ( 21.62)	Acc@5  61.00 ( 58.86)
[2023-03-24 01:44:36,633][new_worker_lincls][INFO] - Epoch: [5][  0/500]	Time  2.393 ( 2.393)	Data  2.362 ( 2.362)	Loss 2.6013e+00 (2.6013e+00)	Acc@1  14.00 ( 14.00)	Acc@5  55.00 ( 55.00)
[2023-03-24 01:44:36,941][new_worker_lincls][INFO] - Epoch: [5][ 10/500]	Time  0.029 ( 0.246)	Data  0.000 ( 0.215)	Loss 2.4895e+00 (2.5112e+00)	Acc@1  29.00 ( 22.55)	Acc@5  59.00 ( 61.64)
[2023-03-24 01:44:37,236][new_worker_lincls][INFO] - Epoch: [5][ 20/500]	Time  0.031 ( 0.143)	Data  0.001 ( 0.113)	Loss 2.4801e+00 (2.5005e+00)	Acc@1  29.00 ( 22.76)	Acc@5  56.00 ( 61.33)
[2023-03-24 01:44:37,527][new_worker_lincls][INFO] - Epoch: [5][ 30/500]	Time  0.028 ( 0.106)	Data  0.001 ( 0.077)	Loss 2.5407e+00 (2.5060e+00)	Acc@1  23.00 ( 23.19)	Acc@5  62.00 ( 61.03)
[2023-03-24 01:44:37,824][new_worker_lincls][INFO] - Epoch: [5][ 40/500]	Time  0.028 ( 0.087)	Data  0.001 ( 0.058)	Loss 2.4812e+00 (2.5183e+00)	Acc@1  25.00 ( 22.54)	Acc@5  67.00 ( 61.12)
[2023-03-24 01:44:38,126][new_worker_lincls][INFO] - Epoch: [5][ 50/500]	Time  0.030 ( 0.076)	Data  0.001 ( 0.047)	Loss 2.5625e+00 (2.5167e+00)	Acc@1  18.00 ( 22.67)	Acc@5  58.00 ( 61.18)
[2023-03-24 01:44:38,396][new_worker_lincls][INFO] - Epoch: [5][ 60/500]	Time  0.027 ( 0.068)	Data  0.001 ( 0.039)	Loss 2.5703e+00 (2.5166e+00)	Acc@1  21.00 ( 22.39)	Acc@5  58.00 ( 60.90)
[2023-03-24 01:44:38,669][new_worker_lincls][INFO] - Epoch: [5][ 70/500]	Time  0.027 ( 0.062)	Data  0.001 ( 0.034)	Loss 2.5262e+00 (2.5195e+00)	Acc@1  26.00 ( 22.32)	Acc@5  61.00 ( 60.85)
[2023-03-24 01:44:38,934][new_worker_lincls][INFO] - Epoch: [5][ 80/500]	Time  0.027 ( 0.058)	Data  0.001 ( 0.030)	Loss 2.5828e+00 (2.5212e+00)	Acc@1  20.00 ( 22.23)	Acc@5  57.00 ( 60.56)
[2023-03-24 01:44:39,197][new_worker_lincls][INFO] - Epoch: [5][ 90/500]	Time  0.027 ( 0.054)	Data  0.001 ( 0.027)	Loss 2.4552e+00 (2.5150e+00)	Acc@1  20.00 ( 22.37)	Acc@5  63.00 ( 60.80)
[2023-03-24 01:44:39,467][new_worker_lincls][INFO] - Epoch: [5][100/500]	Time  0.026 ( 0.052)	Data  0.001 ( 0.024)	Loss 2.6226e+00 (2.5177e+00)	Acc@1  18.00 ( 22.28)	Acc@5  50.00 ( 60.66)
[2023-03-24 01:44:39,735][new_worker_lincls][INFO] - Epoch: [5][110/500]	Time  0.027 ( 0.050)	Data  0.001 ( 0.022)	Loss 2.5984e+00 (2.5234e+00)	Acc@1  23.00 ( 22.08)	Acc@5  53.00 ( 60.35)
[2023-03-24 01:44:40,000][new_worker_lincls][INFO] - Epoch: [5][120/500]	Time  0.027 ( 0.048)	Data  0.001 ( 0.020)	Loss 2.6781e+00 (2.5256e+00)	Acc@1  20.00 ( 21.96)	Acc@5  57.00 ( 60.35)
[2023-03-24 01:44:40,264][new_worker_lincls][INFO] - Epoch: [5][130/500]	Time  0.026 ( 0.046)	Data  0.001 ( 0.019)	Loss 2.5151e+00 (2.5275e+00)	Acc@1  21.00 ( 21.92)	Acc@5  58.00 ( 60.15)
[2023-03-24 01:44:40,537][new_worker_lincls][INFO] - Epoch: [5][140/500]	Time  0.027 ( 0.045)	Data  0.001 ( 0.017)	Loss 2.5243e+00 (2.5311e+00)	Acc@1  25.00 ( 21.85)	Acc@5  61.00 ( 59.96)
[2023-03-24 01:44:40,805][new_worker_lincls][INFO] - Epoch: [5][150/500]	Time  0.026 ( 0.043)	Data  0.001 ( 0.016)	Loss 2.7529e+00 (2.5344e+00)	Acc@1  11.00 ( 21.81)	Acc@5  49.00 ( 59.83)
[2023-03-24 01:44:41,072][new_worker_lincls][INFO] - Epoch: [5][160/500]	Time  0.026 ( 0.042)	Data  0.001 ( 0.015)	Loss 2.5353e+00 (2.5335e+00)	Acc@1  22.00 ( 21.80)	Acc@5  58.00 ( 59.79)
[2023-03-24 01:44:41,339][new_worker_lincls][INFO] - Epoch: [5][170/500]	Time  0.027 ( 0.042)	Data  0.000 ( 0.014)	Loss 2.5778e+00 (2.5315e+00)	Acc@1  29.00 ( 21.97)	Acc@5  58.00 ( 59.94)
[2023-03-24 01:44:41,607][new_worker_lincls][INFO] - Epoch: [5][180/500]	Time  0.026 ( 0.041)	Data  0.001 ( 0.014)	Loss 2.6972e+00 (2.5311e+00)	Acc@1  17.00 ( 22.06)	Acc@5  53.00 ( 59.83)
[2023-03-24 01:44:41,875][new_worker_lincls][INFO] - Epoch: [5][190/500]	Time  0.027 ( 0.040)	Data  0.001 ( 0.013)	Loss 2.5947e+00 (2.5328e+00)	Acc@1  18.00 ( 21.96)	Acc@5  58.00 ( 59.70)
[2023-03-24 01:44:42,144][new_worker_lincls][INFO] - Epoch: [5][200/500]	Time  0.027 ( 0.039)	Data  0.001 ( 0.012)	Loss 2.6094e+00 (2.5336e+00)	Acc@1  19.00 ( 21.92)	Acc@5  56.00 ( 59.72)
[2023-03-24 01:44:42,408][new_worker_lincls][INFO] - Epoch: [5][210/500]	Time  0.026 ( 0.039)	Data  0.000 ( 0.012)	Loss 2.4320e+00 (2.5330e+00)	Acc@1  26.00 ( 21.86)	Acc@5  65.00 ( 59.72)
[2023-03-24 01:44:42,678][new_worker_lincls][INFO] - Epoch: [5][220/500]	Time  0.027 ( 0.038)	Data  0.001 ( 0.011)	Loss 2.5811e+00 (2.5330e+00)	Acc@1  16.00 ( 21.95)	Acc@5  56.00 ( 59.70)
[2023-03-24 01:44:42,946][new_worker_lincls][INFO] - Epoch: [5][230/500]	Time  0.026 ( 0.038)	Data  0.001 ( 0.011)	Loss 2.5112e+00 (2.5321e+00)	Acc@1  24.00 ( 22.02)	Acc@5  61.00 ( 59.79)
[2023-03-24 01:44:43,218][new_worker_lincls][INFO] - Epoch: [5][240/500]	Time  0.027 ( 0.037)	Data  0.001 ( 0.010)	Loss 2.5016e+00 (2.5312e+00)	Acc@1  25.00 ( 22.01)	Acc@5  56.00 ( 59.83)
[2023-03-24 01:44:43,483][new_worker_lincls][INFO] - Epoch: [5][250/500]	Time  0.027 ( 0.037)	Data  0.000 ( 0.010)	Loss 2.5521e+00 (2.5318e+00)	Acc@1  12.00 ( 22.02)	Acc@5  58.00 ( 59.74)
[2023-03-24 01:44:43,753][new_worker_lincls][INFO] - Epoch: [5][260/500]	Time  0.027 ( 0.036)	Data  0.001 ( 0.010)	Loss 2.4502e+00 (2.5325e+00)	Acc@1  30.00 ( 22.06)	Acc@5  61.00 ( 59.69)
[2023-03-24 01:44:44,021][new_worker_lincls][INFO] - Epoch: [5][270/500]	Time  0.027 ( 0.036)	Data  0.001 ( 0.009)	Loss 2.4126e+00 (2.5323e+00)	Acc@1  35.00 ( 22.10)	Acc@5  65.00 ( 59.69)
[2023-03-24 01:44:44,286][new_worker_lincls][INFO] - Epoch: [5][280/500]	Time  0.026 ( 0.036)	Data  0.001 ( 0.009)	Loss 2.4885e+00 (2.5309e+00)	Acc@1  21.00 ( 22.14)	Acc@5  62.00 ( 59.73)
[2023-03-24 01:44:44,550][new_worker_lincls][INFO] - Epoch: [5][290/500]	Time  0.026 ( 0.035)	Data  0.000 ( 0.009)	Loss 2.4701e+00 (2.5333e+00)	Acc@1  27.00 ( 22.08)	Acc@5  57.00 ( 59.65)
[2023-03-24 01:44:44,820][new_worker_lincls][INFO] - Epoch: [5][300/500]	Time  0.027 ( 0.035)	Data  0.001 ( 0.008)	Loss 2.5757e+00 (2.5324e+00)	Acc@1  25.00 ( 22.18)	Acc@5  64.00 ( 59.71)
[2023-03-24 01:44:45,102][new_worker_lincls][INFO] - Epoch: [5][310/500]	Time  0.027 ( 0.035)	Data  0.001 ( 0.008)	Loss 2.6026e+00 (2.5342e+00)	Acc@1  19.00 ( 22.14)	Acc@5  58.00 ( 59.65)
[2023-03-24 01:44:45,371][new_worker_lincls][INFO] - Epoch: [5][320/500]	Time  0.027 ( 0.035)	Data  0.001 ( 0.008)	Loss 2.6024e+00 (2.5333e+00)	Acc@1  20.00 ( 22.14)	Acc@5  60.00 ( 59.73)
[2023-03-24 01:44:45,634][new_worker_lincls][INFO] - Epoch: [5][330/500]	Time  0.027 ( 0.034)	Data  0.000 ( 0.008)	Loss 2.5608e+00 (2.5322e+00)	Acc@1  17.00 ( 22.20)	Acc@5  59.00 ( 59.77)
[2023-03-24 01:44:45,904][new_worker_lincls][INFO] - Epoch: [5][340/500]	Time  0.026 ( 0.034)	Data  0.001 ( 0.008)	Loss 2.4346e+00 (2.5326e+00)	Acc@1  22.00 ( 22.18)	Acc@5  69.00 ( 59.77)
[2023-03-24 01:44:46,173][new_worker_lincls][INFO] - Epoch: [5][350/500]	Time  0.028 ( 0.034)	Data  0.001 ( 0.007)	Loss 2.5396e+00 (2.5334e+00)	Acc@1  18.00 ( 22.14)	Acc@5  57.00 ( 59.77)
[2023-03-24 01:44:46,444][new_worker_lincls][INFO] - Epoch: [5][360/500]	Time  0.027 ( 0.034)	Data  0.001 ( 0.007)	Loss 2.5476e+00 (2.5330e+00)	Acc@1  24.00 ( 22.17)	Acc@5  57.00 ( 59.76)
[2023-03-24 01:44:46,710][new_worker_lincls][INFO] - Epoch: [5][370/500]	Time  0.026 ( 0.034)	Data  0.000 ( 0.007)	Loss 2.4596e+00 (2.5327e+00)	Acc@1  29.00 ( 22.19)	Acc@5  59.00 ( 59.76)
[2023-03-24 01:44:46,981][new_worker_lincls][INFO] - Epoch: [5][380/500]	Time  0.027 ( 0.033)	Data  0.001 ( 0.007)	Loss 2.5281e+00 (2.5328e+00)	Acc@1  23.00 ( 22.13)	Acc@5  58.00 ( 59.77)
[2023-03-24 01:44:47,251][new_worker_lincls][INFO] - Epoch: [5][390/500]	Time  0.027 ( 0.033)	Data  0.001 ( 0.007)	Loss 2.5173e+00 (2.5325e+00)	Acc@1  23.00 ( 22.15)	Acc@5  64.00 ( 59.77)
[2023-03-24 01:44:47,516][new_worker_lincls][INFO] - Epoch: [5][400/500]	Time  0.027 ( 0.033)	Data  0.001 ( 0.007)	Loss 2.5294e+00 (2.5330e+00)	Acc@1  22.00 ( 22.13)	Acc@5  63.00 ( 59.76)
[2023-03-24 01:44:47,782][new_worker_lincls][INFO] - Epoch: [5][410/500]	Time  0.027 ( 0.033)	Data  0.000 ( 0.006)	Loss 2.5942e+00 (2.5339e+00)	Acc@1  25.00 ( 22.10)	Acc@5  53.00 ( 59.73)
[2023-03-24 01:44:48,053][new_worker_lincls][INFO] - Epoch: [5][420/500]	Time  0.028 ( 0.033)	Data  0.002 ( 0.006)	Loss 2.4479e+00 (2.5334e+00)	Acc@1  20.00 ( 22.10)	Acc@5  61.00 ( 59.75)
[2023-03-24 01:44:48,316][new_worker_lincls][INFO] - Epoch: [5][430/500]	Time  0.026 ( 0.033)	Data  0.000 ( 0.006)	Loss 2.5853e+00 (2.5329e+00)	Acc@1  20.00 ( 22.14)	Acc@5  56.00 ( 59.74)
[2023-03-24 01:44:48,578][new_worker_lincls][INFO] - Epoch: [5][440/500]	Time  0.026 ( 0.033)	Data  0.000 ( 0.006)	Loss 2.4882e+00 (2.5326e+00)	Acc@1  18.00 ( 22.11)	Acc@5  64.00 ( 59.79)
[2023-03-24 01:44:48,839][new_worker_lincls][INFO] - Epoch: [5][450/500]	Time  0.026 ( 0.032)	Data  0.000 ( 0.006)	Loss 2.5990e+00 (2.5330e+00)	Acc@1  19.00 ( 22.12)	Acc@5  59.00 ( 59.73)
[2023-03-24 01:44:49,103][new_worker_lincls][INFO] - Epoch: [5][460/500]	Time  0.026 ( 0.032)	Data  0.000 ( 0.006)	Loss 2.4869e+00 (2.5332e+00)	Acc@1  22.00 ( 22.10)	Acc@5  57.00 ( 59.73)
[2023-03-24 01:44:49,364][new_worker_lincls][INFO] - Epoch: [5][470/500]	Time  0.026 ( 0.032)	Data  0.000 ( 0.006)	Loss 2.4785e+00 (2.5329e+00)	Acc@1  19.00 ( 22.09)	Acc@5  54.00 ( 59.75)
[2023-03-24 01:44:49,626][new_worker_lincls][INFO] - Epoch: [5][480/500]	Time  0.026 ( 0.032)	Data  0.000 ( 0.005)	Loss 2.4874e+00 (2.5329e+00)	Acc@1  23.00 ( 22.07)	Acc@5  61.00 ( 59.70)
[2023-03-24 01:44:49,887][new_worker_lincls][INFO] - Epoch: [5][490/500]	Time  0.026 ( 0.032)	Data  0.000 ( 0.005)	Loss 2.6012e+00 (2.5317e+00)	Acc@1  22.00 ( 22.09)	Acc@5  56.00 ( 59.73)
[2023-03-24 01:44:52,297][new_worker_lincls][INFO] - Epoch: [6][  0/500]	Time  1.985 ( 1.985)	Data  1.940 ( 1.940)	Loss 2.7245e+00 (2.7245e+00)	Acc@1  19.00 ( 19.00)	Acc@5  50.00 ( 50.00)
[2023-03-24 01:44:52,905][new_worker_lincls][INFO] - Epoch: [6][ 10/500]	Time  0.031 ( 0.236)	Data  0.000 ( 0.204)	Loss 2.5786e+00 (2.6065e+00)	Acc@1  21.00 ( 19.09)	Acc@5  59.00 ( 57.27)
[2023-03-24 01:44:53,208][new_worker_lincls][INFO] - Epoch: [6][ 20/500]	Time  0.029 ( 0.138)	Data  0.000 ( 0.107)	Loss 2.4737e+00 (2.5548e+00)	Acc@1  25.00 ( 21.95)	Acc@5  61.00 ( 59.52)
[2023-03-24 01:44:53,508][new_worker_lincls][INFO] - Epoch: [6][ 30/500]	Time  0.029 ( 0.103)	Data  0.001 ( 0.073)	Loss 2.3624e+00 (2.5309e+00)	Acc@1  30.00 ( 22.45)	Acc@5  66.00 ( 60.74)
[2023-03-24 01:44:53,810][new_worker_lincls][INFO] - Epoch: [6][ 40/500]	Time  0.029 ( 0.085)	Data  0.001 ( 0.055)	Loss 2.4130e+00 (2.5267e+00)	Acc@1  31.00 ( 22.61)	Acc@5  65.00 ( 60.98)
[2023-03-24 01:44:54,111][new_worker_lincls][INFO] - Epoch: [6][ 50/500]	Time  0.030 ( 0.075)	Data  0.000 ( 0.044)	Loss 2.4726e+00 (2.5188e+00)	Acc@1  22.00 ( 22.94)	Acc@5  67.00 ( 60.98)
[2023-03-24 01:44:54,410][new_worker_lincls][INFO] - Epoch: [6][ 60/500]	Time  0.028 ( 0.067)	Data  0.000 ( 0.037)	Loss 2.4393e+00 (2.5152e+00)	Acc@1  26.00 ( 22.95)	Acc@5  65.00 ( 61.07)
[2023-03-24 01:44:54,681][new_worker_lincls][INFO] - Epoch: [6][ 70/500]	Time  0.027 ( 0.062)	Data  0.001 ( 0.032)	Loss 2.6677e+00 (2.5151e+00)	Acc@1  15.00 ( 22.99)	Acc@5  54.00 ( 61.08)
[2023-03-24 01:44:54,949][new_worker_lincls][INFO] - Epoch: [6][ 80/500]	Time  0.027 ( 0.057)	Data  0.001 ( 0.028)	Loss 2.4258e+00 (2.5191e+00)	Acc@1  25.00 ( 22.84)	Acc@5  62.00 ( 60.67)
[2023-03-24 01:44:55,214][new_worker_lincls][INFO] - Epoch: [6][ 90/500]	Time  0.026 ( 0.054)	Data  0.000 ( 0.025)	Loss 2.4989e+00 (2.5164e+00)	Acc@1  19.00 ( 22.91)	Acc@5  63.00 ( 60.82)
[2023-03-24 01:44:55,480][new_worker_lincls][INFO] - Epoch: [6][100/500]	Time  0.026 ( 0.051)	Data  0.000 ( 0.023)	Loss 2.4690e+00 (2.5144e+00)	Acc@1  24.00 ( 22.84)	Acc@5  56.00 ( 60.95)
[2023-03-24 01:44:55,748][new_worker_lincls][INFO] - Epoch: [6][110/500]	Time  0.027 ( 0.049)	Data  0.001 ( 0.021)	Loss 2.7695e+00 (2.5170e+00)	Acc@1  19.00 ( 23.01)	Acc@5  54.00 ( 60.70)
[2023-03-24 01:44:56,017][new_worker_lincls][INFO] - Epoch: [6][120/500]	Time  0.027 ( 0.047)	Data  0.001 ( 0.019)	Loss 2.4256e+00 (2.5138e+00)	Acc@1  26.00 ( 23.23)	Acc@5  68.00 ( 60.81)
[2023-03-24 01:44:56,285][new_worker_lincls][INFO] - Epoch: [6][130/500]	Time  0.026 ( 0.046)	Data  0.000 ( 0.018)	Loss 2.6500e+00 (2.5172e+00)	Acc@1  18.00 ( 23.05)	Acc@5  54.00 ( 60.54)
[2023-03-24 01:44:56,552][new_worker_lincls][INFO] - Epoch: [6][140/500]	Time  0.026 ( 0.044)	Data  0.000 ( 0.016)	Loss 2.5099e+00 (2.5186e+00)	Acc@1  20.00 ( 22.88)	Acc@5  55.00 ( 60.39)
[2023-03-24 01:44:56,822][new_worker_lincls][INFO] - Epoch: [6][150/500]	Time  0.027 ( 0.043)	Data  0.001 ( 0.015)	Loss 2.5144e+00 (2.5190e+00)	Acc@1  20.00 ( 22.88)	Acc@5  64.00 ( 60.44)
[2023-03-24 01:44:57,090][new_worker_lincls][INFO] - Epoch: [6][160/500]	Time  0.027 ( 0.042)	Data  0.001 ( 0.015)	Loss 2.4316e+00 (2.5154e+00)	Acc@1  24.00 ( 22.89)	Acc@5  63.00 ( 60.53)
[2023-03-24 01:44:57,357][new_worker_lincls][INFO] - Epoch: [6][170/500]	Time  0.026 ( 0.041)	Data  0.000 ( 0.014)	Loss 2.4814e+00 (2.5158e+00)	Acc@1  24.00 ( 22.74)	Acc@5  66.00 ( 60.57)
[2023-03-24 01:44:57,625][new_worker_lincls][INFO] - Epoch: [6][180/500]	Time  0.027 ( 0.040)	Data  0.001 ( 0.013)	Loss 2.5552e+00 (2.5166e+00)	Acc@1  26.00 ( 22.65)	Acc@5  56.00 ( 60.59)
[2023-03-24 01:44:57,893][new_worker_lincls][INFO] - Epoch: [6][190/500]	Time  0.027 ( 0.040)	Data  0.001 ( 0.012)	Loss 2.5051e+00 (2.5187e+00)	Acc@1  24.00 ( 22.62)	Acc@5  60.00 ( 60.41)
[2023-03-24 01:44:58,161][new_worker_lincls][INFO] - Epoch: [6][200/500]	Time  0.027 ( 0.039)	Data  0.001 ( 0.012)	Loss 2.6234e+00 (2.5199e+00)	Acc@1  19.00 ( 22.59)	Acc@5  55.00 ( 60.43)
[2023-03-24 01:44:58,432][new_worker_lincls][INFO] - Epoch: [6][210/500]	Time  0.027 ( 0.038)	Data  0.000 ( 0.011)	Loss 2.4952e+00 (2.5194e+00)	Acc@1  29.00 ( 22.66)	Acc@5  57.00 ( 60.44)
[2023-03-24 01:44:58,699][new_worker_lincls][INFO] - Epoch: [6][220/500]	Time  0.026 ( 0.038)	Data  0.000 ( 0.011)	Loss 2.5245e+00 (2.5181e+00)	Acc@1  26.00 ( 22.70)	Acc@5  61.00 ( 60.37)
[2023-03-24 01:44:58,966][new_worker_lincls][INFO] - Epoch: [6][230/500]	Time  0.026 ( 0.037)	Data  0.001 ( 0.010)	Loss 2.5820e+00 (2.5204e+00)	Acc@1  20.00 ( 22.62)	Acc@5  59.00 ( 60.36)
[2023-03-24 01:44:59,248][new_worker_lincls][INFO] - Epoch: [6][240/500]	Time  0.027 ( 0.037)	Data  0.001 ( 0.010)	Loss 2.5123e+00 (2.5184e+00)	Acc@1  24.00 ( 22.73)	Acc@5  65.00 ( 60.41)
[2023-03-24 01:44:59,518][new_worker_lincls][INFO] - Epoch: [6][250/500]	Time  0.027 ( 0.037)	Data  0.000 ( 0.010)	Loss 2.5826e+00 (2.5186e+00)	Acc@1  19.00 ( 22.69)	Acc@5  64.00 ( 60.47)
[2023-03-24 01:44:59,785][new_worker_lincls][INFO] - Epoch: [6][260/500]	Time  0.027 ( 0.036)	Data  0.001 ( 0.009)	Loss 2.2986e+00 (2.5166e+00)	Acc@1  29.00 ( 22.80)	Acc@5  71.00 ( 60.52)
[2023-03-24 01:45:00,053][new_worker_lincls][INFO] - Epoch: [6][270/500]	Time  0.027 ( 0.036)	Data  0.001 ( 0.009)	Loss 2.5045e+00 (2.5151e+00)	Acc@1  25.00 ( 22.81)	Acc@5  58.00 ( 60.54)
[2023-03-24 01:45:00,321][new_worker_lincls][INFO] - Epoch: [6][280/500]	Time  0.027 ( 0.036)	Data  0.001 ( 0.009)	Loss 2.4407e+00 (2.5152e+00)	Acc@1  24.00 ( 22.86)	Acc@5  59.00 ( 60.47)
[2023-03-24 01:45:00,605][new_worker_lincls][INFO] - Epoch: [6][290/500]	Time  0.033 ( 0.035)	Data  0.001 ( 0.008)	Loss 2.5149e+00 (2.5161e+00)	Acc@1  23.00 ( 22.77)	Acc@5  53.00 ( 60.42)
[2023-03-24 01:45:00,872][new_worker_lincls][INFO] - Epoch: [6][300/500]	Time  0.026 ( 0.035)	Data  0.001 ( 0.008)	Loss 2.6952e+00 (2.5164e+00)	Acc@1  16.00 ( 22.70)	Acc@5  54.00 ( 60.35)
[2023-03-24 01:45:01,141][new_worker_lincls][INFO] - Epoch: [6][310/500]	Time  0.028 ( 0.035)	Data  0.001 ( 0.008)	Loss 2.3847e+00 (2.5153e+00)	Acc@1  24.00 ( 22.71)	Acc@5  61.00 ( 60.39)
[2023-03-24 01:45:01,406][new_worker_lincls][INFO] - Epoch: [6][320/500]	Time  0.027 ( 0.035)	Data  0.001 ( 0.008)	Loss 2.5122e+00 (2.5137e+00)	Acc@1  20.00 ( 22.76)	Acc@5  64.00 ( 60.45)
[2023-03-24 01:45:01,675][new_worker_lincls][INFO] - Epoch: [6][330/500]	Time  0.027 ( 0.034)	Data  0.000 ( 0.007)	Loss 2.5588e+00 (2.5117e+00)	Acc@1  23.00 ( 22.83)	Acc@5  55.00 ( 60.56)
[2023-03-24 01:45:01,944][new_worker_lincls][INFO] - Epoch: [6][340/500]	Time  0.027 ( 0.034)	Data  0.000 ( 0.007)	Loss 2.3501e+00 (2.5104e+00)	Acc@1  33.00 ( 22.90)	Acc@5  71.00 ( 60.61)
[2023-03-24 01:45:02,212][new_worker_lincls][INFO] - Epoch: [6][350/500]	Time  0.027 ( 0.034)	Data  0.001 ( 0.007)	Loss 2.4893e+00 (2.5106e+00)	Acc@1  20.00 ( 22.87)	Acc@5  64.00 ( 60.61)
[2023-03-24 01:45:02,479][new_worker_lincls][INFO] - Epoch: [6][360/500]	Time  0.028 ( 0.034)	Data  0.001 ( 0.007)	Loss 2.4602e+00 (2.5112e+00)	Acc@1  21.00 ( 22.88)	Acc@5  62.00 ( 60.56)
[2023-03-24 01:45:02,749][new_worker_lincls][INFO] - Epoch: [6][370/500]	Time  0.030 ( 0.034)	Data  0.000 ( 0.007)	Loss 2.6493e+00 (2.5120e+00)	Acc@1  20.00 ( 22.89)	Acc@5  53.00 ( 60.54)
[2023-03-24 01:45:03,017][new_worker_lincls][INFO] - Epoch: [6][380/500]	Time  0.026 ( 0.033)	Data  0.000 ( 0.006)	Loss 2.6657e+00 (2.5134e+00)	Acc@1  25.00 ( 22.85)	Acc@5  52.00 ( 60.46)
[2023-03-24 01:45:03,286][new_worker_lincls][INFO] - Epoch: [6][390/500]	Time  0.027 ( 0.033)	Data  0.001 ( 0.006)	Loss 2.5010e+00 (2.5132e+00)	Acc@1  21.00 ( 22.82)	Acc@5  61.00 ( 60.48)
[2023-03-24 01:45:03,553][new_worker_lincls][INFO] - Epoch: [6][400/500]	Time  0.027 ( 0.033)	Data  0.001 ( 0.006)	Loss 2.5212e+00 (2.5137e+00)	Acc@1  25.00 ( 22.84)	Acc@5  56.00 ( 60.46)
[2023-03-24 01:45:03,820][new_worker_lincls][INFO] - Epoch: [6][410/500]	Time  0.026 ( 0.033)	Data  0.000 ( 0.006)	Loss 2.4513e+00 (2.5120e+00)	Acc@1  22.00 ( 22.86)	Acc@5  65.00 ( 60.55)
[2023-03-24 01:45:04,093][new_worker_lincls][INFO] - Epoch: [6][420/500]	Time  0.031 ( 0.033)	Data  0.004 ( 0.006)	Loss 2.5976e+00 (2.5135e+00)	Acc@1  23.00 ( 22.84)	Acc@5  59.00 ( 60.49)
[2023-03-24 01:45:04,354][new_worker_lincls][INFO] - Epoch: [6][430/500]	Time  0.026 ( 0.033)	Data  0.000 ( 0.006)	Loss 2.4820e+00 (2.5141e+00)	Acc@1  23.00 ( 22.84)	Acc@5  65.00 ( 60.44)
[2023-03-24 01:45:04,616][new_worker_lincls][INFO] - Epoch: [6][440/500]	Time  0.026 ( 0.032)	Data  0.000 ( 0.006)	Loss 2.5138e+00 (2.5138e+00)	Acc@1  23.00 ( 22.85)	Acc@5  62.00 ( 60.46)
[2023-03-24 01:45:04,878][new_worker_lincls][INFO] - Epoch: [6][450/500]	Time  0.026 ( 0.032)	Data  0.000 ( 0.006)	Loss 2.4348e+00 (2.5147e+00)	Acc@1  22.00 ( 22.83)	Acc@5  67.00 ( 60.43)
[2023-03-24 01:45:05,139][new_worker_lincls][INFO] - Epoch: [6][460/500]	Time  0.026 ( 0.032)	Data  0.000 ( 0.005)	Loss 2.5794e+00 (2.5154e+00)	Acc@1  16.00 ( 22.79)	Acc@5  56.00 ( 60.40)
[2023-03-24 01:45:05,401][new_worker_lincls][INFO] - Epoch: [6][470/500]	Time  0.026 ( 0.032)	Data  0.000 ( 0.005)	Loss 2.4071e+00 (2.5161e+00)	Acc@1  26.00 ( 22.80)	Acc@5  62.00 ( 60.34)
[2023-03-24 01:45:05,662][new_worker_lincls][INFO] - Epoch: [6][480/500]	Time  0.026 ( 0.032)	Data  0.000 ( 0.005)	Loss 2.5394e+00 (2.5160e+00)	Acc@1  22.00 ( 22.85)	Acc@5  63.00 ( 60.31)
[2023-03-24 01:45:05,925][new_worker_lincls][INFO] - Epoch: [6][490/500]	Time  0.026 ( 0.032)	Data  0.000 ( 0.005)	Loss 2.6356e+00 (2.5163e+00)	Acc@1  19.00 ( 22.84)	Acc@5  50.00 ( 60.31)
[2023-03-24 01:45:08,577][new_worker_lincls][INFO] - Epoch: [7][  0/500]	Time  2.236 ( 2.236)	Data  2.205 ( 2.205)	Loss 2.2949e+00 (2.2949e+00)	Acc@1  30.00 ( 30.00)	Acc@5  74.00 ( 74.00)
[2023-03-24 01:45:08,874][new_worker_lincls][INFO] - Epoch: [7][ 10/500]	Time  0.028 ( 0.230)	Data  0.001 ( 0.201)	Loss 2.5621e+00 (2.5227e+00)	Acc@1  26.00 ( 23.91)	Acc@5  60.00 ( 60.27)
[2023-03-24 01:45:09,178][new_worker_lincls][INFO] - Epoch: [7][ 20/500]	Time  0.030 ( 0.135)	Data  0.001 ( 0.106)	Loss 2.5289e+00 (2.5344e+00)	Acc@1  26.00 ( 23.38)	Acc@5  57.00 ( 59.90)
[2023-03-24 01:45:09,485][new_worker_lincls][INFO] - Epoch: [7][ 30/500]	Time  0.029 ( 0.101)	Data  0.001 ( 0.072)	Loss 2.4408e+00 (2.5120e+00)	Acc@1  25.00 ( 24.39)	Acc@5  61.00 ( 60.45)
[2023-03-24 01:45:09,774][new_worker_lincls][INFO] - Epoch: [7][ 40/500]	Time  0.030 ( 0.084)	Data  0.001 ( 0.054)	Loss 2.4745e+00 (2.5055e+00)	Acc@1  26.00 ( 24.29)	Acc@5  62.00 ( 60.66)
[2023-03-24 01:45:10,073][new_worker_lincls][INFO] - Epoch: [7][ 50/500]	Time  0.029 ( 0.073)	Data  0.000 ( 0.044)	Loss 2.3791e+00 (2.5066e+00)	Acc@1  24.00 ( 23.84)	Acc@5  68.00 ( 60.24)
[2023-03-24 01:45:10,377][new_worker_lincls][INFO] - Epoch: [7][ 60/500]	Time  0.032 ( 0.066)	Data  0.000 ( 0.037)	Loss 2.6193e+00 (2.5052e+00)	Acc@1  22.00 ( 24.21)	Acc@5  53.00 ( 60.57)
[2023-03-24 01:45:10,680][new_worker_lincls][INFO] - Epoch: [7][ 70/500]	Time  0.032 ( 0.061)	Data  0.001 ( 0.032)	Loss 2.6219e+00 (2.5122e+00)	Acc@1  22.00 ( 24.04)	Acc@5  59.00 ( 60.44)
[2023-03-24 01:45:10,947][new_worker_lincls][INFO] - Epoch: [7][ 80/500]	Time  0.027 ( 0.057)	Data  0.001 ( 0.028)	Loss 2.4163e+00 (2.5096e+00)	Acc@1  16.00 ( 23.73)	Acc@5  69.00 ( 60.53)
[2023-03-24 01:45:11,219][new_worker_lincls][INFO] - Epoch: [7][ 90/500]	Time  0.026 ( 0.054)	Data  0.001 ( 0.025)	Loss 2.6479e+00 (2.5087e+00)	Acc@1  15.00 ( 23.56)	Acc@5  55.00 ( 60.57)
[2023-03-24 01:45:11,487][new_worker_lincls][INFO] - Epoch: [7][100/500]	Time  0.027 ( 0.051)	Data  0.000 ( 0.022)	Loss 2.5237e+00 (2.5108e+00)	Acc@1  26.00 ( 23.47)	Acc@5  60.00 ( 60.41)
[2023-03-24 01:45:11,756][new_worker_lincls][INFO] - Epoch: [7][110/500]	Time  0.027 ( 0.049)	Data  0.001 ( 0.021)	Loss 2.6951e+00 (2.5166e+00)	Acc@1  17.00 ( 23.26)	Acc@5  56.00 ( 60.16)
[2023-03-24 01:45:12,023][new_worker_lincls][INFO] - Epoch: [7][120/500]	Time  0.027 ( 0.047)	Data  0.001 ( 0.019)	Loss 2.3985e+00 (2.5112e+00)	Acc@1  26.00 ( 23.32)	Acc@5  63.00 ( 60.26)
[2023-03-24 01:45:12,291][new_worker_lincls][INFO] - Epoch: [7][130/500]	Time  0.026 ( 0.045)	Data  0.001 ( 0.017)	Loss 2.5519e+00 (2.5092e+00)	Acc@1  19.00 ( 23.30)	Acc@5  55.00 ( 60.52)
[2023-03-24 01:45:12,560][new_worker_lincls][INFO] - Epoch: [7][140/500]	Time  0.027 ( 0.044)	Data  0.000 ( 0.016)	Loss 2.5118e+00 (2.5076e+00)	Acc@1  23.00 ( 23.33)	Acc@5  63.00 ( 60.55)
[2023-03-24 01:45:12,828][new_worker_lincls][INFO] - Epoch: [7][150/500]	Time  0.026 ( 0.043)	Data  0.001 ( 0.015)	Loss 2.3582e+00 (2.5068e+00)	Acc@1  24.00 ( 23.36)	Acc@5  60.00 ( 60.63)
[2023-03-24 01:45:13,095][new_worker_lincls][INFO] - Epoch: [7][160/500]	Time  0.027 ( 0.042)	Data  0.001 ( 0.014)	Loss 2.6702e+00 (2.5061e+00)	Acc@1  18.00 ( 23.38)	Acc@5  50.00 ( 60.50)
[2023-03-24 01:45:13,366][new_worker_lincls][INFO] - Epoch: [7][170/500]	Time  0.027 ( 0.041)	Data  0.001 ( 0.014)	Loss 2.5393e+00 (2.5070e+00)	Acc@1  23.00 ( 23.35)	Acc@5  63.00 ( 60.48)
[2023-03-24 01:45:13,633][new_worker_lincls][INFO] - Epoch: [7][180/500]	Time  0.026 ( 0.040)	Data  0.001 ( 0.013)	Loss 2.5380e+00 (2.5071e+00)	Acc@1  17.00 ( 23.25)	Acc@5  53.00 ( 60.45)
[2023-03-24 01:45:13,901][new_worker_lincls][INFO] - Epoch: [7][190/500]	Time  0.027 ( 0.040)	Data  0.001 ( 0.012)	Loss 2.6487e+00 (2.5047e+00)	Acc@1  12.00 ( 23.21)	Acc@5  56.00 ( 60.65)
[2023-03-24 01:45:14,168][new_worker_lincls][INFO] - Epoch: [7][200/500]	Time  0.027 ( 0.039)	Data  0.001 ( 0.012)	Loss 2.6955e+00 (2.5074e+00)	Acc@1  22.00 ( 23.14)	Acc@5  54.00 ( 60.55)
[2023-03-24 01:45:14,436][new_worker_lincls][INFO] - Epoch: [7][210/500]	Time  0.026 ( 0.038)	Data  0.001 ( 0.011)	Loss 2.6217e+00 (2.5084e+00)	Acc@1  20.00 ( 23.10)	Acc@5  60.00 ( 60.45)
[2023-03-24 01:45:14,704][new_worker_lincls][INFO] - Epoch: [7][220/500]	Time  0.026 ( 0.038)	Data  0.000 ( 0.011)	Loss 2.5389e+00 (2.5099e+00)	Acc@1  18.00 ( 23.07)	Acc@5  59.00 ( 60.40)
[2023-03-24 01:45:14,973][new_worker_lincls][INFO] - Epoch: [7][230/500]	Time  0.029 ( 0.037)	Data  0.001 ( 0.010)	Loss 2.6217e+00 (2.5094e+00)	Acc@1  19.00 ( 23.12)	Acc@5  55.00 ( 60.31)
[2023-03-24 01:45:15,239][new_worker_lincls][INFO] - Epoch: [7][240/500]	Time  0.027 ( 0.037)	Data  0.001 ( 0.010)	Loss 2.4573e+00 (2.5096e+00)	Acc@1  19.00 ( 23.10)	Acc@5  64.00 ( 60.35)
[2023-03-24 01:45:15,507][new_worker_lincls][INFO] - Epoch: [7][250/500]	Time  0.026 ( 0.037)	Data  0.000 ( 0.009)	Loss 2.5903e+00 (2.5107e+00)	Acc@1  21.00 ( 23.09)	Acc@5  50.00 ( 60.30)
[2023-03-24 01:45:15,773][new_worker_lincls][INFO] - Epoch: [7][260/500]	Time  0.026 ( 0.036)	Data  0.000 ( 0.009)	Loss 2.4159e+00 (2.5106e+00)	Acc@1  30.00 ( 23.07)	Acc@5  61.00 ( 60.27)
[2023-03-24 01:45:16,040][new_worker_lincls][INFO] - Epoch: [7][270/500]	Time  0.027 ( 0.036)	Data  0.001 ( 0.009)	Loss 2.4954e+00 (2.5104e+00)	Acc@1  21.00 ( 23.11)	Acc@5  63.00 ( 60.25)
[2023-03-24 01:45:16,308][new_worker_lincls][INFO] - Epoch: [7][280/500]	Time  0.028 ( 0.035)	Data  0.001 ( 0.008)	Loss 2.3831e+00 (2.5094e+00)	Acc@1  27.00 ( 23.13)	Acc@5  68.00 ( 60.37)
[2023-03-24 01:45:16,577][new_worker_lincls][INFO] - Epoch: [7][290/500]	Time  0.026 ( 0.035)	Data  0.001 ( 0.008)	Loss 2.6177e+00 (2.5089e+00)	Acc@1  25.00 ( 23.14)	Acc@5  55.00 ( 60.41)
[2023-03-24 01:45:16,846][new_worker_lincls][INFO] - Epoch: [7][300/500]	Time  0.027 ( 0.035)	Data  0.000 ( 0.008)	Loss 2.5574e+00 (2.5083e+00)	Acc@1  23.00 ( 23.17)	Acc@5  64.00 ( 60.41)
[2023-03-24 01:45:17,115][new_worker_lincls][INFO] - Epoch: [7][310/500]	Time  0.027 ( 0.035)	Data  0.001 ( 0.008)	Loss 2.4439e+00 (2.5074e+00)	Acc@1  20.00 ( 23.18)	Acc@5  56.00 ( 60.45)
[2023-03-24 01:45:17,380][new_worker_lincls][INFO] - Epoch: [7][320/500]	Time  0.027 ( 0.034)	Data  0.001 ( 0.007)	Loss 2.4517e+00 (2.5080e+00)	Acc@1  25.00 ( 23.17)	Acc@5  64.00 ( 60.46)
[2023-03-24 01:45:17,647][new_worker_lincls][INFO] - Epoch: [7][330/500]	Time  0.026 ( 0.034)	Data  0.001 ( 0.007)	Loss 2.4529e+00 (2.5067e+00)	Acc@1  25.00 ( 23.18)	Acc@5  63.00 ( 60.52)
[2023-03-24 01:45:17,913][new_worker_lincls][INFO] - Epoch: [7][340/500]	Time  0.026 ( 0.034)	Data  0.000 ( 0.007)	Loss 2.5489e+00 (2.5067e+00)	Acc@1  20.00 ( 23.13)	Acc@5  59.00 ( 60.55)
[2023-03-24 01:45:18,180][new_worker_lincls][INFO] - Epoch: [7][350/500]	Time  0.027 ( 0.034)	Data  0.001 ( 0.007)	Loss 2.4595e+00 (2.5076e+00)	Acc@1  35.00 ( 23.17)	Acc@5  62.00 ( 60.48)
[2023-03-24 01:45:18,446][new_worker_lincls][INFO] - Epoch: [7][360/500]	Time  0.028 ( 0.034)	Data  0.001 ( 0.007)	Loss 2.5256e+00 (2.5068e+00)	Acc@1  22.00 ( 23.16)	Acc@5  64.00 ( 60.53)
[2023-03-24 01:45:18,713][new_worker_lincls][INFO] - Epoch: [7][370/500]	Time  0.026 ( 0.033)	Data  0.001 ( 0.007)	Loss 2.5121e+00 (2.5060e+00)	Acc@1  16.00 ( 23.15)	Acc@5  62.00 ( 60.56)
[2023-03-24 01:45:18,978][new_worker_lincls][INFO] - Epoch: [7][380/500]	Time  0.026 ( 0.033)	Data  0.000 ( 0.006)	Loss 2.2781e+00 (2.5067e+00)	Acc@1  33.00 ( 23.14)	Acc@5  66.00 ( 60.54)
[2023-03-24 01:45:19,247][new_worker_lincls][INFO] - Epoch: [7][390/500]	Time  0.026 ( 0.033)	Data  0.001 ( 0.006)	Loss 2.4923e+00 (2.5055e+00)	Acc@1  28.00 ( 23.15)	Acc@5  61.00 ( 60.59)
[2023-03-24 01:45:19,511][new_worker_lincls][INFO] - Epoch: [7][400/500]	Time  0.027 ( 0.033)	Data  0.001 ( 0.006)	Loss 2.5423e+00 (2.5053e+00)	Acc@1  23.00 ( 23.16)	Acc@5  56.00 ( 60.58)
[2023-03-24 01:45:19,778][new_worker_lincls][INFO] - Epoch: [7][410/500]	Time  0.026 ( 0.033)	Data  0.001 ( 0.006)	Loss 2.5221e+00 (2.5051e+00)	Acc@1  23.00 ( 23.15)	Acc@5  60.00 ( 60.59)
[2023-03-24 01:45:20,048][new_worker_lincls][INFO] - Epoch: [7][420/500]	Time  0.030 ( 0.033)	Data  0.004 ( 0.006)	Loss 2.4185e+00 (2.5049e+00)	Acc@1  32.00 ( 23.17)	Acc@5  65.00 ( 60.60)
[2023-03-24 01:45:20,309][new_worker_lincls][INFO] - Epoch: [7][430/500]	Time  0.026 ( 0.032)	Data  0.000 ( 0.006)	Loss 2.5332e+00 (2.5048e+00)	Acc@1  17.00 ( 23.17)	Acc@5  58.00 ( 60.62)
[2023-03-24 01:45:20,568][new_worker_lincls][INFO] - Epoch: [7][440/500]	Time  0.026 ( 0.032)	Data  0.000 ( 0.006)	Loss 2.5124e+00 (2.5057e+00)	Acc@1  24.00 ( 23.11)	Acc@5  51.00 ( 60.56)
[2023-03-24 01:45:20,828][new_worker_lincls][INFO] - Epoch: [7][450/500]	Time  0.026 ( 0.032)	Data  0.000 ( 0.005)	Loss 2.4739e+00 (2.5056e+00)	Acc@1  22.00 ( 23.06)	Acc@5  68.00 ( 60.59)
[2023-03-24 01:45:21,088][new_worker_lincls][INFO] - Epoch: [7][460/500]	Time  0.026 ( 0.032)	Data  0.000 ( 0.005)	Loss 2.4885e+00 (2.5060e+00)	Acc@1  24.00 ( 23.08)	Acc@5  65.00 ( 60.57)
[2023-03-24 01:45:21,348][new_worker_lincls][INFO] - Epoch: [7][470/500]	Time  0.026 ( 0.032)	Data  0.000 ( 0.005)	Loss 2.3598e+00 (2.5051e+00)	Acc@1  26.00 ( 23.12)	Acc@5  62.00 ( 60.57)
[2023-03-24 01:45:21,607][new_worker_lincls][INFO] - Epoch: [7][480/500]	Time  0.026 ( 0.032)	Data  0.000 ( 0.005)	Loss 2.4782e+00 (2.5054e+00)	Acc@1  26.00 ( 23.06)	Acc@5  60.00 ( 60.60)
[2023-03-24 01:45:21,867][new_worker_lincls][INFO] - Epoch: [7][490/500]	Time  0.026 ( 0.032)	Data  0.000 ( 0.005)	Loss 2.3888e+00 (2.5049e+00)	Acc@1  26.00 ( 23.10)	Acc@5  61.00 ( 60.65)
[2023-03-24 01:45:24,741][new_worker_lincls][INFO] - Epoch: [8][  0/500]	Time  2.449 ( 2.449)	Data  2.418 ( 2.418)	Loss 2.2677e+00 (2.2677e+00)	Acc@1  30.00 ( 30.00)	Acc@5  72.00 ( 72.00)
[2023-03-24 01:45:25,080][new_worker_lincls][INFO] - Epoch: [8][ 10/500]	Time  0.032 ( 0.254)	Data  0.000 ( 0.224)	Loss 2.4741e+00 (2.4955e+00)	Acc@1  21.00 ( 23.91)	Acc@5  62.00 ( 61.55)
[2023-03-24 01:45:25,375][new_worker_lincls][INFO] - Epoch: [8][ 20/500]	Time  0.029 ( 0.147)	Data  0.001 ( 0.118)	Loss 2.4962e+00 (2.5195e+00)	Acc@1  22.00 ( 23.05)	Acc@5  63.00 ( 60.38)
[2023-03-24 01:45:25,674][new_worker_lincls][INFO] - Epoch: [8][ 30/500]	Time  0.030 ( 0.109)	Data  0.000 ( 0.080)	Loss 2.3607e+00 (2.5057e+00)	Acc@1  27.00 ( 23.84)	Acc@5  65.00 ( 60.45)
[2023-03-24 01:45:25,974][new_worker_lincls][INFO] - Epoch: [8][ 40/500]	Time  0.029 ( 0.090)	Data  0.001 ( 0.061)	Loss 2.6478e+00 (2.4949e+00)	Acc@1  16.00 ( 23.61)	Acc@5  52.00 ( 60.76)
[2023-03-24 01:45:26,252][new_worker_lincls][INFO] - Epoch: [8][ 50/500]	Time  0.026 ( 0.078)	Data  0.000 ( 0.049)	Loss 2.6098e+00 (2.4909e+00)	Acc@1  14.00 ( 23.24)	Acc@5  58.00 ( 61.14)
[2023-03-24 01:45:26,522][new_worker_lincls][INFO] - Epoch: [8][ 60/500]	Time  0.027 ( 0.069)	Data  0.001 ( 0.041)	Loss 2.3460e+00 (2.4829e+00)	Acc@1  32.00 ( 23.59)	Acc@5  65.00 ( 61.26)
[2023-03-24 01:45:26,792][new_worker_lincls][INFO] - Epoch: [8][ 70/500]	Time  0.027 ( 0.063)	Data  0.001 ( 0.035)	Loss 2.4049e+00 (2.4799e+00)	Acc@1  24.00 ( 23.85)	Acc@5  68.00 ( 61.41)
[2023-03-24 01:45:27,062][new_worker_lincls][INFO] - Epoch: [8][ 80/500]	Time  0.030 ( 0.059)	Data  0.000 ( 0.031)	Loss 2.6235e+00 (2.4816e+00)	Acc@1  25.00 ( 23.93)	Acc@5  57.00 ( 61.27)
[2023-03-24 01:45:27,331][new_worker_lincls][INFO] - Epoch: [8][ 90/500]	Time  0.027 ( 0.055)	Data  0.001 ( 0.028)	Loss 2.5690e+00 (2.4845e+00)	Acc@1  17.00 ( 23.77)	Acc@5  66.00 ( 61.36)
[2023-03-24 01:45:27,601][new_worker_lincls][INFO] - Epoch: [8][100/500]	Time  0.028 ( 0.053)	Data  0.001 ( 0.025)	Loss 2.3582e+00 (2.4821e+00)	Acc@1  27.00 ( 23.84)	Acc@5  73.00 ( 61.52)
[2023-03-24 01:45:27,871][new_worker_lincls][INFO] - Epoch: [8][110/500]	Time  0.027 ( 0.050)	Data  0.001 ( 0.023)	Loss 2.3621e+00 (2.4803e+00)	Acc@1  28.00 ( 24.11)	Acc@5  63.00 ( 61.50)
[2023-03-24 01:45:28,138][new_worker_lincls][INFO] - Epoch: [8][120/500]	Time  0.027 ( 0.048)	Data  0.001 ( 0.021)	Loss 2.4569e+00 (2.4807e+00)	Acc@1  21.00 ( 23.99)	Acc@5  61.00 ( 61.55)
[2023-03-24 01:45:28,409][new_worker_lincls][INFO] - Epoch: [8][130/500]	Time  0.027 ( 0.047)	Data  0.001 ( 0.019)	Loss 2.4723e+00 (2.4842e+00)	Acc@1  30.00 ( 23.97)	Acc@5  61.00 ( 61.41)
[2023-03-24 01:45:28,681][new_worker_lincls][INFO] - Epoch: [8][140/500]	Time  0.028 ( 0.045)	Data  0.001 ( 0.018)	Loss 2.5216e+00 (2.4817e+00)	Acc@1  25.00 ( 24.14)	Acc@5  63.00 ( 61.55)
[2023-03-24 01:45:28,951][new_worker_lincls][INFO] - Epoch: [8][150/500]	Time  0.027 ( 0.044)	Data  0.001 ( 0.017)	Loss 2.4142e+00 (2.4831e+00)	Acc@1  25.00 ( 24.04)	Acc@5  57.00 ( 61.51)
[2023-03-24 01:45:29,221][new_worker_lincls][INFO] - Epoch: [8][160/500]	Time  0.028 ( 0.043)	Data  0.001 ( 0.016)	Loss 2.4734e+00 (2.4833e+00)	Acc@1  23.00 ( 24.06)	Acc@5  61.00 ( 61.47)
[2023-03-24 01:45:29,492][new_worker_lincls][INFO] - Epoch: [8][170/500]	Time  0.027 ( 0.042)	Data  0.001 ( 0.015)	Loss 2.5539e+00 (2.4849e+00)	Acc@1  24.00 ( 24.03)	Acc@5  56.00 ( 61.36)
[2023-03-24 01:45:29,762][new_worker_lincls][INFO] - Epoch: [8][180/500]	Time  0.027 ( 0.041)	Data  0.001 ( 0.014)	Loss 2.5173e+00 (2.4858e+00)	Acc@1  28.00 ( 24.03)	Acc@5  63.00 ( 61.37)
[2023-03-24 01:45:30,031][new_worker_lincls][INFO] - Epoch: [8][190/500]	Time  0.027 ( 0.041)	Data  0.001 ( 0.014)	Loss 2.5537e+00 (2.4883e+00)	Acc@1  23.00 ( 23.92)	Acc@5  60.00 ( 61.29)
[2023-03-24 01:45:30,296][new_worker_lincls][INFO] - Epoch: [8][200/500]	Time  0.026 ( 0.040)	Data  0.001 ( 0.013)	Loss 2.3741e+00 (2.4888e+00)	Acc@1  30.00 ( 23.89)	Acc@5  57.00 ( 61.14)
[2023-03-24 01:45:30,565][new_worker_lincls][INFO] - Epoch: [8][210/500]	Time  0.027 ( 0.039)	Data  0.001 ( 0.012)	Loss 2.4841e+00 (2.4898e+00)	Acc@1  28.00 ( 23.85)	Acc@5  63.00 ( 61.09)
[2023-03-24 01:45:30,833][new_worker_lincls][INFO] - Epoch: [8][220/500]	Time  0.027 ( 0.039)	Data  0.000 ( 0.012)	Loss 2.4111e+00 (2.4892e+00)	Acc@1  30.00 ( 23.94)	Acc@5  63.00 ( 61.23)
[2023-03-24 01:45:31,102][new_worker_lincls][INFO] - Epoch: [8][230/500]	Time  0.027 ( 0.038)	Data  0.001 ( 0.011)	Loss 2.4881e+00 (2.4900e+00)	Acc@1  26.00 ( 23.96)	Acc@5  60.00 ( 61.18)
[2023-03-24 01:45:31,370][new_worker_lincls][INFO] - Epoch: [8][240/500]	Time  0.026 ( 0.038)	Data  0.001 ( 0.011)	Loss 2.6073e+00 (2.4919e+00)	Acc@1  26.00 ( 23.86)	Acc@5  59.00 ( 61.13)
[2023-03-24 01:45:31,636][new_worker_lincls][INFO] - Epoch: [8][250/500]	Time  0.027 ( 0.037)	Data  0.001 ( 0.010)	Loss 2.4347e+00 (2.4916e+00)	Acc@1  25.00 ( 23.86)	Acc@5  64.00 ( 61.16)
[2023-03-24 01:45:31,903][new_worker_lincls][INFO] - Epoch: [8][260/500]	Time  0.027 ( 0.037)	Data  0.000 ( 0.010)	Loss 2.4232e+00 (2.4916e+00)	Acc@1  29.00 ( 23.86)	Acc@5  61.00 ( 61.14)
[2023-03-24 01:45:32,173][new_worker_lincls][INFO] - Epoch: [8][270/500]	Time  0.027 ( 0.036)	Data  0.001 ( 0.010)	Loss 2.4022e+00 (2.4908e+00)	Acc@1  27.00 ( 23.92)	Acc@5  62.00 ( 61.17)
[2023-03-24 01:45:32,443][new_worker_lincls][INFO] - Epoch: [8][280/500]	Time  0.026 ( 0.036)	Data  0.001 ( 0.009)	Loss 2.4104e+00 (2.4916e+00)	Acc@1  28.00 ( 23.89)	Acc@5  70.00 ( 61.14)
[2023-03-24 01:45:32,709][new_worker_lincls][INFO] - Epoch: [8][290/500]	Time  0.028 ( 0.036)	Data  0.001 ( 0.009)	Loss 2.4788e+00 (2.4909e+00)	Acc@1  18.00 ( 23.85)	Acc@5  65.00 ( 61.20)
[2023-03-24 01:45:32,974][new_worker_lincls][INFO] - Epoch: [8][300/500]	Time  0.026 ( 0.035)	Data  0.000 ( 0.009)	Loss 2.3985e+00 (2.4896e+00)	Acc@1  30.00 ( 23.88)	Acc@5  68.00 ( 61.29)
[2023-03-24 01:45:33,244][new_worker_lincls][INFO] - Epoch: [8][310/500]	Time  0.027 ( 0.035)	Data  0.001 ( 0.009)	Loss 2.5546e+00 (2.4901e+00)	Acc@1  18.00 ( 23.87)	Acc@5  53.00 ( 61.25)
[2023-03-24 01:45:33,515][new_worker_lincls][INFO] - Epoch: [8][320/500]	Time  0.026 ( 0.035)	Data  0.000 ( 0.008)	Loss 2.5846e+00 (2.4890e+00)	Acc@1  20.00 ( 23.96)	Acc@5  58.00 ( 61.31)
[2023-03-24 01:45:33,782][new_worker_lincls][INFO] - Epoch: [8][330/500]	Time  0.027 ( 0.035)	Data  0.001 ( 0.008)	Loss 2.4481e+00 (2.4904e+00)	Acc@1  26.00 ( 23.94)	Acc@5  69.00 ( 61.24)
[2023-03-24 01:45:34,048][new_worker_lincls][INFO] - Epoch: [8][340/500]	Time  0.027 ( 0.034)	Data  0.000 ( 0.008)	Loss 2.6236e+00 (2.4916e+00)	Acc@1  18.00 ( 23.82)	Acc@5  52.00 ( 61.13)
[2023-03-24 01:45:34,317][new_worker_lincls][INFO] - Epoch: [8][350/500]	Time  0.027 ( 0.034)	Data  0.001 ( 0.008)	Loss 2.5153e+00 (2.4915e+00)	Acc@1  27.00 ( 23.82)	Acc@5  65.00 ( 61.20)
[2023-03-24 01:45:34,586][new_worker_lincls][INFO] - Epoch: [8][360/500]	Time  0.026 ( 0.034)	Data  0.000 ( 0.007)	Loss 2.3416e+00 (2.4928e+00)	Acc@1  34.00 ( 23.79)	Acc@5  63.00 ( 61.15)
[2023-03-24 01:45:34,854][new_worker_lincls][INFO] - Epoch: [8][370/500]	Time  0.027 ( 0.034)	Data  0.001 ( 0.007)	Loss 2.5266e+00 (2.4932e+00)	Acc@1  27.00 ( 23.78)	Acc@5  59.00 ( 61.16)
[2023-03-24 01:45:35,120][new_worker_lincls][INFO] - Epoch: [8][380/500]	Time  0.027 ( 0.034)	Data  0.000 ( 0.007)	Loss 2.4858e+00 (2.4922e+00)	Acc@1  21.00 ( 23.84)	Acc@5  61.00 ( 61.20)
[2023-03-24 01:45:35,388][new_worker_lincls][INFO] - Epoch: [8][390/500]	Time  0.027 ( 0.033)	Data  0.001 ( 0.007)	Loss 2.4394e+00 (2.4916e+00)	Acc@1  27.00 ( 23.86)	Acc@5  56.00 ( 61.19)
[2023-03-24 01:45:35,660][new_worker_lincls][INFO] - Epoch: [8][400/500]	Time  0.027 ( 0.033)	Data  0.001 ( 0.007)	Loss 2.3602e+00 (2.4926e+00)	Acc@1  23.00 ( 23.80)	Acc@5  70.00 ( 61.11)
[2023-03-24 01:45:35,928][new_worker_lincls][INFO] - Epoch: [8][410/500]	Time  0.027 ( 0.033)	Data  0.001 ( 0.007)	Loss 2.4710e+00 (2.4937e+00)	Acc@1  21.00 ( 23.76)	Acc@5  63.00 ( 61.09)
[2023-03-24 01:45:36,196][new_worker_lincls][INFO] - Epoch: [8][420/500]	Time  0.030 ( 0.033)	Data  0.003 ( 0.006)	Loss 2.5541e+00 (2.4945e+00)	Acc@1  24.00 ( 23.75)	Acc@5  57.00 ( 61.06)
[2023-03-24 01:45:36,459][new_worker_lincls][INFO] - Epoch: [8][430/500]	Time  0.027 ( 0.033)	Data  0.000 ( 0.006)	Loss 2.5157e+00 (2.4949e+00)	Acc@1  25.00 ( 23.74)	Acc@5  59.00 ( 61.03)
[2023-03-24 01:45:36,722][new_worker_lincls][INFO] - Epoch: [8][440/500]	Time  0.026 ( 0.033)	Data  0.000 ( 0.006)	Loss 2.5707e+00 (2.4951e+00)	Acc@1  21.00 ( 23.70)	Acc@5  54.00 ( 61.03)
[2023-03-24 01:45:36,984][new_worker_lincls][INFO] - Epoch: [8][450/500]	Time  0.026 ( 0.033)	Data  0.000 ( 0.006)	Loss 2.5525e+00 (2.4950e+00)	Acc@1  24.00 ( 23.72)	Acc@5  60.00 ( 61.06)
[2023-03-24 01:45:37,248][new_worker_lincls][INFO] - Epoch: [8][460/500]	Time  0.026 ( 0.032)	Data  0.000 ( 0.006)	Loss 2.6074e+00 (2.4940e+00)	Acc@1  16.00 ( 23.74)	Acc@5  60.00 ( 61.08)
[2023-03-24 01:45:37,511][new_worker_lincls][INFO] - Epoch: [8][470/500]	Time  0.026 ( 0.032)	Data  0.000 ( 0.006)	Loss 2.5584e+00 (2.4944e+00)	Acc@1  19.00 ( 23.69)	Acc@5  59.00 ( 61.06)
[2023-03-24 01:45:37,773][new_worker_lincls][INFO] - Epoch: [8][480/500]	Time  0.026 ( 0.032)	Data  0.000 ( 0.006)	Loss 2.4424e+00 (2.4939e+00)	Acc@1  26.00 ( 23.67)	Acc@5  62.00 ( 61.07)
[2023-03-24 01:45:38,037][new_worker_lincls][INFO] - Epoch: [8][490/500]	Time  0.026 ( 0.032)	Data  0.000 ( 0.006)	Loss 2.6034e+00 (2.4937e+00)	Acc@1  21.00 ( 23.69)	Acc@5  54.00 ( 61.07)
[2023-03-24 01:45:40,908][new_worker_lincls][INFO] - Epoch: [9][  0/500]	Time  2.440 ( 2.440)	Data  2.411 ( 2.411)	Loss 2.3485e+00 (2.3485e+00)	Acc@1  28.00 ( 28.00)	Acc@5  68.00 ( 68.00)
[2023-03-24 01:45:41,217][new_worker_lincls][INFO] - Epoch: [9][ 10/500]	Time  0.031 ( 0.250)	Data  0.001 ( 0.221)	Loss 2.6189e+00 (2.5051e+00)	Acc@1  22.00 ( 24.00)	Acc@5  52.00 ( 60.55)
[2023-03-24 01:45:41,524][new_worker_lincls][INFO] - Epoch: [9][ 20/500]	Time  0.031 ( 0.146)	Data  0.001 ( 0.116)	Loss 2.4850e+00 (2.5018e+00)	Acc@1  21.00 ( 23.76)	Acc@5  61.00 ( 60.81)
[2023-03-24 01:45:41,830][new_worker_lincls][INFO] - Epoch: [9][ 30/500]	Time  0.030 ( 0.108)	Data  0.001 ( 0.079)	Loss 2.4884e+00 (2.4970e+00)	Acc@1  22.00 ( 24.29)	Acc@5  63.00 ( 61.32)
[2023-03-24 01:45:42,133][new_worker_lincls][INFO] - Epoch: [9][ 40/500]	Time  0.033 ( 0.089)	Data  0.001 ( 0.060)	Loss 2.4524e+00 (2.4885e+00)	Acc@1  22.00 ( 24.15)	Acc@5  62.00 ( 61.68)
[2023-03-24 01:45:42,429][new_worker_lincls][INFO] - Epoch: [9][ 50/500]	Time  0.027 ( 0.078)	Data  0.001 ( 0.048)	Loss 2.4623e+00 (2.4783e+00)	Acc@1  24.00 ( 24.33)	Acc@5  65.00 ( 61.84)
[2023-03-24 01:45:42,698][new_worker_lincls][INFO] - Epoch: [9][ 60/500]	Time  0.027 ( 0.069)	Data  0.001 ( 0.040)	Loss 2.4948e+00 (2.4820e+00)	Acc@1  18.00 ( 24.03)	Acc@5  61.00 ( 61.46)
[2023-03-24 01:45:42,966][new_worker_lincls][INFO] - Epoch: [9][ 70/500]	Time  0.027 ( 0.063)	Data  0.001 ( 0.035)	Loss 2.5598e+00 (2.4892e+00)	Acc@1  25.00 ( 23.72)	Acc@5  61.00 ( 61.46)
[2023-03-24 01:45:43,232][new_worker_lincls][INFO] - Epoch: [9][ 80/500]	Time  0.026 ( 0.059)	Data  0.000 ( 0.030)	Loss 2.6052e+00 (2.4939e+00)	Acc@1  18.00 ( 23.69)	Acc@5  60.00 ( 61.22)
[2023-03-24 01:45:43,501][new_worker_lincls][INFO] - Epoch: [9][ 90/500]	Time  0.027 ( 0.055)	Data  0.001 ( 0.027)	Loss 2.5030e+00 (2.4933e+00)	Acc@1  24.00 ( 23.75)	Acc@5  61.00 ( 61.33)
[2023-03-24 01:45:43,769][new_worker_lincls][INFO] - Epoch: [9][100/500]	Time  0.027 ( 0.052)	Data  0.001 ( 0.025)	Loss 2.5695e+00 (2.4964e+00)	Acc@1  24.00 ( 23.75)	Acc@5  62.00 ( 61.12)
[2023-03-24 01:45:44,037][new_worker_lincls][INFO] - Epoch: [9][110/500]	Time  0.027 ( 0.050)	Data  0.001 ( 0.022)	Loss 2.4588e+00 (2.4926e+00)	Acc@1  25.00 ( 23.93)	Acc@5  58.00 ( 61.17)
[2023-03-24 01:45:44,304][new_worker_lincls][INFO] - Epoch: [9][120/500]	Time  0.026 ( 0.048)	Data  0.000 ( 0.021)	Loss 2.2985e+00 (2.4899e+00)	Acc@1  32.00 ( 24.01)	Acc@5  62.00 ( 61.22)
[2023-03-24 01:45:44,572][new_worker_lincls][INFO] - Epoch: [9][130/500]	Time  0.027 ( 0.047)	Data  0.001 ( 0.019)	Loss 2.5361e+00 (2.4875e+00)	Acc@1  27.00 ( 24.15)	Acc@5  56.00 ( 61.34)
[2023-03-24 01:45:44,845][new_worker_lincls][INFO] - Epoch: [9][140/500]	Time  0.027 ( 0.045)	Data  0.001 ( 0.018)	Loss 2.4204e+00 (2.4872e+00)	Acc@1  28.00 ( 24.12)	Acc@5  62.00 ( 61.46)
[2023-03-24 01:45:45,113][new_worker_lincls][INFO] - Epoch: [9][150/500]	Time  0.027 ( 0.044)	Data  0.001 ( 0.017)	Loss 2.4846e+00 (2.4841e+00)	Acc@1  24.00 ( 24.13)	Acc@5  68.00 ( 61.69)
[2023-03-24 01:45:45,380][new_worker_lincls][INFO] - Epoch: [9][160/500]	Time  0.026 ( 0.043)	Data  0.000 ( 0.016)	Loss 2.4711e+00 (2.4852e+00)	Acc@1  25.00 ( 23.98)	Acc@5  64.00 ( 61.63)
[2023-03-24 01:45:45,649][new_worker_lincls][INFO] - Epoch: [9][170/500]	Time  0.027 ( 0.042)	Data  0.001 ( 0.015)	Loss 2.5454e+00 (2.4838e+00)	Acc@1  17.00 ( 24.04)	Acc@5  60.00 ( 61.54)
[2023-03-24 01:45:45,917][new_worker_lincls][INFO] - Epoch: [9][180/500]	Time  0.027 ( 0.041)	Data  0.001 ( 0.014)	Loss 2.5440e+00 (2.4827e+00)	Acc@1  22.00 ( 24.07)	Acc@5  56.00 ( 61.50)
[2023-03-24 01:45:46,186][new_worker_lincls][INFO] - Epoch: [9][190/500]	Time  0.027 ( 0.040)	Data  0.001 ( 0.013)	Loss 2.3909e+00 (2.4816e+00)	Acc@1  31.00 ( 24.12)	Acc@5  64.00 ( 61.51)
[2023-03-24 01:45:46,455][new_worker_lincls][INFO] - Epoch: [9][200/500]	Time  0.027 ( 0.040)	Data  0.000 ( 0.013)	Loss 2.3563e+00 (2.4822e+00)	Acc@1  27.00 ( 24.05)	Acc@5  69.00 ( 61.53)
[2023-03-24 01:45:46,722][new_worker_lincls][INFO] - Epoch: [9][210/500]	Time  0.027 ( 0.039)	Data  0.001 ( 0.012)	Loss 2.4086e+00 (2.4818e+00)	Acc@1  22.00 ( 24.02)	Acc@5  66.00 ( 61.54)
[2023-03-24 01:45:46,993][new_worker_lincls][INFO] - Epoch: [9][220/500]	Time  0.028 ( 0.039)	Data  0.001 ( 0.012)	Loss 2.5384e+00 (2.4812e+00)	Acc@1  22.00 ( 24.12)	Acc@5  61.00 ( 61.58)
[2023-03-24 01:45:47,261][new_worker_lincls][INFO] - Epoch: [9][230/500]	Time  0.028 ( 0.038)	Data  0.001 ( 0.011)	Loss 2.6451e+00 (2.4819e+00)	Acc@1  19.00 ( 24.10)	Acc@5  58.00 ( 61.58)
[2023-03-24 01:45:47,529][new_worker_lincls][INFO] - Epoch: [9][240/500]	Time  0.026 ( 0.038)	Data  0.000 ( 0.011)	Loss 2.4582e+00 (2.4815e+00)	Acc@1  21.00 ( 24.19)	Acc@5  67.00 ( 61.60)
[2023-03-24 01:45:47,877][new_worker_lincls][INFO] - Epoch: [9][250/500]	Time  0.028 ( 0.037)	Data  0.001 ( 0.011)	Loss 2.4559e+00 (2.4812e+00)	Acc@1  22.00 ( 24.11)	Acc@5  64.00 ( 61.60)
[2023-03-24 01:45:48,145][new_worker_lincls][INFO] - Epoch: [9][260/500]	Time  0.027 ( 0.037)	Data  0.001 ( 0.010)	Loss 2.4577e+00 (2.4799e+00)	Acc@1  29.00 ( 24.15)	Acc@5  63.00 ( 61.66)
[2023-03-24 01:45:48,412][new_worker_lincls][INFO] - Epoch: [9][270/500]	Time  0.027 ( 0.037)	Data  0.001 ( 0.010)	Loss 2.4677e+00 (2.4809e+00)	Acc@1  13.00 ( 24.07)	Acc@5  59.00 ( 61.62)
[2023-03-24 01:45:48,680][new_worker_lincls][INFO] - Epoch: [9][280/500]	Time  0.027 ( 0.036)	Data  0.000 ( 0.009)	Loss 2.4115e+00 (2.4822e+00)	Acc@1  22.00 ( 24.00)	Acc@5  64.00 ( 61.53)
[2023-03-24 01:45:48,949][new_worker_lincls][INFO] - Epoch: [9][290/500]	Time  0.027 ( 0.036)	Data  0.001 ( 0.009)	Loss 2.3302e+00 (2.4825e+00)	Acc@1  28.00 ( 23.98)	Acc@5  69.00 ( 61.53)
[2023-03-24 01:45:49,220][new_worker_lincls][INFO] - Epoch: [9][300/500]	Time  0.028 ( 0.036)	Data  0.001 ( 0.009)	Loss 2.4199e+00 (2.4802e+00)	Acc@1  28.00 ( 24.04)	Acc@5  61.00 ( 61.61)
[2023-03-24 01:45:49,488][new_worker_lincls][INFO] - Epoch: [9][310/500]	Time  0.027 ( 0.035)	Data  0.001 ( 0.009)	Loss 2.5246e+00 (2.4810e+00)	Acc@1  23.00 ( 23.98)	Acc@5  58.00 ( 61.56)
[2023-03-24 01:45:49,756][new_worker_lincls][INFO] - Epoch: [9][320/500]	Time  0.026 ( 0.035)	Data  0.000 ( 0.008)	Loss 2.4906e+00 (2.4813e+00)	Acc@1  22.00 ( 23.97)	Acc@5  65.00 ( 61.56)
[2023-03-24 01:45:50,024][new_worker_lincls][INFO] - Epoch: [9][330/500]	Time  0.027 ( 0.035)	Data  0.001 ( 0.008)	Loss 2.6719e+00 (2.4811e+00)	Acc@1  22.00 ( 23.96)	Acc@5  59.00 ( 61.56)
[2023-03-24 01:45:50,294][new_worker_lincls][INFO] - Epoch: [9][340/500]	Time  0.027 ( 0.035)	Data  0.001 ( 0.008)	Loss 2.3847e+00 (2.4798e+00)	Acc@1  27.00 ( 24.03)	Acc@5  68.00 ( 61.61)
[2023-03-24 01:45:50,562][new_worker_lincls][INFO] - Epoch: [9][350/500]	Time  0.027 ( 0.034)	Data  0.001 ( 0.008)	Loss 2.5676e+00 (2.4814e+00)	Acc@1  22.00 ( 24.02)	Acc@5  62.00 ( 61.56)
[2023-03-24 01:45:50,831][new_worker_lincls][INFO] - Epoch: [9][360/500]	Time  0.026 ( 0.034)	Data  0.000 ( 0.008)	Loss 2.4788e+00 (2.4807e+00)	Acc@1  23.00 ( 24.05)	Acc@5  62.00 ( 61.56)
[2023-03-24 01:45:51,100][new_worker_lincls][INFO] - Epoch: [9][370/500]	Time  0.027 ( 0.034)	Data  0.001 ( 0.007)	Loss 2.5050e+00 (2.4825e+00)	Acc@1  23.00 ( 24.05)	Acc@5  62.00 ( 61.52)
[2023-03-24 01:45:51,368][new_worker_lincls][INFO] - Epoch: [9][380/500]	Time  0.027 ( 0.034)	Data  0.001 ( 0.007)	Loss 2.3795e+00 (2.4831e+00)	Acc@1  24.00 ( 24.02)	Acc@5  66.00 ( 61.50)
[2023-03-24 01:45:51,638][new_worker_lincls][INFO] - Epoch: [9][390/500]	Time  0.028 ( 0.034)	Data  0.001 ( 0.007)	Loss 2.4023e+00 (2.4839e+00)	Acc@1  19.00 ( 23.98)	Acc@5  70.00 ( 61.50)
[2023-03-24 01:45:51,906][new_worker_lincls][INFO] - Epoch: [9][400/500]	Time  0.027 ( 0.034)	Data  0.000 ( 0.007)	Loss 2.4341e+00 (2.4836e+00)	Acc@1  27.00 ( 23.96)	Acc@5  66.00 ( 61.52)
[2023-03-24 01:45:52,175][new_worker_lincls][INFO] - Epoch: [9][410/500]	Time  0.027 ( 0.033)	Data  0.001 ( 0.007)	Loss 2.4688e+00 (2.4837e+00)	Acc@1  25.00 ( 23.93)	Acc@5  60.00 ( 61.52)
[2023-03-24 01:45:52,447][new_worker_lincls][INFO] - Epoch: [9][420/500]	Time  0.030 ( 0.033)	Data  0.004 ( 0.007)	Loss 2.4694e+00 (2.4843e+00)	Acc@1  26.00 ( 23.93)	Acc@5  63.00 ( 61.50)
[2023-03-24 01:45:52,710][new_worker_lincls][INFO] - Epoch: [9][430/500]	Time  0.026 ( 0.033)	Data  0.000 ( 0.006)	Loss 2.5313e+00 (2.4848e+00)	Acc@1  24.00 ( 23.91)	Acc@5  64.00 ( 61.52)
[2023-03-24 01:45:52,972][new_worker_lincls][INFO] - Epoch: [9][440/500]	Time  0.026 ( 0.033)	Data  0.000 ( 0.006)	Loss 2.3648e+00 (2.4852e+00)	Acc@1  28.00 ( 23.92)	Acc@5  67.00 ( 61.53)
[2023-03-24 01:45:53,235][new_worker_lincls][INFO] - Epoch: [9][450/500]	Time  0.026 ( 0.033)	Data  0.000 ( 0.006)	Loss 2.6336e+00 (2.4862e+00)	Acc@1  19.00 ( 23.88)	Acc@5  57.00 ( 61.51)
[2023-03-24 01:45:53,497][new_worker_lincls][INFO] - Epoch: [9][460/500]	Time  0.026 ( 0.033)	Data  0.000 ( 0.006)	Loss 2.4328e+00 (2.4863e+00)	Acc@1  28.00 ( 23.87)	Acc@5  66.00 ( 61.51)
[2023-03-24 01:45:53,760][new_worker_lincls][INFO] - Epoch: [9][470/500]	Time  0.026 ( 0.032)	Data  0.000 ( 0.006)	Loss 2.3811e+00 (2.4864e+00)	Acc@1  25.00 ( 23.88)	Acc@5  64.00 ( 61.46)
[2023-03-24 01:45:54,022][new_worker_lincls][INFO] - Epoch: [9][480/500]	Time  0.026 ( 0.032)	Data  0.000 ( 0.006)	Loss 2.6496e+00 (2.4868e+00)	Acc@1  17.00 ( 23.90)	Acc@5  55.00 ( 61.46)
[2023-03-24 01:45:54,284][new_worker_lincls][INFO] - Epoch: [9][490/500]	Time  0.026 ( 0.032)	Data  0.000 ( 0.006)	Loss 2.5532e+00 (2.4871e+00)	Acc@1  22.00 ( 23.89)	Acc@5  59.00 ( 61.44)
[2023-03-24 01:45:57,097][new_worker_lincls][INFO] - Test: [  0/100]	Time  2.397 ( 2.397)	Loss 3.0479e+00 (3.0479e+00)	Acc@1   8.00 (  8.00)	Acc@5  27.00 ( 27.00)
[2023-03-24 01:45:57,385][new_worker_lincls][INFO] - Test: [ 10/100]	Time  0.026 ( 0.244)	Loss 1.9540e+00 (2.5340e+00)	Acc@1  45.00 ( 22.91)	Acc@5  68.00 ( 53.18)
[2023-03-24 01:45:57,679][new_worker_lincls][INFO] - Test: [ 20/100]	Time  0.030 ( 0.142)	Loss 1.6307e+00 (2.3089e+00)	Acc@1  53.00 ( 29.76)	Acc@5  89.00 ( 62.90)
[2023-03-24 01:45:57,947][new_worker_lincls][INFO] - Test: [ 30/100]	Time  0.026 ( 0.105)	Loss 2.4074e+00 (2.3230e+00)	Acc@1  28.00 ( 28.90)	Acc@5  78.00 ( 63.26)
[2023-03-24 01:45:58,270][new_worker_lincls][INFO] - Test: [ 40/100]	Time  0.026 ( 0.087)	Loss 2.8297e+00 (2.3941e+00)	Acc@1   5.00 ( 26.27)	Acc@5  53.00 ( 62.95)
[2023-03-24 01:45:58,525][new_worker_lincls][INFO] - Test: [ 50/100]	Time  0.025 ( 0.075)	Loss 2.2260e+00 (2.3672e+00)	Acc@1  43.00 ( 28.18)	Acc@5  69.00 ( 65.76)
[2023-03-24 01:45:58,781][new_worker_lincls][INFO] - Test: [ 60/100]	Time  0.026 ( 0.067)	Loss 2.7723e+00 (2.3918e+00)	Acc@1  16.00 ( 27.30)	Acc@5  58.00 ( 65.75)
[2023-03-24 01:45:59,036][new_worker_lincls][INFO] - Test: [ 70/100]	Time  0.025 ( 0.061)	Loss 2.1093e+00 (2.4197e+00)	Acc@1  47.00 ( 26.39)	Acc@5  80.00 ( 64.93)
[2023-03-24 01:45:59,292][new_worker_lincls][INFO] - Test: [ 80/100]	Time  0.026 ( 0.057)	Loss 2.7237e+00 (2.4483e+00)	Acc@1   7.00 ( 25.00)	Acc@5  64.00 ( 63.62)
[2023-03-24 01:45:59,548][new_worker_lincls][INFO] - Test: [ 90/100]	Time  0.026 ( 0.053)	Loss 2.7301e+00 (2.4327e+00)	Acc@1  20.00 ( 25.75)	Acc@5  52.00 ( 63.89)
[2023-03-24 01:45:59,968][new_worker_lincls][INFO] -  * Acc@1 24.970 Acc@5 64.390
